# x1    P (MPa)
0.000000 0.000007
0.002676 0.002136
0.005351 0.004269
0.008027 0.006408
0.010702 0.008553
0.013378 0.010702
0.016054 0.012857
0.018729 0.015018
0.021405 0.017184
0.024080 0.019355
0.026756 0.021532
0.029431 0.023715
0.032107 0.025903
0.034783 0.028098
0.037458 0.030297
0.040134 0.032503
0.042809 0.034715
0.045485 0.036932
0.048161 0.039155
0.050836 0.041385
0.053512 0.043620
0.056187 0.045861
0.058863 0.048109
0.061538 0.050363
0.064214 0.052623
0.066890 0.054889
0.069565 0.057162
0.072241 0.059441
0.074916 0.061726
0.077592 0.064018
0.080268 0.066317
0.082943 0.068622
0.085619 0.070934
0.088294 0.073252
0.090970 0.075578
0.093645 0.077910
0.096321 0.080249
0.098997 0.082595
0.101672 0.084947
0.104348 0.087307
0.107023 0.089675
0.109699 0.092049
0.112375 0.094430
0.115050 0.096819
0.117726 0.099215
0.120401 0.101619
0.123077 0.104030
0.125753 0.106449
0.128428 0.108875
0.131104 0.111309
0.133779 0.113751
0.136455 0.116200
0.139130 0.118658
0.141806 0.121123
0.144482 0.123597
0.147157 0.126078
0.149833 0.128568
0.152508 0.131066
0.155184 0.133572
0.157860 0.136087
0.160535 0.138610
0.163211 0.141142
0.165886 0.143682
0.168562 0.146231
0.171237 0.148789
0.173913 0.151356
0.176589 0.153931
0.179264 0.156516
0.181940 0.159110
0.184615 0.161713
0.187291 0.164325
0.189967 0.166946
0.192642 0.169577
0.195318 0.172218
0.197993 0.174868
0.200669 0.177528
0.203344 0.180198
0.206020 0.182877
0.208696 0.185567
0.211371 0.188266
0.214047 0.190976
0.216722 0.193696
0.219398 0.196427
0.222074 0.199168
0.224749 0.201919
0.227425 0.204681
0.230100 0.207454
0.232776 0.210238
0.235452 0.213033
0.238127 0.215839
0.240803 0.218656
0.243478 0.221484
0.246154 0.224324
0.248829 0.227175
0.251505 0.230038
0.254181 0.232913
0.256856 0.235800
0.259532 0.238698
0.262207 0.241609
0.264883 0.244532
0.267559 0.247467
0.270234 0.250414
0.272910 0.253375
0.275585 0.256348
0.278261 0.259333
0.280936 0.262332
0.283612 0.265344
0.286288 0.268369
0.288963 0.271407
0.291639 0.274459
0.294314 0.277525
0.296990 0.280604
0.299666 0.283697
0.302341 0.286805
0.305017 0.289926
0.307692 0.293062
0.310368 0.296212
0.313043 0.299377
0.315719 0.302557
0.318395 0.305751
0.321070 0.308961
0.323746 0.312186
0.326421 0.315426
0.329097 0.318682
0.331773 0.321954
0.334448 0.325241
0.337124 0.328545
0.339799 0.331865
0.342475 0.335201
0.345151 0.338554
0.347826 0.341923
0.350502 0.345310
0.353177 0.348713
0.355853 0.352134
0.358528 0.355572
0.361204 0.359028
0.363880 0.362502
0.366555 0.365993
0.369231 0.369503
0.371906 0.373031
0.374582 0.376578
0.377258 0.380144
0.379933 0.383729
0.382609 0.387332
0.385284 0.390956
0.387960 0.394599
0.390635 0.398261
0.393311 0.401944
0.395987 0.405647
0.398662 0.409370
0.401338 0.413114
0.404013 0.416880
0.406689 0.420666
0.409365 0.424473
0.412040 0.428302
0.414716 0.432153
0.417391 0.436026
0.420067 0.439922
0.422742 0.443839
0.425418 0.447780
0.428094 0.451744
0.430769 0.455731
0.433445 0.459741
0.436120 0.463776
0.438796 0.467834
0.441472 0.471917
0.444147 0.476024
0.446823 0.480156
0.449498 0.484313
0.452174 0.488496
0.454849 0.492704
0.457525 0.496939
0.460201 0.501199
0.462876 0.505486
0.465552 0.509800
0.468227 0.514141
0.470903 0.518509
0.473579 0.522905
0.476254 0.527329
0.478930 0.531781
0.481605 0.536262
0.484281 0.540772
0.486957 0.545311
0.489632 0.549879
0.492308 0.554477
0.494983 0.559106
0.497659 0.563765
0.500334 0.568455
0.503010 0.573176
0.505686 0.577928
0.508361 0.582712
0.511037 0.587529
0.513712 0.592378
0.516388 0.597259
0.519064 0.602174
0.521739 0.607123
0.524415 0.612105
0.527090 0.617121
0.529766 0.622173
0.532441 0.627259
0.535117 0.632380
0.537793 0.637537
0.540468 0.642730
0.543144 0.647960
0.545819 0.653226
0.548495 0.658530
0.551171 0.663871
0.553846 0.669250
0.556522 0.674667
0.559197 0.680123
0.561873 0.685618
0.564548 0.691152
0.567224 0.696727
0.569900 0.702341
0.572575 0.707996
0.575251 0.713692
0.577926 0.719429
0.580602 0.725209
0.583278 0.731030
0.585953 0.736894
0.588629 0.742800
0.591304 0.748750
0.593980 0.754744
0.596656 0.760782
0.599331 0.766864
0.602007 0.772991
0.604682 0.779164
0.607358 0.785382
0.610033 0.791646
0.612709 0.797956
0.615385 0.804313
0.618060 0.810718
0.620736 0.817169
0.623411 0.823669
0.626087 0.830217
0.628763 0.836814
0.631438 0.843459
0.634114 0.850154
0.636789 0.856898
0.639465 0.863693
0.642140 0.870537
0.644816 0.877433
0.647492 0.884379
0.650167 0.891376
0.652843 0.898425
0.655518 0.905526
0.658194 0.912679
0.660870 0.919885
0.663545 0.927143
0.666221 0.934454
0.668896 0.941818
0.671572 0.949236
0.674247 0.956707
0.676923 0.964232
0.679599 0.971811
0.682274 0.979444
0.684950 0.987132
0.687625 0.994874
0.690301 1.002670
0.692977 1.010521
0.695652 1.018427
0.698328 1.026388
0.701003 1.034403
0.703679 1.042474
0.706355 1.050599
0.709030 1.058779
0.711706 1.067014
0.714381 1.075304
0.717057 1.083648
0.719732 1.092047
0.722408 1.100500
0.725084 1.109008
0.727759 1.117569
0.730435 1.126184
0.733110 1.134852
0.735786 1.143574
0.738462 1.152348
0.741137 1.161174
0.743813 1.170053
0.746488 1.178983
0.749164 1.187964
0.751839 1.196995
0.754515 1.206076
0.757191 1.215207
0.759866 1.224386
0.762542 1.233613
0.765217 1.242887
0.767893 1.252207
0.770569 1.261573
0.773244 1.270983
0.775920 1.280437
0.778595 1.289933
0.781271 1.299471
0.783946 1.309050
0.786622 1.318668
0.789298 1.328323
0.791973 1.338016
0.794649 1.347744
0.797324 1.357506
0.800000 1.367300
