# x1    P (MPa)
0.000000 0.000016
0.002676 0.002365
0.005351 0.004721
0.008027 0.007083
0.010702 0.009453
0.013378 0.011829
0.016054 0.014212
0.018729 0.016603
0.021405 0.019000
0.024080 0.021405
0.026756 0.023816
0.029431 0.026235
0.032107 0.028662
0.034783 0.031095
0.037458 0.033536
0.040134 0.035985
0.042809 0.038441
0.045485 0.040904
0.048161 0.043376
0.050836 0.045854
0.053512 0.048341
0.056187 0.050836
0.058863 0.053338
0.061538 0.055848
0.064214 0.058366
0.066890 0.060893
0.069565 0.063427
0.072241 0.065970
0.074916 0.068520
0.077592 0.071079
0.080268 0.073647
0.082943 0.076223
0.085619 0.078807
0.088294 0.081400
0.090970 0.084002
0.093645 0.086612
0.096321 0.089231
0.098997 0.091859
0.101672 0.094495
0.104348 0.097141
0.107023 0.099796
0.109699 0.102460
0.112375 0.105133
0.115050 0.107815
0.117726 0.110507
0.120401 0.113208
0.123077 0.115918
0.125753 0.118638
0.128428 0.121368
0.131104 0.124107
0.133779 0.126856
0.136455 0.129615
0.139130 0.132384
0.141806 0.135163
0.144482 0.137952
0.147157 0.140752
0.149833 0.143561
0.152508 0.146381
0.155184 0.149211
0.157860 0.152052
0.160535 0.154904
0.163211 0.157766
0.165886 0.160639
0.168562 0.163523
0.171237 0.166418
0.173913 0.169323
0.176589 0.172240
0.179264 0.175169
0.181940 0.178108
0.184615 0.181059
0.187291 0.184022
0.189967 0.186996
0.192642 0.189982
0.195318 0.192980
0.197993 0.195989
0.200669 0.199011
0.203344 0.202044
0.206020 0.205090
0.208696 0.208149
0.211371 0.211219
0.214047 0.214303
0.216722 0.217398
0.219398 0.220507
0.222074 0.223629
0.224749 0.226763
0.227425 0.229910
0.230100 0.233071
0.232776 0.236245
0.235452 0.239433
0.238127 0.242633
0.240803 0.245848
0.243478 0.249076
0.246154 0.252319
0.248829 0.255575
0.251505 0.258845
0.254181 0.262130
0.256856 0.265429
0.259532 0.268742
0.262207 0.272070
0.264883 0.275413
0.267559 0.278770
0.270234 0.282143
0.272910 0.285531
0.275585 0.288934
0.278261 0.292352
0.280936 0.295786
0.283612 0.299236
0.286288 0.302701
0.288963 0.306183
0.291639 0.309680
0.294314 0.313194
0.296990 0.316724
0.299666 0.320271
0.302341 0.323834
0.305017 0.327414
0.307692 0.331011
0.310368 0.334625
0.313043 0.338256
0.315719 0.341905
0.318395 0.345571
0.321070 0.349255
0.323746 0.352957
0.326421 0.356677
0.329097 0.360415
0.331773 0.364171
0.334448 0.367946
0.337124 0.371740
0.339799 0.375552
0.342475 0.379383
0.345151 0.383234
0.347826 0.387104
0.350502 0.390993
0.353177 0.394902
0.355853 0.398831
0.358528 0.402780
0.361204 0.406749
0.363880 0.410739
0.366555 0.414749
0.369231 0.418780
0.371906 0.422831
0.374582 0.426904
0.377258 0.430998
0.379933 0.435114
0.382609 0.439251
0.385284 0.443410
0.387960 0.447591
0.390635 0.451795
0.393311 0.456021
0.395987 0.460269
0.398662 0.464540
0.401338 0.468835
0.404013 0.473152
0.406689 0.477493
0.409365 0.481858
0.412040 0.486246
0.414716 0.490659
0.417391 0.495096
0.420067 0.499557
0.422742 0.504043
0.425418 0.508553
0.428094 0.513089
0.430769 0.517650
0.433445 0.522237
0.436120 0.526849
0.438796 0.531487
0.441472 0.536152
0.444147 0.540843
0.446823 0.545560
0.449498 0.550304
0.452174 0.555075
0.454849 0.559874
0.457525 0.564700
0.460201 0.569554
0.462876 0.574435
0.465552 0.579345
0.468227 0.584283
0.470903 0.589250
0.473579 0.594246
0.476254 0.599270
0.478930 0.604325
0.481605 0.609408
0.484281 0.614521
0.486957 0.619665
0.489632 0.624838
0.492308 0.630042
0.494983 0.635277
0.497659 0.640543
0.500334 0.645840
0.503010 0.651168
0.505686 0.656528
0.508361 0.661919
0.511037 0.667343
0.513712 0.672799
0.516388 0.678288
0.519064 0.683809
0.521739 0.689363
0.524415 0.694951
0.527090 0.700572
0.529766 0.706227
0.532441 0.711915
0.535117 0.717638
0.537793 0.723395
0.540468 0.729187
0.543144 0.735013
0.545819 0.740874
0.548495 0.746771
0.551171 0.752703
0.553846 0.758671
0.556522 0.764674
0.559197 0.770714
0.561873 0.776790
0.564548 0.782902
0.567224 0.789051
0.569900 0.795236
0.572575 0.801459
0.575251 0.807719
0.577926 0.814016
0.580602 0.820351
0.583278 0.826724
0.585953 0.833134
0.588629 0.839583
0.591304 0.846069
0.593980 0.852594
0.596656 0.859158
0.599331 0.865760
0.602007 0.872401
0.604682 0.879081
0.607358 0.885799
0.610033 0.892557
0.612709 0.899354
0.615385 0.906191
0.618060 0.913067
0.620736 0.919982
0.623411 0.926937
0.626087 0.933932
0.628763 0.940966
0.631438 0.948040
0.634114 0.955153
0.636789 0.962307
0.639465 0.969500
0.642140 0.976733
0.644816 0.984005
0.647492 0.991318
0.650167 0.998670
0.652843 1.006062
0.655518 1.013493
0.658194 1.020964
0.660870 1.028474
0.663545 1.036024
0.666221 1.043612
0.668896 1.051240
0.671572 1.058907
0.674247 1.066612
0.676923 1.074356
0.679599 1.082139
0.682274 1.089959
0.684950 1.097818
0.687625 1.105714
0.690301 1.113647
0.692977 1.121617
0.695652 1.129625
0.698328 1.137668
0.701003 1.145748
0.703679 1.153863
0.706355 1.162014
0.709030 1.170199
0.711706 1.178419
0.714381 1.186673
0.717057 1.194960
0.719732 1.203281
0.722408 1.211633
0.725084 1.220018
0.727759 1.228434
0.730435 1.236880
0.733110 1.245356
0.735786 1.253862
0.738462 1.262396
0.741137 1.270958
0.743813 1.279547
0.746488 1.288163
0.749164 1.296804
0.751839 1.305470
0.754515 1.314159
0.757191 1.322872
0.759866 1.331606
0.762542 1.340362
0.765217 1.349137
0.767893 1.357931
0.770569 1.366743
0.773244 1.375572
0.775920 1.384417
0.778595 1.393276
0.781271 1.402149
0.783946 1.411033
0.786622 1.419929
0.789298 1.428834
0.791973 1.437747
0.794649 1.446667
0.797324 1.455592
0.800000 1.464521
