# x1    P (MPa)
0.000000 0.000151
0.002676 0.005039
0.005351 0.009938
0.008027 0.014846
0.010702 0.019765
0.013378 0.024695
0.016054 0.029635
0.018729 0.034585
0.021405 0.039546
0.024080 0.044517
0.026756 0.049499
0.029431 0.054492
0.032107 0.059495
0.034783 0.064509
0.037458 0.069534
0.040134 0.074570
0.042809 0.079616
0.045485 0.084674
0.048161 0.089742
0.050836 0.094822
0.053512 0.099912
0.056187 0.105014
0.058863 0.110127
0.061538 0.115251
0.064214 0.120386
0.066890 0.125533
0.069565 0.130691
0.072241 0.135860
0.074916 0.141041
0.077592 0.146233
0.080268 0.151437
0.082943 0.156653
0.085619 0.161880
0.088294 0.167119
0.090970 0.172369
0.093645 0.177632
0.096321 0.182906
0.098997 0.188193
0.101672 0.193491
0.104348 0.198801
0.107023 0.204123
0.109699 0.209458
0.112375 0.214804
0.115050 0.220163
0.117726 0.225534
0.120401 0.230918
0.123077 0.236314
0.125753 0.241722
0.128428 0.247143
0.131104 0.252576
0.133779 0.258022
0.136455 0.263480
0.139130 0.268951
0.141806 0.274435
0.144482 0.279932
0.147157 0.285442
0.149833 0.290964
0.152508 0.296500
0.155184 0.302048
0.157860 0.307610
0.160535 0.313184
0.163211 0.318772
0.165886 0.324373
0.168562 0.329988
0.171237 0.335615
0.173913 0.341257
0.176589 0.346911
0.179264 0.352579
0.181940 0.358261
0.184615 0.363956
0.187291 0.369665
0.189967 0.375388
0.192642 0.381124
0.195318 0.386875
0.197993 0.392639
0.200669 0.398417
0.203344 0.404209
0.206020 0.410015
0.208696 0.415835
0.211371 0.421670
0.214047 0.427519
0.216722 0.433382
0.219398 0.439259
0.222074 0.445151
0.224749 0.451057
0.227425 0.456977
0.230100 0.462912
0.232776 0.468862
0.235452 0.474827
0.238127 0.480806
0.240803 0.486800
0.243478 0.492808
0.246154 0.498832
0.248829 0.504870
0.251505 0.510924
0.254181 0.516993
0.256856 0.523076
0.259532 0.529175
0.262207 0.535289
0.264883 0.541418
0.267559 0.547563
0.270234 0.553723
0.272910 0.559898
0.275585 0.566089
0.278261 0.572295
0.280936 0.578517
0.283612 0.584755
0.286288 0.591008
0.288963 0.597277
0.291639 0.603561
0.294314 0.609862
0.296990 0.616178
0.299666 0.622510
0.302341 0.628859
0.305017 0.635223
0.307692 0.641603
0.310368 0.648000
0.313043 0.654412
0.315719 0.660841
0.318395 0.667286
0.321070 0.673748
0.323746 0.680226
0.326421 0.686720
0.329097 0.693230
0.331773 0.699758
0.334448 0.706301
0.337124 0.712861
0.339799 0.719438
0.342475 0.726032
0.345151 0.732642
0.347826 0.739269
0.350502 0.745913
0.353177 0.752573
0.355853 0.759251
0.358528 0.765945
0.361204 0.772656
0.363880 0.779384
0.366555 0.786130
0.369231 0.792892
0.371906 0.799671
0.374582 0.806468
0.377258 0.813281
0.379933 0.820112
0.382609 0.826960
0.385284 0.833825
0.387960 0.840708
0.390635 0.847607
0.393311 0.854524
0.395987 0.861459
0.398662 0.868411
0.401338 0.875380
0.404013 0.882366
0.406689 0.889370
0.409365 0.896391
0.412040 0.903430
0.414716 0.910487
0.417391 0.917560
0.420067 0.924652
0.422742 0.931760
0.425418 0.938887
0.428094 0.946030
0.430769 0.953192
0.433445 0.960371
0.436120 0.967567
0.438796 0.974781
0.441472 0.982013
0.444147 0.989262
0.446823 0.996528
0.449498 1.003812
0.452174 1.011114
0.454849 1.018433
0.457525 1.025770
0.460201 1.033124
0.462876 1.040495
0.465552 1.047884
0.468227 1.055291
0.470903 1.062715
0.473579 1.070156
0.476254 1.077615
0.478930 1.085091
0.481605 1.092584
0.484281 1.100094
0.486957 1.107622
0.489632 1.115167
0.492308 1.122729
0.494983 1.130308
0.497659 1.137904
0.500334 1.145518
0.503010 1.153148
0.505686 1.160795
0.508361 1.168459
0.511037 1.176139
0.513712 1.183837
0.516388 1.191551
0.519064 1.199281
0.521739 1.207028
0.524415 1.214791
0.527090 1.222571
0.529766 1.230367
0.532441 1.238179
0.535117 1.246007
0.537793 1.253851
0.540468 1.261711
0.543144 1.269587
0.545819 1.277478
0.548495 1.285385
0.551171 1.293307
0.553846 1.301245
0.556522 1.309198
0.559197 1.317165
0.561873 1.325148
0.564548 1.333146
0.567224 1.341158
0.569900 1.349184
0.572575 1.357225
0.575251 1.365280
0.577926 1.373349
0.580602 1.381431
0.583278 1.389528
0.585953 1.397638
0.588629 1.405761
0.591304 1.413897
0.593980 1.422047
0.596656 1.430209
0.599331 1.438383
0.602007 1.446570
0.604682 1.454769
0.607358 1.462979
0.610033 1.471202
0.612709 1.479435
0.615385 1.487680
0.618060 1.495936
0.620736 1.504203
0.623411 1.512480
0.626087 1.520767
0.628763 1.529063
0.631438 1.537370
0.634114 1.545686
0.636789 1.554011
0.639465 1.562344
0.642140 1.570686
0.644816 1.579036
0.647492 1.587394
0.650167 1.595759
0.652843 1.604132
0.655518 1.612511
0.658194 1.620897
0.660870 1.629289
0.663545 1.637686
0.666221 1.646089
0.668896 1.654496
0.671572 1.662909
0.674247 1.671325
0.676923 1.679746
0.679599 1.688169
0.682274 1.696596
0.684950 1.705025
0.687625 1.713456
0.690301 1.721889
0.692977 1.730323
0.695652 1.738758
0.698328 1.747193
0.701003 1.755627
0.703679 1.764061
0.706355 1.772494
0.709030 1.780925
0.711706 1.789354
0.714381 1.797780
0.717057 1.806203
0.719732 1.814622
0.722408 1.823036
0.725084 1.831446
0.727759 1.839850
0.730435 1.848248
0.733110 1.856639
0.735786 1.865023
0.738462 1.873399
0.741137 1.881766
0.743813 1.890125
0.746488 1.898473
0.749164 1.906811
0.751839 1.915138
0.754515 1.923454
0.757191 1.931757
0.759866 1.940046
0.762542 1.948322
0.765217 1.956584
0.767893 1.964830
0.770569 1.973060
0.773244 1.981274
0.775920 1.989470
0.778595 1.997648
0.781271 2.005807
0.783946 2.013947
0.786622 2.022066
0.789298 2.030163
0.791973 2.038239
0.794649 2.046292
0.797324 2.054321
0.800000 2.062326
