# x1    P (MPa)
0.000000 0.000002
0.002676 0.001506
0.005351 0.003015
0.008027 0.004529
0.010702 0.006048
0.013378 0.007572
0.016054 0.009101
0.018729 0.010636
0.021405 0.012176
0.024080 0.013722
0.026756 0.015273
0.029431 0.016829
0.032107 0.018391
0.034783 0.019959
0.037458 0.021532
0.040134 0.023111
0.042809 0.024696
0.045485 0.026287
0.048161 0.027884
0.050836 0.029486
0.053512 0.031095
0.056187 0.032710
0.058863 0.034331
0.061538 0.035959
0.064214 0.037593
0.066890 0.039233
0.069565 0.040880
0.072241 0.042533
0.074916 0.044193
0.077592 0.045860
0.080268 0.047533
0.082943 0.049213
0.085619 0.050901
0.088294 0.052595
0.090970 0.054297
0.093645 0.056005
0.096321 0.057721
0.098997 0.059445
0.101672 0.061175
0.104348 0.062914
0.107023 0.064660
0.109699 0.066414
0.112375 0.068175
0.115050 0.069945
0.117726 0.071722
0.120401 0.073508
0.123077 0.075301
0.125753 0.077103
0.128428 0.078914
0.131104 0.080733
0.133779 0.082560
0.136455 0.084397
0.139130 0.086242
0.141806 0.088096
0.144482 0.089959
0.147157 0.091831
0.149833 0.093712
0.152508 0.095603
0.155184 0.097504
0.157860 0.099414
0.160535 0.101333
0.163211 0.103263
0.165886 0.105202
0.168562 0.107152
0.171237 0.109112
0.173913 0.111082
0.176589 0.113063
0.179264 0.115054
0.181940 0.117057
0.184615 0.119070
0.187291 0.121094
0.189967 0.123129
0.192642 0.125176
0.195318 0.127234
0.197993 0.129304
0.200669 0.131386
0.203344 0.133479
0.206020 0.135585
0.208696 0.137703
0.211371 0.139834
0.214047 0.141977
0.216722 0.144132
0.219398 0.146301
0.222074 0.148483
0.224749 0.150678
0.227425 0.152887
0.230100 0.155109
0.232776 0.157345
0.235452 0.159596
0.238127 0.161860
0.240803 0.164139
0.243478 0.166432
0.246154 0.168741
0.248829 0.171064
0.251505 0.173403
0.254181 0.175757
0.256856 0.178126
0.259532 0.180512
0.262207 0.182914
0.264883 0.185332
0.267559 0.187766
0.270234 0.190218
0.272910 0.192686
0.275585 0.195172
0.278261 0.197675
0.280936 0.200196
0.283612 0.202735
0.286288 0.205293
0.288963 0.207869
0.291639 0.210463
0.294314 0.213077
0.296990 0.215710
0.299666 0.218363
0.302341 0.221036
0.305017 0.223729
0.307692 0.226443
0.310368 0.229177
0.313043 0.231933
0.315719 0.234710
0.318395 0.237509
0.321070 0.240330
0.323746 0.243173
0.326421 0.246040
0.329097 0.248929
0.331773 0.251842
0.334448 0.254778
0.337124 0.257739
0.339799 0.260724
0.342475 0.263734
0.345151 0.266770
0.347826 0.269831
0.350502 0.272918
0.353177 0.276032
0.355853 0.279172
0.358528 0.282340
0.361204 0.285535
0.363880 0.288759
0.366555 0.292011
0.369231 0.295292
0.371906 0.298603
0.374582 0.301943
0.377258 0.305314
0.379933 0.308716
0.382609 0.312148
0.385284 0.315613
0.387960 0.319110
0.390635 0.322640
0.393311 0.326203
0.395987 0.329800
0.398662 0.333431
0.401338 0.337098
0.404013 0.340799
0.406689 0.344537
0.409365 0.348311
0.412040 0.352123
0.414716 0.355972
0.417391 0.359860
0.420067 0.363786
0.422742 0.367752
0.425418 0.371759
0.428094 0.375806
0.430769 0.379895
0.433445 0.384025
0.436120 0.388199
0.438796 0.392416
0.441472 0.396678
0.444147 0.400984
0.446823 0.405336
0.449498 0.409734
0.452174 0.414179
0.454849 0.418672
0.457525 0.423214
0.460201 0.427805
0.462876 0.432447
0.465552 0.437139
0.468227 0.441883
0.470903 0.446679
0.473579 0.451529
0.476254 0.456434
0.478930 0.461393
0.481605 0.466408
0.484281 0.471480
0.486957 0.476610
0.489632 0.481799
0.492308 0.487047
0.494983 0.492356
0.497659 0.497726
0.500334 0.503159
0.503010 0.508655
0.505686 0.514216
0.508361 0.519841
0.511037 0.525534
0.513712 0.531293
0.516388 0.537121
0.519064 0.543019
0.521739 0.548987
0.524415 0.555026
0.527090 0.561139
0.529766 0.567324
0.532441 0.573585
0.535117 0.579922
0.537793 0.586336
0.540468 0.592827
0.543144 0.599399
0.545819 0.606050
0.548495 0.612783
0.551171 0.619599
0.553846 0.626499
0.556522 0.633483
0.559197 0.640554
0.561873 0.647712
0.564548 0.654959
0.567224 0.662296
0.569900 0.669723
0.572575 0.677243
0.575251 0.684855
0.577926 0.692563
0.580602 0.700365
0.583278 0.708265
0.585953 0.716262
0.588629 0.724359
0.591304 0.732556
0.593980 0.740854
0.596656 0.749255
0.599331 0.757760
0.602007 0.766369
0.604682 0.775084
0.607358 0.783906
0.610033 0.792836
0.612709 0.801875
0.615385 0.811025
0.618060 0.820285
0.620736 0.829657
0.623411 0.839142
0.626087 0.848741
0.628763 0.858455
0.631438 0.868284
0.634114 0.878230
0.636789 0.888292
0.639465 0.898473
0.642140 0.908772
0.644816 0.919190
0.647492 0.929727
0.650167 0.940385
0.652843 0.951163
0.655518 0.962063
0.658194 0.973084
0.660870 0.984226
0.663545 0.995490
0.666221 1.006876
0.668896 1.018385
0.671572 1.030015
0.674247 1.041767
0.676923 1.053640
0.679599 1.065636
0.682274 1.077752
0.684950 1.089989
0.687625 1.102346
0.690301 1.114822
0.692977 1.127417
0.695652 1.140130
0.698328 1.152960
0.701003 1.165906
0.703679 1.178967
0.706355 1.192141
0.709030 1.205427
0.711706 1.218824
0.714381 1.232330
0.717057 1.245943
0.719732 1.259662
0.722408 1.273484
0.725084 1.287408
0.727759 1.301431
0.730435 1.315551
0.733110 1.329766
0.735786 1.344073
0.738462 1.358469
0.741137 1.372951
0.743813 1.387517
0.746488 1.402164
0.749164 1.416889
0.751839 1.431687
0.754515 1.446557
0.757191 1.461493
0.759866 1.476494
0.762542 1.491554
0.765217 1.506671
0.767893 1.521840
0.770569 1.537058
0.773244 1.552319
0.775920 1.567621
0.778595 1.582959
0.781271 1.598327
0.783946 1.613723
0.786622 1.629141
0.789298 1.644577
0.791973 1.660026
0.794649 1.675484
0.797324 1.690945
0.800000 1.706405
