# x1    P (MPa)
0.000000 0.000043
0.002676 0.002939
0.005351 0.005844
0.008027 0.008758
0.010702 0.011682
0.013378 0.014616
0.016054 0.017559
0.018729 0.020512
0.021405 0.023474
0.024080 0.026447
0.026756 0.029429
0.029431 0.032421
0.032107 0.035423
0.034783 0.038435
0.037458 0.041458
0.040134 0.044490
0.042809 0.047533
0.045485 0.050586
0.048161 0.053650
0.050836 0.056723
0.053512 0.059808
0.056187 0.062903
0.058863 0.066008
0.061538 0.069125
0.064214 0.072252
0.066890 0.075390
0.069565 0.078538
0.072241 0.081698
0.074916 0.084869
0.077592 0.088051
0.080268 0.091244
0.082943 0.094449
0.085619 0.097664
0.088294 0.100891
0.090970 0.104130
0.093645 0.107380
0.096321 0.110642
0.098997 0.113915
0.101672 0.117201
0.104348 0.120498
0.107023 0.123807
0.109699 0.127128
0.112375 0.130461
0.115050 0.133806
0.117726 0.137164
0.120401 0.140533
0.123077 0.143916
0.125753 0.147310
0.128428 0.150717
0.131104 0.154137
0.133779 0.157570
0.136455 0.161015
0.139130 0.164473
0.141806 0.167944
0.144482 0.171428
0.147157 0.174925
0.149833 0.178436
0.152508 0.181959
0.155184 0.185496
0.157860 0.189047
0.160535 0.192611
0.163211 0.196188
0.165886 0.199779
0.168562 0.203385
0.171237 0.207003
0.173913 0.210636
0.176589 0.214283
0.179264 0.217944
0.181940 0.221620
0.184615 0.225309
0.187291 0.229013
0.189967 0.232732
0.192642 0.236465
0.195318 0.240212
0.197993 0.243975
0.200669 0.247752
0.203344 0.251545
0.206020 0.255352
0.208696 0.259175
0.211371 0.263012
0.214047 0.266865
0.216722 0.270734
0.219398 0.274618
0.222074 0.278517
0.224749 0.282433
0.227425 0.286364
0.230100 0.290311
0.232776 0.294274
0.235452 0.298253
0.238127 0.302248
0.240803 0.306260
0.243478 0.310288
0.246154 0.314332
0.248829 0.318393
0.251505 0.322471
0.254181 0.326565
0.256856 0.330677
0.259532 0.334805
0.262207 0.338951
0.264883 0.343113
0.267559 0.347293
0.270234 0.351491
0.272910 0.355705
0.275585 0.359938
0.278261 0.364188
0.280936 0.368456
0.283612 0.372742
0.286288 0.377046
0.288963 0.381368
0.291639 0.385708
0.294314 0.390066
0.296990 0.394443
0.299666 0.398839
0.302341 0.403253
0.305017 0.407686
0.307692 0.412137
0.310368 0.416608
0.313043 0.421098
0.315719 0.425607
0.318395 0.430135
0.321070 0.434682
0.323746 0.439249
0.326421 0.443836
0.329097 0.448442
0.331773 0.453068
0.334448 0.457714
0.337124 0.462380
0.339799 0.467066
0.342475 0.471772
0.345151 0.476499
0.347826 0.481246
0.350502 0.486013
0.353177 0.490801
0.355853 0.495610
0.358528 0.500440
0.361204 0.505290
0.363880 0.510162
0.366555 0.515054
0.369231 0.519968
0.371906 0.524904
0.374582 0.529860
0.377258 0.534839
0.379933 0.539838
0.382609 0.544860
0.385284 0.549903
0.387960 0.554969
0.390635 0.560056
0.393311 0.565166
0.395987 0.570297
0.398662 0.575451
0.401338 0.580628
0.404013 0.585826
0.406689 0.591048
0.409365 0.596292
0.412040 0.601559
0.414716 0.606848
0.417391 0.612161
0.420067 0.617497
0.422742 0.622855
0.425418 0.628237
0.428094 0.633642
0.430769 0.639071
0.433445 0.644523
0.436120 0.649998
0.438796 0.655497
0.441472 0.661019
0.444147 0.666566
0.446823 0.672136
0.449498 0.677730
0.452174 0.683347
0.454849 0.688989
0.457525 0.694655
0.460201 0.700345
0.462876 0.706059
0.465552 0.711797
0.468227 0.717560
0.470903 0.723346
0.473579 0.729158
0.476254 0.734993
0.478930 0.740853
0.481605 0.746738
0.484281 0.752647
0.486957 0.758580
0.489632 0.764538
0.492308 0.770521
0.494983 0.776528
0.497659 0.782560
0.500334 0.788617
0.503010 0.794698
0.505686 0.800804
0.508361 0.806935
0.511037 0.813090
0.513712 0.819271
0.516388 0.825475
0.519064 0.831705
0.521739 0.837959
0.524415 0.844238
0.527090 0.850542
0.529766 0.856870
0.532441 0.863223
0.535117 0.869600
0.537793 0.876002
0.540468 0.882428
0.543144 0.888879
0.545819 0.895354
0.548495 0.901853
0.551171 0.908377
0.553846 0.914924
0.556522 0.921496
0.559197 0.928092
0.561873 0.934712
0.564548 0.941356
0.567224 0.948023
0.569900 0.954714
0.572575 0.961429
0.575251 0.968167
0.577926 0.974928
0.580602 0.981712
0.583278 0.988520
0.585953 0.995350
0.588629 1.002203
0.591304 1.009078
0.593980 1.015976
0.596656 1.022896
0.599331 1.029839
0.602007 1.036803
0.604682 1.043788
0.607358 1.050795
0.610033 1.057824
0.612709 1.064873
0.615385 1.071943
0.618060 1.079034
0.620736 1.086145
0.623411 1.093276
0.626087 1.100427
0.628763 1.107597
0.631438 1.114787
0.634114 1.121995
0.636789 1.129222
0.639465 1.136468
0.642140 1.143731
0.644816 1.151013
0.647492 1.158311
0.650167 1.165627
0.652843 1.172959
0.655518 1.180307
0.658194 1.187671
0.660870 1.195051
0.663545 1.202446
0.666221 1.209856
0.668896 1.217279
0.671572 1.224717
0.674247 1.232168
0.676923 1.239632
0.679599 1.247108
0.682274 1.254597
0.684950 1.262097
0.687625 1.269607
0.690301 1.277129
0.692977 1.284660
0.695652 1.292201
0.698328 1.299750
0.701003 1.307308
0.703679 1.314874
0.706355 1.322447
0.709030 1.330026
0.711706 1.337611
0.714381 1.345202
0.717057 1.352797
0.719732 1.360397
0.722408 1.367999
0.725084 1.375605
0.727759 1.383212
0.730435 1.390821
0.733110 1.398431
0.735786 1.406040
0.738462 1.413649
0.741137 1.421256
0.743813 1.428860
0.746488 1.436462
0.749164 1.444060
0.751839 1.451653
0.754515 1.459240
0.757191 1.466822
0.759866 1.474396
0.762542 1.481962
0.765217 1.489519
0.767893 1.497067
0.770569 1.504604
0.773244 1.512130
0.775920 1.519643
0.778595 1.527143
0.781271 1.534629
0.783946 1.542100
0.786622 1.549554
0.789298 1.556992
0.791973 1.564411
0.794649 1.571812
0.797324 1.579192
0.800000 1.586552
