# x1    P (MPa)
0.000000 0.000001
0.002676 0.000999
0.005351 0.002002
0.008027 0.003008
0.010702 0.004017
0.013378 0.005030
0.016054 0.006047
0.018729 0.007068
0.021405 0.008092
0.024080 0.009121
0.026756 0.010153
0.029431 0.011189
0.032107 0.012229
0.034783 0.013273
0.037458 0.014321
0.040134 0.015373
0.042809 0.016429
0.045485 0.017490
0.048161 0.018554
0.050836 0.019623
0.053512 0.020696
0.056187 0.021774
0.058863 0.022856
0.061538 0.023943
0.064214 0.025034
0.066890 0.026129
0.069565 0.027230
0.072241 0.028335
0.074916 0.029444
0.077592 0.030559
0.080268 0.031678
0.082943 0.032803
0.085619 0.033932
0.088294 0.035066
0.090970 0.036206
0.093645 0.037350
0.096321 0.038500
0.098997 0.039655
0.101672 0.040815
0.104348 0.041981
0.107023 0.043153
0.109699 0.044329
0.112375 0.045512
0.115050 0.046700
0.117726 0.047894
0.120401 0.049094
0.123077 0.050300
0.125753 0.051511
0.128428 0.052729
0.131104 0.053953
0.133779 0.055183
0.136455 0.056419
0.139130 0.057662
0.141806 0.058911
0.144482 0.060167
0.147157 0.061429
0.149833 0.062698
0.152508 0.063974
0.155184 0.065256
0.157860 0.066546
0.160535 0.067843
0.163211 0.069146
0.165886 0.070458
0.168562 0.071776
0.171237 0.073102
0.173913 0.074435
0.176589 0.075776
0.179264 0.077125
0.181940 0.078482
0.184615 0.079846
0.187291 0.081219
0.189967 0.082600
0.192642 0.083989
0.195318 0.085386
0.197993 0.086792
0.200669 0.088207
0.203344 0.089630
0.206020 0.091062
0.208696 0.092504
0.211371 0.093954
0.214047 0.095414
0.216722 0.096883
0.219398 0.098361
0.222074 0.099849
0.224749 0.101347
0.227425 0.102855
0.230100 0.104373
0.232776 0.105901
0.235452 0.107439
0.238127 0.108988
0.240803 0.110547
0.243478 0.112118
0.246154 0.113699
0.248829 0.115291
0.251505 0.116895
0.254181 0.118510
0.256856 0.120137
0.259532 0.121775
0.262207 0.123425
0.264883 0.125088
0.267559 0.126763
0.270234 0.128450
0.272910 0.130150
0.275585 0.131863
0.278261 0.133589
0.280936 0.135328
0.283612 0.137081
0.286288 0.138847
0.288963 0.140628
0.291639 0.142422
0.294314 0.144231
0.296990 0.146054
0.299666 0.147892
0.302341 0.149744
0.305017 0.151612
0.307692 0.153496
0.310368 0.155395
0.313043 0.157310
0.315719 0.159242
0.318395 0.161189
0.321070 0.163154
0.323746 0.165135
0.326421 0.167133
0.329097 0.169150
0.331773 0.171183
0.334448 0.173235
0.337124 0.175305
0.339799 0.177394
0.342475 0.179502
0.345151 0.181629
0.347826 0.183776
0.350502 0.185942
0.353177 0.188129
0.355853 0.190336
0.358528 0.192564
0.361204 0.194813
0.363880 0.197084
0.366555 0.199376
0.369231 0.201691
0.371906 0.204028
0.374582 0.206389
0.377258 0.208773
0.379933 0.211180
0.382609 0.213612
0.385284 0.216068
0.387960 0.218550
0.390635 0.221056
0.393311 0.223589
0.395987 0.226148
0.398662 0.228733
0.401338 0.231346
0.404013 0.233986
0.406689 0.236654
0.409365 0.239351
0.412040 0.242077
0.414716 0.244833
0.417391 0.247618
0.420067 0.250434
0.422742 0.253281
0.425418 0.256160
0.428094 0.259071
0.430769 0.262014
0.433445 0.264991
0.436120 0.268002
0.438796 0.271047
0.441472 0.274127
0.444147 0.277242
0.446823 0.280394
0.449498 0.283583
0.452174 0.286809
0.454849 0.290073
0.457525 0.293377
0.460201 0.296719
0.462876 0.300102
0.465552 0.303525
0.468227 0.306991
0.470903 0.310498
0.473579 0.314049
0.476254 0.317643
0.478930 0.321282
0.481605 0.324966
0.484281 0.328696
0.486957 0.332472
0.489632 0.336297
0.492308 0.340170
0.494983 0.344093
0.497659 0.348065
0.500334 0.352089
0.503010 0.356164
0.505686 0.360292
0.508361 0.364474
0.511037 0.368711
0.513712 0.373003
0.516388 0.377351
0.519064 0.381757
0.521739 0.386222
0.524415 0.390745
0.527090 0.395329
0.529766 0.399975
0.532441 0.404682
0.535117 0.409454
0.537793 0.414289
0.540468 0.419190
0.543144 0.424158
0.545819 0.429193
0.548495 0.434296
0.551171 0.439470
0.553846 0.444714
0.556522 0.450031
0.559197 0.455420
0.561873 0.460884
0.564548 0.466423
0.567224 0.472039
0.569900 0.477732
0.572575 0.483504
0.575251 0.489355
0.577926 0.495288
0.580602 0.501303
0.583278 0.507402
0.585953 0.513585
0.588629 0.519854
0.591304 0.526210
0.593980 0.532653
0.596656 0.539186
0.599331 0.545809
0.602007 0.552524
0.604682 0.559331
0.607358 0.566231
0.610033 0.573227
0.612709 0.580318
0.615385 0.587506
0.618060 0.594792
0.620736 0.602176
0.623411 0.609661
0.626087 0.617247
0.628763 0.624934
0.631438 0.632724
0.634114 0.640618
0.636789 0.648616
0.639465 0.656720
0.642140 0.664929
0.644816 0.673245
0.647492 0.681669
0.650167 0.690200
0.652843 0.698841
0.655518 0.707590
0.658194 0.716449
0.660870 0.725418
0.663545 0.734497
0.666221 0.743686
0.668896 0.752987
0.671572 0.762398
0.674247 0.771920
0.676923 0.781553
0.679599 0.791297
0.682274 0.801152
0.684950 0.811117
0.687625 0.821191
0.690301 0.831375
0.692977 0.841668
0.695652 0.852070
0.698328 0.862578
0.701003 0.873193
0.703679 0.883914
0.706355 0.894740
0.709030 0.905668
0.711706 0.916699
0.714381 0.927830
0.717057 0.939061
0.719732 0.950388
0.722408 0.961812
0.725084 0.973329
0.727759 0.984938
0.730435 0.996637
0.733110 1.008423
0.735786 1.020295
0.738462 1.032249
0.741137 1.044283
0.743813 1.056394
0.746488 1.068581
0.749164 1.080838
0.751839 1.093165
0.754515 1.105557
0.757191 1.118011
0.759866 1.130525
0.762542 1.143094
0.765217 1.155714
0.767893 1.168384
0.770569 1.181097
0.773244 1.193852
0.775920 1.206644
0.778595 1.219468
0.781271 1.232322
0.783946 1.245200
0.786622 1.258099
0.789298 1.271014
0.791973 1.283942
0.794649 1.296877
0.797324 1.309816
0.800000 1.322753
