# x1    P (MPa)
0.000000 0.000006
0.002676 0.001660
0.005351 0.003320
0.008027 0.004985
0.010702 0.006655
0.013378 0.008330
0.016054 0.010011
0.018729 0.011697
0.021405 0.013389
0.024080 0.015086
0.026756 0.016788
0.029431 0.018496
0.032107 0.020210
0.034783 0.021929
0.037458 0.023654
0.040134 0.025384
0.042809 0.027121
0.045485 0.028863
0.048161 0.030611
0.050836 0.032364
0.053512 0.034124
0.056187 0.035890
0.058863 0.037662
0.061538 0.039440
0.064214 0.041224
0.066890 0.043014
0.069565 0.044810
0.072241 0.046613
0.074916 0.048422
0.077592 0.050238
0.080268 0.052060
0.082943 0.053888
0.085619 0.055723
0.088294 0.057565
0.090970 0.059413
0.093645 0.061268
0.096321 0.063129
0.098997 0.064998
0.101672 0.066873
0.104348 0.068756
0.107023 0.070645
0.109699 0.072542
0.112375 0.074445
0.115050 0.076356
0.117726 0.078274
0.120401 0.080199
0.123077 0.082132
0.125753 0.084072
0.128428 0.086019
0.131104 0.087974
0.133779 0.089937
0.136455 0.091907
0.139130 0.093885
0.141806 0.095871
0.144482 0.097865
0.147157 0.099867
0.149833 0.101877
0.152508 0.103895
0.155184 0.105921
0.157860 0.107955
0.160535 0.109997
0.163211 0.112048
0.165886 0.114108
0.168562 0.116176
0.171237 0.118252
0.173913 0.120337
0.176589 0.122431
0.179264 0.124534
0.181940 0.126646
0.184615 0.128767
0.187291 0.130896
0.189967 0.133035
0.192642 0.135183
0.195318 0.137341
0.197993 0.139508
0.200669 0.141684
0.203344 0.143870
0.206020 0.146065
0.208696 0.148271
0.211371 0.150486
0.214047 0.152711
0.216722 0.154946
0.219398 0.157191
0.222074 0.159446
0.224749 0.161712
0.227425 0.163988
0.230100 0.166274
0.232776 0.168571
0.235452 0.170879
0.238127 0.173198
0.240803 0.175527
0.243478 0.177867
0.246154 0.180218
0.248829 0.182581
0.251505 0.184955
0.254181 0.187340
0.256856 0.189737
0.259532 0.192145
0.262207 0.194565
0.264883 0.196997
0.267559 0.199440
0.270234 0.201896
0.272910 0.204364
0.275585 0.206844
0.278261 0.209336
0.280936 0.211841
0.283612 0.214359
0.286288 0.216889
0.288963 0.219432
0.291639 0.221988
0.294314 0.224557
0.296990 0.227140
0.299666 0.229736
0.302341 0.232345
0.305017 0.234967
0.307692 0.237604
0.310368 0.240254
0.313043 0.242919
0.315719 0.245597
0.318395 0.248290
0.321070 0.250997
0.323746 0.253718
0.326421 0.256455
0.329097 0.259206
0.331773 0.261971
0.334448 0.264753
0.337124 0.267549
0.339799 0.270360
0.342475 0.273188
0.345151 0.276030
0.347826 0.278889
0.350502 0.281764
0.353177 0.284654
0.355853 0.287561
0.358528 0.290485
0.361204 0.293425
0.363880 0.296382
0.366555 0.299355
0.369231 0.302346
0.371906 0.305354
0.374582 0.308379
0.377258 0.311422
0.379933 0.314483
0.382609 0.317562
0.385284 0.320658
0.387960 0.323773
0.390635 0.326906
0.393311 0.330058
0.395987 0.333229
0.398662 0.336418
0.401338 0.339627
0.404013 0.342855
0.406689 0.346102
0.409365 0.349370
0.412040 0.352657
0.414716 0.355964
0.417391 0.359291
0.420067 0.362639
0.422742 0.366007
0.425418 0.369396
0.428094 0.372806
0.430769 0.376238
0.433445 0.379690
0.436120 0.383164
0.438796 0.386661
0.441472 0.390179
0.444147 0.393719
0.446823 0.397282
0.449498 0.400867
0.452174 0.404475
0.454849 0.408106
0.457525 0.411760
0.460201 0.415438
0.462876 0.419139
0.465552 0.422864
0.468227 0.426614
0.470903 0.430387
0.473579 0.434185
0.476254 0.438008
0.478930 0.441856
0.481605 0.445729
0.484281 0.449627
0.486957 0.453551
0.489632 0.457500
0.492308 0.461476
0.494983 0.465477
0.497659 0.469506
0.500334 0.473561
0.503010 0.477643
0.505686 0.481751
0.508361 0.485888
0.511037 0.490052
0.513712 0.494243
0.516388 0.498463
0.519064 0.502711
0.521739 0.506987
0.524415 0.511292
0.527090 0.515626
0.529766 0.519989
0.532441 0.524382
0.535117 0.528804
0.537793 0.533255
0.540468 0.537737
0.543144 0.542249
0.545819 0.546791
0.548495 0.551364
0.551171 0.555968
0.553846 0.560603
0.556522 0.565269
0.559197 0.569966
0.561873 0.574695
0.564548 0.579456
0.567224 0.584249
0.569900 0.589075
0.572575 0.593933
0.575251 0.598823
0.577926 0.603746
0.580602 0.608703
0.583278 0.613692
0.585953 0.618715
0.588629 0.623771
0.591304 0.628861
0.593980 0.633985
0.596656 0.639143
0.599331 0.644335
0.602007 0.649561
0.604682 0.654822
0.607358 0.660117
0.610033 0.665447
0.612709 0.670812
0.615385 0.676212
0.618060 0.681647
0.620736 0.687117
0.623411 0.692622
0.626087 0.698163
0.628763 0.703739
0.631438 0.709350
0.634114 0.714997
0.636789 0.720680
0.639465 0.726398
0.642140 0.732152
0.644816 0.737941
0.647492 0.743766
0.650167 0.749627
0.652843 0.755523
0.655518 0.761455
0.658194 0.767423
0.660870 0.773426
0.663545 0.779464
0.666221 0.785538
0.668896 0.791647
0.671572 0.797791
0.674247 0.803971
0.676923 0.810185
0.679599 0.816434
0.682274 0.822717
0.684950 0.829035
0.687625 0.835387
0.690301 0.841773
0.692977 0.848193
0.695652 0.854646
0.698328 0.861133
0.701003 0.867652
0.703679 0.874204
0.706355 0.880788
0.709030 0.887404
0.711706 0.894051
0.714381 0.900729
0.717057 0.907438
0.719732 0.914178
0.722408 0.920947
0.725084 0.927745
0.727759 0.934572
0.730435 0.941427
0.733110 0.948310
0.735786 0.955220
0.738462 0.962156
0.741137 0.969118
0.743813 0.976105
0.746488 0.983116
0.749164 0.990151
0.751839 0.997209
0.754515 1.004289
0.757191 1.011391
0.759866 1.018513
0.762542 1.025654
0.765217 1.032815
0.767893 1.039993
0.770569 1.047188
0.773244 1.054399
0.775920 1.061625
0.778595 1.068864
0.781271 1.076117
0.783946 1.083381
0.786622 1.090655
0.789298 1.097939
0.791973 1.105232
0.794649 1.112531
0.797324 1.119836
0.800000 1.127145
