# x1    P (MPa)
0.000000 0.000000
0.002676 0.000941
0.005351 0.001884
0.008027 0.002829
0.010702 0.003776
0.013378 0.004726
0.016054 0.005678
0.018729 0.006633
0.021405 0.007590
0.024080 0.008549
0.026756 0.009511
0.029431 0.010475
0.032107 0.011442
0.034783 0.012411
0.037458 0.013383
0.040134 0.014357
0.042809 0.015335
0.045485 0.016314
0.048161 0.017297
0.050836 0.018282
0.053512 0.019270
0.056187 0.020260
0.058863 0.021254
0.061538 0.022250
0.064214 0.023249
0.066890 0.024252
0.069565 0.025257
0.072241 0.026265
0.074916 0.027276
0.077592 0.028290
0.080268 0.029307
0.082943 0.030327
0.085619 0.031351
0.088294 0.032378
0.090970 0.033408
0.093645 0.034441
0.096321 0.035477
0.098997 0.036517
0.101672 0.037561
0.104348 0.038607
0.107023 0.039658
0.109699 0.040711
0.112375 0.041769
0.115050 0.042830
0.117726 0.043894
0.120401 0.044963
0.123077 0.046035
0.125753 0.047111
0.128428 0.048191
0.131104 0.049275
0.133779 0.050362
0.136455 0.051454
0.139130 0.052550
0.141806 0.053650
0.144482 0.054754
0.147157 0.055862
0.149833 0.056975
0.152508 0.058092
0.155184 0.059214
0.157860 0.060339
0.160535 0.061470
0.163211 0.062605
0.165886 0.063744
0.168562 0.064889
0.171237 0.066038
0.173913 0.067192
0.176589 0.068351
0.179264 0.069515
0.181940 0.070684
0.184615 0.071858
0.187291 0.073037
0.189967 0.074221
0.192642 0.075411
0.195318 0.076606
0.197993 0.077807
0.200669 0.079013
0.203344 0.080225
0.206020 0.081443
0.208696 0.082666
0.211371 0.083896
0.214047 0.085131
0.216722 0.086372
0.219398 0.087620
0.222074 0.088874
0.224749 0.090134
0.227425 0.091400
0.230100 0.092673
0.232776 0.093953
0.235452 0.095239
0.238127 0.096533
0.240803 0.097833
0.243478 0.099140
0.246154 0.100454
0.248829 0.101776
0.251505 0.103104
0.254181 0.104441
0.256856 0.105785
0.259532 0.107136
0.262207 0.108496
0.264883 0.109863
0.267559 0.111238
0.270234 0.112622
0.272910 0.114014
0.275585 0.115414
0.278261 0.116823
0.280936 0.118240
0.283612 0.119667
0.286288 0.121102
0.288963 0.122546
0.291639 0.124000
0.294314 0.125463
0.296990 0.126936
0.299666 0.128418
0.302341 0.129911
0.305017 0.131413
0.307692 0.132926
0.310368 0.134448
0.313043 0.135982
0.315719 0.137526
0.318395 0.139081
0.321070 0.140647
0.323746 0.142224
0.326421 0.143813
0.329097 0.145414
0.331773 0.147026
0.334448 0.148650
0.337124 0.150286
0.339799 0.151935
0.342475 0.153597
0.345151 0.155271
0.347826 0.156959
0.350502 0.158660
0.353177 0.160374
0.355853 0.162102
0.358528 0.163844
0.361204 0.165600
0.363880 0.167371
0.366555 0.169157
0.369231 0.170957
0.371906 0.172773
0.374582 0.174604
0.377258 0.176452
0.379933 0.178315
0.382609 0.180195
0.385284 0.182091
0.387960 0.184004
0.390635 0.185935
0.393311 0.187883
0.395987 0.189849
0.398662 0.191833
0.401338 0.193836
0.404013 0.195858
0.406689 0.197899
0.409365 0.199960
0.412040 0.202041
0.414716 0.204142
0.417391 0.206263
0.420067 0.208406
0.422742 0.210571
0.425418 0.212757
0.428094 0.214965
0.430769 0.217197
0.433445 0.219451
0.436120 0.221729
0.438796 0.224031
0.441472 0.226358
0.444147 0.228709
0.446823 0.231086
0.449498 0.233489
0.452174 0.235919
0.454849 0.238375
0.457525 0.240859
0.460201 0.243371
0.462876 0.245912
0.465552 0.248481
0.468227 0.251080
0.470903 0.253710
0.473579 0.256370
0.476254 0.259062
0.478930 0.261786
0.481605 0.264543
0.484281 0.267333
0.486957 0.270157
0.489632 0.273016
0.492308 0.275911
0.494983 0.278841
0.497659 0.281808
0.500334 0.284813
0.503010 0.287857
0.505686 0.290939
0.508361 0.294062
0.511037 0.297225
0.513712 0.300429
0.516388 0.303677
0.519064 0.306967
0.521739 0.310302
0.524415 0.313681
0.527090 0.317107
0.529766 0.320580
0.532441 0.324100
0.535117 0.327669
0.537793 0.331289
0.540468 0.334959
0.543144 0.338681
0.545819 0.342456
0.548495 0.346285
0.551171 0.350170
0.553846 0.354111
0.556522 0.358109
0.559197 0.362166
0.561873 0.366283
0.564548 0.370462
0.567224 0.374702
0.569900 0.379007
0.572575 0.383376
0.575251 0.387812
0.577926 0.392315
0.580602 0.396887
0.583278 0.401530
0.585953 0.406245
0.588629 0.411033
0.591304 0.415896
0.593980 0.420836
0.596656 0.425853
0.599331 0.430950
0.602007 0.436127
0.604682 0.441388
0.607358 0.446732
0.610033 0.452163
0.612709 0.457681
0.615385 0.463289
0.618060 0.468987
0.620736 0.474779
0.623411 0.480664
0.626087 0.486647
0.628763 0.492727
0.631438 0.498907
0.634114 0.505189
0.636789 0.511575
0.639465 0.518066
0.642140 0.524664
0.644816 0.531372
0.647492 0.538190
0.650167 0.545122
0.652843 0.552169
0.655518 0.559332
0.658194 0.566614
0.660870 0.574017
0.663545 0.581542
0.666221 0.589192
0.668896 0.596967
0.671572 0.604871
0.674247 0.612904
0.676923 0.621069
0.679599 0.629367
0.682274 0.637800
0.684950 0.646370
0.687625 0.655078
0.690301 0.663926
0.692977 0.672915
0.695652 0.682047
0.698328 0.691323
0.701003 0.700745
0.703679 0.710313
0.706355 0.720030
0.709030 0.729895
0.711706 0.739910
0.714381 0.750075
0.717057 0.760392
0.719732 0.770861
0.722408 0.781482
0.725084 0.792256
0.727759 0.803183
0.730435 0.814263
0.733110 0.825495
0.735786 0.836880
0.738462 0.848417
0.741137 0.860106
0.743813 0.871945
0.746488 0.883934
0.749164 0.896072
0.751839 0.908356
0.754515 0.920786
0.757191 0.933359
0.759866 0.946074
0.762542 0.958928
0.765217 0.971919
0.767893 0.985044
0.770569 0.998301
0.773244 1.011685
0.775920 1.025194
0.778595 1.038823
0.781271 1.052570
0.783946 1.066430
0.786622 1.080399
0.789298 1.094472
0.791973 1.108645
0.794649 1.122912
0.797324 1.137268
0.800000 1.151709
