# x1    P (MPa)
0.000000 0.000000
0.002676 0.000643
0.005351 0.001289
0.008027 0.001937
0.010702 0.002587
0.013378 0.003240
0.016054 0.003896
0.018729 0.004554
0.021405 0.005215
0.024080 0.005878
0.026756 0.006544
0.029431 0.007212
0.032107 0.007884
0.034783 0.008558
0.037458 0.009235
0.040134 0.009914
0.042809 0.010597
0.045485 0.011282
0.048161 0.011970
0.050836 0.012661
0.053512 0.013356
0.056187 0.014053
0.058863 0.014753
0.061538 0.015456
0.064214 0.016163
0.066890 0.016872
0.069565 0.017585
0.072241 0.018301
0.074916 0.019020
0.077592 0.019743
0.080268 0.020469
0.082943 0.021198
0.085619 0.021931
0.088294 0.022667
0.090970 0.023407
0.093645 0.024150
0.096321 0.024897
0.098997 0.025648
0.101672 0.026402
0.104348 0.027160
0.107023 0.027922
0.109699 0.028688
0.112375 0.029458
0.115050 0.030231
0.117726 0.031009
0.120401 0.031791
0.123077 0.032576
0.125753 0.033366
0.128428 0.034160
0.131104 0.034959
0.133779 0.035761
0.136455 0.036569
0.139130 0.037380
0.141806 0.038196
0.144482 0.039017
0.147157 0.039842
0.149833 0.040672
0.152508 0.041507
0.155184 0.042346
0.157860 0.043190
0.160535 0.044040
0.163211 0.044894
0.165886 0.045753
0.168562 0.046618
0.171237 0.047488
0.173913 0.048363
0.176589 0.049243
0.179264 0.050129
0.181940 0.051020
0.184615 0.051917
0.187291 0.052820
0.189967 0.053728
0.192642 0.054642
0.195318 0.055563
0.197993 0.056489
0.200669 0.057421
0.203344 0.058359
0.206020 0.059304
0.208696 0.060255
0.211371 0.061213
0.214047 0.062177
0.216722 0.063147
0.219398 0.064125
0.222074 0.065109
0.224749 0.066100
0.227425 0.067098
0.230100 0.068104
0.232776 0.069116
0.235452 0.070136
0.238127 0.071164
0.240803 0.072199
0.243478 0.073242
0.246154 0.074292
0.248829 0.075351
0.251505 0.076417
0.254181 0.077492
0.256856 0.078575
0.259532 0.079667
0.262207 0.080767
0.264883 0.081876
0.267559 0.082993
0.270234 0.084120
0.272910 0.085255
0.275585 0.086400
0.278261 0.087555
0.280936 0.088719
0.283612 0.089892
0.286288 0.091076
0.288963 0.092269
0.291639 0.093473
0.294314 0.094687
0.296990 0.095911
0.299666 0.097147
0.302341 0.098393
0.305017 0.099650
0.307692 0.100918
0.310368 0.102198
0.313043 0.103489
0.315719 0.104792
0.318395 0.106107
0.321070 0.107434
0.323746 0.108774
0.326421 0.110126
0.329097 0.111491
0.331773 0.112869
0.334448 0.114260
0.337124 0.115665
0.339799 0.117083
0.342475 0.118516
0.345151 0.119962
0.347826 0.121423
0.350502 0.122898
0.353177 0.124388
0.355853 0.125894
0.358528 0.127415
0.361204 0.128951
0.363880 0.130504
0.366555 0.132072
0.369231 0.133658
0.371906 0.135260
0.374582 0.136879
0.377258 0.138516
0.379933 0.140170
0.382609 0.141842
0.385284 0.143533
0.387960 0.145242
0.390635 0.146970
0.393311 0.148718
0.395987 0.150486
0.398662 0.152273
0.401338 0.154081
0.404013 0.155910
0.406689 0.157759
0.409365 0.159631
0.412040 0.161524
0.414716 0.163440
0.417391 0.165378
0.420067 0.167340
0.422742 0.169325
0.425418 0.171335
0.428094 0.173368
0.430769 0.175427
0.433445 0.177511
0.436120 0.179621
0.438796 0.181758
0.441472 0.183921
0.444147 0.186111
0.446823 0.188330
0.449498 0.190577
0.452174 0.192852
0.454849 0.195157
0.457525 0.197493
0.460201 0.199858
0.462876 0.202255
0.465552 0.204684
0.468227 0.207145
0.470903 0.209639
0.473579 0.212166
0.476254 0.214728
0.478930 0.217325
0.481605 0.219957
0.484281 0.222625
0.486957 0.225330
0.489632 0.228073
0.492308 0.230854
0.494983 0.233674
0.497659 0.236534
0.500334 0.239434
0.503010 0.242375
0.505686 0.245359
0.508361 0.248385
0.511037 0.251455
0.513712 0.254569
0.516388 0.257729
0.519064 0.260935
0.521739 0.264188
0.524415 0.267488
0.527090 0.270837
0.529766 0.274236
0.532441 0.277686
0.535117 0.281187
0.537793 0.284740
0.540468 0.288347
0.543144 0.292008
0.545819 0.295724
0.548495 0.299497
0.551171 0.303327
0.553846 0.307216
0.556522 0.311163
0.559197 0.315172
0.561873 0.319241
0.564548 0.323373
0.567224 0.327569
0.569900 0.331829
0.572575 0.336156
0.575251 0.340549
0.577926 0.345009
0.580602 0.349539
0.583278 0.354140
0.585953 0.358811
0.588629 0.363555
0.591304 0.368372
0.593980 0.373264
0.596656 0.378232
0.599331 0.383277
0.602007 0.388400
0.604682 0.393602
0.607358 0.398884
0.610033 0.404247
0.612709 0.409693
0.615385 0.415223
0.618060 0.420837
0.620736 0.426536
0.623411 0.432323
0.626087 0.438197
0.628763 0.444159
0.631438 0.450211
0.634114 0.456354
0.636789 0.462588
0.639465 0.468915
0.642140 0.475334
0.644816 0.481848
0.647492 0.488456
0.650167 0.495160
0.652843 0.501960
0.655518 0.508856
0.658194 0.515850
0.660870 0.522942
0.663545 0.530132
0.666221 0.537420
0.668896 0.544807
0.671572 0.552294
0.674247 0.559880
0.676923 0.567566
0.679599 0.575351
0.682274 0.583235
0.684950 0.591219
0.687625 0.599302
0.690301 0.607484
0.692977 0.615764
0.695652 0.624142
0.698328 0.632618
0.701003 0.641190
0.703679 0.649857
0.706355 0.658620
0.709030 0.667476
0.711706 0.676426
0.714381 0.685466
0.717057 0.694597
0.719732 0.703816
0.722408 0.713123
0.725084 0.722515
0.727759 0.731991
0.730435 0.741548
0.733110 0.751185
0.735786 0.760900
0.738462 0.770690
0.741137 0.780553
0.743813 0.790487
0.746488 0.800488
0.749164 0.810555
0.751839 0.820684
0.754515 0.830873
0.757191 0.841119
0.759866 0.851418
0.762542 0.861767
0.765217 0.872164
0.767893 0.882604
0.770569 0.893085
0.773244 0.903603
0.775920 0.914154
0.778595 0.924735
0.781271 0.935341
0.783946 0.945970
0.786622 0.956618
0.789298 0.967280
0.791973 0.977953
0.794649 0.988633
0.797324 0.999315
0.800000 1.009997
