# x1    P (MPa)
0.000000 0.000025
0.002676 0.003218
0.005351 0.006418
0.008027 0.009623
0.010702 0.012836
0.013378 0.016055
0.016054 0.019281
0.018729 0.022513
0.021405 0.025753
0.024080 0.028999
0.026756 0.032252
0.029431 0.035511
0.032107 0.038778
0.034783 0.042052
0.037458 0.045333
0.040134 0.048620
0.042809 0.051915
0.045485 0.055217
0.048161 0.058526
0.050836 0.061843
0.053512 0.065167
0.056187 0.068498
0.058863 0.071836
0.061538 0.075182
0.064214 0.078535
0.066890 0.081896
0.069565 0.085264
0.072241 0.088640
0.074916 0.092023
0.077592 0.095415
0.080268 0.098813
0.082943 0.102220
0.085619 0.105635
0.088294 0.109057
0.090970 0.112487
0.093645 0.115926
0.096321 0.119372
0.098997 0.122826
0.101672 0.126289
0.104348 0.129760
0.107023 0.133239
0.109699 0.136726
0.112375 0.140222
0.115050 0.143726
0.117726 0.147238
0.120401 0.150759
0.123077 0.154288
0.125753 0.157826
0.128428 0.161373
0.131104 0.164929
0.133779 0.168493
0.136455 0.172066
0.139130 0.175648
0.141806 0.179239
0.144482 0.182839
0.147157 0.186448
0.149833 0.190066
0.152508 0.193693
0.155184 0.197330
0.157860 0.200976
0.160535 0.204631
0.163211 0.208296
0.165886 0.211970
0.168562 0.215654
0.171237 0.219347
0.173913 0.223050
0.176589 0.226763
0.179264 0.230486
0.181940 0.234218
0.184615 0.237961
0.187291 0.241713
0.189967 0.245475
0.192642 0.249248
0.195318 0.253031
0.197993 0.256824
0.200669 0.260628
0.203344 0.264442
0.206020 0.268266
0.208696 0.272101
0.211371 0.275947
0.214047 0.279803
0.216722 0.283670
0.219398 0.287548
0.222074 0.291437
0.224749 0.295337
0.227425 0.299247
0.230100 0.303170
0.232776 0.307103
0.235452 0.311047
0.238127 0.315003
0.240803 0.318971
0.243478 0.322950
0.246154 0.326940
0.248829 0.330943
0.251505 0.334957
0.254181 0.338983
0.256856 0.343020
0.259532 0.347070
0.262207 0.351132
0.264883 0.355206
0.267559 0.359293
0.270234 0.363391
0.272910 0.367502
0.275585 0.371626
0.278261 0.375762
0.280936 0.379911
0.283612 0.384073
0.286288 0.388248
0.288963 0.392435
0.291639 0.396636
0.294314 0.400850
0.296990 0.405077
0.299666 0.409317
0.302341 0.413571
0.305017 0.417838
0.307692 0.422119
0.310368 0.426413
0.313043 0.430721
0.315719 0.435044
0.318395 0.439380
0.321070 0.443730
0.323746 0.448094
0.326421 0.452473
0.329097 0.456866
0.331773 0.461273
0.334448 0.465695
0.337124 0.470132
0.339799 0.474583
0.342475 0.479049
0.345151 0.483531
0.347826 0.488027
0.350502 0.492538
0.353177 0.497065
0.355853 0.501607
0.358528 0.506165
0.361204 0.510738
0.363880 0.515326
0.366555 0.519931
0.369231 0.524552
0.371906 0.529188
0.374582 0.533841
0.377258 0.538509
0.379933 0.543195
0.382609 0.547896
0.385284 0.552614
0.387960 0.557349
0.390635 0.562101
0.393311 0.566869
0.395987 0.571655
0.398662 0.576457
0.401338 0.581277
0.404013 0.586114
0.406689 0.590968
0.409365 0.595840
0.412040 0.600730
0.414716 0.605638
0.417391 0.610563
0.420067 0.615506
0.422742 0.620468
0.425418 0.625448
0.428094 0.630446
0.430769 0.635462
0.433445 0.640497
0.436120 0.645551
0.438796 0.650624
0.441472 0.655716
0.444147 0.660826
0.446823 0.665956
0.449498 0.671105
0.452174 0.676273
0.454849 0.681461
0.457525 0.686669
0.460201 0.691896
0.462876 0.697143
0.465552 0.702411
0.468227 0.707698
0.470903 0.713005
0.473579 0.718333
0.476254 0.723681
0.478930 0.729050
0.481605 0.734439
0.484281 0.739849
0.486957 0.745280
0.489632 0.750732
0.492308 0.756205
0.494983 0.761700
0.497659 0.767215
0.500334 0.772752
0.503010 0.778311
0.505686 0.783891
0.508361 0.789493
0.511037 0.795117
0.513712 0.800763
0.516388 0.806431
0.519064 0.812121
0.521739 0.817833
0.524415 0.823568
0.527090 0.829325
0.529766 0.835105
0.532441 0.840907
0.535117 0.846732
0.537793 0.852580
0.540468 0.858451
0.543144 0.864345
0.545819 0.870262
0.548495 0.876202
0.551171 0.882166
0.553846 0.888153
0.556522 0.894163
0.559197 0.900196
0.561873 0.906254
0.564548 0.912335
0.567224 0.918439
0.569900 0.924568
0.572575 0.930720
0.575251 0.936896
0.577926 0.943096
0.580602 0.949320
0.583278 0.955568
0.585953 0.961840
0.588629 0.968136
0.591304 0.974457
0.593980 0.980801
0.596656 0.987170
0.599331 0.993563
0.602007 0.999980
0.604682 1.006421
0.607358 1.012887
0.610033 1.019377
0.612709 1.025891
0.615385 1.032429
0.618060 1.038992
0.620736 1.045579
0.623411 1.052190
0.626087 1.058825
0.628763 1.065485
0.631438 1.072168
0.634114 1.078876
0.636789 1.085607
0.639465 1.092362
0.642140 1.099142
0.644816 1.105944
0.647492 1.112771
0.650167 1.119621
0.652843 1.126495
0.655518 1.133392
0.658194 1.140312
0.660870 1.147255
0.663545 1.154222
0.666221 1.161211
0.668896 1.168223
0.671572 1.175257
0.674247 1.182314
0.676923 1.189392
0.679599 1.196493
0.682274 1.203615
0.684950 1.210759
0.687625 1.217925
0.690301 1.225111
0.692977 1.232318
0.695652 1.239546
0.698328 1.246793
0.701003 1.254061
0.703679 1.261349
0.706355 1.268655
0.709030 1.275981
0.711706 1.283325
0.714381 1.290688
0.717057 1.298069
0.719732 1.305467
0.722408 1.312882
0.725084 1.320314
0.727759 1.327762
0.730435 1.335226
0.733110 1.342706
0.735786 1.350200
0.738462 1.357709
0.741137 1.365232
0.743813 1.372768
0.746488 1.380316
0.749164 1.387877
0.751839 1.395450
0.754515 1.403034
0.757191 1.410628
0.759866 1.418232
0.762542 1.425845
0.765217 1.433466
0.767893 1.441095
0.770569 1.448731
0.773244 1.456374
0.775920 1.464022
0.778595 1.471675
0.781271 1.479331
0.783946 1.486991
0.786622 1.494653
0.789298 1.502317
0.791973 1.509981
0.794649 1.517644
0.797324 1.525307
0.800000 1.532967
