# x1    P (MPa)
0.000000 0.000024
0.002676 0.002708
0.005351 0.005398
0.008027 0.008096
0.010702 0.010800
0.013378 0.013512
0.016054 0.016231
0.018729 0.018957
0.021405 0.021690
0.024080 0.024431
0.026756 0.027179
0.029431 0.029934
0.032107 0.032697
0.034783 0.035467
0.037458 0.038244
0.040134 0.041029
0.042809 0.043822
0.045485 0.046622
0.048161 0.049430
0.050836 0.052245
0.053512 0.055069
0.056187 0.057900
0.058863 0.060738
0.061538 0.063585
0.064214 0.066439
0.066890 0.069302
0.069565 0.072172
0.072241 0.075050
0.074916 0.077937
0.077592 0.080831
0.080268 0.083734
0.082943 0.086645
0.085619 0.089563
0.088294 0.092491
0.090970 0.095426
0.093645 0.098370
0.096321 0.101322
0.098997 0.104283
0.101672 0.107252
0.104348 0.110230
0.107023 0.113216
0.109699 0.116211
0.112375 0.119214
0.115050 0.122226
0.117726 0.125247
0.120401 0.128277
0.123077 0.131315
0.125753 0.134362
0.128428 0.137419
0.131104 0.140484
0.133779 0.143558
0.136455 0.146642
0.139130 0.149734
0.141806 0.152836
0.144482 0.155946
0.147157 0.159066
0.149833 0.162196
0.152508 0.165334
0.155184 0.168483
0.157860 0.171640
0.160535 0.174807
0.163211 0.177984
0.165886 0.181170
0.168562 0.184366
0.171237 0.187571
0.173913 0.190786
0.176589 0.194011
0.179264 0.197246
0.181940 0.200491
0.184615 0.203745
0.187291 0.207010
0.189967 0.210285
0.192642 0.213569
0.195318 0.216864
0.197993 0.220169
0.200669 0.223485
0.203344 0.226810
0.206020 0.230146
0.208696 0.233492
0.211371 0.236849
0.214047 0.240216
0.216722 0.243594
0.219398 0.246983
0.222074 0.250382
0.224749 0.253791
0.227425 0.257212
0.230100 0.260643
0.232776 0.264085
0.235452 0.267538
0.238127 0.271002
0.240803 0.274477
0.243478 0.277964
0.246154 0.281461
0.248829 0.284969
0.251505 0.288489
0.254181 0.292020
0.256856 0.295562
0.259532 0.299115
0.262207 0.302680
0.264883 0.306257
0.267559 0.309845
0.270234 0.313444
0.272910 0.317056
0.275585 0.320679
0.278261 0.324313
0.280936 0.327960
0.283612 0.331618
0.286288 0.335288
0.288963 0.338971
0.291639 0.342665
0.294314 0.346371
0.296990 0.350089
0.299666 0.353820
0.302341 0.357563
0.305017 0.361318
0.307692 0.365085
0.310368 0.368865
0.313043 0.372657
0.315719 0.376462
0.318395 0.380279
0.321070 0.384108
0.323746 0.387951
0.326421 0.391806
0.329097 0.395673
0.331773 0.399554
0.334448 0.403447
0.337124 0.407353
0.339799 0.411272
0.342475 0.415204
0.345151 0.419149
0.347826 0.423107
0.350502 0.427078
0.353177 0.431063
0.355853 0.435060
0.358528 0.439071
0.361204 0.443095
0.363880 0.447132
0.366555 0.451183
0.369231 0.455247
0.371906 0.459325
0.374582 0.463416
0.377258 0.467521
0.379933 0.471639
0.382609 0.475771
0.385284 0.479916
0.387960 0.484076
0.390635 0.488249
0.393311 0.492435
0.395987 0.496636
0.398662 0.500850
0.401338 0.505079
0.404013 0.509321
0.406689 0.513577
0.409365 0.517847
0.412040 0.522132
0.414716 0.526430
0.417391 0.530742
0.420067 0.535069
0.422742 0.539409
0.425418 0.543764
0.428094 0.548133
0.430769 0.552516
0.433445 0.556914
0.436120 0.561325
0.438796 0.565751
0.441472 0.570191
0.444147 0.574646
0.446823 0.579115
0.449498 0.583598
0.452174 0.588095
0.454849 0.592607
0.457525 0.597134
0.460201 0.601675
0.462876 0.606230
0.465552 0.610799
0.468227 0.615383
0.470903 0.619982
0.473579 0.624594
0.476254 0.629222
0.478930 0.633863
0.481605 0.638519
0.484281 0.643190
0.486957 0.647874
0.489632 0.652574
0.492308 0.657287
0.494983 0.662015
0.497659 0.666757
0.500334 0.671514
0.503010 0.676285
0.505686 0.681070
0.508361 0.685870
0.511037 0.690683
0.513712 0.695511
0.516388 0.700353
0.519064 0.705209
0.521739 0.710079
0.524415 0.714963
0.527090 0.719862
0.529766 0.724774
0.532441 0.729700
0.535117 0.734640
0.537793 0.739593
0.540468 0.744561
0.543144 0.749542
0.545819 0.754537
0.548495 0.759545
0.551171 0.764567
0.553846 0.769602
0.556522 0.774650
0.559197 0.779712
0.561873 0.784786
0.564548 0.789874
0.567224 0.794975
0.569900 0.800089
0.572575 0.805215
0.575251 0.810354
0.577926 0.815505
0.580602 0.820669
0.583278 0.825846
0.585953 0.831034
0.588629 0.836235
0.591304 0.841447
0.593980 0.846672
0.596656 0.851908
0.599331 0.857155
0.602007 0.862414
0.604682 0.867684
0.607358 0.872965
0.610033 0.878257
0.612709 0.883560
0.615385 0.888873
0.618060 0.894197
0.620736 0.899531
0.623411 0.904875
0.626087 0.910228
0.628763 0.915592
0.631438 0.920965
0.634114 0.926347
0.636789 0.931737
0.639465 0.937137
0.642140 0.942545
0.644816 0.947962
0.647492 0.953387
0.650167 0.958819
0.652843 0.964259
0.655518 0.969706
0.658194 0.975161
0.660870 0.980622
0.663545 0.986090
0.666221 0.991564
0.668896 0.997043
0.671572 1.002529
0.674247 1.008020
0.676923 1.013516
0.679599 1.019016
0.682274 1.024521
0.684950 1.030030
0.687625 1.035543
0.690301 1.041059
0.692977 1.046579
0.695652 1.052100
0.698328 1.057625
0.701003 1.063151
0.703679 1.068679
0.706355 1.074208
0.709030 1.079737
0.711706 1.085267
0.714381 1.090797
0.717057 1.096327
0.719732 1.101856
0.722408 1.107383
0.725084 1.112909
0.727759 1.118433
0.730435 1.123954
0.733110 1.129472
0.735786 1.134986
0.738462 1.140496
0.741137 1.146002
0.743813 1.151503
0.746488 1.156998
0.749164 1.162488
0.751839 1.167971
0.754515 1.173446
0.757191 1.178915
0.759866 1.184375
0.762542 1.189826
0.765217 1.195268
0.767893 1.200701
0.770569 1.206123
0.773244 1.211534
0.775920 1.216934
0.778595 1.222321
0.781271 1.227696
0.783946 1.233058
0.786622 1.238406
0.789298 1.243739
0.791973 1.249057
0.794649 1.254360
0.797324 1.259646
0.800000 1.264914
