# x1    P (MPa)
0.000000 0.000041
0.002676 0.003292
0.005351 0.006552
0.008027 0.009820
0.010702 0.013097
0.013378 0.016383
0.016054 0.019677
0.018729 0.022981
0.021405 0.026294
0.024080 0.029616
0.026756 0.032947
0.029431 0.036287
0.032107 0.039637
0.034783 0.042996
0.037458 0.046364
0.040134 0.049742
0.042809 0.053130
0.045485 0.056527
0.048161 0.059933
0.050836 0.063350
0.053512 0.066776
0.056187 0.070213
0.058863 0.073659
0.061538 0.077115
0.064214 0.080582
0.066890 0.084059
0.069565 0.087546
0.072241 0.091043
0.074916 0.094551
0.077592 0.098069
0.080268 0.101598
0.082943 0.105137
0.085619 0.108687
0.088294 0.112248
0.090970 0.115820
0.093645 0.119403
0.096321 0.122997
0.098997 0.126601
0.101672 0.130218
0.104348 0.133845
0.107023 0.137484
0.109699 0.141134
0.112375 0.144796
0.115050 0.148470
0.117726 0.152155
0.120401 0.155852
0.123077 0.159561
0.125753 0.163281
0.128428 0.167014
0.131104 0.170760
0.133779 0.174517
0.136455 0.178287
0.139130 0.182069
0.141806 0.185863
0.144482 0.189671
0.147157 0.193491
0.149833 0.197324
0.152508 0.201169
0.155184 0.205028
0.157860 0.208900
0.160535 0.212785
0.163211 0.216684
0.165886 0.220596
0.168562 0.224521
0.171237 0.228460
0.173913 0.232413
0.176589 0.236380
0.179264 0.240360
0.181940 0.244355
0.184615 0.248364
0.187291 0.252387
0.189967 0.256424
0.192642 0.260476
0.195318 0.264543
0.197993 0.268624
0.200669 0.272721
0.203344 0.276832
0.206020 0.280958
0.208696 0.285100
0.211371 0.289257
0.214047 0.293429
0.216722 0.297617
0.219398 0.301820
0.222074 0.306040
0.224749 0.310275
0.227425 0.314526
0.230100 0.318794
0.232776 0.323078
0.235452 0.327378
0.238127 0.331695
0.240803 0.336029
0.243478 0.340379
0.246154 0.344747
0.248829 0.349131
0.251505 0.353533
0.254181 0.357953
0.256856 0.362389
0.259532 0.366844
0.262207 0.371316
0.264883 0.375807
0.267559 0.380315
0.270234 0.384842
0.272910 0.389387
0.275585 0.393951
0.278261 0.398533
0.280936 0.403135
0.283612 0.407755
0.286288 0.412394
0.288963 0.417053
0.291639 0.421732
0.294314 0.426430
0.296990 0.431147
0.299666 0.435885
0.302341 0.440643
0.305017 0.445421
0.307692 0.450220
0.310368 0.455039
0.313043 0.459879
0.315719 0.464740
0.318395 0.469622
0.321070 0.474526
0.323746 0.479451
0.326421 0.484397
0.329097 0.489366
0.331773 0.494356
0.334448 0.499369
0.337124 0.504404
0.339799 0.509462
0.342475 0.514542
0.345151 0.519645
0.347826 0.524771
0.350502 0.529921
0.353177 0.535094
0.355853 0.540291
0.358528 0.545512
0.361204 0.550757
0.363880 0.556026
0.366555 0.561319
0.369231 0.566637
0.371906 0.571980
0.374582 0.577348
0.377258 0.582742
0.379933 0.588160
0.382609 0.593605
0.385284 0.599075
0.387960 0.604572
0.390635 0.610094
0.393311 0.615644
0.395987 0.621219
0.398662 0.626822
0.401338 0.632452
0.404013 0.638110
0.406689 0.643795
0.409365 0.649507
0.412040 0.655248
0.414716 0.661017
0.417391 0.666814
0.420067 0.672641
0.422742 0.678496
0.425418 0.684380
0.428094 0.690293
0.430769 0.696236
0.433445 0.702209
0.436120 0.708212
0.438796 0.714245
0.441472 0.720309
0.444147 0.726403
0.446823 0.732529
0.449498 0.738685
0.452174 0.744873
0.454849 0.751093
0.457525 0.757345
0.460201 0.763628
0.462876 0.769945
0.465552 0.776293
0.468227 0.782675
0.470903 0.789089
0.473579 0.795537
0.476254 0.802019
0.478930 0.808534
0.481605 0.815084
0.484281 0.821667
0.486957 0.828286
0.489632 0.834939
0.492308 0.841627
0.494983 0.848350
0.497659 0.855109
0.500334 0.861903
0.503010 0.868733
0.505686 0.875600
0.508361 0.882503
0.511037 0.889443
0.513712 0.896419
0.516388 0.903433
0.519064 0.910484
0.521739 0.917573
0.524415 0.924699
0.527090 0.931864
0.529766 0.939066
0.532441 0.946308
0.535117 0.953588
0.537793 0.960907
0.540468 0.968265
0.543144 0.975662
0.545819 0.983099
0.548495 0.990576
0.551171 0.998093
0.553846 1.005650
0.556522 1.013248
0.559197 1.020886
0.561873 1.028565
0.564548 1.036285
0.567224 1.044046
0.569900 1.051848
0.572575 1.059692
0.575251 1.067578
0.577926 1.075506
0.580602 1.083475
0.583278 1.091487
0.585953 1.099541
0.588629 1.107638
0.591304 1.115777
0.593980 1.123959
0.596656 1.132184
0.599331 1.140452
0.602007 1.148764
0.604682 1.157118
0.607358 1.165516
0.610033 1.173957
0.612709 1.182442
0.615385 1.190970
0.618060 1.199542
0.620736 1.208157
0.623411 1.216817
0.626087 1.225520
0.628763 1.234267
0.631438 1.243057
0.634114 1.251892
0.636789 1.260770
0.639465 1.269692
0.642140 1.278658
0.644816 1.287668
0.647492 1.296721
0.650167 1.305817
0.652843 1.314958
0.655518 1.324141
0.658194 1.333368
0.660870 1.342638
0.663545 1.351951
0.666221 1.361307
0.668896 1.370705
0.671572 1.380146
0.674247 1.389629
0.676923 1.399154
0.679599 1.408721
0.682274 1.418330
0.684950 1.427979
0.687625 1.437669
0.690301 1.447400
0.692977 1.457171
0.695652 1.466982
0.698328 1.476833
0.701003 1.486722
0.703679 1.496650
0.706355 1.506616
0.709030 1.516619
0.711706 1.526660
0.714381 1.536738
0.717057 1.546851
0.719732 1.557000
0.722408 1.567183
0.725084 1.577401
0.727759 1.587652
0.730435 1.597936
0.733110 1.608252
0.735786 1.618599
0.738462 1.628977
0.741137 1.639385
0.743813 1.649821
0.746488 1.660286
0.749164 1.670777
0.751839 1.681295
0.754515 1.691838
0.757191 1.702405
0.759866 1.712995
0.762542 1.723607
0.765217 1.734240
0.767893 1.744893
0.770569 1.755564
0.773244 1.766253
0.775920 1.776958
0.778595 1.787678
0.781271 1.798412
0.783946 1.809157
0.786622 1.819914
0.789298 1.830680
0.791973 1.841454
0.794649 1.852234
0.797324 1.863019
0.800000 1.873808
