# x1    P (MPa)
0.000000 0.000004
0.002676 0.001871
0.005351 0.003748
0.008027 0.005634
0.010702 0.007530
0.013378 0.009436
0.016054 0.011352
0.018729 0.013277
0.021405 0.015213
0.024080 0.017158
0.026756 0.019114
0.029431 0.021080
0.032107 0.023057
0.034783 0.025044
0.037458 0.027042
0.040134 0.029051
0.042809 0.031071
0.045485 0.033101
0.048161 0.035143
0.050836 0.037196
0.053512 0.039261
0.056187 0.041337
0.058863 0.043425
0.061538 0.045524
0.064214 0.047636
0.066890 0.049759
0.069565 0.051895
0.072241 0.054042
0.074916 0.056203
0.077592 0.058376
0.080268 0.060561
0.082943 0.062760
0.085619 0.064971
0.088294 0.067196
0.090970 0.069434
0.093645 0.071685
0.096321 0.073950
0.098997 0.076228
0.101672 0.078521
0.104348 0.080827
0.107023 0.083148
0.109699 0.085483
0.112375 0.087833
0.115050 0.090197
0.117726 0.092577
0.120401 0.094971
0.123077 0.097380
0.125753 0.099805
0.128428 0.102246
0.131104 0.104702
0.133779 0.107174
0.136455 0.109662
0.139130 0.112166
0.141806 0.114687
0.144482 0.117225
0.147157 0.119779
0.149833 0.122351
0.152508 0.124939
0.155184 0.127545
0.157860 0.130169
0.160535 0.132811
0.163211 0.135471
0.165886 0.138149
0.168562 0.140845
0.171237 0.143560
0.173913 0.146295
0.176589 0.149048
0.179264 0.151821
0.181940 0.154613
0.184615 0.157425
0.187291 0.160258
0.189967 0.163110
0.192642 0.165983
0.195318 0.168877
0.197993 0.171792
0.200669 0.174729
0.203344 0.177687
0.206020 0.180666
0.208696 0.183668
0.211371 0.186692
0.214047 0.189739
0.216722 0.192809
0.219398 0.195902
0.222074 0.199018
0.224749 0.202158
0.227425 0.205322
0.230100 0.208511
0.232776 0.211724
0.235452 0.214961
0.238127 0.218225
0.240803 0.221513
0.243478 0.224828
0.246154 0.228168
0.248829 0.231535
0.251505 0.234929
0.254181 0.238349
0.256856 0.241798
0.259532 0.245274
0.262207 0.248778
0.264883 0.252310
0.267559 0.255871
0.270234 0.259462
0.272910 0.263082
0.275585 0.266731
0.278261 0.270411
0.280936 0.274122
0.283612 0.277863
0.286288 0.281636
0.288963 0.285440
0.291639 0.289276
0.294314 0.293145
0.296990 0.297047
0.299666 0.300982
0.302341 0.304951
0.305017 0.308953
0.307692 0.312990
0.310368 0.317062
0.313043 0.321170
0.315719 0.325313
0.318395 0.329492
0.321070 0.333708
0.323746 0.337960
0.326421 0.342251
0.329097 0.346579
0.331773 0.350945
0.334448 0.355350
0.337124 0.359795
0.339799 0.364279
0.342475 0.368804
0.345151 0.373369
0.347826 0.377975
0.350502 0.382623
0.353177 0.387313
0.355853 0.392046
0.358528 0.396821
0.361204 0.401641
0.363880 0.406504
0.366555 0.411412
0.369231 0.416365
0.371906 0.421364
0.374582 0.426409
0.377258 0.431500
0.379933 0.436639
0.382609 0.441825
0.385284 0.447059
0.387960 0.452343
0.390635 0.457675
0.393311 0.463058
0.395987 0.468490
0.398662 0.473974
0.401338 0.479509
0.404013 0.485096
0.406689 0.490736
0.409365 0.496428
0.412040 0.502174
0.414716 0.507975
0.417391 0.513830
0.420067 0.519741
0.422742 0.525707
0.425418 0.531730
0.428094 0.537809
0.430769 0.543947
0.433445 0.550142
0.436120 0.556396
0.438796 0.562709
0.441472 0.569082
0.444147 0.575515
0.446823 0.582009
0.449498 0.588564
0.452174 0.595181
0.454849 0.601860
0.457525 0.608603
0.460201 0.615409
0.462876 0.622279
0.465552 0.629213
0.468227 0.636213
0.470903 0.643278
0.473579 0.650409
0.476254 0.657607
0.478930 0.664872
0.481605 0.672204
0.484281 0.679604
0.486957 0.687073
0.489632 0.694611
0.492308 0.702218
0.494983 0.709895
0.497659 0.717642
0.500334 0.725459
0.503010 0.733348
0.505686 0.741308
0.508361 0.749340
0.511037 0.757444
0.513712 0.765620
0.516388 0.773869
0.519064 0.782191
0.521739 0.790586
0.524415 0.799055
0.527090 0.807598
0.529766 0.816215
0.532441 0.824907
0.535117 0.833673
0.537793 0.842513
0.540468 0.851429
0.543144 0.860419
0.545819 0.869484
0.548495 0.878625
0.551171 0.887840
0.553846 0.897131
0.556522 0.906497
0.559197 0.915938
0.561873 0.925455
0.564548 0.935046
0.567224 0.944712
0.569900 0.954453
0.572575 0.964268
0.575251 0.974158
0.577926 0.984122
0.580602 0.994160
0.583278 1.004271
0.585953 1.014455
0.588629 1.024712
0.591304 1.035042
0.593980 1.045443
0.596656 1.055916
0.599331 1.066459
0.602007 1.077073
0.604682 1.087757
0.607358 1.098509
0.610033 1.109330
0.612709 1.120219
0.615385 1.131174
0.618060 1.142196
0.620736 1.153283
0.623411 1.164434
0.626087 1.175649
0.628763 1.186926
0.631438 1.198264
0.634114 1.209663
0.636789 1.221121
0.639465 1.232637
0.642140 1.244210
0.644816 1.255839
0.647492 1.267523
0.650167 1.279260
0.652843 1.291048
0.655518 1.302887
0.658194 1.314775
0.660870 1.326711
0.663545 1.338693
0.666221 1.350719
0.668896 1.362788
0.671572 1.374899
0.674247 1.387049
0.676923 1.399237
0.679599 1.411462
0.682274 1.423721
0.684950 1.436012
0.687625 1.448335
0.690301 1.460686
0.692977 1.473064
0.695652 1.485468
0.698328 1.497895
0.701003 1.510343
0.703679 1.522810
0.706355 1.535294
0.709030 1.547793
0.711706 1.560304
0.714381 1.572827
0.717057 1.585358
0.719732 1.597896
0.722408 1.610437
0.725084 1.622981
0.727759 1.635524
0.730435 1.648065
0.733110 1.660601
0.735786 1.673130
0.738462 1.685649
0.741137 1.698157
0.743813 1.710651
0.746488 1.723128
0.749164 1.735586
0.751839 1.748023
0.754515 1.760437
0.757191 1.772824
0.759866 1.785184
0.762542 1.797512
0.765217 1.809808
0.767893 1.822068
0.770569 1.834290
0.773244 1.846473
0.775920 1.858612
0.778595 1.870707
0.781271 1.882754
0.783946 1.894752
0.786622 1.906697
0.789298 1.918588
0.791973 1.930423
0.794649 1.942198
0.797324 1.953912
0.800000 1.965563
