# x1    P (MPa)
0.000000 0.000016
0.002676 0.002088
0.005351 0.004168
0.008027 0.006255
0.010702 0.008350
0.013378 0.010452
0.016054 0.012562
0.018729 0.014679
0.021405 0.016805
0.024080 0.018938
0.026756 0.021078
0.029431 0.023227
0.032107 0.025384
0.034783 0.027548
0.037458 0.029721
0.040134 0.031901
0.042809 0.034090
0.045485 0.036287
0.048161 0.038492
0.050836 0.040706
0.053512 0.042928
0.056187 0.045158
0.058863 0.047397
0.061538 0.049644
0.064214 0.051900
0.066890 0.054165
0.069565 0.056438
0.072241 0.058721
0.074916 0.061011
0.077592 0.063311
0.080268 0.065620
0.082943 0.067938
0.085619 0.070265
0.088294 0.072601
0.090970 0.074946
0.093645 0.077301
0.096321 0.079665
0.098997 0.082038
0.101672 0.084421
0.104348 0.086813
0.107023 0.089215
0.109699 0.091627
0.112375 0.094048
0.115050 0.096479
0.117726 0.098920
0.120401 0.101371
0.123077 0.103832
0.125753 0.106303
0.128428 0.108784
0.131104 0.111275
0.133779 0.113777
0.136455 0.116289
0.139130 0.118812
0.141806 0.121344
0.144482 0.123888
0.147157 0.126442
0.149833 0.129007
0.152508 0.131583
0.155184 0.134169
0.157860 0.136767
0.160535 0.139375
0.163211 0.141995
0.165886 0.144626
0.168562 0.147268
0.171237 0.149921
0.173913 0.152586
0.176589 0.155262
0.179264 0.157950
0.181940 0.160650
0.184615 0.163361
0.187291 0.166084
0.189967 0.168819
0.192642 0.171566
0.195318 0.174325
0.197993 0.177096
0.200669 0.179879
0.203344 0.182675
0.206020 0.185483
0.208696 0.188303
0.211371 0.191136
0.214047 0.193982
0.216722 0.196840
0.219398 0.199712
0.222074 0.202596
0.224749 0.205493
0.227425 0.208403
0.230100 0.211326
0.232776 0.214263
0.235452 0.217213
0.238127 0.220177
0.240803 0.223154
0.243478 0.226144
0.246154 0.229148
0.248829 0.232167
0.251505 0.235199
0.254181 0.238245
0.256856 0.241305
0.259532 0.244379
0.262207 0.247467
0.264883 0.250570
0.267559 0.253688
0.270234 0.256819
0.272910 0.259966
0.275585 0.263127
0.278261 0.266303
0.280936 0.269494
0.283612 0.272700
0.286288 0.275922
0.288963 0.279158
0.291639 0.282410
0.294314 0.285677
0.296990 0.288960
0.299666 0.292258
0.302341 0.295572
0.305017 0.298902
0.307692 0.302248
0.310368 0.305610
0.313043 0.308987
0.315719 0.312382
0.318395 0.315792
0.321070 0.319219
0.323746 0.322662
0.326421 0.326122
0.329097 0.329599
0.331773 0.333093
0.334448 0.336603
0.337124 0.340130
0.339799 0.343675
0.342475 0.347237
0.345151 0.350816
0.347826 0.354412
0.350502 0.358026
0.353177 0.361658
0.355853 0.365308
0.358528 0.368975
0.361204 0.372660
0.363880 0.376363
0.366555 0.380084
0.369231 0.383824
0.371906 0.387582
0.374582 0.391358
0.377258 0.395153
0.379933 0.398966
0.382609 0.402798
0.385284 0.406649
0.387960 0.410519
0.390635 0.414408
0.393311 0.418316
0.395987 0.422243
0.398662 0.426189
0.401338 0.430155
0.404013 0.434140
0.406689 0.438145
0.409365 0.442170
0.412040 0.446214
0.414716 0.450278
0.417391 0.454362
0.420067 0.458466
0.422742 0.462590
0.425418 0.466734
0.428094 0.470899
0.430769 0.475084
0.433445 0.479289
0.436120 0.483515
0.438796 0.487761
0.441472 0.492029
0.444147 0.496317
0.446823 0.500625
0.449498 0.504955
0.452174 0.509306
0.454849 0.513677
0.457525 0.518070
0.460201 0.522484
0.462876 0.526919
0.465552 0.531376
0.468227 0.535854
0.470903 0.540353
0.473579 0.544874
0.476254 0.549416
0.478930 0.553980
0.481605 0.558566
0.484281 0.563173
0.486957 0.567802
0.489632 0.572453
0.492308 0.577125
0.494983 0.581820
0.497659 0.586536
0.500334 0.591275
0.503010 0.596035
0.505686 0.600817
0.508361 0.605621
0.511037 0.610448
0.513712 0.615296
0.516388 0.620166
0.519064 0.625059
0.521739 0.629973
0.524415 0.634910
0.527090 0.639868
0.529766 0.644849
0.532441 0.649852
0.535117 0.654876
0.537793 0.659923
0.540468 0.664992
0.543144 0.670082
0.545819 0.675195
0.548495 0.680329
0.551171 0.685486
0.553846 0.690664
0.556522 0.695864
0.559197 0.701085
0.561873 0.706328
0.564548 0.711593
0.567224 0.716879
0.569900 0.722187
0.572575 0.727516
0.575251 0.732866
0.577926 0.738237
0.580602 0.743630
0.583278 0.749043
0.585953 0.754477
0.588629 0.759932
0.591304 0.765407
0.593980 0.770903
0.596656 0.776419
0.599331 0.781955
0.602007 0.787511
0.604682 0.793087
0.607358 0.798682
0.610033 0.804298
0.612709 0.809932
0.615385 0.815585
0.618060 0.821258
0.620736 0.826949
0.623411 0.832658
0.626087 0.838386
0.628763 0.844132
0.631438 0.849896
0.634114 0.855677
0.636789 0.861475
0.639465 0.867291
0.642140 0.873123
0.644816 0.878971
0.647492 0.884836
0.650167 0.890717
0.652843 0.896613
0.655518 0.902524
0.658194 0.908451
0.660870 0.914392
0.663545 0.920347
0.666221 0.926316
0.668896 0.932298
0.671572 0.938293
0.674247 0.944302
0.676923 0.950322
0.679599 0.956355
0.682274 0.962399
0.684950 0.968453
0.687625 0.974519
0.690301 0.980595
0.692977 0.986680
0.695652 0.992775
0.698328 0.998878
0.701003 1.004990
0.703679 1.011109
0.706355 1.017236
0.709030 1.023369
0.711706 1.029509
0.714381 1.035654
0.717057 1.041804
0.719732 1.047959
0.722408 1.054117
0.725084 1.060279
0.727759 1.066444
0.730435 1.072610
0.733110 1.078779
0.735786 1.084947
0.738462 1.091117
0.741137 1.097285
0.743813 1.103453
0.746488 1.109618
0.749164 1.115782
0.751839 1.121942
0.754515 1.128098
0.757191 1.134249
0.759866 1.140395
0.762542 1.146534
0.765217 1.152667
0.767893 1.158793
0.770569 1.164909
0.773244 1.171017
0.775920 1.177114
0.778595 1.183201
0.781271 1.189276
0.783946 1.195338
0.786622 1.201387
0.789298 1.207422
0.791973 1.213442
0.794649 1.219446
0.797324 1.225434
0.800000 1.231403
