# x1    P (MPa)
0.000000 0.000019
0.002676 0.002980
0.005351 0.005948
0.008027 0.008922
0.010702 0.011904
0.013378 0.014892
0.016054 0.017888
0.018729 0.020890
0.021405 0.023900
0.024080 0.026917
0.026756 0.029941
0.029431 0.032972
0.032107 0.036011
0.034783 0.039057
0.037458 0.042111
0.040134 0.045172
0.042809 0.048241
0.045485 0.051317
0.048161 0.054401
0.050836 0.057493
0.053512 0.060592
0.056187 0.063700
0.058863 0.066815
0.061538 0.069939
0.064214 0.073070
0.066890 0.076209
0.069565 0.079357
0.072241 0.082513
0.074916 0.085677
0.077592 0.088850
0.080268 0.092031
0.082943 0.095220
0.085619 0.098419
0.088294 0.101625
0.090970 0.104841
0.093645 0.108065
0.096321 0.111298
0.098997 0.114540
0.101672 0.117791
0.104348 0.121051
0.107023 0.124320
0.109699 0.127598
0.112375 0.130886
0.115050 0.134183
0.117726 0.137489
0.120401 0.140805
0.123077 0.144130
0.125753 0.147465
0.128428 0.150810
0.131104 0.154165
0.133779 0.157530
0.136455 0.160904
0.139130 0.164289
0.141806 0.167683
0.144482 0.171088
0.147157 0.174504
0.149833 0.177930
0.152508 0.181366
0.155184 0.184813
0.157860 0.188270
0.160535 0.191738
0.163211 0.195217
0.165886 0.198707
0.168562 0.202209
0.171237 0.205721
0.173913 0.209244
0.176589 0.212779
0.179264 0.216325
0.181940 0.219883
0.184615 0.223452
0.187291 0.227034
0.189967 0.230626
0.192642 0.234231
0.195318 0.237848
0.197993 0.241477
0.200669 0.245119
0.203344 0.248772
0.206020 0.252438
0.208696 0.256117
0.211371 0.259809
0.214047 0.263513
0.216722 0.267230
0.219398 0.270960
0.222074 0.274703
0.224749 0.278460
0.227425 0.282230
0.230100 0.286014
0.232776 0.289811
0.235452 0.293622
0.238127 0.297446
0.240803 0.301285
0.243478 0.305138
0.246154 0.309005
0.248829 0.312887
0.251505 0.316783
0.254181 0.320694
0.256856 0.324620
0.259532 0.328560
0.262207 0.332516
0.264883 0.336487
0.267559 0.340473
0.270234 0.344475
0.272910 0.348492
0.275585 0.352525
0.278261 0.356574
0.280936 0.360640
0.283612 0.364721
0.286288 0.368819
0.288963 0.372933
0.291639 0.377065
0.294314 0.381213
0.296990 0.385378
0.299666 0.389560
0.302341 0.393760
0.305017 0.397977
0.307692 0.402212
0.310368 0.406465
0.313043 0.410735
0.315719 0.415024
0.318395 0.419332
0.321070 0.423658
0.323746 0.428002
0.326421 0.432366
0.329097 0.436749
0.331773 0.441151
0.334448 0.445573
0.337124 0.450014
0.339799 0.454475
0.342475 0.458956
0.345151 0.463458
0.347826 0.467980
0.350502 0.472523
0.353177 0.477086
0.355853 0.481671
0.358528 0.486277
0.361204 0.490904
0.363880 0.495553
0.366555 0.500224
0.369231 0.504918
0.371906 0.509633
0.374582 0.514372
0.377258 0.519133
0.379933 0.523917
0.382609 0.528724
0.385284 0.533555
0.387960 0.538410
0.390635 0.543288
0.393311 0.548191
0.395987 0.553119
0.398662 0.558071
0.401338 0.563048
0.404013 0.568050
0.406689 0.573078
0.409365 0.578132
0.412040 0.583211
0.414716 0.588317
0.417391 0.593449
0.420067 0.598608
0.422742 0.603795
0.425418 0.609008
0.428094 0.614249
0.430769 0.619518
0.433445 0.624815
0.436120 0.630141
0.438796 0.635496
0.441472 0.640879
0.444147 0.646292
0.446823 0.651734
0.449498 0.657207
0.452174 0.662709
0.454849 0.668243
0.457525 0.673807
0.460201 0.679402
0.462876 0.685028
0.465552 0.690687
0.468227 0.696378
0.470903 0.702101
0.473579 0.707856
0.476254 0.713645
0.478930 0.719468
0.481605 0.725324
0.484281 0.731214
0.486957 0.737138
0.489632 0.743098
0.492308 0.749092
0.494983 0.755122
0.497659 0.761188
0.500334 0.767290
0.503010 0.773429
0.505686 0.779604
0.508361 0.785817
0.511037 0.792068
0.513712 0.798356
0.516388 0.804683
0.519064 0.811048
0.521739 0.817453
0.524415 0.823897
0.527090 0.830381
0.529766 0.836905
0.532441 0.843470
0.535117 0.850076
0.537793 0.856724
0.540468 0.863413
0.543144 0.870144
0.545819 0.876918
0.548495 0.883735
0.551171 0.890596
0.553846 0.897500
0.556522 0.904448
0.559197 0.911441
0.561873 0.918479
0.564548 0.925562
0.567224 0.932691
0.569900 0.939867
0.572575 0.947089
0.575251 0.954357
0.577926 0.961674
0.580602 0.969038
0.583278 0.976450
0.585953 0.983911
0.588629 0.991421
0.591304 0.998980
0.593980 1.006590
0.596656 1.014249
0.599331 1.021959
0.602007 1.029720
0.604682 1.037533
0.607358 1.045397
0.610033 1.053313
0.612709 1.061282
0.615385 1.069304
0.618060 1.077380
0.620736 1.085509
0.623411 1.093692
0.626087 1.101929
0.628763 1.110221
0.631438 1.118569
0.634114 1.126972
0.636789 1.135430
0.639465 1.143945
0.642140 1.152516
0.644816 1.161144
0.647492 1.169830
0.650167 1.178572
0.652843 1.187373
0.655518 1.196231
0.658194 1.205147
0.660870 1.214122
0.663545 1.223156
0.666221 1.232248
0.668896 1.241400
0.671572 1.250611
0.674247 1.259882
0.676923 1.269213
0.679599 1.278603
0.682274 1.288053
0.684950 1.297564
0.687625 1.307135
0.690301 1.316766
0.692977 1.326458
0.695652 1.336210
0.698328 1.346023
0.701003 1.355896
0.703679 1.365829
0.706355 1.375823
0.709030 1.385878
0.711706 1.395993
0.714381 1.406167
0.717057 1.416402
0.719732 1.426697
0.722408 1.437051
0.725084 1.447464
0.727759 1.457937
0.730435 1.468468
0.733110 1.479058
0.735786 1.489706
0.738462 1.500411
0.741137 1.511173
0.743813 1.521992
0.746488 1.532868
0.749164 1.543798
0.751839 1.554784
0.754515 1.565824
0.757191 1.576917
0.759866 1.588064
0.762542 1.599262
0.765217 1.610511
0.767893 1.621810
0.770569 1.633159
0.773244 1.644556
0.775920 1.656000
0.778595 1.667490
0.781271 1.679026
0.783946 1.690604
0.786622 1.702226
0.789298 1.713888
0.791973 1.725590
0.794649 1.737330
0.797324 1.749106
0.800000 1.760918
