# x1    P (MPa)
0.000000 0.000001
0.002676 0.001253
0.005351 0.002513
0.008027 0.003779
0.010702 0.005052
0.013378 0.006332
0.016054 0.007619
0.018729 0.008913
0.021405 0.010215
0.024080 0.011524
0.026756 0.012840
0.029431 0.014164
0.032107 0.015495
0.034783 0.016835
0.037458 0.018182
0.040134 0.019537
0.042809 0.020899
0.045485 0.022270
0.048161 0.023649
0.050836 0.025037
0.053512 0.026432
0.056187 0.027836
0.058863 0.029249
0.061538 0.030670
0.064214 0.032100
0.066890 0.033539
0.069565 0.034986
0.072241 0.036443
0.074916 0.037909
0.077592 0.039384
0.080268 0.040868
0.082943 0.042362
0.085619 0.043866
0.088294 0.045379
0.090970 0.046902
0.093645 0.048435
0.096321 0.049977
0.098997 0.051531
0.101672 0.053094
0.104348 0.054668
0.107023 0.056252
0.109699 0.057847
0.112375 0.059453
0.115050 0.061069
0.117726 0.062697
0.120401 0.064336
0.123077 0.065986
0.125753 0.067648
0.128428 0.069321
0.131104 0.071006
0.133779 0.072703
0.136455 0.074412
0.139130 0.076133
0.141806 0.077866
0.144482 0.079612
0.147157 0.081371
0.149833 0.083142
0.152508 0.084926
0.155184 0.086724
0.157860 0.088535
0.160535 0.090359
0.163211 0.092197
0.165886 0.094048
0.168562 0.095914
0.171237 0.097793
0.173913 0.099688
0.176589 0.101596
0.179264 0.103519
0.181940 0.105457
0.184615 0.107411
0.187291 0.109379
0.189967 0.111363
0.192642 0.113362
0.195318 0.115378
0.197993 0.117409
0.200669 0.119457
0.203344 0.121521
0.206020 0.123602
0.208696 0.125700
0.211371 0.127815
0.214047 0.129947
0.216722 0.132097
0.219398 0.134265
0.222074 0.136451
0.224749 0.138655
0.227425 0.140877
0.230100 0.143118
0.232776 0.145379
0.235452 0.147658
0.238127 0.149957
0.240803 0.152276
0.243478 0.154615
0.246154 0.156974
0.248829 0.159354
0.251505 0.161754
0.254181 0.164176
0.256856 0.166619
0.259532 0.169083
0.262207 0.171570
0.264883 0.174078
0.267559 0.176610
0.270234 0.179164
0.272910 0.181741
0.275585 0.184342
0.278261 0.186967
0.280936 0.189615
0.283612 0.192288
0.286288 0.194986
0.288963 0.197709
0.291639 0.200457
0.294314 0.203231
0.296990 0.206031
0.299666 0.208857
0.302341 0.211710
0.305017 0.214590
0.307692 0.217498
0.310368 0.220433
0.313043 0.223397
0.315719 0.226389
0.318395 0.229410
0.321070 0.232461
0.323746 0.235541
0.326421 0.238652
0.329097 0.241793
0.331773 0.244965
0.334448 0.248168
0.337124 0.251403
0.339799 0.254670
0.342475 0.257969
0.345151 0.261302
0.347826 0.264668
0.350502 0.268068
0.353177 0.271503
0.355853 0.274972
0.358528 0.278476
0.361204 0.282016
0.363880 0.285592
0.366555 0.289204
0.369231 0.292854
0.371906 0.296541
0.374582 0.300266
0.377258 0.304030
0.379933 0.307833
0.382609 0.311675
0.385284 0.315557
0.387960 0.319479
0.390635 0.323442
0.393311 0.327447
0.395987 0.331494
0.398662 0.335583
0.401338 0.339715
0.404013 0.343891
0.406689 0.348111
0.409365 0.352375
0.412040 0.356684
0.414716 0.361039
0.417391 0.365440
0.420067 0.369888
0.422742 0.374383
0.425418 0.378926
0.428094 0.383517
0.430769 0.388157
0.433445 0.392846
0.436120 0.397585
0.438796 0.402374
0.441472 0.407215
0.444147 0.412107
0.446823 0.417051
0.449498 0.422048
0.452174 0.427098
0.454849 0.432202
0.457525 0.437360
0.460201 0.442572
0.462876 0.447840
0.465552 0.453164
0.468227 0.458544
0.470903 0.463982
0.473579 0.469476
0.476254 0.475029
0.478930 0.480640
0.481605 0.486309
0.484281 0.492039
0.486957 0.497828
0.489632 0.503678
0.492308 0.509588
0.494983 0.515560
0.497659 0.521594
0.500334 0.527690
0.503010 0.533848
0.505686 0.540070
0.508361 0.546355
0.511037 0.552704
0.513712 0.559118
0.516388 0.565596
0.519064 0.572139
0.521739 0.578747
0.524415 0.585421
0.527090 0.592162
0.529766 0.598968
0.532441 0.605841
0.535117 0.612781
0.537793 0.619788
0.540468 0.626862
0.543144 0.634004
0.545819 0.641213
0.548495 0.648490
0.551171 0.655835
0.553846 0.663248
0.556522 0.670729
0.559197 0.678278
0.561873 0.685895
0.564548 0.693580
0.567224 0.701334
0.569900 0.709155
0.572575 0.717044
0.575251 0.725001
0.577926 0.733026
0.580602 0.741118
0.583278 0.749278
0.585953 0.757504
0.588629 0.765797
0.591304 0.774156
0.593980 0.782582
0.596656 0.791073
0.599331 0.799629
0.602007 0.808249
0.604682 0.816934
0.607358 0.825683
0.610033 0.834494
0.612709 0.843368
0.615385 0.852304
0.618060 0.861301
0.620736 0.870358
0.623411 0.879474
0.626087 0.888650
0.628763 0.897883
0.631438 0.907173
0.634114 0.916519
0.636789 0.925920
0.639465 0.935375
0.642140 0.944883
0.644816 0.954443
0.647492 0.964053
0.650167 0.973713
0.652843 0.983422
0.655518 0.993177
0.658194 1.002978
0.660870 1.012824
0.663545 1.022712
0.666221 1.032642
0.668896 1.042613
0.671572 1.052621
0.674247 1.062668
0.676923 1.072749
0.679599 1.082865
0.682274 1.093013
0.684950 1.103192
0.687625 1.113400
0.690301 1.123635
0.692977 1.133896
0.695652 1.144181
0.698328 1.154487
0.701003 1.164814
0.703679 1.175159
0.706355 1.185521
0.709030 1.195897
0.711706 1.206286
0.714381 1.216685
0.717057 1.227094
0.719732 1.237508
0.722408 1.247928
0.725084 1.258350
0.727759 1.268774
0.730435 1.279195
0.733110 1.289613
0.735786 1.300026
0.738462 1.310431
0.741137 1.320827
0.743813 1.331210
0.746488 1.341580
0.749164 1.351934
0.751839 1.362270
0.754515 1.372585
0.757191 1.382878
0.759866 1.393147
0.762542 1.403389
0.765217 1.413602
0.767893 1.423785
0.770569 1.433935
0.773244 1.444049
0.775920 1.454127
0.778595 1.464165
0.781271 1.474162
0.783946 1.484116
0.786622 1.494025
0.789298 1.503885
0.791973 1.513697
0.794649 1.523457
0.797324 1.533163
0.800000 1.542815
