# x1    P (MPa)
0.000000 0.000005
0.002676 0.002169
0.005351 0.004337
0.008027 0.006510
0.010702 0.008686
0.013378 0.010867
0.016054 0.013052
0.018729 0.015241
0.021405 0.017435
0.024080 0.019632
0.026756 0.021835
0.029431 0.024041
0.032107 0.026252
0.034783 0.028467
0.037458 0.030687
0.040134 0.032911
0.042809 0.035139
0.045485 0.037372
0.048161 0.039610
0.050836 0.041852
0.053512 0.044099
0.056187 0.046351
0.058863 0.048607
0.061538 0.050868
0.064214 0.053134
0.066890 0.055404
0.069565 0.057680
0.072241 0.059960
0.074916 0.062245
0.077592 0.064535
0.080268 0.066830
0.082943 0.069130
0.085619 0.071435
0.088294 0.073745
0.090970 0.076060
0.093645 0.078380
0.096321 0.080706
0.098997 0.083036
0.101672 0.085372
0.104348 0.087713
0.107023 0.090060
0.109699 0.092412
0.112375 0.094769
0.115050 0.097132
0.117726 0.099500
0.120401 0.101874
0.123077 0.104253
0.125753 0.106638
0.128428 0.109029
0.131104 0.111425
0.133779 0.113827
0.136455 0.116235
0.139130 0.118648
0.141806 0.121068
0.144482 0.123493
0.147157 0.125925
0.149833 0.128362
0.152508 0.130806
0.155184 0.133255
0.157860 0.135711
0.160535 0.138173
0.163211 0.140641
0.165886 0.143116
0.168562 0.145597
0.171237 0.148084
0.173913 0.150578
0.176589 0.153078
0.179264 0.155585
0.181940 0.158098
0.184615 0.160618
0.187291 0.163145
0.189967 0.165679
0.192642 0.168219
0.195318 0.170766
0.197993 0.173320
0.200669 0.175882
0.203344 0.178450
0.206020 0.181025
0.208696 0.183608
0.211371 0.186197
0.214047 0.188795
0.216722 0.191399
0.219398 0.194011
0.222074 0.196630
0.224749 0.199257
0.227425 0.201891
0.230100 0.204533
0.232776 0.207183
0.235452 0.209840
0.238127 0.212506
0.240803 0.215179
0.243478 0.217860
0.246154 0.220550
0.248829 0.223247
0.251505 0.225953
0.254181 0.228667
0.256856 0.231389
0.259532 0.234120
0.262207 0.236859
0.264883 0.239607
0.267559 0.242363
0.270234 0.245128
0.272910 0.247902
0.275585 0.250685
0.278261 0.253477
0.280936 0.256277
0.283612 0.259087
0.286288 0.261906
0.288963 0.264734
0.291639 0.267572
0.294314 0.270419
0.296990 0.273275
0.299666 0.276141
0.302341 0.279017
0.305017 0.281902
0.307692 0.284798
0.310368 0.287703
0.313043 0.290618
0.315719 0.293544
0.318395 0.296479
0.321070 0.299425
0.323746 0.302382
0.326421 0.305349
0.329097 0.308326
0.331773 0.311314
0.334448 0.314313
0.337124 0.317323
0.339799 0.320344
0.342475 0.323375
0.345151 0.326418
0.347826 0.329473
0.350502 0.332538
0.353177 0.335616
0.355853 0.338704
0.358528 0.341805
0.361204 0.344917
0.363880 0.348041
0.366555 0.351178
0.369231 0.354326
0.371906 0.357487
0.374582 0.360660
0.377258 0.363845
0.379933 0.367043
0.382609 0.370254
0.385284 0.373478
0.387960 0.376714
0.390635 0.379964
0.393311 0.383227
0.395987 0.386503
0.398662 0.389793
0.401338 0.393096
0.404013 0.396413
0.406689 0.399744
0.409365 0.403089
0.412040 0.406448
0.414716 0.409821
0.417391 0.413209
0.420067 0.416611
0.422742 0.420027
0.425418 0.423459
0.428094 0.426905
0.430769 0.430366
0.433445 0.433843
0.436120 0.437335
0.438796 0.440842
0.441472 0.444365
0.444147 0.447904
0.446823 0.451459
0.449498 0.455030
0.452174 0.458617
0.454849 0.462220
0.457525 0.465840
0.460201 0.469476
0.462876 0.473130
0.465552 0.476800
0.468227 0.480488
0.470903 0.484193
0.473579 0.487915
0.476254 0.491655
0.478930 0.495413
0.481605 0.499189
0.484281 0.502982
0.486957 0.506795
0.489632 0.510625
0.492308 0.514474
0.494983 0.518342
0.497659 0.522230
0.500334 0.526136
0.503010 0.530061
0.505686 0.534006
0.508361 0.537971
0.511037 0.541955
0.513712 0.545960
0.516388 0.549984
0.519064 0.554030
0.521739 0.558095
0.524415 0.562182
0.527090 0.566289
0.529766 0.570417
0.532441 0.574567
0.535117 0.578738
0.537793 0.582931
0.540468 0.587146
0.543144 0.591382
0.545819 0.595641
0.548495 0.599923
0.551171 0.604227
0.553846 0.608553
0.556522 0.612903
0.559197 0.617276
0.561873 0.621672
0.564548 0.626092
0.567224 0.630535
0.569900 0.635002
0.572575 0.639494
0.575251 0.644009
0.577926 0.648549
0.580602 0.653114
0.583278 0.657704
0.585953 0.662318
0.588629 0.666958
0.591304 0.671623
0.593980 0.676314
0.596656 0.681031
0.599331 0.685773
0.602007 0.690542
0.604682 0.695337
0.607358 0.700158
0.610033 0.705006
0.612709 0.709880
0.615385 0.714782
0.618060 0.719711
0.620736 0.724667
0.623411 0.729651
0.626087 0.734662
0.628763 0.739701
0.631438 0.744767
0.634114 0.749862
0.636789 0.754985
0.639465 0.760137
0.642140 0.765317
0.644816 0.770525
0.647492 0.775762
0.650167 0.781029
0.652843 0.786324
0.655518 0.791648
0.658194 0.797001
0.660870 0.802384
0.663545 0.807796
0.666221 0.813237
0.668896 0.818708
0.671572 0.824209
0.674247 0.829739
0.676923 0.835299
0.679599 0.840888
0.682274 0.846508
0.684950 0.852157
0.687625 0.857837
0.690301 0.863546
0.692977 0.869285
0.695652 0.875053
0.698328 0.880852
0.701003 0.886680
0.703679 0.892538
0.706355 0.898426
0.709030 0.904344
0.711706 0.910291
0.714381 0.916267
0.717057 0.922273
0.719732 0.928308
0.722408 0.934372
0.725084 0.940465
0.727759 0.946587
0.730435 0.952737
0.733110 0.958915
0.735786 0.965122
0.738462 0.971357
0.741137 0.977619
0.743813 0.983908
0.746488 0.990225
0.749164 0.996568
0.751839 1.002937
0.754515 1.009333
0.757191 1.015754
0.759866 1.022200
0.762542 1.028671
0.765217 1.035166
0.767893 1.041686
0.770569 1.048228
0.773244 1.054793
0.775920 1.061381
0.778595 1.067990
0.781271 1.074620
0.783946 1.081271
0.786622 1.087941
0.789298 1.094630
0.791973 1.101338
0.794649 1.108063
0.797324 1.114805
0.800000 1.121563
