# x1    P (MPa)
0.000000 0.000063
0.002676 0.004380
0.005351 0.008704
0.008027 0.013037
0.010702 0.017378
0.013378 0.021726
0.016054 0.026083
0.018729 0.030449
0.021405 0.034822
0.024080 0.039204
0.026756 0.043594
0.029431 0.047992
0.032107 0.052399
0.034783 0.056814
0.037458 0.061238
0.040134 0.065670
0.042809 0.070111
0.045485 0.074560
0.048161 0.079019
0.050836 0.083486
0.053512 0.087961
0.056187 0.092446
0.058863 0.096940
0.061538 0.101442
0.064214 0.105954
0.066890 0.110474
0.069565 0.115004
0.072241 0.119543
0.074916 0.124091
0.077592 0.128648
0.080268 0.133215
0.082943 0.137791
0.085619 0.142377
0.088294 0.146972
0.090970 0.151576
0.093645 0.156190
0.096321 0.160814
0.098997 0.165448
0.101672 0.170091
0.104348 0.174744
0.107023 0.179407
0.109699 0.184080
0.112375 0.188763
0.115050 0.193456
0.117726 0.198159
0.120401 0.202873
0.123077 0.207596
0.125753 0.212330
0.128428 0.217075
0.131104 0.221830
0.133779 0.226595
0.136455 0.231371
0.139130 0.236157
0.141806 0.240954
0.144482 0.245762
0.147157 0.250581
0.149833 0.255410
0.152508 0.260251
0.155184 0.265102
0.157860 0.269965
0.160535 0.274839
0.163211 0.279724
0.165886 0.284620
0.168562 0.289528
0.171237 0.294447
0.173913 0.299378
0.176589 0.304320
0.179264 0.309274
0.181940 0.314240
0.184615 0.319217
0.187291 0.324206
0.189967 0.329208
0.192642 0.334221
0.195318 0.339246
0.197993 0.344284
0.200669 0.349333
0.203344 0.354395
0.206020 0.359470
0.208696 0.364557
0.211371 0.369656
0.214047 0.374768
0.216722 0.379893
0.219398 0.385031
0.222074 0.390181
0.224749 0.395345
0.227425 0.400521
0.230100 0.405711
0.232776 0.410914
0.235452 0.416130
0.238127 0.421359
0.240803 0.426602
0.243478 0.431858
0.246154 0.437128
0.248829 0.442412
0.251505 0.447710
0.254181 0.453021
0.256856 0.458347
0.259532 0.463686
0.262207 0.469040
0.264883 0.474408
0.267559 0.479790
0.270234 0.485187
0.272910 0.490598
0.275585 0.496024
0.278261 0.501464
0.280936 0.506920
0.283612 0.512390
0.286288 0.517875
0.288963 0.523375
0.291639 0.528891
0.294314 0.534422
0.296990 0.539968
0.299666 0.545529
0.302341 0.551106
0.305017 0.556699
0.307692 0.562308
0.310368 0.567932
0.313043 0.573573
0.315719 0.579229
0.318395 0.584902
0.321070 0.590591
0.323746 0.596296
0.326421 0.602018
0.329097 0.607756
0.331773 0.613512
0.334448 0.619284
0.337124 0.625072
0.339799 0.630878
0.342475 0.636701
0.345151 0.642541
0.347826 0.648399
0.350502 0.654274
0.353177 0.660166
0.355853 0.666077
0.358528 0.672005
0.361204 0.677950
0.363880 0.683914
0.366555 0.689896
0.369231 0.695896
0.371906 0.701915
0.374582 0.707952
0.377258 0.714007
0.379933 0.720082
0.382609 0.726175
0.385284 0.732287
0.387960 0.738417
0.390635 0.744567
0.393311 0.750737
0.395987 0.756925
0.398662 0.763134
0.401338 0.769361
0.404013 0.775609
0.406689 0.781876
0.409365 0.788163
0.412040 0.794471
0.414716 0.800798
0.417391 0.807146
0.420067 0.813514
0.422742 0.819903
0.425418 0.826312
0.428094 0.832742
0.430769 0.839193
0.433445 0.845666
0.436120 0.852159
0.438796 0.858673
0.441472 0.865209
0.444147 0.871766
0.446823 0.878345
0.449498 0.884946
0.452174 0.891569
0.454849 0.898213
0.457525 0.904880
0.460201 0.911568
0.462876 0.918279
0.465552 0.925013
0.468227 0.931769
0.470903 0.938547
0.473579 0.945349
0.476254 0.952173
0.478930 0.959021
0.481605 0.965891
0.484281 0.972785
0.486957 0.979702
0.489632 0.986642
0.492308 0.993606
0.494983 1.000594
0.497659 1.007605
0.500334 1.014641
0.503010 1.021700
0.505686 1.028783
0.508361 1.035891
0.511037 1.043023
0.513712 1.050179
0.516388 1.057360
0.519064 1.064565
0.521739 1.071795
0.524415 1.079050
0.527090 1.086330
0.529766 1.093635
0.532441 1.100964
0.535117 1.108319
0.537793 1.115700
0.540468 1.123105
0.543144 1.130536
0.545819 1.137992
0.548495 1.145474
0.551171 1.152982
0.553846 1.160515
0.556522 1.168074
0.559197 1.175658
0.561873 1.183269
0.564548 1.190906
0.567224 1.198568
0.569900 1.206257
0.572575 1.213972
0.575251 1.221713
0.577926 1.229480
0.580602 1.237273
0.583278 1.245092
0.585953 1.252938
0.588629 1.260810
0.591304 1.268709
0.593980 1.276633
0.596656 1.284585
0.599331 1.292562
0.602007 1.300566
0.604682 1.308596
0.607358 1.316653
0.610033 1.324735
0.612709 1.332845
0.615385 1.340980
0.618060 1.349142
0.620736 1.357329
0.623411 1.365544
0.626087 1.373784
0.628763 1.382050
0.631438 1.390342
0.634114 1.398660
0.636789 1.407004
0.639465 1.415373
0.642140 1.423769
0.644816 1.432189
0.647492 1.440635
0.650167 1.449107
0.652843 1.457603
0.655518 1.466125
0.658194 1.474671
0.660870 1.483243
0.663545 1.491838
0.666221 1.500458
0.668896 1.509103
0.671572 1.517771
0.674247 1.526463
0.676923 1.535178
0.679599 1.543917
0.682274 1.552679
0.684950 1.561463
0.687625 1.570270
0.690301 1.579100
0.692977 1.587951
0.695652 1.596824
0.698328 1.605718
0.701003 1.614633
0.703679 1.623569
0.706355 1.632525
0.709030 1.641501
0.711706 1.650497
0.714381 1.659511
0.717057 1.668545
0.719732 1.677596
0.722408 1.686665
0.725084 1.695752
0.727759 1.704855
0.730435 1.713975
0.733110 1.723110
0.735786 1.732261
0.738462 1.741426
0.741137 1.750605
0.743813 1.759798
0.746488 1.769004
0.749164 1.778222
0.751839 1.787452
0.754515 1.796693
0.757191 1.805943
0.759866 1.815204
0.762542 1.824473
0.765217 1.833750
0.767893 1.843035
0.770569 1.852326
0.773244 1.861622
0.775920 1.870924
0.778595 1.880229
0.781271 1.889537
0.783946 1.898848
0.786622 1.908159
0.789298 1.917471
0.791973 1.926783
0.794649 1.936092
0.797324 1.945399
0.800000 1.954702
