# x1    P (MPa)
0.000000 0.000001
0.002676 0.001419
0.005351 0.002841
0.008027 0.004265
0.010702 0.005693
0.013378 0.007124
0.016054 0.008559
0.018729 0.009997
0.021405 0.011438
0.024080 0.012883
0.026756 0.014332
0.029431 0.015783
0.032107 0.017239
0.034783 0.018698
0.037458 0.020160
0.040134 0.021627
0.042809 0.023097
0.045485 0.024571
0.048161 0.026048
0.050836 0.027530
0.053512 0.029015
0.056187 0.030504
0.058863 0.031998
0.061538 0.033495
0.064214 0.034996
0.066890 0.036502
0.069565 0.038011
0.072241 0.039525
0.074916 0.041043
0.077592 0.042566
0.080268 0.044093
0.082943 0.045624
0.085619 0.047160
0.088294 0.048700
0.090970 0.050245
0.093645 0.051794
0.096321 0.053348
0.098997 0.054907
0.101672 0.056470
0.104348 0.058039
0.107023 0.059612
0.109699 0.061191
0.112375 0.062774
0.115050 0.064363
0.117726 0.065956
0.120401 0.067555
0.123077 0.069159
0.125753 0.070769
0.128428 0.072384
0.131104 0.074004
0.133779 0.075630
0.136455 0.077262
0.139130 0.078899
0.141806 0.080542
0.144482 0.082191
0.147157 0.083846
0.149833 0.085507
0.152508 0.087174
0.155184 0.088847
0.157860 0.090526
0.160535 0.092212
0.163211 0.093904
0.165886 0.095603
0.168562 0.097308
0.171237 0.099020
0.173913 0.100738
0.176589 0.102464
0.179264 0.104196
0.181940 0.105935
0.184615 0.107682
0.187291 0.109435
0.189967 0.111196
0.192642 0.112965
0.195318 0.114741
0.197993 0.116524
0.200669 0.118316
0.203344 0.120115
0.206020 0.121922
0.208696 0.123737
0.211371 0.125560
0.214047 0.127392
0.216722 0.129231
0.219398 0.131080
0.222074 0.132937
0.224749 0.134803
0.227425 0.136677
0.230100 0.138561
0.232776 0.140454
0.235452 0.142356
0.238127 0.144268
0.240803 0.146189
0.243478 0.148119
0.246154 0.150060
0.248829 0.152010
0.251505 0.153971
0.254181 0.155942
0.256856 0.157923
0.259532 0.159915
0.262207 0.161917
0.264883 0.163931
0.267559 0.165955
0.270234 0.167991
0.272910 0.170038
0.275585 0.172096
0.278261 0.174167
0.280936 0.176249
0.283612 0.178343
0.286288 0.180450
0.288963 0.182569
0.291639 0.184700
0.294314 0.186845
0.296990 0.189002
0.299666 0.191173
0.302341 0.193357
0.305017 0.195555
0.307692 0.197767
0.310368 0.199993
0.313043 0.202233
0.315719 0.204487
0.318395 0.206757
0.321070 0.209041
0.323746 0.211341
0.326421 0.213656
0.329097 0.215987
0.331773 0.218334
0.334448 0.220697
0.337124 0.223077
0.339799 0.225473
0.342475 0.227887
0.345151 0.230318
0.347826 0.232766
0.350502 0.235232
0.353177 0.237717
0.355853 0.240220
0.358528 0.242742
0.361204 0.245283
0.363880 0.247843
0.366555 0.250423
0.369231 0.253024
0.371906 0.255644
0.374582 0.258286
0.377258 0.260949
0.379933 0.263633
0.382609 0.266339
0.385284 0.269067
0.387960 0.271818
0.390635 0.274592
0.393311 0.277389
0.395987 0.280210
0.398662 0.283055
0.401338 0.285925
0.404013 0.288820
0.406689 0.291741
0.409365 0.294687
0.412040 0.297660
0.414716 0.300660
0.417391 0.303687
0.420067 0.306742
0.422742 0.309825
0.425418 0.312937
0.428094 0.316078
0.430769 0.319249
0.433445 0.322451
0.436120 0.325684
0.438796 0.328948
0.441472 0.332244
0.444147 0.335573
0.446823 0.338935
0.449498 0.342330
0.452174 0.345761
0.454849 0.349226
0.457525 0.352727
0.460201 0.356265
0.462876 0.359840
0.465552 0.363452
0.468227 0.367103
0.470903 0.370793
0.473579 0.374522
0.476254 0.378293
0.478930 0.382105
0.481605 0.385959
0.484281 0.389855
0.486957 0.393796
0.489632 0.397781
0.492308 0.401812
0.494983 0.405888
0.497659 0.410012
0.500334 0.414184
0.503010 0.418405
0.505686 0.422675
0.508361 0.426996
0.511037 0.431369
0.513712 0.435795
0.516388 0.440275
0.519064 0.444809
0.521739 0.449398
0.524415 0.454045
0.527090 0.458750
0.529766 0.463513
0.532441 0.468337
0.535117 0.473222
0.537793 0.478169
0.540468 0.483180
0.543144 0.488256
0.545819 0.493398
0.548495 0.498607
0.551171 0.503884
0.553846 0.509232
0.556522 0.514651
0.559197 0.520142
0.561873 0.525707
0.564548 0.531348
0.567224 0.537065
0.569900 0.542861
0.572575 0.548736
0.575251 0.554692
0.577926 0.560731
0.580602 0.566854
0.583278 0.573063
0.585953 0.579359
0.588629 0.585744
0.591304 0.592220
0.593980 0.598788
0.596656 0.605450
0.599331 0.612207
0.602007 0.619062
0.604682 0.626016
0.607358 0.633071
0.610033 0.640228
0.612709 0.647490
0.615385 0.654858
0.618060 0.662334
0.620736 0.669920
0.623411 0.677618
0.626087 0.685429
0.628763 0.693356
0.631438 0.701401
0.634114 0.709565
0.636789 0.717850
0.639465 0.726259
0.642140 0.734793
0.644816 0.743454
0.647492 0.752243
0.650167 0.761164
0.652843 0.770218
0.655518 0.779407
0.658194 0.788732
0.660870 0.798196
0.663545 0.807800
0.666221 0.817547
0.668896 0.827438
0.671572 0.837475
0.674247 0.847659
0.676923 0.857993
0.679599 0.868478
0.682274 0.879116
0.684950 0.889908
0.687625 0.900856
0.690301 0.911961
0.692977 0.923225
0.695652 0.934649
0.698328 0.946234
0.701003 0.957982
0.703679 0.969893
0.706355 0.981969
0.709030 0.994210
0.711706 1.006617
0.714381 1.019191
0.717057 1.031932
0.719732 1.044841
0.722408 1.057918
0.725084 1.071163
0.727759 1.084577
0.730435 1.098158
0.733110 1.111906
0.735786 1.125822
0.738462 1.139904
0.741137 1.154151
0.743813 1.168563
0.746488 1.183138
0.749164 1.197875
0.751839 1.212772
0.754515 1.227827
0.757191 1.243038
0.759866 1.258403
0.762542 1.273919
0.765217 1.289584
0.767893 1.305394
0.770569 1.321347
0.773244 1.337439
0.775920 1.353666
0.778595 1.370024
0.781271 1.386510
0.783946 1.403118
0.786622 1.419845
0.789298 1.436685
0.791973 1.453633
0.794649 1.470684
0.797324 1.487833
0.800000 1.505074
