# x1    P (MPa)
0.000000 0.000012
0.002676 0.003023
0.005351 0.006039
0.008027 0.009060
0.010702 0.012086
0.013378 0.015117
0.016054 0.018154
0.018729 0.021196
0.021405 0.024243
0.024080 0.027296
0.026756 0.030354
0.029431 0.033418
0.032107 0.036487
0.034783 0.039562
0.037458 0.042642
0.040134 0.045727
0.042809 0.048819
0.045485 0.051916
0.048161 0.055019
0.050836 0.058127
0.053512 0.061241
0.056187 0.064361
0.058863 0.067487
0.061538 0.070619
0.064214 0.073756
0.066890 0.076900
0.069565 0.080050
0.072241 0.083205
0.074916 0.086367
0.077592 0.089535
0.080268 0.092709
0.082943 0.095889
0.085619 0.099076
0.088294 0.102269
0.090970 0.105468
0.093645 0.108673
0.096321 0.111885
0.098997 0.115104
0.101672 0.118328
0.104348 0.121560
0.107023 0.124798
0.109699 0.128043
0.112375 0.131294
0.115050 0.134552
0.117726 0.137817
0.120401 0.141089
0.123077 0.144368
0.125753 0.147653
0.128428 0.150946
0.131104 0.154246
0.133779 0.157552
0.136455 0.160866
0.139130 0.164187
0.141806 0.167516
0.144482 0.170851
0.147157 0.174194
0.149833 0.177545
0.152508 0.180903
0.155184 0.184268
0.157860 0.187641
0.160535 0.191021
0.163211 0.194410
0.165886 0.197806
0.168562 0.201209
0.171237 0.204621
0.173913 0.208041
0.176589 0.211468
0.179264 0.214904
0.181940 0.218347
0.184615 0.221799
0.187291 0.225259
0.189967 0.228727
0.192642 0.232204
0.195318 0.235689
0.197993 0.239183
0.200669 0.242685
0.203344 0.246196
0.206020 0.249715
0.208696 0.253243
0.211371 0.256780
0.214047 0.260326
0.216722 0.263881
0.219398 0.267445
0.222074 0.271018
0.224749 0.274600
0.227425 0.278191
0.230100 0.281792
0.232776 0.285402
0.235452 0.289021
0.238127 0.292650
0.240803 0.296289
0.243478 0.299937
0.246154 0.303595
0.248829 0.307263
0.251505 0.310941
0.254181 0.314629
0.256856 0.318327
0.259532 0.322036
0.262207 0.325754
0.264883 0.329483
0.267559 0.333222
0.270234 0.336972
0.272910 0.340732
0.275585 0.344503
0.278261 0.348285
0.280936 0.352078
0.283612 0.355881
0.286288 0.359696
0.288963 0.363522
0.291639 0.367359
0.294314 0.371208
0.296990 0.375067
0.299666 0.378939
0.302341 0.382822
0.305017 0.386717
0.307692 0.390623
0.310368 0.394542
0.313043 0.398472
0.315719 0.402415
0.318395 0.406370
0.321070 0.410337
0.323746 0.414317
0.326421 0.418309
0.329097 0.422314
0.331773 0.426331
0.334448 0.430362
0.337124 0.434405
0.339799 0.438462
0.342475 0.442532
0.345151 0.446615
0.347826 0.450711
0.350502 0.454821
0.353177 0.458945
0.355853 0.463083
0.358528 0.467234
0.361204 0.471400
0.363880 0.475579
0.366555 0.479773
0.369231 0.483982
0.371906 0.488205
0.374582 0.492442
0.377258 0.496695
0.379933 0.500962
0.382609 0.505244
0.385284 0.509542
0.387960 0.513855
0.390635 0.518183
0.393311 0.522527
0.395987 0.526887
0.398662 0.531262
0.401338 0.535654
0.404013 0.540062
0.406689 0.544486
0.409365 0.548926
0.412040 0.553383
0.414716 0.557857
0.417391 0.562348
0.420067 0.566855
0.422742 0.571380
0.425418 0.575922
0.428094 0.580482
0.430769 0.585059
0.433445 0.589654
0.436120 0.594267
0.438796 0.598899
0.441472 0.603548
0.444147 0.608216
0.446823 0.612902
0.449498 0.617608
0.452174 0.622332
0.454849 0.627075
0.457525 0.631837
0.460201 0.636619
0.462876 0.641421
0.465552 0.646242
0.468227 0.651083
0.470903 0.655945
0.473579 0.660826
0.476254 0.665729
0.478930 0.670651
0.481605 0.675595
0.484281 0.680559
0.486957 0.685545
0.489632 0.690552
0.492308 0.695581
0.494983 0.700631
0.497659 0.705704
0.500334 0.710798
0.503010 0.715915
0.505686 0.721054
0.508361 0.726216
0.511037 0.731401
0.513712 0.736608
0.516388 0.741839
0.519064 0.747094
0.521739 0.752372
0.524415 0.757674
0.527090 0.762999
0.529766 0.768349
0.532441 0.773724
0.535117 0.779123
0.537793 0.784547
0.540468 0.789996
0.543144 0.795470
0.545819 0.800969
0.548495 0.806494
0.551171 0.812045
0.553846 0.817622
0.556522 0.823225
0.559197 0.828854
0.561873 0.834510
0.564548 0.840193
0.567224 0.845902
0.569900 0.851639
0.572575 0.857403
0.575251 0.863195
0.577926 0.869014
0.580602 0.874862
0.583278 0.880737
0.585953 0.886641
0.588629 0.892574
0.591304 0.898535
0.593980 0.904525
0.596656 0.910544
0.599331 0.916592
0.602007 0.922670
0.604682 0.928777
0.607358 0.934914
0.610033 0.941082
0.612709 0.947279
0.615385 0.953506
0.618060 0.959765
0.620736 0.966053
0.623411 0.972373
0.626087 0.978724
0.628763 0.985105
0.631438 0.991518
0.634114 0.997963
0.636789 1.004438
0.639465 1.010946
0.642140 1.017486
0.644816 1.024057
0.647492 1.030660
0.650167 1.037296
0.652843 1.043964
0.655518 1.050665
0.658194 1.057397
0.660870 1.064163
0.663545 1.070961
0.666221 1.077792
0.668896 1.084656
0.671572 1.091552
0.674247 1.098482
0.676923 1.105444
0.679599 1.112440
0.682274 1.119468
0.684950 1.126530
0.687625 1.133624
0.690301 1.140752
0.692977 1.147912
0.695652 1.155106
0.698328 1.162333
0.701003 1.169592
0.703679 1.176884
0.706355 1.184209
0.709030 1.191567
0.711706 1.198957
0.714381 1.206379
0.717057 1.213834
0.719732 1.221321
0.722408 1.228840
0.725084 1.236390
0.727759 1.243972
0.730435 1.251586
0.733110 1.259230
0.735786 1.266905
0.738462 1.274611
0.741137 1.282347
0.743813 1.290113
0.746488 1.297908
0.749164 1.305733
0.751839 1.313586
0.754515 1.321468
0.757191 1.329377
0.759866 1.337314
0.762542 1.345278
0.765217 1.353269
0.767893 1.361285
0.770569 1.369327
0.773244 1.377393
0.775920 1.385484
0.778595 1.393598
0.781271 1.401735
0.783946 1.409894
0.786622 1.418074
0.789298 1.426275
0.791973 1.434495
0.794649 1.442734
0.797324 1.450992
0.800000 1.459266
