# x1    P (MPa)
0.000000 0.000003
0.002676 0.001494
0.005351 0.002989
0.008027 0.004489
0.010702 0.005992
0.013378 0.007499
0.016054 0.009010
0.018729 0.010526
0.021405 0.012045
0.024080 0.013569
0.026756 0.015097
0.029431 0.016629
0.032107 0.018165
0.034783 0.019706
0.037458 0.021251
0.040134 0.022800
0.042809 0.024354
0.045485 0.025912
0.048161 0.027475
0.050836 0.029042
0.053512 0.030614
0.056187 0.032190
0.058863 0.033771
0.061538 0.035356
0.064214 0.036947
0.066890 0.038542
0.069565 0.040142
0.072241 0.041746
0.074916 0.043356
0.077592 0.044970
0.080268 0.046590
0.082943 0.048214
0.085619 0.049843
0.088294 0.051478
0.090970 0.053118
0.093645 0.054762
0.096321 0.056412
0.098997 0.058068
0.101672 0.059728
0.104348 0.061394
0.107023 0.063066
0.109699 0.064743
0.112375 0.066425
0.115050 0.068113
0.117726 0.069806
0.120401 0.071506
0.123077 0.073210
0.125753 0.074921
0.128428 0.076638
0.131104 0.078360
0.133779 0.080088
0.136455 0.081822
0.139130 0.083563
0.141806 0.085309
0.144482 0.087061
0.147157 0.088820
0.149833 0.090585
0.152508 0.092356
0.155184 0.094134
0.157860 0.095918
0.160535 0.097708
0.163211 0.099506
0.165886 0.101309
0.168562 0.103120
0.171237 0.104937
0.173913 0.106761
0.176589 0.108592
0.179264 0.110430
0.181940 0.112274
0.184615 0.114126
0.187291 0.115985
0.189967 0.117851
0.192642 0.119725
0.195318 0.121606
0.197993 0.123494
0.200669 0.125390
0.203344 0.127293
0.206020 0.129204
0.208696 0.131123
0.211371 0.133050
0.214047 0.134984
0.216722 0.136927
0.219398 0.138877
0.222074 0.140836
0.224749 0.142802
0.227425 0.144778
0.230100 0.146761
0.232776 0.148753
0.235452 0.150753
0.238127 0.152762
0.240803 0.154780
0.243478 0.156807
0.246154 0.158842
0.248829 0.160887
0.251505 0.162940
0.254181 0.165003
0.256856 0.167075
0.259532 0.169156
0.262207 0.171247
0.264883 0.173348
0.267559 0.175458
0.270234 0.177577
0.272910 0.179707
0.275585 0.181847
0.278261 0.183996
0.280936 0.186156
0.283612 0.188327
0.286288 0.190507
0.288963 0.192698
0.291639 0.194900
0.294314 0.197113
0.296990 0.199336
0.299666 0.201570
0.302341 0.203816
0.305017 0.206072
0.307692 0.208340
0.310368 0.210619
0.313043 0.212910
0.315719 0.215213
0.318395 0.217528
0.321070 0.219854
0.323746 0.222193
0.326421 0.224543
0.329097 0.226907
0.331773 0.229282
0.334448 0.231671
0.337124 0.234072
0.339799 0.236486
0.342475 0.238913
0.345151 0.241353
0.347826 0.243806
0.350502 0.246274
0.353177 0.248754
0.355853 0.251249
0.358528 0.253757
0.361204 0.256280
0.363880 0.258817
0.366555 0.261368
0.369231 0.263934
0.371906 0.266515
0.374582 0.269111
0.377258 0.271722
0.379933 0.274348
0.382609 0.276989
0.385284 0.279647
0.387960 0.282320
0.390635 0.285009
0.393311 0.287714
0.395987 0.290436
0.398662 0.293174
0.401338 0.295929
0.404013 0.298700
0.406689 0.301489
0.409365 0.304296
0.412040 0.307119
0.414716 0.309961
0.417391 0.312820
0.420067 0.315698
0.422742 0.318594
0.425418 0.321509
0.428094 0.324442
0.430769 0.327394
0.433445 0.330366
0.436120 0.333357
0.438796 0.336368
0.441472 0.339398
0.444147 0.342449
0.446823 0.345520
0.449498 0.348612
0.452174 0.351725
0.454849 0.354859
0.457525 0.358014
0.460201 0.361191
0.462876 0.364389
0.465552 0.367610
0.468227 0.370853
0.470903 0.374119
0.473579 0.377407
0.476254 0.380719
0.478930 0.384054
0.481605 0.387413
0.484281 0.390796
0.486957 0.394203
0.489632 0.397635
0.492308 0.401092
0.494983 0.404573
0.497659 0.408080
0.500334 0.411613
0.503010 0.415172
0.505686 0.418757
0.508361 0.422369
0.511037 0.426008
0.513712 0.429673
0.516388 0.433367
0.519064 0.437088
0.521739 0.440838
0.524415 0.444616
0.527090 0.448422
0.529766 0.452258
0.532441 0.456124
0.535117 0.460019
0.537793 0.463944
0.540468 0.467900
0.543144 0.471887
0.545819 0.475905
0.548495 0.479954
0.551171 0.484036
0.553846 0.488149
0.556522 0.492295
0.559197 0.496474
0.561873 0.500686
0.564548 0.504932
0.567224 0.509212
0.569900 0.513526
0.572575 0.517875
0.575251 0.522259
0.577926 0.526679
0.580602 0.531134
0.583278 0.535625
0.585953 0.540154
0.588629 0.544719
0.591304 0.549321
0.593980 0.553961
0.596656 0.558639
0.599331 0.563355
0.602007 0.568110
0.604682 0.572905
0.607358 0.577739
0.610033 0.582612
0.612709 0.587526
0.615385 0.592481
0.618060 0.597477
0.620736 0.602514
0.623411 0.607592
0.626087 0.612713
0.628763 0.617876
0.631438 0.623082
0.634114 0.628331
0.636789 0.633624
0.639465 0.638960
0.642140 0.644341
0.644816 0.649765
0.647492 0.655235
0.650167 0.660750
0.652843 0.666310
0.655518 0.671916
0.658194 0.677568
0.660870 0.683266
0.663545 0.689010
0.666221 0.694802
0.668896 0.700640
0.671572 0.706526
0.674247 0.712459
0.676923 0.718440
0.679599 0.724470
0.682274 0.730547
0.684950 0.736672
0.687625 0.742846
0.690301 0.749069
0.692977 0.755341
0.695652 0.761661
0.698328 0.768030
0.701003 0.774449
0.703679 0.780916
0.706355 0.787433
0.709030 0.793999
0.711706 0.800614
0.714381 0.807279
0.717057 0.813992
0.719732 0.820754
0.722408 0.827566
0.725084 0.834426
0.727759 0.841334
0.730435 0.848292
0.733110 0.855297
0.735786 0.862350
0.738462 0.869451
0.741137 0.876600
0.743813 0.883795
0.746488 0.891037
0.749164 0.898325
0.751839 0.905659
0.754515 0.913038
0.757191 0.920462
0.759866 0.927930
0.762542 0.935442
0.765217 0.942996
0.767893 0.950592
0.770569 0.958230
0.773244 0.965909
0.775920 0.973627
0.778595 0.981384
0.781271 0.989179
0.783946 0.997011
0.786622 1.004878
0.789298 1.012781
0.791973 1.020717
0.794649 1.028686
0.797324 1.036685
0.800000 1.044715
