# x1    P (MPa)
0.000000 0.000063
0.002676 0.003725
0.005351 0.007395
0.008027 0.011074
0.010702 0.014761
0.013378 0.018457
0.016054 0.022162
0.018729 0.025876
0.021405 0.029598
0.024080 0.033330
0.026756 0.037070
0.029431 0.040819
0.032107 0.044577
0.034783 0.048344
0.037458 0.052121
0.040134 0.055906
0.042809 0.059701
0.045485 0.063504
0.048161 0.067317
0.050836 0.071140
0.053512 0.074971
0.056187 0.078812
0.058863 0.082663
0.061538 0.086523
0.064214 0.090392
0.066890 0.094271
0.069565 0.098160
0.072241 0.102058
0.074916 0.105966
0.077592 0.109884
0.080268 0.113811
0.082943 0.117749
0.085619 0.121696
0.088294 0.125653
0.090970 0.129620
0.093645 0.133598
0.096321 0.137585
0.098997 0.141582
0.101672 0.145590
0.104348 0.149608
0.107023 0.153636
0.109699 0.157674
0.112375 0.161723
0.115050 0.165782
0.117726 0.169852
0.120401 0.173932
0.123077 0.178022
0.125753 0.182124
0.128428 0.186236
0.131104 0.190359
0.133779 0.194492
0.136455 0.198636
0.139130 0.202791
0.141806 0.206958
0.144482 0.211135
0.147157 0.215323
0.149833 0.219522
0.152508 0.223732
0.155184 0.227953
0.157860 0.232186
0.160535 0.236430
0.163211 0.240685
0.165886 0.244952
0.168562 0.249230
0.171237 0.253520
0.173913 0.257821
0.176589 0.262133
0.179264 0.266458
0.181940 0.270794
0.184615 0.275141
0.187291 0.279501
0.189967 0.283873
0.192642 0.288256
0.195318 0.292651
0.197993 0.297058
0.200669 0.301478
0.203344 0.305909
0.206020 0.310353
0.208696 0.314809
0.211371 0.319277
0.214047 0.323758
0.216722 0.328251
0.219398 0.332756
0.222074 0.337274
0.224749 0.341804
0.227425 0.346347
0.230100 0.350903
0.232776 0.355471
0.235452 0.360053
0.238127 0.364647
0.240803 0.369254
0.243478 0.373873
0.246154 0.378506
0.248829 0.383152
0.251505 0.387811
0.254181 0.392483
0.256856 0.397168
0.259532 0.401867
0.262207 0.406579
0.264883 0.411304
0.267559 0.416043
0.270234 0.420795
0.272910 0.425561
0.275585 0.430340
0.278261 0.435133
0.280936 0.439939
0.283612 0.444760
0.286288 0.449594
0.288963 0.454442
0.291639 0.459303
0.294314 0.464179
0.296990 0.469069
0.299666 0.473973
0.302341 0.478891
0.305017 0.483823
0.307692 0.488769
0.310368 0.493730
0.313043 0.498704
0.315719 0.503694
0.318395 0.508697
0.321070 0.513715
0.323746 0.518748
0.326421 0.523795
0.329097 0.528857
0.331773 0.533933
0.334448 0.539024
0.337124 0.544130
0.339799 0.549250
0.342475 0.554386
0.345151 0.559536
0.347826 0.564701
0.350502 0.569882
0.353177 0.575077
0.355853 0.580287
0.358528 0.585512
0.361204 0.590753
0.363880 0.596009
0.366555 0.601280
0.369231 0.606566
0.371906 0.611867
0.374582 0.617184
0.377258 0.622516
0.379933 0.627864
0.382609 0.633227
0.385284 0.638605
0.387960 0.644000
0.390635 0.649409
0.393311 0.654834
0.395987 0.660275
0.398662 0.665732
0.401338 0.671204
0.404013 0.676692
0.406689 0.682195
0.409365 0.687715
0.412040 0.693250
0.414716 0.698801
0.417391 0.704368
0.420067 0.709950
0.422742 0.715549
0.425418 0.721163
0.428094 0.726794
0.430769 0.732440
0.433445 0.738102
0.436120 0.743781
0.438796 0.749475
0.441472 0.755185
0.444147 0.760911
0.446823 0.766653
0.449498 0.772411
0.452174 0.778186
0.454849 0.783976
0.457525 0.789782
0.460201 0.795604
0.462876 0.801443
0.465552 0.807297
0.468227 0.813167
0.470903 0.819053
0.473579 0.824955
0.476254 0.830874
0.478930 0.836808
0.481605 0.842758
0.484281 0.848724
0.486957 0.854706
0.489632 0.860704
0.492308 0.866717
0.494983 0.872747
0.497659 0.878792
0.500334 0.884853
0.503010 0.890929
0.505686 0.897022
0.508361 0.903130
0.511037 0.909253
0.513712 0.915392
0.516388 0.921547
0.519064 0.927717
0.521739 0.933902
0.524415 0.940103
0.527090 0.946319
0.529766 0.952550
0.532441 0.958797
0.535117 0.965058
0.537793 0.971335
0.540468 0.977626
0.543144 0.983932
0.545819 0.990253
0.548495 0.996588
0.551171 1.002938
0.553846 1.009303
0.556522 1.015682
0.559197 1.022075
0.561873 1.028482
0.564548 1.034903
0.567224 1.041338
0.569900 1.047787
0.572575 1.054250
0.575251 1.060726
0.577926 1.067215
0.580602 1.073718
0.583278 1.080234
0.585953 1.086763
0.588629 1.093305
0.591304 1.099859
0.593980 1.106426
0.596656 1.113005
0.599331 1.119596
0.602007 1.126200
0.604682 1.132815
0.607358 1.139441
0.610033 1.146079
0.612709 1.152729
0.615385 1.159389
0.618060 1.166060
0.620736 1.172742
0.623411 1.179434
0.626087 1.186136
0.628763 1.192848
0.631438 1.199570
0.634114 1.206301
0.636789 1.213041
0.639465 1.219790
0.642140 1.226548
0.644816 1.233314
0.647492 1.240089
0.650167 1.246871
0.652843 1.253660
0.655518 1.260457
0.658194 1.267261
0.660870 1.274071
0.663545 1.280887
0.666221 1.287710
0.668896 1.294538
0.671572 1.301371
0.674247 1.308210
0.676923 1.315053
0.679599 1.321900
0.682274 1.328750
0.684950 1.335605
0.687625 1.342462
0.690301 1.349322
0.692977 1.356185
0.695652 1.363049
0.698328 1.369915
0.701003 1.376782
0.703679 1.383649
0.706355 1.390516
0.709030 1.397384
0.711706 1.404250
0.714381 1.411115
0.717057 1.417979
0.719732 1.424840
0.722408 1.431699
0.725084 1.438555
0.727759 1.445407
0.730435 1.452254
0.733110 1.459097
0.735786 1.465935
0.738462 1.472767
0.741137 1.479593
0.743813 1.486411
0.746488 1.493223
0.749164 1.500026
0.751839 1.506821
0.754515 1.513606
0.757191 1.520382
0.759866 1.527147
0.762542 1.533901
0.765217 1.540643
0.767893 1.547373
0.770569 1.554091
0.773244 1.560794
0.775920 1.567483
0.778595 1.574158
0.781271 1.580816
0.783946 1.587459
0.786622 1.594084
0.789298 1.600692
0.791973 1.607281
0.794649 1.613852
0.797324 1.620402
0.800000 1.626932
