# x1    P (MPa)
0.000000 0.000030
0.002676 0.004122
0.005351 0.008220
0.008027 0.012325
0.010702 0.016436
0.013378 0.020553
0.016054 0.024677
0.018729 0.028807
0.021405 0.032944
0.024080 0.037087
0.026756 0.041237
0.029431 0.045394
0.032107 0.049557
0.034783 0.053727
0.037458 0.057904
0.040134 0.062087
0.042809 0.066278
0.045485 0.070475
0.048161 0.074680
0.050836 0.078891
0.053512 0.083109
0.056187 0.087335
0.058863 0.091567
0.061538 0.095807
0.064214 0.100054
0.066890 0.104308
0.069565 0.108570
0.072241 0.112839
0.074916 0.117115
0.077592 0.121398
0.080268 0.125690
0.082943 0.129988
0.085619 0.134295
0.088294 0.138608
0.090970 0.142930
0.093645 0.147259
0.096321 0.151596
0.098997 0.155941
0.101672 0.160294
0.104348 0.164655
0.107023 0.169024
0.109699 0.173400
0.112375 0.177785
0.115050 0.182178
0.117726 0.186580
0.120401 0.190989
0.123077 0.195407
0.125753 0.199833
0.128428 0.204268
0.131104 0.208711
0.133779 0.213163
0.136455 0.217623
0.139130 0.222092
0.141806 0.226569
0.144482 0.231056
0.147157 0.235551
0.149833 0.240055
0.152508 0.244568
0.155184 0.249091
0.157860 0.253622
0.160535 0.258162
0.163211 0.262712
0.165886 0.267271
0.168562 0.271839
0.171237 0.276417
0.173913 0.281004
0.176589 0.285601
0.179264 0.290207
0.181940 0.294823
0.184615 0.299449
0.187291 0.304085
0.189967 0.308730
0.192642 0.313386
0.195318 0.318051
0.197993 0.322727
0.200669 0.327413
0.203344 0.332109
0.206020 0.336816
0.208696 0.341533
0.211371 0.346260
0.214047 0.350998
0.216722 0.355747
0.219398 0.360506
0.222074 0.365277
0.224749 0.370058
0.227425 0.374850
0.230100 0.379653
0.232776 0.384468
0.235452 0.389293
0.238127 0.394130
0.240803 0.398979
0.243478 0.403838
0.246154 0.408710
0.248829 0.413593
0.251505 0.418488
0.254181 0.423395
0.256856 0.428313
0.259532 0.433244
0.262207 0.438187
0.264883 0.443142
0.267559 0.448109
0.270234 0.453089
0.272910 0.458081
0.275585 0.463086
0.278261 0.468104
0.280936 0.473134
0.283612 0.478178
0.286288 0.483234
0.288963 0.488304
0.291639 0.493386
0.294314 0.498482
0.296990 0.503592
0.299666 0.508715
0.302341 0.513852
0.305017 0.519002
0.307692 0.524166
0.310368 0.529345
0.313043 0.534537
0.315719 0.539744
0.318395 0.544965
0.321070 0.550200
0.323746 0.555450
0.326421 0.560715
0.329097 0.565994
0.331773 0.571288
0.334448 0.576598
0.337124 0.581922
0.339799 0.587262
0.342475 0.592617
0.345151 0.597988
0.347826 0.603374
0.350502 0.608777
0.353177 0.614195
0.355853 0.619629
0.358528 0.625079
0.361204 0.630546
0.363880 0.636029
0.366555 0.641529
0.369231 0.647046
0.371906 0.652579
0.374582 0.658129
0.377258 0.663697
0.379933 0.669282
0.382609 0.674884
0.385284 0.680504
0.387960 0.686141
0.390635 0.691797
0.393311 0.697470
0.395987 0.703162
0.398662 0.708872
0.401338 0.714600
0.404013 0.720347
0.406689 0.726113
0.409365 0.731898
0.412040 0.737702
0.414716 0.743525
0.417391 0.749368
0.420067 0.755230
0.422742 0.761112
0.425418 0.767014
0.428094 0.772936
0.430769 0.778878
0.433445 0.784841
0.436120 0.790824
0.438796 0.796828
0.441472 0.802853
0.444147 0.808899
0.446823 0.814966
0.449498 0.821055
0.452174 0.827165
0.454849 0.833298
0.457525 0.839452
0.460201 0.845628
0.462876 0.851827
0.465552 0.858048
0.468227 0.864292
0.470903 0.870559
0.473579 0.876849
0.476254 0.883162
0.478930 0.889499
0.481605 0.895859
0.484281 0.902244
0.486957 0.908652
0.489632 0.915084
0.492308 0.921541
0.494983 0.928023
0.497659 0.934530
0.500334 0.941061
0.503010 0.947618
0.505686 0.954200
0.508361 0.960808
0.511037 0.967441
0.513712 0.974101
0.516388 0.980787
0.519064 0.987499
0.521739 0.994238
0.524415 1.001003
0.527090 1.007796
0.529766 1.014616
0.532441 1.021464
0.535117 1.028339
0.537793 1.035242
0.540468 1.042173
0.543144 1.049132
0.545819 1.056120
0.548495 1.063136
0.551171 1.070181
0.553846 1.077256
0.556522 1.084360
0.559197 1.091493
0.561873 1.098656
0.564548 1.105849
0.567224 1.113072
0.569900 1.120325
0.572575 1.127609
0.575251 1.134923
0.577926 1.142269
0.580602 1.149645
0.583278 1.157053
0.585953 1.164492
0.588629 1.171964
0.591304 1.179466
0.593980 1.187002
0.596656 1.194569
0.599331 1.202169
0.602007 1.209801
0.604682 1.217466
0.607358 1.225165
0.610033 1.232896
0.612709 1.240661
0.615385 1.248459
0.618060 1.256291
0.620736 1.264157
0.623411 1.272057
0.626087 1.279991
0.628763 1.287959
0.631438 1.295962
0.634114 1.303999
0.636789 1.312071
0.639465 1.320178
0.642140 1.328320
0.644816 1.336497
0.647492 1.344709
0.650167 1.352957
0.652843 1.361240
0.655518 1.369558
0.658194 1.377912
0.660870 1.386302
0.663545 1.394728
0.666221 1.403189
0.668896 1.411686
0.671572 1.420219
0.674247 1.428789
0.676923 1.437394
0.679599 1.446035
0.682274 1.454712
0.684950 1.463425
0.687625 1.472174
0.690301 1.480959
0.692977 1.489780
0.695652 1.498637
0.698328 1.507529
0.701003 1.516458
0.703679 1.525422
0.706355 1.534421
0.709030 1.543456
0.711706 1.552526
0.714381 1.561631
0.717057 1.570771
0.719732 1.579946
0.722408 1.589155
0.725084 1.598398
0.727759 1.607676
0.730435 1.616987
0.733110 1.626332
0.735786 1.635711
0.738462 1.645122
0.741137 1.654565
0.743813 1.664041
0.746488 1.673548
0.749164 1.683087
0.751839 1.692657
0.754515 1.702257
0.757191 1.711887
0.759866 1.721547
0.762542 1.731235
0.765217 1.740952
0.767893 1.750696
0.770569 1.760468
0.773244 1.770266
0.775920 1.780089
0.778595 1.789938
0.781271 1.799811
0.783946 1.809707
0.786622 1.819626
0.789298 1.829567
0.791973 1.839529
0.794649 1.849510
0.797324 1.859511
0.800000 1.869529
