# x1    P (MPa)
0.000000 0.000107
0.002676 0.004054
0.005351 0.008013
0.008027 0.011983
0.010702 0.015965
0.013378 0.019959
0.016054 0.023965
0.018729 0.027982
0.021405 0.032012
0.024080 0.036054
0.026756 0.040108
0.029431 0.044174
0.032107 0.048252
0.034783 0.052343
0.037458 0.056446
0.040134 0.060562
0.042809 0.064690
0.045485 0.068831
0.048161 0.072985
0.050836 0.077151
0.053512 0.081330
0.056187 0.085523
0.058863 0.089728
0.061538 0.093946
0.064214 0.098178
0.066890 0.102423
0.069565 0.106681
0.072241 0.110952
0.074916 0.115237
0.077592 0.119536
0.080268 0.123848
0.082943 0.128174
0.085619 0.132514
0.088294 0.136867
0.090970 0.141235
0.093645 0.145617
0.096321 0.150012
0.098997 0.154422
0.101672 0.158847
0.104348 0.163285
0.107023 0.167738
0.109699 0.172206
0.112375 0.176688
0.115050 0.181185
0.117726 0.185697
0.120401 0.190223
0.123077 0.194765
0.125753 0.199321
0.128428 0.203893
0.131104 0.208480
0.133779 0.213082
0.136455 0.217700
0.139130 0.222333
0.141806 0.226982
0.144482 0.231647
0.147157 0.236327
0.149833 0.241023
0.152508 0.245735
0.155184 0.250463
0.157860 0.255207
0.160535 0.259968
0.163211 0.264744
0.165886 0.269538
0.168562 0.274347
0.171237 0.279173
0.173913 0.284016
0.176589 0.288876
0.179264 0.293753
0.181940 0.298646
0.184615 0.303557
0.187291 0.308485
0.189967 0.313430
0.192642 0.318393
0.195318 0.323373
0.197993 0.328370
0.200669 0.333385
0.203344 0.338418
0.206020 0.343469
0.208696 0.348538
0.211371 0.353625
0.214047 0.358730
0.216722 0.363853
0.219398 0.368995
0.222074 0.374155
0.224749 0.379334
0.227425 0.384532
0.230100 0.389748
0.232776 0.394983
0.235452 0.400237
0.238127 0.405510
0.240803 0.410803
0.243478 0.416114
0.246154 0.421446
0.248829 0.426796
0.251505 0.432167
0.254181 0.437557
0.256856 0.442966
0.259532 0.448396
0.262207 0.453846
0.264883 0.459316
0.267559 0.464806
0.270234 0.470317
0.272910 0.475848
0.275585 0.481400
0.278261 0.486972
0.280936 0.492565
0.283612 0.498179
0.286288 0.503814
0.288963 0.509471
0.291639 0.515148
0.294314 0.520847
0.296990 0.526567
0.299666 0.532309
0.302341 0.538072
0.305017 0.543858
0.307692 0.549665
0.310368 0.555494
0.313043 0.561345
0.315719 0.567218
0.318395 0.573114
0.321070 0.579032
0.323746 0.584973
0.326421 0.590936
0.329097 0.596922
0.331773 0.602931
0.334448 0.608962
0.337124 0.615017
0.339799 0.621095
0.342475 0.627196
0.345151 0.633321
0.347826 0.639469
0.350502 0.645641
0.353177 0.651836
0.355853 0.658055
0.358528 0.664298
0.361204 0.670565
0.363880 0.676856
0.366555 0.683171
0.369231 0.689511
0.371906 0.695875
0.374582 0.702263
0.377258 0.708676
0.379933 0.715114
0.382609 0.721576
0.385284 0.728064
0.387960 0.734576
0.390635 0.741113
0.393311 0.747676
0.395987 0.754264
0.398662 0.760877
0.401338 0.767515
0.404013 0.774179
0.406689 0.780869
0.409365 0.787584
0.412040 0.794325
0.414716 0.801092
0.417391 0.807885
0.420067 0.814703
0.422742 0.821548
0.425418 0.828419
0.428094 0.835316
0.430769 0.842240
0.433445 0.849190
0.436120 0.856166
0.438796 0.863169
0.441472 0.870198
0.444147 0.877254
0.446823 0.884337
0.449498 0.891447
0.452174 0.898583
0.454849 0.905746
0.457525 0.912936
0.460201 0.920153
0.462876 0.927397
0.465552 0.934668
0.468227 0.941966
0.470903 0.949291
0.473579 0.956644
0.476254 0.964023
0.478930 0.971430
0.481605 0.978864
0.484281 0.986326
0.486957 0.993814
0.489632 1.001330
0.492308 1.008873
0.494983 1.016444
0.497659 1.024042
0.500334 1.031667
0.503010 1.039319
0.505686 1.046999
0.508361 1.054706
0.511037 1.062441
0.513712 1.070202
0.516388 1.077991
0.519064 1.085808
0.521739 1.093651
0.524415 1.101521
0.527090 1.109419
0.529766 1.117344
0.532441 1.125296
0.535117 1.133274
0.537793 1.141280
0.540468 1.149312
0.543144 1.157371
0.545819 1.165457
0.548495 1.173569
0.551171 1.181708
0.553846 1.189874
0.556522 1.198065
0.559197 1.206283
0.561873 1.214527
0.564548 1.222797
0.567224 1.231093
0.569900 1.239414
0.572575 1.247761
0.575251 1.256133
0.577926 1.264531
0.580602 1.272954
0.583278 1.281401
0.585953 1.289874
0.588629 1.298371
0.591304 1.306892
0.593980 1.315437
0.596656 1.324007
0.599331 1.332600
0.602007 1.341217
0.604682 1.349857
0.607358 1.358520
0.610033 1.367206
0.612709 1.375914
0.615385 1.384645
0.618060 1.393397
0.620736 1.402172
0.623411 1.410968
0.626087 1.419784
0.628763 1.428622
0.631438 1.437480
0.634114 1.446359
0.636789 1.455257
0.639465 1.464174
0.642140 1.473111
0.644816 1.482066
0.647492 1.491039
0.650167 1.500031
0.652843 1.509040
0.655518 1.518066
0.658194 1.527108
0.660870 1.536167
0.663545 1.545242
0.666221 1.554332
0.668896 1.563436
0.671572 1.572555
0.674247 1.581688
0.676923 1.590834
0.679599 1.599993
0.682274 1.609164
0.684950 1.618347
0.687625 1.627540
0.690301 1.636745
0.692977 1.645959
0.695652 1.655183
0.698328 1.664415
0.701003 1.673656
0.703679 1.682904
0.706355 1.692159
0.709030 1.701420
0.711706 1.710686
0.714381 1.719957
0.717057 1.729233
0.719732 1.738511
0.722408 1.747793
0.725084 1.757076
0.727759 1.766360
0.730435 1.775645
0.733110 1.784929
0.735786 1.794211
0.738462 1.803492
0.741137 1.812770
0.743813 1.822044
0.746488 1.831313
0.749164 1.840577
0.751839 1.849835
0.754515 1.859085
0.757191 1.868327
0.759866 1.877560
0.762542 1.886783
0.765217 1.895995
0.767893 1.905195
0.770569 1.914382
0.773244 1.923555
0.775920 1.932712
0.778595 1.941854
0.781271 1.950979
0.783946 1.960086
0.786622 1.969174
0.789298 1.978241
0.791973 1.987287
0.794649 1.996311
0.797324 2.005311
0.800000 2.014287
