# x1    P (MPa)
0.000000 0.000000
0.002676 0.000605
0.005351 0.001212
0.008027 0.001820
0.010702 0.002429
0.013378 0.003040
0.016054 0.003653
0.018729 0.004268
0.021405 0.004884
0.024080 0.005501
0.026756 0.006121
0.029431 0.006742
0.032107 0.007364
0.034783 0.007989
0.037458 0.008615
0.040134 0.009243
0.042809 0.009873
0.045485 0.010504
0.048161 0.011138
0.050836 0.011773
0.053512 0.012410
0.056187 0.013049
0.058863 0.013690
0.061538 0.014333
0.064214 0.014978
0.066890 0.015625
0.069565 0.016274
0.072241 0.016924
0.074916 0.017577
0.077592 0.018232
0.080268 0.018890
0.082943 0.019549
0.085619 0.020210
0.088294 0.020874
0.090970 0.021540
0.093645 0.022208
0.096321 0.022878
0.098997 0.023551
0.101672 0.024226
0.104348 0.024904
0.107023 0.025583
0.109699 0.026266
0.112375 0.026950
0.115050 0.027637
0.117726 0.028327
0.120401 0.029019
0.123077 0.029714
0.125753 0.030412
0.128428 0.031112
0.131104 0.031815
0.133779 0.032520
0.136455 0.033229
0.139130 0.033940
0.141806 0.034654
0.144482 0.035371
0.147157 0.036091
0.149833 0.036814
0.152508 0.037539
0.155184 0.038268
0.157860 0.039000
0.160535 0.039735
0.163211 0.040473
0.165886 0.041215
0.168562 0.041959
0.171237 0.042707
0.173913 0.043459
0.176589 0.044214
0.179264 0.044972
0.181940 0.045734
0.184615 0.046499
0.187291 0.047268
0.189967 0.048040
0.192642 0.048816
0.195318 0.049597
0.197993 0.050380
0.200669 0.051168
0.203344 0.051960
0.206020 0.052755
0.208696 0.053555
0.211371 0.054359
0.214047 0.055167
0.216722 0.055979
0.219398 0.056795
0.222074 0.057616
0.224749 0.058441
0.227425 0.059271
0.230100 0.060105
0.232776 0.060944
0.235452 0.061788
0.238127 0.062636
0.240803 0.063490
0.243478 0.064348
0.246154 0.065211
0.248829 0.066079
0.251505 0.066953
0.254181 0.067831
0.256856 0.068715
0.259532 0.069605
0.262207 0.070499
0.264883 0.071400
0.267559 0.072306
0.270234 0.073218
0.272910 0.074136
0.275585 0.075059
0.278261 0.075989
0.280936 0.076925
0.283612 0.077867
0.286288 0.078815
0.288963 0.079770
0.291639 0.080732
0.294314 0.081700
0.296990 0.082675
0.299666 0.083656
0.302341 0.084645
0.305017 0.085641
0.307692 0.086644
0.310368 0.087655
0.313043 0.088673
0.315719 0.089698
0.318395 0.090732
0.321070 0.091773
0.323746 0.092822
0.326421 0.093880
0.329097 0.094945
0.331773 0.096020
0.334448 0.097102
0.337124 0.098194
0.339799 0.099294
0.342475 0.100404
0.345151 0.101522
0.347826 0.102650
0.350502 0.103788
0.353177 0.104935
0.355853 0.106092
0.358528 0.107260
0.361204 0.108437
0.363880 0.109625
0.366555 0.110824
0.369231 0.112033
0.371906 0.113253
0.374582 0.114485
0.377258 0.115728
0.379933 0.116983
0.382609 0.118249
0.385284 0.119528
0.387960 0.120819
0.390635 0.122122
0.393311 0.123439
0.395987 0.124768
0.398662 0.126111
0.401338 0.127467
0.404013 0.128837
0.406689 0.130220
0.409365 0.131619
0.412040 0.133032
0.414716 0.134459
0.417391 0.135902
0.420067 0.137361
0.422742 0.138835
0.425418 0.140325
0.428094 0.141832
0.430769 0.143355
0.433445 0.144895
0.436120 0.146453
0.438796 0.148029
0.441472 0.149622
0.444147 0.151235
0.446823 0.152866
0.449498 0.154516
0.452174 0.156186
0.454849 0.157876
0.457525 0.159586
0.460201 0.161317
0.462876 0.163069
0.465552 0.164844
0.468227 0.166640
0.470903 0.168459
0.473579 0.170301
0.476254 0.172167
0.478930 0.174057
0.481605 0.175971
0.484281 0.177910
0.486957 0.179876
0.489632 0.181867
0.492308 0.183885
0.494983 0.185931
0.497659 0.188004
0.500334 0.190106
0.503010 0.192237
0.505686 0.194398
0.508361 0.196589
0.511037 0.198811
0.513712 0.201066
0.516388 0.203352
0.519064 0.205672
0.521739 0.208025
0.524415 0.210413
0.527090 0.212837
0.529766 0.215297
0.532441 0.217793
0.535117 0.220328
0.537793 0.222901
0.540468 0.225514
0.543144 0.228167
0.545819 0.230861
0.548495 0.233598
0.551171 0.236377
0.553846 0.239201
0.556522 0.242070
0.559197 0.244984
0.561873 0.247946
0.564548 0.250957
0.567224 0.254016
0.569900 0.257126
0.572575 0.260287
0.575251 0.263501
0.577926 0.266769
0.580602 0.270091
0.583278 0.273470
0.585953 0.276907
0.588629 0.280402
0.591304 0.283958
0.593980 0.287575
0.596656 0.291255
0.599331 0.294998
0.602007 0.298808
0.604682 0.302685
0.607358 0.306630
0.610033 0.310645
0.612709 0.314732
0.615385 0.318891
0.618060 0.323126
0.620736 0.327436
0.623411 0.331825
0.626087 0.336293
0.628763 0.340843
0.631438 0.345475
0.634114 0.350192
0.636789 0.354995
0.639465 0.359886
0.642140 0.364867
0.644816 0.369940
0.647492 0.375106
0.650167 0.380368
0.652843 0.385726
0.655518 0.391184
0.658194 0.396742
0.660870 0.402403
0.663545 0.408168
0.666221 0.414040
0.668896 0.420019
0.671572 0.426109
0.674247 0.432310
0.676923 0.438625
0.679599 0.445055
0.682274 0.451602
0.684950 0.458268
0.687625 0.465054
0.690301 0.471962
0.692977 0.478994
0.695652 0.486151
0.698328 0.493435
0.701003 0.500847
0.703679 0.508388
0.706355 0.516060
0.709030 0.523863
0.711706 0.531800
0.714381 0.539870
0.717057 0.548075
0.719732 0.556416
0.722408 0.564893
0.725084 0.573507
0.727759 0.582257
0.730435 0.591145
0.733110 0.600171
0.735786 0.609334
0.738462 0.618634
0.741137 0.628071
0.743813 0.637644
0.746488 0.647352
0.749164 0.657194
0.751839 0.667170
0.754515 0.677278
0.757191 0.687516
0.759866 0.697883
0.762542 0.708377
0.765217 0.718994
0.767893 0.729734
0.770569 0.740593
0.773244 0.751568
0.775920 0.762656
0.778595 0.773855
0.781271 0.785160
0.783946 0.796567
0.786622 0.808074
0.789298 0.819674
0.791973 0.831365
0.794649 0.843142
0.797324 0.854999
0.800000 0.866931
