# x1    P (MPa)
0.000000 0.000010
0.002676 0.002318
0.005351 0.004631
0.008027 0.006950
0.010702 0.009273
0.013378 0.011603
0.016054 0.013937
0.018729 0.016277
0.021405 0.018623
0.024080 0.020973
0.026756 0.023330
0.029431 0.025692
0.032107 0.028059
0.034783 0.030432
0.037458 0.032811
0.040134 0.035195
0.042809 0.037585
0.045485 0.039981
0.048161 0.042383
0.050836 0.044790
0.053512 0.047204
0.056187 0.049623
0.058863 0.052048
0.061538 0.054479
0.064214 0.056917
0.066890 0.059360
0.069565 0.061809
0.072241 0.064265
0.074916 0.066726
0.077592 0.069194
0.080268 0.071669
0.082943 0.074149
0.085619 0.076636
0.088294 0.079129
0.090970 0.081629
0.093645 0.084135
0.096321 0.086648
0.098997 0.089167
0.101672 0.091693
0.104348 0.094225
0.107023 0.096764
0.109699 0.099310
0.112375 0.101863
0.115050 0.104422
0.117726 0.106989
0.120401 0.109562
0.123077 0.112143
0.125753 0.114730
0.128428 0.117324
0.131104 0.119926
0.133779 0.122535
0.136455 0.125151
0.139130 0.127774
0.141806 0.130404
0.144482 0.133042
0.147157 0.135688
0.149833 0.138341
0.152508 0.141001
0.155184 0.143669
0.157860 0.146345
0.160535 0.149028
0.163211 0.151719
0.165886 0.154418
0.168562 0.157124
0.171237 0.159839
0.173913 0.162562
0.176589 0.165292
0.179264 0.168031
0.181940 0.170778
0.184615 0.173533
0.187291 0.176296
0.189967 0.179068
0.192642 0.181848
0.195318 0.184636
0.197993 0.187433
0.200669 0.190238
0.203344 0.193052
0.206020 0.195875
0.208696 0.198707
0.211371 0.201547
0.214047 0.204396
0.216722 0.207254
0.219398 0.210121
0.222074 0.212997
0.224749 0.215883
0.227425 0.218777
0.230100 0.221681
0.232776 0.224594
0.235452 0.227517
0.238127 0.230449
0.240803 0.233390
0.243478 0.236341
0.246154 0.239302
0.248829 0.242273
0.251505 0.245253
0.254181 0.248243
0.256856 0.251244
0.259532 0.254254
0.262207 0.257274
0.264883 0.260305
0.267559 0.263346
0.270234 0.266397
0.272910 0.269459
0.275585 0.272531
0.278261 0.275614
0.280936 0.278707
0.283612 0.281811
0.286288 0.284926
0.288963 0.288052
0.291639 0.291188
0.294314 0.294336
0.296990 0.297495
0.299666 0.300665
0.302341 0.303847
0.305017 0.307040
0.307692 0.310244
0.310368 0.313460
0.313043 0.316688
0.315719 0.319927
0.318395 0.323178
0.321070 0.326441
0.323746 0.329716
0.326421 0.333003
0.329097 0.336302
0.331773 0.339614
0.334448 0.342938
0.337124 0.346274
0.339799 0.349623
0.342475 0.352984
0.345151 0.356358
0.347826 0.359745
0.350502 0.363145
0.353177 0.366558
0.355853 0.369984
0.358528 0.373423
0.361204 0.376876
0.363880 0.380342
0.366555 0.383821
0.369231 0.387314
0.371906 0.390821
0.374582 0.394341
0.377258 0.397875
0.379933 0.401424
0.382609 0.404986
0.385284 0.408563
0.387960 0.412154
0.390635 0.415759
0.393311 0.419379
0.395987 0.423013
0.398662 0.426662
0.401338 0.430326
0.404013 0.434005
0.406689 0.437699
0.409365 0.441408
0.412040 0.445132
0.414716 0.448872
0.417391 0.452627
0.420067 0.456398
0.422742 0.460184
0.425418 0.463986
0.428094 0.467804
0.430769 0.471638
0.433445 0.475488
0.436120 0.479355
0.438796 0.483237
0.441472 0.487136
0.444147 0.491052
0.446823 0.494984
0.449498 0.498933
0.452174 0.502899
0.454849 0.506882
0.457525 0.510883
0.460201 0.514900
0.462876 0.518934
0.465552 0.522987
0.468227 0.527056
0.470903 0.531144
0.473579 0.535249
0.476254 0.539372
0.478930 0.543513
0.481605 0.547672
0.484281 0.551849
0.486957 0.556045
0.489632 0.560259
0.492308 0.564491
0.494983 0.568743
0.497659 0.573013
0.500334 0.577302
0.503010 0.581610
0.505686 0.585937
0.508361 0.590283
0.511037 0.594648
0.513712 0.599033
0.516388 0.603438
0.519064 0.607862
0.521739 0.612306
0.524415 0.616769
0.527090 0.621253
0.529766 0.625756
0.532441 0.630280
0.535117 0.634824
0.537793 0.639388
0.540468 0.643972
0.543144 0.648577
0.545819 0.653203
0.548495 0.657849
0.551171 0.662516
0.553846 0.667204
0.556522 0.671913
0.559197 0.676643
0.561873 0.681393
0.564548 0.686165
0.567224 0.690959
0.569900 0.695773
0.572575 0.700609
0.575251 0.705466
0.577926 0.710345
0.580602 0.715245
0.583278 0.720167
0.585953 0.725110
0.588629 0.730076
0.591304 0.735063
0.593980 0.740071
0.596656 0.745102
0.599331 0.750155
0.602007 0.755229
0.604682 0.760325
0.607358 0.765443
0.610033 0.770584
0.612709 0.775746
0.615385 0.780930
0.618060 0.786136
0.620736 0.791364
0.623411 0.796614
0.626087 0.801886
0.628763 0.807180
0.631438 0.812496
0.634114 0.817834
0.636789 0.823194
0.639465 0.828575
0.642140 0.833979
0.644816 0.839404
0.647492 0.844850
0.650167 0.850319
0.652843 0.855808
0.655518 0.861319
0.658194 0.866852
0.660870 0.872406
0.663545 0.877980
0.666221 0.883576
0.668896 0.889193
0.671572 0.894830
0.674247 0.900488
0.676923 0.906167
0.679599 0.911865
0.682274 0.917584
0.684950 0.923323
0.687625 0.929081
0.690301 0.934859
0.692977 0.940657
0.695652 0.946473
0.698328 0.952308
0.701003 0.958162
0.703679 0.964034
0.706355 0.969924
0.709030 0.975832
0.711706 0.981758
0.714381 0.987701
0.717057 0.993660
0.719732 0.999636
0.722408 1.005628
0.725084 1.011636
0.727759 1.017660
0.730435 1.023698
0.733110 1.029751
0.735786 1.035818
0.738462 1.041899
0.741137 1.047993
0.743813 1.054100
0.746488 1.060220
0.749164 1.066351
0.751839 1.072494
0.754515 1.078647
0.757191 1.084811
0.759866 1.090984
0.762542 1.097166
0.765217 1.103357
0.767893 1.109556
0.770569 1.115762
0.773244 1.121975
0.775920 1.128193
0.778595 1.134417
0.781271 1.140645
0.783946 1.146877
0.786622 1.153111
0.789298 1.159348
0.791973 1.165587
0.794649 1.171826
0.797324 1.178065
0.800000 1.184303
