# x1    P (MPa)
0.000000 0.000000
0.002676 0.000696
0.005351 0.001398
0.008027 0.002106
0.010702 0.002821
0.013378 0.003543
0.016054 0.004271
0.018729 0.005005
0.021405 0.005746
0.024080 0.006494
0.026756 0.007249
0.029431 0.008011
0.032107 0.008779
0.034783 0.009554
0.037458 0.010337
0.040134 0.011126
0.042809 0.011923
0.045485 0.012727
0.048161 0.013538
0.050836 0.014356
0.053512 0.015182
0.056187 0.016015
0.058863 0.016855
0.061538 0.017703
0.064214 0.018559
0.066890 0.019422
0.069565 0.020293
0.072241 0.021172
0.074916 0.022059
0.077592 0.022954
0.080268 0.023856
0.082943 0.024767
0.085619 0.025686
0.088294 0.026612
0.090970 0.027547
0.093645 0.028491
0.096321 0.029443
0.098997 0.030403
0.101672 0.031371
0.104348 0.032348
0.107023 0.033334
0.109699 0.034328
0.112375 0.035332
0.115050 0.036344
0.117726 0.037364
0.120401 0.038394
0.123077 0.039433
0.125753 0.040480
0.128428 0.041537
0.131104 0.042603
0.133779 0.043679
0.136455 0.044763
0.139130 0.045857
0.141806 0.046961
0.144482 0.048074
0.147157 0.049197
0.149833 0.050329
0.152508 0.051471
0.155184 0.052623
0.157860 0.053784
0.160535 0.054956
0.163211 0.056137
0.165886 0.057329
0.168562 0.058531
0.171237 0.059742
0.173913 0.060965
0.176589 0.062197
0.179264 0.063440
0.181940 0.064693
0.184615 0.065957
0.187291 0.067232
0.189967 0.068517
0.192642 0.069812
0.195318 0.071119
0.197993 0.072437
0.200669 0.073765
0.203344 0.075104
0.206020 0.076455
0.208696 0.077816
0.211371 0.079189
0.214047 0.080573
0.216722 0.081968
0.219398 0.083375
0.222074 0.084793
0.224749 0.086223
0.227425 0.087664
0.230100 0.089116
0.232776 0.090581
0.235452 0.092057
0.238127 0.093545
0.240803 0.095045
0.243478 0.096557
0.246154 0.098081
0.248829 0.099617
0.251505 0.101165
0.254181 0.102725
0.256856 0.104298
0.259532 0.105882
0.262207 0.107479
0.264883 0.109089
0.267559 0.110711
0.270234 0.112345
0.272910 0.113992
0.275585 0.115652
0.278261 0.117325
0.280936 0.119010
0.283612 0.120708
0.286288 0.122418
0.288963 0.124142
0.291639 0.125879
0.294314 0.127628
0.296990 0.129391
0.299666 0.131166
0.302341 0.132955
0.305017 0.134757
0.307692 0.136572
0.310368 0.138401
0.313043 0.140242
0.315719 0.142097
0.318395 0.143966
0.321070 0.145848
0.323746 0.147743
0.326421 0.149652
0.329097 0.151574
0.331773 0.153510
0.334448 0.155459
0.337124 0.157423
0.339799 0.159399
0.342475 0.161390
0.345151 0.163394
0.347826 0.165412
0.350502 0.167443
0.353177 0.169489
0.355853 0.171548
0.358528 0.173621
0.361204 0.175708
0.363880 0.177808
0.366555 0.179923
0.369231 0.182051
0.371906 0.184194
0.374582 0.186350
0.377258 0.188520
0.379933 0.190704
0.382609 0.192902
0.385284 0.195114
0.387960 0.197340
0.390635 0.199579
0.393311 0.201833
0.395987 0.204101
0.398662 0.206382
0.401338 0.208677
0.404013 0.210987
0.406689 0.213310
0.409365 0.215647
0.412040 0.217997
0.414716 0.220362
0.417391 0.222741
0.420067 0.225133
0.422742 0.227539
0.425418 0.229958
0.428094 0.232392
0.430769 0.234839
0.433445 0.237299
0.436120 0.239773
0.438796 0.242261
0.441472 0.244762
0.444147 0.247277
0.446823 0.249805
0.449498 0.252347
0.452174 0.254901
0.454849 0.257469
0.457525 0.260051
0.460201 0.262645
0.462876 0.265252
0.465552 0.267873
0.468227 0.270506
0.470903 0.273152
0.473579 0.275811
0.476254 0.278483
0.478930 0.281167
0.481605 0.283864
0.484281 0.286573
0.486957 0.289295
0.489632 0.292029
0.492308 0.294775
0.494983 0.297533
0.497659 0.300304
0.500334 0.303086
0.503010 0.305880
0.505686 0.308685
0.508361 0.311503
0.511037 0.314331
0.513712 0.317171
0.516388 0.320023
0.519064 0.322885
0.521739 0.325758
0.524415 0.328642
0.527090 0.331537
0.529766 0.334443
0.532441 0.337358
0.535117 0.340285
0.537793 0.343221
0.540468 0.346167
0.543144 0.349123
0.545819 0.352089
0.548495 0.355065
0.551171 0.358049
0.553846 0.361043
0.556522 0.364046
0.559197 0.367058
0.561873 0.370079
0.564548 0.373108
0.567224 0.376146
0.569900 0.379192
0.572575 0.382245
0.575251 0.385307
0.577926 0.388376
0.580602 0.391453
0.583278 0.394536
0.585953 0.397627
0.588629 0.400725
0.591304 0.403829
0.593980 0.406940
0.596656 0.410057
0.599331 0.413180
0.602007 0.416308
0.604682 0.419442
0.607358 0.422582
0.610033 0.425727
0.612709 0.428876
0.615385 0.432030
0.618060 0.435189
0.620736 0.438351
0.623411 0.441518
0.626087 0.444688
0.628763 0.447862
0.631438 0.451038
0.634114 0.454218
0.636789 0.457401
0.639465 0.460585
0.642140 0.463772
0.644816 0.466961
0.647492 0.470152
0.650167 0.473343
0.652843 0.476536
0.655518 0.479730
0.658194 0.482924
0.660870 0.486119
0.663545 0.489313
0.666221 0.492507
0.668896 0.495701
0.671572 0.498893
0.674247 0.502085
0.676923 0.505275
0.679599 0.508463
0.682274 0.511649
0.684950 0.514833
0.687625 0.518014
0.690301 0.521192
0.692977 0.524367
0.695652 0.527538
0.698328 0.530705
0.701003 0.533869
0.703679 0.537027
0.706355 0.540181
0.709030 0.543330
0.711706 0.546473
0.714381 0.549610
0.717057 0.552741
0.719732 0.555866
0.722408 0.558984
0.725084 0.562095
0.727759 0.565199
0.730435 0.568294
0.733110 0.571382
0.735786 0.574461
0.738462 0.577532
0.741137 0.580593
0.743813 0.583645
0.746488 0.586687
0.749164 0.589719
0.751839 0.592741
0.754515 0.595752
0.757191 0.598752
0.759866 0.601740
0.762542 0.604716
0.765217 0.607680
0.767893 0.610632
0.770569 0.613571
0.773244 0.616497
0.775920 0.619409
0.778595 0.622307
0.781271 0.625191
0.783946 0.628060
0.786622 0.630915
0.789298 0.633754
0.791973 0.636577
0.794649 0.639385
0.797324 0.642176
0.800000 0.644950
