# x1    P (MPa)
0.000000 0.000004
0.002676 0.001501
0.005351 0.003009
0.008027 0.004528
0.010702 0.006059
0.013378 0.007601
0.016054 0.009154
0.018729 0.010719
0.021405 0.012296
0.024080 0.013884
0.026756 0.015484
0.029431 0.017096
0.032107 0.018719
0.034783 0.020355
0.037458 0.022002
0.040134 0.023662
0.042809 0.025334
0.045485 0.027018
0.048161 0.028715
0.050836 0.030424
0.053512 0.032146
0.056187 0.033880
0.058863 0.035627
0.061538 0.037387
0.064214 0.039160
0.066890 0.040945
0.069565 0.042744
0.072241 0.044556
0.074916 0.046381
0.077592 0.048219
0.080268 0.050070
0.082943 0.051935
0.085619 0.053814
0.088294 0.055706
0.090970 0.057612
0.093645 0.059532
0.096321 0.061466
0.098997 0.063413
0.101672 0.065375
0.104348 0.067350
0.107023 0.069340
0.109699 0.071344
0.112375 0.073363
0.115050 0.075396
0.117726 0.077444
0.120401 0.079506
0.123077 0.081583
0.125753 0.083675
0.128428 0.085781
0.131104 0.087903
0.133779 0.090040
0.136455 0.092191
0.139130 0.094358
0.141806 0.096541
0.144482 0.098739
0.147157 0.100952
0.149833 0.103181
0.152508 0.105425
0.155184 0.107685
0.157860 0.109961
0.160535 0.112253
0.163211 0.114561
0.165886 0.116885
0.168562 0.119225
0.171237 0.121581
0.173913 0.123954
0.176589 0.126343
0.179264 0.128749
0.181940 0.131171
0.184615 0.133609
0.187291 0.136065
0.189967 0.138537
0.192642 0.141026
0.195318 0.143532
0.197993 0.146055
0.200669 0.148595
0.203344 0.151153
0.206020 0.153727
0.208696 0.156319
0.211371 0.158929
0.214047 0.161556
0.216722 0.164200
0.219398 0.166863
0.222074 0.169542
0.224749 0.172240
0.227425 0.174956
0.230100 0.177689
0.232776 0.180441
0.235452 0.183210
0.238127 0.185998
0.240803 0.188804
0.243478 0.191628
0.246154 0.194471
0.248829 0.197332
0.251505 0.200211
0.254181 0.203110
0.256856 0.206026
0.259532 0.208962
0.262207 0.211916
0.264883 0.214889
0.267559 0.217880
0.270234 0.220891
0.272910 0.223921
0.275585 0.226969
0.278261 0.230037
0.280936 0.233124
0.283612 0.236230
0.286288 0.239356
0.288963 0.242500
0.291639 0.245664
0.294314 0.248847
0.296990 0.252050
0.299666 0.255273
0.302341 0.258514
0.305017 0.261776
0.307692 0.265057
0.310368 0.268357
0.313043 0.271677
0.315719 0.275017
0.318395 0.278377
0.321070 0.281757
0.323746 0.285156
0.326421 0.288575
0.329097 0.292014
0.331773 0.295473
0.334448 0.298951
0.337124 0.302450
0.339799 0.305969
0.342475 0.309507
0.345151 0.313066
0.347826 0.316644
0.350502 0.320243
0.353177 0.323861
0.355853 0.327500
0.358528 0.331158
0.361204 0.334837
0.363880 0.338536
0.366555 0.342254
0.369231 0.345993
0.371906 0.349751
0.374582 0.353530
0.377258 0.357328
0.379933 0.361147
0.382609 0.364985
0.385284 0.368844
0.387960 0.372722
0.390635 0.376620
0.393311 0.380538
0.395987 0.384476
0.398662 0.388434
0.401338 0.392411
0.404013 0.396408
0.406689 0.400425
0.409365 0.404462
0.412040 0.408518
0.414716 0.412593
0.417391 0.416688
0.420067 0.420803
0.422742 0.424936
0.425418 0.429090
0.428094 0.433262
0.430769 0.437453
0.433445 0.441664
0.436120 0.445894
0.438796 0.450142
0.441472 0.454410
0.444147 0.458696
0.446823 0.463001
0.449498 0.467324
0.452174 0.471666
0.454849 0.476026
0.457525 0.480405
0.460201 0.484802
0.462876 0.489217
0.465552 0.493650
0.468227 0.498101
0.470903 0.502569
0.473579 0.507055
0.476254 0.511559
0.478930 0.516080
0.481605 0.520618
0.484281 0.525174
0.486957 0.529746
0.489632 0.534335
0.492308 0.538941
0.494983 0.543563
0.497659 0.548202
0.500334 0.552856
0.503010 0.557527
0.505686 0.562214
0.508361 0.566916
0.511037 0.571634
0.513712 0.576367
0.516388 0.581115
0.519064 0.585878
0.521739 0.590656
0.524415 0.595448
0.527090 0.600255
0.529766 0.605076
0.532441 0.609911
0.535117 0.614760
0.537793 0.619622
0.540468 0.624497
0.543144 0.629385
0.545819 0.634287
0.548495 0.639200
0.551171 0.644127
0.553846 0.649065
0.556522 0.654015
0.559197 0.658977
0.561873 0.663950
0.564548 0.668934
0.567224 0.673929
0.569900 0.678935
0.572575 0.683950
0.575251 0.688976
0.577926 0.694012
0.580602 0.699057
0.583278 0.704111
0.585953 0.709174
0.588629 0.714246
0.591304 0.719325
0.593980 0.724413
0.596656 0.729509
0.599331 0.734611
0.602007 0.739721
0.604682 0.744837
0.607358 0.749960
0.610033 0.755089
0.612709 0.760223
0.615385 0.765363
0.618060 0.770508
0.620736 0.775658
0.623411 0.780811
0.626087 0.785969
0.628763 0.791130
0.631438 0.796295
0.634114 0.801462
0.636789 0.806632
0.639465 0.811804
0.642140 0.816977
0.644816 0.822152
0.647492 0.827328
0.650167 0.832505
0.652843 0.837681
0.655518 0.842858
0.658194 0.848033
0.660870 0.853208
0.663545 0.858381
0.666221 0.863553
0.668896 0.868722
0.671572 0.873888
0.674247 0.879051
0.676923 0.884211
0.679599 0.889366
0.682274 0.894517
0.684950 0.899663
0.687625 0.904804
0.690301 0.909940
0.692977 0.915068
0.695652 0.920191
0.698328 0.925306
0.701003 0.930413
0.703679 0.935513
0.706355 0.940604
0.709030 0.945686
0.711706 0.950758
0.714381 0.955821
0.717057 0.960873
0.719732 0.965915
0.722408 0.970945
0.725084 0.975963
0.727759 0.980969
0.730435 0.985962
0.733110 0.990941
0.735786 0.995907
0.738462 1.000859
0.741137 1.005796
0.743813 1.010717
0.746488 1.015623
0.749164 1.020512
0.751839 1.025385
0.754515 1.030240
0.757191 1.035078
0.759866 1.039897
0.762542 1.044697
0.765217 1.049478
0.767893 1.054239
0.770569 1.058980
0.773244 1.063699
0.775920 1.068398
0.778595 1.073074
0.781271 1.077728
0.783946 1.082359
0.786622 1.086966
0.789298 1.091549
0.791973 1.096108
0.794649 1.100641
0.797324 1.105149
0.800000 1.109631
