# x1    P (MPa)
0.000000 0.000010
0.002676 0.001403
0.005351 0.002800
0.008027 0.004201
0.010702 0.005607
0.013378 0.007017
0.016054 0.008432
0.018729 0.009850
0.021405 0.011274
0.024080 0.012701
0.026756 0.014133
0.029431 0.015569
0.032107 0.017010
0.034783 0.018455
0.037458 0.019905
0.040134 0.021359
0.042809 0.022817
0.045485 0.024280
0.048161 0.025748
0.050836 0.027220
0.053512 0.028696
0.056187 0.030178
0.058863 0.031663
0.061538 0.033154
0.064214 0.034649
0.066890 0.036148
0.069565 0.037652
0.072241 0.039161
0.074916 0.040675
0.077592 0.042193
0.080268 0.043716
0.082943 0.045243
0.085619 0.046775
0.088294 0.048312
0.090970 0.049854
0.093645 0.051401
0.096321 0.052952
0.098997 0.054508
0.101672 0.056069
0.104348 0.057635
0.107023 0.059206
0.109699 0.060781
0.112375 0.062362
0.115050 0.063947
0.117726 0.065537
0.120401 0.067132
0.123077 0.068732
0.125753 0.070337
0.128428 0.071947
0.131104 0.073562
0.133779 0.075182
0.136455 0.076807
0.139130 0.078437
0.141806 0.080072
0.144482 0.081712
0.147157 0.083357
0.149833 0.085008
0.152508 0.086663
0.155184 0.088323
0.157860 0.089989
0.160535 0.091660
0.163211 0.093336
0.165886 0.095017
0.168562 0.096703
0.171237 0.098394
0.173913 0.100091
0.176589 0.101793
0.179264 0.103500
0.181940 0.105213
0.184615 0.106930
0.187291 0.108653
0.189967 0.110382
0.192642 0.112115
0.195318 0.113854
0.197993 0.115598
0.200669 0.117348
0.203344 0.119103
0.206020 0.120863
0.208696 0.122629
0.211371 0.124400
0.214047 0.126177
0.216722 0.127959
0.219398 0.129746
0.222074 0.131539
0.224749 0.133337
0.227425 0.135141
0.230100 0.136951
0.232776 0.138765
0.235452 0.140586
0.238127 0.142412
0.240803 0.144243
0.243478 0.146080
0.246154 0.147923
0.248829 0.149771
0.251505 0.151625
0.254181 0.153484
0.256856 0.155349
0.259532 0.157219
0.262207 0.159095
0.264883 0.160977
0.267559 0.162865
0.270234 0.164758
0.272910 0.166656
0.275585 0.168561
0.278261 0.170471
0.280936 0.172387
0.283612 0.174308
0.286288 0.176235
0.288963 0.178168
0.291639 0.180107
0.294314 0.182051
0.296990 0.184002
0.299666 0.185957
0.302341 0.187919
0.305017 0.189887
0.307692 0.191860
0.310368 0.193839
0.313043 0.195823
0.315719 0.197814
0.318395 0.199810
0.321070 0.201812
0.323746 0.203820
0.326421 0.205834
0.329097 0.207853
0.331773 0.209879
0.334448 0.211910
0.337124 0.213947
0.339799 0.215990
0.342475 0.218039
0.345151 0.220093
0.347826 0.222153
0.350502 0.224220
0.353177 0.226292
0.355853 0.228369
0.358528 0.230453
0.361204 0.232543
0.363880 0.234638
0.366555 0.236739
0.369231 0.238846
0.371906 0.240959
0.374582 0.243078
0.377258 0.245203
0.379933 0.247333
0.382609 0.249469
0.385284 0.251611
0.387960 0.253759
0.390635 0.255913
0.393311 0.258073
0.395987 0.260238
0.398662 0.262409
0.401338 0.264586
0.404013 0.266769
0.406689 0.268958
0.409365 0.271152
0.412040 0.273352
0.414716 0.275558
0.417391 0.277770
0.420067 0.279987
0.422742 0.282210
0.425418 0.284439
0.428094 0.286674
0.430769 0.288914
0.433445 0.291160
0.436120 0.293412
0.438796 0.295669
0.441472 0.297932
0.444147 0.300201
0.446823 0.302475
0.449498 0.304755
0.452174 0.307040
0.454849 0.309331
0.457525 0.311628
0.460201 0.313930
0.462876 0.316238
0.465552 0.318551
0.468227 0.320870
0.470903 0.323194
0.473579 0.325524
0.476254 0.327858
0.478930 0.330199
0.481605 0.332545
0.484281 0.334896
0.486957 0.337252
0.489632 0.339614
0.492308 0.341981
0.494983 0.344353
0.497659 0.346730
0.500334 0.349113
0.503010 0.351501
0.505686 0.353893
0.508361 0.356291
0.511037 0.358694
0.513712 0.361102
0.516388 0.363515
0.519064 0.365933
0.521739 0.368356
0.524415 0.370784
0.527090 0.373216
0.529766 0.375654
0.532441 0.378096
0.535117 0.380542
0.537793 0.382994
0.540468 0.385450
0.543144 0.387910
0.545819 0.390376
0.548495 0.392845
0.551171 0.395319
0.553846 0.397798
0.556522 0.400281
0.559197 0.402768
0.561873 0.405259
0.564548 0.407754
0.567224 0.410254
0.569900 0.412758
0.572575 0.415265
0.575251 0.417777
0.577926 0.420292
0.580602 0.422812
0.583278 0.425335
0.585953 0.427862
0.588629 0.430392
0.591304 0.432926
0.593980 0.435463
0.596656 0.438004
0.599331 0.440549
0.602007 0.443096
0.604682 0.445647
0.607358 0.448201
0.610033 0.450758
0.612709 0.453318
0.615385 0.455881
0.618060 0.458446
0.620736 0.461015
0.623411 0.463586
0.626087 0.466160
0.628763 0.468736
0.631438 0.471314
0.634114 0.473895
0.636789 0.476478
0.639465 0.479064
0.642140 0.481651
0.644816 0.484240
0.647492 0.486831
0.650167 0.489424
0.652843 0.492018
0.655518 0.494614
0.658194 0.497212
0.660870 0.499810
0.663545 0.502410
0.666221 0.505011
0.668896 0.507613
0.671572 0.510216
0.674247 0.512819
0.676923 0.515424
0.679599 0.518028
0.682274 0.520634
0.684950 0.523239
0.687625 0.525845
0.690301 0.528450
0.692977 0.531056
0.695652 0.533661
0.698328 0.536266
0.701003 0.538870
0.703679 0.541474
0.706355 0.544077
0.709030 0.546679
0.711706 0.549280
0.714381 0.551880
0.717057 0.554478
0.719732 0.557075
0.722408 0.559671
0.725084 0.562264
0.727759 0.564856
0.730435 0.567445
0.733110 0.570032
0.735786 0.572617
0.738462 0.575199
0.741137 0.577778
0.743813 0.580354
0.746488 0.582927
0.749164 0.585497
0.751839 0.588063
0.754515 0.590626
0.757191 0.593185
0.759866 0.595740
0.762542 0.598290
0.765217 0.600837
0.767893 0.603378
0.770569 0.605915
0.773244 0.608447
0.775920 0.610974
0.778595 0.613496
0.781271 0.616012
0.783946 0.618522
0.786622 0.621026
0.789298 0.623524
0.791973 0.626015
0.794649 0.628501
0.797324 0.630979
0.800000 0.633450
