# x1    P (MPa)
0.000000 0.000063
0.002676 0.002356
0.005351 0.004654
0.008027 0.006958
0.010702 0.009267
0.013378 0.011581
0.016054 0.013901
0.018729 0.016226
0.021405 0.018556
0.024080 0.020892
0.026756 0.023234
0.029431 0.025580
0.032107 0.027932
0.034783 0.030290
0.037458 0.032653
0.040134 0.035022
0.042809 0.037396
0.045485 0.039775
0.048161 0.042160
0.050836 0.044551
0.053512 0.046946
0.056187 0.049348
0.058863 0.051755
0.061538 0.054167
0.064214 0.056585
0.066890 0.059008
0.069565 0.061437
0.072241 0.063872
0.074916 0.066312
0.077592 0.068758
0.080268 0.071209
0.082943 0.073665
0.085619 0.076128
0.088294 0.078595
0.090970 0.081069
0.093645 0.083548
0.096321 0.086032
0.098997 0.088522
0.101672 0.091018
0.104348 0.093519
0.107023 0.096026
0.109699 0.098538
0.112375 0.101056
0.115050 0.103580
0.117726 0.106109
0.120401 0.108644
0.123077 0.111184
0.125753 0.113730
0.128428 0.116282
0.131104 0.118839
0.133779 0.121402
0.136455 0.123970
0.139130 0.126544
0.141806 0.129124
0.144482 0.131709
0.147157 0.134300
0.149833 0.136897
0.152508 0.139499
0.155184 0.142107
0.157860 0.144720
0.160535 0.147339
0.163211 0.149964
0.165886 0.152594
0.168562 0.155230
0.171237 0.157871
0.173913 0.160518
0.176589 0.163171
0.179264 0.165830
0.181940 0.168493
0.184615 0.171163
0.187291 0.173838
0.189967 0.176519
0.192642 0.179205
0.195318 0.181897
0.197993 0.184595
0.200669 0.187298
0.203344 0.190006
0.206020 0.192721
0.208696 0.195440
0.211371 0.198166
0.214047 0.200897
0.216722 0.203633
0.219398 0.206375
0.222074 0.209123
0.224749 0.211876
0.227425 0.214634
0.230100 0.217399
0.232776 0.220168
0.235452 0.222943
0.238127 0.225724
0.240803 0.228510
0.243478 0.231302
0.246154 0.234099
0.248829 0.236901
0.251505 0.239709
0.254181 0.242523
0.256856 0.245342
0.259532 0.248166
0.262207 0.250996
0.264883 0.253831
0.267559 0.256671
0.270234 0.259517
0.272910 0.262368
0.275585 0.265225
0.278261 0.268086
0.280936 0.270954
0.283612 0.273826
0.286288 0.276704
0.288963 0.279587
0.291639 0.282475
0.294314 0.285368
0.296990 0.288267
0.299666 0.291171
0.302341 0.294080
0.305017 0.296994
0.307692 0.299914
0.310368 0.302838
0.313043 0.305768
0.315719 0.308702
0.318395 0.311642
0.321070 0.314587
0.323746 0.317537
0.326421 0.320492
0.329097 0.323452
0.331773 0.326416
0.334448 0.329386
0.337124 0.332361
0.339799 0.335340
0.342475 0.338325
0.345151 0.341314
0.347826 0.344308
0.350502 0.347307
0.353177 0.350310
0.355853 0.353319
0.358528 0.356332
0.361204 0.359349
0.363880 0.362372
0.366555 0.365399
0.369231 0.368430
0.371906 0.371466
0.374582 0.374507
0.377258 0.377552
0.379933 0.380602
0.382609 0.383656
0.385284 0.386714
0.387960 0.389777
0.390635 0.392844
0.393311 0.395915
0.395987 0.398991
0.398662 0.402071
0.401338 0.405154
0.404013 0.408243
0.406689 0.411335
0.409365 0.414431
0.412040 0.417531
0.414716 0.420636
0.417391 0.423744
0.420067 0.426856
0.422742 0.429972
0.425418 0.433092
0.428094 0.436215
0.430769 0.439342
0.433445 0.442473
0.436120 0.445608
0.438796 0.448746
0.441472 0.451887
0.444147 0.455032
0.446823 0.458181
0.449498 0.461333
0.452174 0.464488
0.454849 0.467646
0.457525 0.470808
0.460201 0.473973
0.462876 0.477141
0.465552 0.480312
0.468227 0.483486
0.470903 0.486663
0.473579 0.489843
0.476254 0.493025
0.478930 0.496211
0.481605 0.499399
0.484281 0.502590
0.486957 0.505783
0.489632 0.508979
0.492308 0.512177
0.494983 0.515378
0.497659 0.518581
0.500334 0.521786
0.503010 0.524994
0.505686 0.528203
0.508361 0.531415
0.511037 0.534628
0.513712 0.537844
0.516388 0.541061
0.519064 0.544280
0.521739 0.547501
0.524415 0.550723
0.527090 0.553947
0.529766 0.557173
0.532441 0.560399
0.535117 0.563627
0.537793 0.566857
0.540468 0.570087
0.543144 0.573319
0.545819 0.576551
0.548495 0.579784
0.551171 0.583018
0.553846 0.586253
0.556522 0.589489
0.559197 0.592724
0.561873 0.595961
0.564548 0.599198
0.567224 0.602435
0.569900 0.605672
0.572575 0.608909
0.575251 0.612146
0.577926 0.615383
0.580602 0.618620
0.583278 0.621856
0.585953 0.625093
0.588629 0.628328
0.591304 0.631563
0.593980 0.634797
0.596656 0.638031
0.599331 0.641263
0.602007 0.644494
0.604682 0.647725
0.607358 0.650953
0.610033 0.654181
0.612709 0.657407
0.615385 0.660631
0.618060 0.663854
0.620736 0.667075
0.623411 0.670294
0.626087 0.673511
0.628763 0.676725
0.631438 0.679938
0.634114 0.683147
0.636789 0.686355
0.639465 0.689559
0.642140 0.692761
0.644816 0.695960
0.647492 0.699155
0.650167 0.702348
0.652843 0.705537
0.655518 0.708723
0.658194 0.711905
0.660870 0.715083
0.663545 0.718257
0.666221 0.721428
0.668896 0.724594
0.671572 0.727756
0.674247 0.730913
0.676923 0.734066
0.679599 0.737214
0.682274 0.740357
0.684950 0.743496
0.687625 0.746629
0.690301 0.749756
0.692977 0.752878
0.695652 0.755995
0.698328 0.759106
0.701003 0.762210
0.703679 0.765309
0.706355 0.768401
0.709030 0.771487
0.711706 0.774566
0.714381 0.777639
0.717057 0.780704
0.719732 0.783763
0.722408 0.786814
0.725084 0.789858
0.727759 0.792894
0.730435 0.795922
0.733110 0.798943
0.735786 0.801955
0.738462 0.804959
0.741137 0.807955
0.743813 0.810942
0.746488 0.813920
0.749164 0.816889
0.751839 0.819848
0.754515 0.822799
0.757191 0.825740
0.759866 0.828671
0.762542 0.831592
0.765217 0.834503
0.767893 0.837404
0.770569 0.840294
0.773244 0.843173
0.775920 0.846042
0.778595 0.848899
0.781271 0.851746
0.783946 0.854580
0.786622 0.857404
0.789298 0.860215
0.791973 0.863014
0.794649 0.865801
0.797324 0.868575
0.800000 0.871337
