# x1    P (MPa)
0.000000 0.000016
0.002676 0.001347
0.005351 0.002684
0.008027 0.004025
0.010702 0.005372
0.013378 0.006724
0.016054 0.008081
0.018729 0.009443
0.021405 0.010811
0.024080 0.012184
0.026756 0.013563
0.029431 0.014946
0.032107 0.016335
0.034783 0.017730
0.037458 0.019130
0.040134 0.020535
0.042809 0.021946
0.045485 0.023362
0.048161 0.024784
0.050836 0.026211
0.053512 0.027643
0.056187 0.029082
0.058863 0.030526
0.061538 0.031975
0.064214 0.033430
0.066890 0.034891
0.069565 0.036357
0.072241 0.037829
0.074916 0.039306
0.077592 0.040790
0.080268 0.042279
0.082943 0.043773
0.085619 0.045274
0.088294 0.046780
0.090970 0.048292
0.093645 0.049810
0.096321 0.051334
0.098997 0.052864
0.101672 0.054399
0.104348 0.055941
0.107023 0.057488
0.109699 0.059041
0.112375 0.060600
0.115050 0.062166
0.117726 0.063737
0.120401 0.065314
0.123077 0.066897
0.125753 0.068486
0.128428 0.070082
0.131104 0.071683
0.133779 0.073291
0.136455 0.074904
0.139130 0.076524
0.141806 0.078150
0.144482 0.079782
0.147157 0.081420
0.149833 0.083065
0.152508 0.084715
0.155184 0.086372
0.157860 0.088035
0.160535 0.089705
0.163211 0.091381
0.165886 0.093063
0.168562 0.094751
0.171237 0.096446
0.173913 0.098147
0.176589 0.099854
0.179264 0.101568
0.181940 0.103289
0.184615 0.105015
0.187291 0.106748
0.189967 0.108488
0.192642 0.110234
0.195318 0.111987
0.197993 0.113746
0.200669 0.115511
0.203344 0.117283
0.206020 0.119062
0.208696 0.120847
0.211371 0.122639
0.214047 0.124437
0.216722 0.126242
0.219398 0.128054
0.222074 0.129872
0.224749 0.131697
0.227425 0.133528
0.230100 0.135366
0.232776 0.137211
0.235452 0.139063
0.238127 0.140921
0.240803 0.142786
0.243478 0.144657
0.246154 0.146536
0.248829 0.148421
0.251505 0.150312
0.254181 0.152211
0.256856 0.154116
0.259532 0.156028
0.262207 0.157947
0.264883 0.159873
0.267559 0.161805
0.270234 0.163745
0.272910 0.165691
0.275585 0.167644
0.278261 0.169603
0.280936 0.171570
0.283612 0.173543
0.286288 0.175524
0.288963 0.177511
0.291639 0.179505
0.294314 0.181506
0.296990 0.183513
0.299666 0.185528
0.302341 0.187549
0.305017 0.189578
0.307692 0.191613
0.310368 0.193655
0.313043 0.195704
0.315719 0.197760
0.318395 0.199823
0.321070 0.201892
0.323746 0.203969
0.326421 0.206052
0.329097 0.208142
0.331773 0.210239
0.334448 0.212343
0.337124 0.214454
0.339799 0.216572
0.342475 0.218697
0.345151 0.220828
0.347826 0.222966
0.350502 0.225112
0.353177 0.227264
0.355853 0.229423
0.358528 0.231588
0.361204 0.233761
0.363880 0.235940
0.366555 0.238126
0.369231 0.240319
0.371906 0.242519
0.374582 0.244725
0.377258 0.246938
0.379933 0.249158
0.382609 0.251385
0.385284 0.253618
0.387960 0.255859
0.390635 0.258105
0.393311 0.260359
0.395987 0.262619
0.398662 0.264886
0.401338 0.267159
0.404013 0.269439
0.406689 0.271726
0.409365 0.274019
0.412040 0.276319
0.414716 0.278625
0.417391 0.280938
0.420067 0.283257
0.422742 0.285582
0.425418 0.287914
0.428094 0.290253
0.430769 0.292598
0.433445 0.294949
0.436120 0.297306
0.438796 0.299670
0.441472 0.302040
0.444147 0.304416
0.446823 0.306799
0.449498 0.309188
0.452174 0.311582
0.454849 0.313983
0.457525 0.316390
0.460201 0.318803
0.462876 0.321222
0.465552 0.323646
0.468227 0.326077
0.470903 0.328514
0.473579 0.330956
0.476254 0.333404
0.478930 0.335858
0.481605 0.338318
0.484281 0.340783
0.486957 0.343254
0.489632 0.345730
0.492308 0.348212
0.494983 0.350699
0.497659 0.353192
0.500334 0.355689
0.503010 0.358193
0.505686 0.360701
0.508361 0.363215
0.511037 0.365734
0.513712 0.368257
0.516388 0.370786
0.519064 0.373320
0.521739 0.375858
0.524415 0.378402
0.527090 0.380950
0.529766 0.383503
0.532441 0.386060
0.535117 0.388622
0.537793 0.391188
0.540468 0.393759
0.543144 0.396334
0.545819 0.398913
0.548495 0.401497
0.551171 0.404084
0.553846 0.406676
0.556522 0.409271
0.559197 0.411871
0.561873 0.414474
0.564548 0.417081
0.567224 0.419691
0.569900 0.422305
0.572575 0.424922
0.575251 0.427543
0.577926 0.430167
0.580602 0.432794
0.583278 0.435424
0.585953 0.438057
0.588629 0.440692
0.591304 0.443331
0.593980 0.445972
0.596656 0.448616
0.599331 0.451262
0.602007 0.453911
0.604682 0.456561
0.607358 0.459214
0.610033 0.461869
0.612709 0.464526
0.615385 0.467185
0.618060 0.469845
0.620736 0.472507
0.623411 0.475170
0.626087 0.477834
0.628763 0.480500
0.631438 0.483167
0.634114 0.485834
0.636789 0.488503
0.639465 0.491172
0.642140 0.493842
0.644816 0.496512
0.647492 0.499182
0.650167 0.501853
0.652843 0.504523
0.655518 0.507194
0.658194 0.509864
0.660870 0.512533
0.663545 0.515202
0.666221 0.517871
0.668896 0.520538
0.671572 0.523205
0.674247 0.525870
0.676923 0.528534
0.679599 0.531197
0.682274 0.533857
0.684950 0.536516
0.687625 0.539173
0.690301 0.541828
0.692977 0.544481
0.695652 0.547131
0.698328 0.549779
0.701003 0.552424
0.703679 0.555065
0.706355 0.557704
0.709030 0.560339
0.711706 0.562971
0.714381 0.565599
0.717057 0.568223
0.719732 0.570843
0.722408 0.573459
0.725084 0.576071
0.727759 0.578678
0.730435 0.581280
0.733110 0.583877
0.735786 0.586468
0.738462 0.589055
0.741137 0.591636
0.743813 0.594210
0.746488 0.596779
0.749164 0.599342
0.751839 0.601899
0.754515 0.604448
0.757191 0.606991
0.759866 0.609527
0.762542 0.612056
0.765217 0.614577
0.767893 0.617090
0.770569 0.619595
0.773244 0.622093
0.775920 0.624582
0.778595 0.627062
0.781271 0.629534
0.783946 0.631996
0.786622 0.634450
0.789298 0.636893
0.791973 0.639328
0.794649 0.641752
0.797324 0.644166
0.800000 0.646569
