# x1    P (MPa)
0.000000 0.000000
0.002676 0.000460
0.005351 0.000924
0.008027 0.001391
0.010702 0.001863
0.013378 0.002340
0.016054 0.002820
0.018729 0.003305
0.021405 0.003794
0.024080 0.004287
0.026756 0.004785
0.029431 0.005287
0.032107 0.005794
0.034783 0.006306
0.037458 0.006822
0.040134 0.007342
0.042809 0.007867
0.045485 0.008398
0.048161 0.008932
0.050836 0.009472
0.053512 0.010016
0.056187 0.010566
0.058863 0.011120
0.061538 0.011680
0.064214 0.012244
0.066890 0.012814
0.069565 0.013389
0.072241 0.013969
0.074916 0.014554
0.077592 0.015145
0.080268 0.015741
0.082943 0.016342
0.085619 0.016949
0.088294 0.017562
0.090970 0.018180
0.093645 0.018803
0.096321 0.019433
0.098997 0.020068
0.101672 0.020709
0.104348 0.021356
0.107023 0.022009
0.109699 0.022668
0.112375 0.023333
0.115050 0.024004
0.117726 0.024681
0.120401 0.025365
0.123077 0.026055
0.125753 0.026751
0.128428 0.027453
0.131104 0.028162
0.133779 0.028878
0.136455 0.029600
0.139130 0.030329
0.141806 0.031065
0.144482 0.031807
0.147157 0.032557
0.149833 0.033313
0.152508 0.034077
0.155184 0.034847
0.157860 0.035625
0.160535 0.036409
0.163211 0.037202
0.165886 0.038001
0.168562 0.038808
0.171237 0.039622
0.173913 0.040444
0.176589 0.041274
0.179264 0.042112
0.181940 0.042957
0.184615 0.043810
0.187291 0.044671
0.189967 0.045540
0.192642 0.046417
0.195318 0.047303
0.197993 0.048196
0.200669 0.049098
0.203344 0.050009
0.206020 0.050928
0.208696 0.051855
0.211371 0.052791
0.214047 0.053736
0.216722 0.054690
0.219398 0.055652
0.222074 0.056624
0.224749 0.057605
0.227425 0.058595
0.230100 0.059594
0.232776 0.060602
0.235452 0.061620
0.238127 0.062647
0.240803 0.063684
0.243478 0.064731
0.246154 0.065787
0.248829 0.066854
0.251505 0.067930
0.254181 0.069016
0.256856 0.070112
0.259532 0.071219
0.262207 0.072336
0.264883 0.073463
0.267559 0.074601
0.270234 0.075749
0.272910 0.076908
0.275585 0.078078
0.278261 0.079259
0.280936 0.080451
0.283612 0.081653
0.286288 0.082867
0.288963 0.084092
0.291639 0.085329
0.294314 0.086577
0.296990 0.087836
0.299666 0.089107
0.302341 0.090390
0.305017 0.091685
0.307692 0.092992
0.310368 0.094310
0.313043 0.095641
0.315719 0.096984
0.318395 0.098340
0.321070 0.099707
0.323746 0.101088
0.326421 0.102481
0.329097 0.103887
0.331773 0.105305
0.334448 0.106737
0.337124 0.108181
0.339799 0.109639
0.342475 0.111110
0.345151 0.112594
0.347826 0.114092
0.350502 0.115603
0.353177 0.117128
0.355853 0.118667
0.358528 0.120219
0.361204 0.121786
0.363880 0.123366
0.366555 0.124961
0.369231 0.126570
0.371906 0.128193
0.374582 0.129831
0.377258 0.131483
0.379933 0.133150
0.382609 0.134832
0.385284 0.136529
0.387960 0.138240
0.390635 0.139967
0.393311 0.141709
0.395987 0.143466
0.398662 0.145238
0.401338 0.147026
0.404013 0.148829
0.406689 0.150648
0.409365 0.152483
0.412040 0.154333
0.414716 0.156200
0.417391 0.158082
0.420067 0.159981
0.422742 0.161895
0.425418 0.163826
0.428094 0.165773
0.430769 0.167737
0.433445 0.169717
0.436120 0.171714
0.438796 0.173728
0.441472 0.175758
0.444147 0.177805
0.446823 0.179869
0.449498 0.181951
0.452174 0.184049
0.454849 0.186164
0.457525 0.188297
0.460201 0.190447
0.462876 0.192614
0.465552 0.194799
0.468227 0.197001
0.470903 0.199220
0.473579 0.201458
0.476254 0.203713
0.478930 0.205986
0.481605 0.208276
0.484281 0.210585
0.486957 0.212911
0.489632 0.215255
0.492308 0.217618
0.494983 0.219998
0.497659 0.222396
0.500334 0.224813
0.503010 0.227247
0.505686 0.229700
0.508361 0.232171
0.511037 0.234660
0.513712 0.237167
0.516388 0.239693
0.519064 0.242237
0.521739 0.244799
0.524415 0.247380
0.527090 0.249978
0.529766 0.252596
0.532441 0.255231
0.535117 0.257885
0.537793 0.260557
0.540468 0.263247
0.543144 0.265956
0.545819 0.268682
0.548495 0.271427
0.551171 0.274190
0.553846 0.276972
0.556522 0.279771
0.559197 0.282589
0.561873 0.285424
0.564548 0.288278
0.567224 0.291149
0.569900 0.294038
0.572575 0.296945
0.575251 0.299870
0.577926 0.302812
0.580602 0.305772
0.583278 0.308750
0.585953 0.311744
0.588629 0.314756
0.591304 0.317786
0.593980 0.320832
0.596656 0.323895
0.599331 0.326976
0.602007 0.330072
0.604682 0.333186
0.607358 0.336316
0.610033 0.339462
0.612709 0.342625
0.615385 0.345803
0.618060 0.348998
0.620736 0.352208
0.623411 0.355433
0.626087 0.358674
0.628763 0.361930
0.631438 0.365202
0.634114 0.368488
0.636789 0.371788
0.639465 0.375103
0.642140 0.378432
0.644816 0.381775
0.647492 0.385132
0.650167 0.388503
0.652843 0.391886
0.655518 0.395283
0.658194 0.398692
0.660870 0.402114
0.663545 0.405548
0.666221 0.408994
0.668896 0.412452
0.671572 0.415921
0.674247 0.419402
0.676923 0.422893
0.679599 0.426394
0.682274 0.429906
0.684950 0.433428
0.687625 0.436959
0.690301 0.440499
0.692977 0.444049
0.695652 0.447607
0.698328 0.451173
0.701003 0.454746
0.703679 0.458328
0.706355 0.461916
0.709030 0.465511
0.711706 0.469112
0.714381 0.472719
0.717057 0.476332
0.719732 0.479950
0.722408 0.483573
0.725084 0.487199
0.727759 0.490830
0.730435 0.494464
0.733110 0.498101
0.735786 0.501740
0.738462 0.505382
0.741137 0.509025
0.743813 0.512670
0.746488 0.516315
0.749164 0.519960
0.751839 0.523605
0.754515 0.527249
0.757191 0.530892
0.759866 0.534533
0.762542 0.538172
0.765217 0.541808
0.767893 0.545441
0.770569 0.549070
0.773244 0.552695
0.775920 0.556314
0.778595 0.559929
0.781271 0.563537
0.783946 0.567139
0.786622 0.570734
0.789298 0.574321
0.791973 0.577900
0.794649 0.581471
0.797324 0.585032
0.800000 0.588583
