# x1    P (MPa)
0.000000 0.000041
0.002676 0.001999
0.005351 0.003965
0.008027 0.005938
0.010702 0.007918
0.013378 0.009905
0.016054 0.011899
0.018729 0.013901
0.021405 0.015911
0.024080 0.017928
0.026756 0.019952
0.029431 0.021984
0.032107 0.024023
0.034783 0.026070
0.037458 0.028125
0.040134 0.030187
0.042809 0.032258
0.045485 0.034335
0.048161 0.036421
0.050836 0.038515
0.053512 0.040616
0.056187 0.042725
0.058863 0.044842
0.061538 0.046968
0.064214 0.049101
0.066890 0.051242
0.069565 0.053392
0.072241 0.055549
0.074916 0.057715
0.077592 0.059889
0.080268 0.062071
0.082943 0.064262
0.085619 0.066461
0.088294 0.068668
0.090970 0.070884
0.093645 0.073108
0.096321 0.075341
0.098997 0.077582
0.101672 0.079832
0.104348 0.082090
0.107023 0.084357
0.109699 0.086633
0.112375 0.088918
0.115050 0.091211
0.117726 0.093513
0.120401 0.095824
0.123077 0.098144
0.125753 0.100473
0.128428 0.102811
0.131104 0.105158
0.133779 0.107515
0.136455 0.109880
0.139130 0.112254
0.141806 0.114638
0.144482 0.117031
0.147157 0.119433
0.149833 0.121845
0.152508 0.124266
0.155184 0.126696
0.157860 0.129136
0.160535 0.131586
0.163211 0.134045
0.165886 0.136514
0.168562 0.138992
0.171237 0.141480
0.173913 0.143978
0.176589 0.146485
0.179264 0.149003
0.181940 0.151530
0.184615 0.154067
0.187291 0.156614
0.189967 0.159171
0.192642 0.161738
0.195318 0.164316
0.197993 0.166903
0.200669 0.169501
0.203344 0.172109
0.206020 0.174727
0.208696 0.177355
0.211371 0.179994
0.214047 0.182644
0.216722 0.185303
0.219398 0.187974
0.222074 0.190654
0.224749 0.193346
0.227425 0.196048
0.230100 0.198761
0.232776 0.201484
0.235452 0.204218
0.238127 0.206963
0.240803 0.209719
0.243478 0.212486
0.246154 0.215264
0.248829 0.218053
0.251505 0.220852
0.254181 0.223663
0.256856 0.226485
0.259532 0.229319
0.262207 0.232163
0.264883 0.235019
0.267559 0.237886
0.270234 0.240764
0.272910 0.243654
0.275585 0.246555
0.278261 0.249468
0.280936 0.252392
0.283612 0.255328
0.286288 0.258276
0.288963 0.261235
0.291639 0.264206
0.294314 0.267188
0.296990 0.270183
0.299666 0.273189
0.302341 0.276207
0.305017 0.279237
0.307692 0.282279
0.310368 0.285333
0.313043 0.288399
0.315719 0.291478
0.318395 0.294568
0.321070 0.297670
0.323746 0.300785
0.326421 0.303912
0.329097 0.307051
0.331773 0.310203
0.334448 0.313367
0.337124 0.316543
0.339799 0.319732
0.342475 0.322934
0.345151 0.326147
0.347826 0.329374
0.350502 0.332613
0.353177 0.335865
0.355853 0.339129
0.358528 0.342406
0.361204 0.345696
0.363880 0.348999
0.366555 0.352314
0.369231 0.355643
0.371906 0.358984
0.374582 0.362338
0.377258 0.365705
0.379933 0.369085
0.382609 0.372479
0.385284 0.375885
0.387960 0.379304
0.390635 0.382737
0.393311 0.386182
0.395987 0.389641
0.398662 0.393113
0.401338 0.396598
0.404013 0.400097
0.406689 0.403608
0.409365 0.407134
0.412040 0.410672
0.414716 0.414224
0.417391 0.417789
0.420067 0.421368
0.422742 0.424960
0.425418 0.428565
0.428094 0.432184
0.430769 0.435817
0.433445 0.439463
0.436120 0.443122
0.438796 0.446795
0.441472 0.450482
0.444147 0.454182
0.446823 0.457896
0.449498 0.461623
0.452174 0.465364
0.454849 0.469119
0.457525 0.472887
0.460201 0.476669
0.462876 0.480465
0.465552 0.484274
0.468227 0.488097
0.470903 0.491933
0.473579 0.495783
0.476254 0.499647
0.478930 0.503525
0.481605 0.507416
0.484281 0.511321
0.486957 0.515239
0.489632 0.519171
0.492308 0.523117
0.494983 0.527076
0.497659 0.531049
0.500334 0.535036
0.503010 0.539036
0.505686 0.543050
0.508361 0.547077
0.511037 0.551118
0.513712 0.555173
0.516388 0.559240
0.519064 0.563322
0.521739 0.567417
0.524415 0.571525
0.527090 0.575646
0.529766 0.579781
0.532441 0.583930
0.535117 0.588091
0.537793 0.592266
0.540468 0.596454
0.543144 0.600655
0.545819 0.604869
0.548495 0.609097
0.551171 0.613337
0.553846 0.617590
0.556522 0.621857
0.559197 0.626136
0.561873 0.630428
0.564548 0.634732
0.567224 0.639049
0.569900 0.643379
0.572575 0.647722
0.575251 0.652077
0.577926 0.656444
0.580602 0.660824
0.583278 0.665216
0.585953 0.669620
0.588629 0.674036
0.591304 0.678464
0.593980 0.682904
0.596656 0.687355
0.599331 0.691819
0.602007 0.696294
0.604682 0.700780
0.607358 0.705278
0.610033 0.709787
0.612709 0.714308
0.615385 0.718839
0.618060 0.723381
0.620736 0.727934
0.623411 0.732498
0.626087 0.737072
0.628763 0.741657
0.631438 0.746252
0.634114 0.750857
0.636789 0.755472
0.639465 0.760097
0.642140 0.764731
0.644816 0.769375
0.647492 0.774029
0.650167 0.778691
0.652843 0.783363
0.655518 0.788043
0.658194 0.792732
0.660870 0.797429
0.663545 0.802135
0.666221 0.806849
0.668896 0.811571
0.671572 0.816300
0.674247 0.821037
0.676923 0.825781
0.679599 0.830532
0.682274 0.835290
0.684950 0.840055
0.687625 0.844826
0.690301 0.849603
0.692977 0.854386
0.695652 0.859175
0.698328 0.863969
0.701003 0.868768
0.703679 0.873572
0.706355 0.878381
0.709030 0.883194
0.711706 0.888012
0.714381 0.892833
0.717057 0.897657
0.719732 0.902485
0.722408 0.907315
0.725084 0.912148
0.727759 0.916984
0.730435 0.921821
0.733110 0.926660
0.735786 0.931501
0.738462 0.936342
0.741137 0.941184
0.743813 0.946026
0.746488 0.950869
0.749164 0.955710
0.751839 0.960551
0.754515 0.965391
0.757191 0.970229
0.759866 0.975066
0.762542 0.979900
0.765217 0.984731
0.767893 0.989559
0.770569 0.994384
0.773244 0.999205
0.775920 1.004021
0.778595 1.008832
0.781271 1.013639
0.783946 1.018439
0.786622 1.023234
0.789298 1.028021
0.791973 1.032802
0.794649 1.037575
0.797324 1.042340
0.800000 1.047097
