# x1    P (MPa)
0.000000 0.000030
0.002676 0.002357
0.005351 0.004690
0.008027 0.007029
0.010702 0.009374
0.013378 0.011726
0.016054 0.014084
0.018729 0.016449
0.021405 0.018820
0.024080 0.021197
0.026756 0.023581
0.029431 0.025972
0.032107 0.028368
0.034783 0.030772
0.037458 0.033182
0.040134 0.035598
0.042809 0.038022
0.045485 0.040452
0.048161 0.042888
0.050836 0.045331
0.053512 0.047781
0.056187 0.050238
0.058863 0.052701
0.061538 0.055172
0.064214 0.057649
0.066890 0.060132
0.069565 0.062623
0.072241 0.065121
0.074916 0.067625
0.077592 0.070137
0.080268 0.072655
0.082943 0.075181
0.085619 0.077713
0.088294 0.080253
0.090970 0.082800
0.093645 0.085353
0.096321 0.087914
0.098997 0.090482
0.101672 0.093057
0.104348 0.095640
0.107023 0.098229
0.109699 0.100826
0.112375 0.103430
0.115050 0.106042
0.117726 0.108660
0.120401 0.111287
0.123077 0.113920
0.125753 0.116561
0.128428 0.119209
0.131104 0.121865
0.133779 0.124528
0.136455 0.127199
0.139130 0.129878
0.141806 0.132564
0.144482 0.135257
0.147157 0.137958
0.149833 0.140667
0.152508 0.143384
0.155184 0.146108
0.157860 0.148840
0.160535 0.151579
0.163211 0.154327
0.165886 0.157082
0.168562 0.159845
0.171237 0.162616
0.173913 0.165395
0.176589 0.168182
0.179264 0.170976
0.181940 0.173779
0.184615 0.176590
0.187291 0.179408
0.189967 0.182235
0.192642 0.185070
0.195318 0.187913
0.197993 0.190764
0.200669 0.193623
0.203344 0.196490
0.206020 0.199366
0.208696 0.202250
0.211371 0.205142
0.214047 0.208042
0.216722 0.210950
0.219398 0.213867
0.222074 0.216793
0.224749 0.219726
0.227425 0.222668
0.230100 0.225619
0.232776 0.228578
0.235452 0.231545
0.238127 0.234521
0.240803 0.237506
0.243478 0.240499
0.246154 0.243501
0.248829 0.246511
0.251505 0.249530
0.254181 0.252558
0.256856 0.255594
0.259532 0.258639
0.262207 0.261693
0.264883 0.264755
0.267559 0.267826
0.270234 0.270907
0.272910 0.273996
0.275585 0.277093
0.278261 0.280200
0.280936 0.283316
0.283612 0.286440
0.286288 0.289574
0.288963 0.292716
0.291639 0.295868
0.294314 0.299028
0.296990 0.302198
0.299666 0.305376
0.302341 0.308564
0.305017 0.311761
0.307692 0.314967
0.310368 0.318182
0.313043 0.321406
0.315719 0.324640
0.318395 0.327882
0.321070 0.331134
0.323746 0.334395
0.326421 0.337666
0.329097 0.340946
0.331773 0.344235
0.334448 0.347533
0.337124 0.350841
0.339799 0.354158
0.342475 0.357485
0.345151 0.360821
0.347826 0.364166
0.350502 0.367521
0.353177 0.370886
0.355853 0.374260
0.358528 0.377643
0.361204 0.381036
0.363880 0.384438
0.366555 0.387850
0.369231 0.391272
0.371906 0.394703
0.374582 0.398144
0.377258 0.401594
0.379933 0.405054
0.382609 0.408524
0.385284 0.412003
0.387960 0.415492
0.390635 0.418991
0.393311 0.422499
0.395987 0.426017
0.398662 0.429545
0.401338 0.433082
0.404013 0.436630
0.406689 0.440187
0.409365 0.443753
0.412040 0.447330
0.414716 0.450916
0.417391 0.454512
0.420067 0.458118
0.422742 0.461733
0.425418 0.465359
0.428094 0.468994
0.430769 0.472639
0.433445 0.476293
0.436120 0.479958
0.438796 0.483632
0.441472 0.487316
0.444147 0.491010
0.446823 0.494714
0.449498 0.498428
0.452174 0.502151
0.454849 0.505884
0.457525 0.509627
0.460201 0.513380
0.462876 0.517143
0.465552 0.520915
0.468227 0.524697
0.470903 0.528489
0.473579 0.532291
0.476254 0.536102
0.478930 0.539923
0.481605 0.543754
0.484281 0.547595
0.486957 0.551445
0.489632 0.555305
0.492308 0.559175
0.494983 0.563054
0.497659 0.566943
0.500334 0.570842
0.503010 0.574750
0.505686 0.578668
0.508361 0.582595
0.511037 0.586532
0.513712 0.590479
0.516388 0.594435
0.519064 0.598400
0.521739 0.602375
0.524415 0.606360
0.527090 0.610353
0.529766 0.614357
0.532441 0.618369
0.535117 0.622391
0.537793 0.626422
0.540468 0.630462
0.543144 0.634511
0.545819 0.638570
0.548495 0.642637
0.551171 0.646714
0.553846 0.650800
0.556522 0.654895
0.559197 0.658998
0.561873 0.663111
0.564548 0.667232
0.567224 0.671362
0.569900 0.675501
0.572575 0.679649
0.575251 0.683805
0.577926 0.687969
0.580602 0.692143
0.583278 0.696324
0.585953 0.700514
0.588629 0.704713
0.591304 0.708919
0.593980 0.713134
0.596656 0.717357
0.599331 0.721588
0.602007 0.725826
0.604682 0.730073
0.607358 0.734328
0.610033 0.738590
0.612709 0.742859
0.615385 0.747137
0.618060 0.751422
0.620736 0.755714
0.623411 0.760013
0.626087 0.764320
0.628763 0.768633
0.631438 0.772954
0.634114 0.777281
0.636789 0.781616
0.639465 0.785957
0.642140 0.790304
0.644816 0.794658
0.647492 0.799018
0.650167 0.803385
0.652843 0.807757
0.655518 0.812136
0.658194 0.816520
0.660870 0.820910
0.663545 0.825306
0.666221 0.829707
0.668896 0.834113
0.671572 0.838524
0.674247 0.842941
0.676923 0.847362
0.679599 0.851788
0.682274 0.856219
0.684950 0.860654
0.687625 0.865093
0.690301 0.869537
0.692977 0.873984
0.695652 0.878435
0.698328 0.882890
0.701003 0.887348
0.703679 0.891809
0.706355 0.896273
0.709030 0.900740
0.711706 0.905210
0.714381 0.909682
0.717057 0.914157
0.719732 0.918633
0.722408 0.923111
0.725084 0.927591
0.727759 0.932073
0.730435 0.936556
0.733110 0.941039
0.735786 0.945524
0.738462 0.950009
0.741137 0.954494
0.743813 0.958979
0.746488 0.963464
0.749164 0.967949
0.751839 0.972433
0.754515 0.976916
0.757191 0.981398
0.759866 0.985879
0.762542 0.990357
0.765217 0.994834
0.767893 0.999309
0.770569 1.003780
0.773244 1.008250
0.775920 1.012715
0.778595 1.017178
0.781271 1.021637
0.783946 1.026092
0.786622 1.030542
0.789298 1.034988
0.791973 1.039429
0.794649 1.043864
0.797324 1.048294
0.800000 1.052718
