# x1    P (MPa)
0.000000 0.000107
0.002676 0.002606
0.005351 0.005113
0.008027 0.007627
0.010702 0.010150
0.013378 0.012680
0.016054 0.015219
0.018729 0.017765
0.021405 0.020320
0.024080 0.022883
0.026756 0.025454
0.029431 0.028032
0.032107 0.030620
0.034783 0.033215
0.037458 0.035818
0.040134 0.038430
0.042809 0.041050
0.045485 0.043678
0.048161 0.046315
0.050836 0.048960
0.053512 0.051613
0.056187 0.054274
0.058863 0.056944
0.061538 0.059623
0.064214 0.062310
0.066890 0.065005
0.069565 0.067709
0.072241 0.070421
0.074916 0.073142
0.077592 0.075872
0.080268 0.078610
0.082943 0.081356
0.085619 0.084112
0.088294 0.086876
0.090970 0.089648
0.093645 0.092430
0.096321 0.095220
0.098997 0.098019
0.101672 0.100826
0.104348 0.103643
0.107023 0.106468
0.109699 0.109302
0.112375 0.112145
0.115050 0.114997
0.117726 0.117858
0.120401 0.120727
0.123077 0.123606
0.125753 0.126494
0.128428 0.129390
0.131104 0.132296
0.133779 0.135211
0.136455 0.138135
0.139130 0.141067
0.141806 0.144009
0.144482 0.146960
0.147157 0.149921
0.149833 0.152890
0.152508 0.155869
0.155184 0.158856
0.157860 0.161853
0.160535 0.164860
0.163211 0.167875
0.165886 0.170900
0.168562 0.173934
0.171237 0.176977
0.173913 0.180030
0.176589 0.183092
0.179264 0.186163
0.181940 0.189244
0.184615 0.192334
0.187291 0.195434
0.189967 0.198543
0.192642 0.201661
0.195318 0.204789
0.197993 0.207927
0.200669 0.211074
0.203344 0.214230
0.206020 0.217396
0.208696 0.220572
0.211371 0.223757
0.214047 0.226951
0.216722 0.230155
0.219398 0.233369
0.222074 0.236593
0.224749 0.239826
0.227425 0.243068
0.230100 0.246320
0.232776 0.249582
0.235452 0.252854
0.238127 0.256135
0.240803 0.259426
0.243478 0.262727
0.246154 0.266037
0.248829 0.269357
0.251505 0.272687
0.254181 0.276026
0.256856 0.279375
0.259532 0.282734
0.262207 0.286103
0.264883 0.289481
0.267559 0.292869
0.270234 0.296267
0.272910 0.299675
0.275585 0.303092
0.278261 0.306519
0.280936 0.309956
0.283612 0.313403
0.286288 0.316860
0.288963 0.320326
0.291639 0.323802
0.294314 0.327288
0.296990 0.330783
0.299666 0.334289
0.302341 0.337804
0.305017 0.341329
0.307692 0.344864
0.310368 0.348408
0.313043 0.351962
0.315719 0.355526
0.318395 0.359100
0.321070 0.362683
0.323746 0.366277
0.326421 0.369880
0.329097 0.373492
0.331773 0.377115
0.334448 0.380747
0.337124 0.384388
0.339799 0.388040
0.342475 0.391701
0.345151 0.395372
0.347826 0.399052
0.350502 0.402742
0.353177 0.406441
0.355853 0.410151
0.358528 0.413869
0.361204 0.417598
0.363880 0.421336
0.366555 0.425083
0.369231 0.428840
0.371906 0.432606
0.374582 0.436382
0.377258 0.440167
0.379933 0.443962
0.382609 0.447766
0.385284 0.451580
0.387960 0.455402
0.390635 0.459235
0.393311 0.463076
0.395987 0.466926
0.398662 0.470786
0.401338 0.474655
0.404013 0.478533
0.406689 0.482421
0.409365 0.486317
0.412040 0.490222
0.414716 0.494137
0.417391 0.498060
0.420067 0.501993
0.422742 0.505934
0.425418 0.509884
0.428094 0.513843
0.430769 0.517810
0.433445 0.521787
0.436120 0.525772
0.438796 0.529765
0.441472 0.533768
0.444147 0.537778
0.446823 0.541798
0.449498 0.545825
0.452174 0.549861
0.454849 0.553906
0.457525 0.557958
0.460201 0.562019
0.462876 0.566088
0.465552 0.570165
0.468227 0.574250
0.470903 0.578343
0.473579 0.582444
0.476254 0.586553
0.478930 0.590669
0.481605 0.594793
0.484281 0.598925
0.486957 0.603064
0.489632 0.607211
0.492308 0.611365
0.494983 0.615527
0.497659 0.619696
0.500334 0.623871
0.503010 0.628054
0.505686 0.632244
0.508361 0.636441
0.511037 0.640645
0.513712 0.644855
0.516388 0.649072
0.519064 0.653296
0.521739 0.657526
0.524415 0.661762
0.527090 0.666005
0.529766 0.670254
0.532441 0.674509
0.535117 0.678770
0.537793 0.683036
0.540468 0.687309
0.543144 0.691587
0.545819 0.695870
0.548495 0.700160
0.551171 0.704454
0.553846 0.708753
0.556522 0.713058
0.559197 0.717368
0.561873 0.721682
0.564548 0.726001
0.567224 0.730325
0.569900 0.734653
0.572575 0.738986
0.575251 0.743322
0.577926 0.747663
0.580602 0.752008
0.583278 0.756356
0.585953 0.760708
0.588629 0.765064
0.591304 0.769423
0.593980 0.773785
0.596656 0.778150
0.599331 0.782518
0.602007 0.786889
0.604682 0.791263
0.607358 0.795638
0.610033 0.800017
0.612709 0.804397
0.615385 0.808779
0.618060 0.813163
0.620736 0.817549
0.623411 0.821936
0.626087 0.826324
0.628763 0.830714
0.631438 0.835104
0.634114 0.839495
0.636789 0.843887
0.639465 0.848279
0.642140 0.852671
0.644816 0.857063
0.647492 0.861455
0.650167 0.865847
0.652843 0.870238
0.655518 0.874628
0.658194 0.879017
0.660870 0.883405
0.663545 0.887791
0.666221 0.892176
0.668896 0.896559
0.671572 0.900939
0.674247 0.905318
0.676923 0.909694
0.679599 0.914067
0.682274 0.918437
0.684950 0.922804
0.687625 0.927168
0.690301 0.931528
0.692977 0.935884
0.695652 0.940236
0.698328 0.944583
0.701003 0.948926
0.703679 0.953264
0.706355 0.957596
0.709030 0.961924
0.711706 0.966245
0.714381 0.970561
0.717057 0.974871
0.719732 0.979174
0.722408 0.983470
0.725084 0.987759
0.727759 0.992041
0.730435 0.996316
0.733110 1.000583
0.735786 1.004841
0.738462 1.009091
0.741137 1.013333
0.743813 1.017566
0.746488 1.021789
0.749164 1.026003
0.751839 1.030207
0.754515 1.034400
0.757191 1.038584
0.759866 1.042756
0.762542 1.046918
0.765217 1.051068
0.767893 1.055206
0.770569 1.059333
0.773244 1.063447
0.775920 1.067548
0.778595 1.071637
0.781271 1.075712
0.783946 1.079774
0.786622 1.083821
0.789298 1.087855
0.791973 1.091874
0.794649 1.095877
0.797324 1.099866
0.800000 1.103839
