# x1    P (MPa)
0.000000 0.000016
0.002676 0.001439
0.005351 0.002868
0.008027 0.004302
0.010702 0.005742
0.013378 0.007188
0.016054 0.008640
0.018729 0.010098
0.021405 0.011562
0.024080 0.013031
0.026756 0.014507
0.029431 0.015988
0.032107 0.017476
0.034783 0.018969
0.037458 0.020469
0.040134 0.021975
0.042809 0.023487
0.045485 0.025005
0.048161 0.026529
0.050836 0.028060
0.053512 0.029596
0.056187 0.031140
0.058863 0.032689
0.061538 0.034245
0.064214 0.035807
0.066890 0.037376
0.069565 0.038951
0.072241 0.040533
0.074916 0.042121
0.077592 0.043716
0.080268 0.045318
0.082943 0.046926
0.085619 0.048541
0.088294 0.050162
0.090970 0.051791
0.093645 0.053426
0.096321 0.055068
0.098997 0.056716
0.101672 0.058372
0.104348 0.060035
0.107023 0.061704
0.109699 0.063381
0.112375 0.065065
0.115050 0.066755
0.117726 0.068453
0.120401 0.070158
0.123077 0.071870
0.125753 0.073590
0.128428 0.075316
0.131104 0.077050
0.133779 0.078792
0.136455 0.080540
0.139130 0.082296
0.141806 0.084060
0.144482 0.085831
0.147157 0.087609
0.149833 0.089395
0.152508 0.091189
0.155184 0.092990
0.157860 0.094799
0.160535 0.096616
0.163211 0.098440
0.165886 0.100273
0.168562 0.102113
0.171237 0.103961
0.173913 0.105816
0.176589 0.107680
0.179264 0.109552
0.181940 0.111432
0.184615 0.113319
0.187291 0.115215
0.189967 0.117119
0.192642 0.119031
0.195318 0.120952
0.197993 0.122881
0.200669 0.124818
0.203344 0.126763
0.206020 0.128716
0.208696 0.130678
0.211371 0.132649
0.214047 0.134628
0.216722 0.136616
0.219398 0.138612
0.222074 0.140616
0.224749 0.142630
0.227425 0.144652
0.230100 0.146682
0.232776 0.148722
0.235452 0.150770
0.238127 0.152828
0.240803 0.154894
0.243478 0.156969
0.246154 0.159053
0.248829 0.161146
0.251505 0.163248
0.254181 0.165359
0.256856 0.167479
0.259532 0.169608
0.262207 0.171747
0.264883 0.173895
0.267559 0.176052
0.270234 0.178219
0.272910 0.180395
0.275585 0.182580
0.278261 0.184775
0.280936 0.186979
0.283612 0.189192
0.286288 0.191416
0.288963 0.193649
0.291639 0.195891
0.294314 0.198143
0.296990 0.200405
0.299666 0.202677
0.302341 0.204959
0.305017 0.207250
0.307692 0.209551
0.310368 0.211862
0.313043 0.214183
0.315719 0.216514
0.318395 0.218855
0.321070 0.221207
0.323746 0.223568
0.326421 0.225939
0.329097 0.228321
0.331773 0.230713
0.334448 0.233115
0.337124 0.235527
0.339799 0.237950
0.342475 0.240383
0.345151 0.242826
0.347826 0.245280
0.350502 0.247744
0.353177 0.250219
0.355853 0.252705
0.358528 0.255201
0.361204 0.257707
0.363880 0.260224
0.366555 0.262752
0.369231 0.265291
0.371906 0.267840
0.374582 0.270400
0.377258 0.272971
0.379933 0.275552
0.382609 0.278145
0.385284 0.280748
0.387960 0.283363
0.390635 0.285988
0.393311 0.288624
0.395987 0.291271
0.398662 0.293930
0.401338 0.296599
0.404013 0.299279
0.406689 0.301971
0.409365 0.304674
0.412040 0.307388
0.414716 0.310113
0.417391 0.312849
0.420067 0.315596
0.422742 0.318355
0.425418 0.321125
0.428094 0.323906
0.430769 0.326699
0.433445 0.329503
0.436120 0.332318
0.438796 0.335145
0.441472 0.337983
0.444147 0.340832
0.446823 0.343693
0.449498 0.346565
0.452174 0.349449
0.454849 0.352344
0.457525 0.355251
0.460201 0.358169
0.462876 0.361099
0.465552 0.364040
0.468227 0.366993
0.470903 0.369957
0.473579 0.372933
0.476254 0.375920
0.478930 0.378919
0.481605 0.381929
0.484281 0.384951
0.486957 0.387984
0.489632 0.391029
0.492308 0.394085
0.494983 0.397153
0.497659 0.400233
0.500334 0.403324
0.503010 0.406426
0.505686 0.409540
0.508361 0.412665
0.511037 0.415802
0.513712 0.418951
0.516388 0.422110
0.519064 0.425282
0.521739 0.428464
0.524415 0.431658
0.527090 0.434864
0.529766 0.438080
0.532441 0.441308
0.535117 0.444548
0.537793 0.447798
0.540468 0.451060
0.543144 0.454333
0.545819 0.457617
0.548495 0.460913
0.551171 0.464219
0.553846 0.467536
0.556522 0.470865
0.559197 0.474204
0.561873 0.477554
0.564548 0.480916
0.567224 0.484288
0.569900 0.487670
0.572575 0.491064
0.575251 0.494468
0.577926 0.497883
0.580602 0.501308
0.583278 0.504744
0.585953 0.508190
0.588629 0.511646
0.591304 0.515113
0.593980 0.518590
0.596656 0.522077
0.599331 0.525574
0.602007 0.529081
0.604682 0.532598
0.607358 0.536124
0.610033 0.539661
0.612709 0.543207
0.615385 0.546762
0.618060 0.550327
0.620736 0.553901
0.623411 0.557484
0.626087 0.561077
0.628763 0.564678
0.631438 0.568288
0.634114 0.571907
0.636789 0.575535
0.639465 0.579171
0.642140 0.582815
0.644816 0.586468
0.647492 0.590129
0.650167 0.593797
0.652843 0.597474
0.655518 0.601158
0.658194 0.604850
0.660870 0.608549
0.663545 0.612255
0.666221 0.615968
0.668896 0.619689
0.671572 0.623416
0.674247 0.627149
0.676923 0.630889
0.679599 0.634635
0.682274 0.638387
0.684950 0.642145
0.687625 0.645909
0.690301 0.649677
0.692977 0.653452
0.695652 0.657231
0.698328 0.661015
0.701003 0.664803
0.703679 0.668596
0.706355 0.672393
0.709030 0.676195
0.711706 0.679999
0.714381 0.683807
0.717057 0.687619
0.719732 0.691433
0.722408 0.695250
0.725084 0.699070
0.727759 0.702892
0.730435 0.706715
0.733110 0.710540
0.735786 0.714367
0.738462 0.718195
0.741137 0.722023
0.743813 0.725853
0.746488 0.729682
0.749164 0.733511
0.751839 0.737340
0.754515 0.741168
0.757191 0.744995
0.759866 0.748821
0.762542 0.752645
0.765217 0.756467
0.767893 0.760287
0.770569 0.764104
0.773244 0.767917
0.775920 0.771728
0.778595 0.775535
0.781271 0.779337
0.783946 0.783135
0.786622 0.786928
0.789298 0.790716
0.791973 0.794498
0.794649 0.798274
0.797324 0.802044
0.800000 0.805807
