# x1    P (MPa)
0.000000 0.000043
0.002676 0.001891
0.005351 0.003746
0.008027 0.005607
0.010702 0.007474
0.013378 0.009349
0.016054 0.011229
0.018729 0.013116
0.021405 0.015010
0.024080 0.016911
0.026756 0.018818
0.029431 0.020731
0.032107 0.022652
0.034783 0.024579
0.037458 0.026513
0.040134 0.028453
0.042809 0.030401
0.045485 0.032355
0.048161 0.034316
0.050836 0.036284
0.053512 0.038259
0.056187 0.040240
0.058863 0.042229
0.061538 0.044224
0.064214 0.046227
0.066890 0.048236
0.069565 0.050253
0.072241 0.052276
0.074916 0.054307
0.077592 0.056344
0.080268 0.058389
0.082943 0.060441
0.085619 0.062500
0.088294 0.064566
0.090970 0.066639
0.093645 0.068719
0.096321 0.070807
0.098997 0.072902
0.101672 0.075004
0.104348 0.077113
0.107023 0.079230
0.109699 0.081354
0.112375 0.083486
0.115050 0.085624
0.117726 0.087771
0.120401 0.089924
0.123077 0.092085
0.125753 0.094254
0.128428 0.096430
0.131104 0.098613
0.133779 0.100804
0.136455 0.103002
0.139130 0.105208
0.141806 0.107422
0.144482 0.109643
0.147157 0.111872
0.149833 0.114108
0.152508 0.116352
0.155184 0.118604
0.157860 0.120863
0.160535 0.123130
0.163211 0.125405
0.165886 0.127687
0.168562 0.129977
0.171237 0.132275
0.173913 0.134581
0.176589 0.136895
0.179264 0.139216
0.181940 0.141545
0.184615 0.143882
0.187291 0.146227
0.189967 0.148580
0.192642 0.150941
0.195318 0.153310
0.197993 0.155686
0.200669 0.158071
0.203344 0.160463
0.206020 0.162864
0.208696 0.165272
0.211371 0.167688
0.214047 0.170113
0.216722 0.172545
0.219398 0.174986
0.222074 0.177435
0.224749 0.179891
0.227425 0.182356
0.230100 0.184829
0.232776 0.187310
0.235452 0.189799
0.238127 0.192296
0.240803 0.194801
0.243478 0.197315
0.246154 0.199836
0.248829 0.202366
0.251505 0.204904
0.254181 0.207450
0.256856 0.210005
0.259532 0.212567
0.262207 0.215138
0.264883 0.217717
0.267559 0.220304
0.270234 0.222899
0.272910 0.225503
0.275585 0.228115
0.278261 0.230735
0.280936 0.233364
0.283612 0.236000
0.286288 0.238645
0.288963 0.241298
0.291639 0.243960
0.294314 0.246630
0.296990 0.249308
0.299666 0.251994
0.302341 0.254688
0.305017 0.257391
0.307692 0.260102
0.310368 0.262822
0.313043 0.265549
0.315719 0.268285
0.318395 0.271029
0.321070 0.273782
0.323746 0.276542
0.326421 0.279311
0.329097 0.282089
0.331773 0.284874
0.334448 0.287668
0.337124 0.290470
0.339799 0.293280
0.342475 0.296098
0.345151 0.298925
0.347826 0.301760
0.350502 0.304603
0.353177 0.307454
0.355853 0.310313
0.358528 0.313181
0.361204 0.316056
0.363880 0.318940
0.366555 0.321832
0.369231 0.324732
0.371906 0.327640
0.374582 0.330557
0.377258 0.333481
0.379933 0.336413
0.382609 0.339354
0.385284 0.342302
0.387960 0.345258
0.390635 0.348222
0.393311 0.351195
0.395987 0.354175
0.398662 0.357163
0.401338 0.360159
0.404013 0.363163
0.406689 0.366174
0.409365 0.369193
0.412040 0.372221
0.414716 0.375255
0.417391 0.378298
0.420067 0.381348
0.422742 0.384406
0.425418 0.387472
0.428094 0.390545
0.430769 0.393625
0.433445 0.396713
0.436120 0.399809
0.438796 0.402912
0.441472 0.406022
0.444147 0.409140
0.446823 0.412265
0.449498 0.415397
0.452174 0.418537
0.454849 0.421683
0.457525 0.424837
0.460201 0.427998
0.462876 0.431166
0.465552 0.434341
0.468227 0.437523
0.470903 0.440712
0.473579 0.443907
0.476254 0.447110
0.478930 0.450319
0.481605 0.453534
0.484281 0.456757
0.486957 0.459986
0.489632 0.463221
0.492308 0.466463
0.494983 0.469711
0.497659 0.472966
0.500334 0.476226
0.503010 0.479493
0.505686 0.482766
0.508361 0.486045
0.511037 0.489330
0.513712 0.492621
0.516388 0.495917
0.519064 0.499220
0.521739 0.502528
0.524415 0.505841
0.527090 0.509160
0.529766 0.512485
0.532441 0.515815
0.535117 0.519150
0.537793 0.522490
0.540468 0.525835
0.543144 0.529185
0.545819 0.532540
0.548495 0.535900
0.551171 0.539265
0.553846 0.542634
0.556522 0.546008
0.559197 0.549386
0.561873 0.552768
0.564548 0.556155
0.567224 0.559545
0.569900 0.562940
0.572575 0.566338
0.575251 0.569741
0.577926 0.573147
0.580602 0.576556
0.583278 0.579969
0.585953 0.583385
0.588629 0.586805
0.591304 0.590227
0.593980 0.593652
0.596656 0.597081
0.599331 0.600511
0.602007 0.603945
0.604682 0.607381
0.607358 0.610819
0.610033 0.614259
0.612709 0.617702
0.615385 0.621146
0.618060 0.624592
0.620736 0.628039
0.623411 0.631488
0.626087 0.634939
0.628763 0.638390
0.631438 0.641843
0.634114 0.645296
0.636789 0.648750
0.639465 0.652205
0.642140 0.655660
0.644816 0.659115
0.647492 0.662570
0.650167 0.666025
0.652843 0.669480
0.655518 0.672934
0.658194 0.676388
0.660870 0.679841
0.663545 0.683293
0.666221 0.686744
0.668896 0.690194
0.671572 0.693642
0.674247 0.697088
0.676923 0.700533
0.679599 0.703975
0.682274 0.707415
0.684950 0.710853
0.687625 0.714288
0.690301 0.717720
0.692977 0.721149
0.695652 0.724575
0.698328 0.727997
0.701003 0.731416
0.703679 0.734831
0.706355 0.738241
0.709030 0.741648
0.711706 0.745050
0.714381 0.748447
0.717057 0.751839
0.719732 0.755226
0.722408 0.758608
0.725084 0.761983
0.727759 0.765353
0.730435 0.768717
0.733110 0.772075
0.735786 0.775426
0.738462 0.778770
0.741137 0.782107
0.743813 0.785437
0.746488 0.788759
0.749164 0.792073
0.751839 0.795380
0.754515 0.798678
0.757191 0.801967
0.759866 0.805248
0.762542 0.808520
0.765217 0.811782
0.767893 0.815035
0.770569 0.818277
0.773244 0.821510
0.775920 0.824732
0.778595 0.827944
0.781271 0.831145
0.783946 0.834334
0.786622 0.837512
0.789298 0.840678
0.791973 0.843832
0.794649 0.846974
0.797324 0.850103
0.800000 0.853219
