# x1    P (MPa)
0.000000 0.000006
0.002676 0.001012
0.005351 0.002022
0.008027 0.003037
0.010702 0.004056
0.013378 0.005080
0.016054 0.006109
0.018729 0.007141
0.021405 0.008179
0.024080 0.009221
0.026756 0.010268
0.029431 0.011319
0.032107 0.012375
0.034783 0.013436
0.037458 0.014501
0.040134 0.015571
0.042809 0.016646
0.045485 0.017726
0.048161 0.018811
0.050836 0.019900
0.053512 0.020994
0.056187 0.022094
0.058863 0.023198
0.061538 0.024307
0.064214 0.025421
0.066890 0.026541
0.069565 0.027665
0.072241 0.028794
0.074916 0.029929
0.077592 0.031068
0.080268 0.032213
0.082943 0.033363
0.085619 0.034519
0.088294 0.035679
0.090970 0.036845
0.093645 0.038016
0.096321 0.039193
0.098997 0.040374
0.101672 0.041562
0.104348 0.042754
0.107023 0.043953
0.109699 0.045156
0.112375 0.046365
0.115050 0.047580
0.117726 0.048801
0.120401 0.050027
0.123077 0.051258
0.125753 0.052496
0.128428 0.053739
0.131104 0.054987
0.133779 0.056242
0.136455 0.057502
0.139130 0.058768
0.141806 0.060041
0.144482 0.061319
0.147157 0.062602
0.149833 0.063892
0.152508 0.065188
0.155184 0.066490
0.157860 0.067798
0.160535 0.069112
0.163211 0.070432
0.165886 0.071759
0.168562 0.073091
0.171237 0.074430
0.173913 0.075775
0.176589 0.077127
0.179264 0.078484
0.181940 0.079848
0.184615 0.081219
0.187291 0.082596
0.189967 0.083979
0.192642 0.085369
0.195318 0.086765
0.197993 0.088168
0.200669 0.089578
0.203344 0.090994
0.206020 0.092417
0.208696 0.093846
0.211371 0.095283
0.214047 0.096726
0.216722 0.098175
0.219398 0.099632
0.222074 0.101096
0.224749 0.102566
0.227425 0.104043
0.230100 0.105528
0.232776 0.107019
0.235452 0.108518
0.238127 0.110023
0.240803 0.111536
0.243478 0.113055
0.246154 0.114582
0.248829 0.116117
0.251505 0.117658
0.254181 0.119207
0.256856 0.120763
0.259532 0.122326
0.262207 0.123897
0.264883 0.125475
0.267559 0.127061
0.270234 0.128654
0.272910 0.130255
0.275585 0.131863
0.278261 0.133479
0.280936 0.135102
0.283612 0.136734
0.286288 0.138373
0.288963 0.140019
0.291639 0.141674
0.294314 0.143336
0.296990 0.145006
0.299666 0.146684
0.302341 0.148370
0.305017 0.150064
0.307692 0.151765
0.310368 0.153475
0.313043 0.155193
0.315719 0.156919
0.318395 0.158653
0.321070 0.160395
0.323746 0.162146
0.326421 0.163904
0.329097 0.165671
0.331773 0.167446
0.334448 0.169230
0.337124 0.171022
0.339799 0.172822
0.342475 0.174631
0.345151 0.176448
0.347826 0.178273
0.350502 0.180107
0.353177 0.181950
0.355853 0.183801
0.358528 0.185661
0.361204 0.187530
0.363880 0.189407
0.366555 0.191293
0.369231 0.193187
0.371906 0.195090
0.374582 0.197003
0.377258 0.198923
0.379933 0.200853
0.382609 0.202792
0.385284 0.204739
0.387960 0.206696
0.390635 0.208661
0.393311 0.210636
0.395987 0.212619
0.398662 0.214611
0.401338 0.216613
0.404013 0.218623
0.406689 0.220643
0.409365 0.222672
0.412040 0.224710
0.414716 0.226757
0.417391 0.228814
0.420067 0.230879
0.422742 0.232954
0.425418 0.235038
0.428094 0.237131
0.430769 0.239234
0.433445 0.241346
0.436120 0.243468
0.438796 0.245598
0.441472 0.247739
0.444147 0.249888
0.446823 0.252047
0.449498 0.254215
0.452174 0.256393
0.454849 0.258581
0.457525 0.260777
0.460201 0.262984
0.462876 0.265199
0.465552 0.267425
0.468227 0.269659
0.470903 0.271904
0.473579 0.274157
0.476254 0.276421
0.478930 0.278694
0.481605 0.280976
0.484281 0.283268
0.486957 0.285570
0.489632 0.287881
0.492308 0.290202
0.494983 0.292532
0.497659 0.294872
0.500334 0.297221
0.503010 0.299580
0.505686 0.301949
0.508361 0.304327
0.511037 0.306714
0.513712 0.309111
0.516388 0.311518
0.519064 0.313934
0.521739 0.316360
0.524415 0.318795
0.527090 0.321240
0.529766 0.323694
0.532441 0.326157
0.535117 0.328630
0.537793 0.331113
0.540468 0.333604
0.543144 0.336105
0.545819 0.338616
0.548495 0.341136
0.551171 0.343664
0.553846 0.346203
0.556522 0.348750
0.559197 0.351307
0.561873 0.353873
0.564548 0.356448
0.567224 0.359032
0.569900 0.361625
0.572575 0.364226
0.575251 0.366837
0.577926 0.369457
0.580602 0.372086
0.583278 0.374723
0.585953 0.377370
0.588629 0.380025
0.591304 0.382688
0.593980 0.385360
0.596656 0.388041
0.599331 0.390730
0.602007 0.393428
0.604682 0.396133
0.607358 0.398848
0.610033 0.401570
0.612709 0.404300
0.615385 0.407039
0.618060 0.409785
0.620736 0.412539
0.623411 0.415301
0.626087 0.418071
0.628763 0.420848
0.631438 0.423633
0.634114 0.426425
0.636789 0.429225
0.639465 0.432031
0.642140 0.434845
0.644816 0.437666
0.647492 0.440494
0.650167 0.443329
0.652843 0.446170
0.655518 0.449018
0.658194 0.451872
0.660870 0.454732
0.663545 0.457599
0.666221 0.460472
0.668896 0.463350
0.671572 0.466235
0.674247 0.469125
0.676923 0.472021
0.679599 0.474921
0.682274 0.477828
0.684950 0.480739
0.687625 0.483655
0.690301 0.486575
0.692977 0.489501
0.695652 0.492430
0.698328 0.495364
0.701003 0.498302
0.703679 0.501244
0.706355 0.504189
0.709030 0.507138
0.711706 0.510090
0.714381 0.513045
0.717057 0.516003
0.719732 0.518964
0.722408 0.521928
0.725084 0.524893
0.727759 0.527861
0.730435 0.530830
0.733110 0.533801
0.735786 0.536774
0.738462 0.539747
0.741137 0.542722
0.743813 0.545697
0.746488 0.548673
0.749164 0.551648
0.751839 0.554624
0.754515 0.557599
0.757191 0.560574
0.759866 0.563548
0.762542 0.566521
0.765217 0.569492
0.767893 0.572462
0.770569 0.575429
0.773244 0.578395
0.775920 0.581357
0.778595 0.584317
0.781271 0.587274
0.783946 0.590227
0.786622 0.593177
0.789298 0.596122
0.791973 0.599063
0.794649 0.601999
0.797324 0.604930
0.800000 0.607855
