# x1    P (MPa)
0.000000 0.000151
0.002676 0.003187
0.005351 0.006230
0.008027 0.009280
0.010702 0.012335
0.013378 0.015398
0.016054 0.018467
0.018729 0.021542
0.021405 0.024623
0.024080 0.027712
0.026756 0.030806
0.029431 0.033908
0.032107 0.037016
0.034783 0.040130
0.037458 0.043251
0.040134 0.046378
0.042809 0.049512
0.045485 0.052653
0.048161 0.055800
0.050836 0.058953
0.053512 0.062114
0.056187 0.065280
0.058863 0.068454
0.061538 0.071634
0.064214 0.074820
0.066890 0.078014
0.069565 0.081214
0.072241 0.084420
0.074916 0.087633
0.077592 0.090853
0.080268 0.094079
0.082943 0.097312
0.085619 0.100552
0.088294 0.103798
0.090970 0.107051
0.093645 0.110311
0.096321 0.113577
0.098997 0.116850
0.101672 0.120129
0.104348 0.123415
0.107023 0.126708
0.109699 0.130008
0.112375 0.133314
0.115050 0.136627
0.117726 0.139947
0.120401 0.143273
0.123077 0.146606
0.125753 0.149946
0.128428 0.153292
0.131104 0.156645
0.133779 0.160005
0.136455 0.163371
0.139130 0.166744
0.141806 0.170124
0.144482 0.173510
0.147157 0.176903
0.149833 0.180303
0.152508 0.183710
0.155184 0.187123
0.157860 0.190543
0.160535 0.193969
0.163211 0.197402
0.165886 0.200842
0.168562 0.204289
0.171237 0.207742
0.173913 0.211202
0.176589 0.214668
0.179264 0.218142
0.181940 0.221621
0.184615 0.225108
0.187291 0.228601
0.189967 0.232101
0.192642 0.235607
0.195318 0.239120
0.197993 0.242640
0.200669 0.246166
0.203344 0.249699
0.206020 0.253238
0.208696 0.256784
0.211371 0.260337
0.214047 0.263896
0.216722 0.267462
0.219398 0.271034
0.222074 0.274613
0.224749 0.278199
0.227425 0.281791
0.230100 0.285389
0.232776 0.288994
0.235452 0.292605
0.238127 0.296223
0.240803 0.299848
0.243478 0.303479
0.246154 0.307116
0.248829 0.310760
0.251505 0.314410
0.254181 0.318067
0.256856 0.321730
0.259532 0.325399
0.262207 0.329075
0.264883 0.332757
0.267559 0.336445
0.270234 0.340140
0.272910 0.343841
0.275585 0.347548
0.278261 0.351262
0.280936 0.354981
0.283612 0.358707
0.286288 0.362440
0.288963 0.366178
0.291639 0.369923
0.294314 0.373673
0.296990 0.377430
0.299666 0.381193
0.302341 0.384962
0.305017 0.388737
0.307692 0.392518
0.310368 0.396305
0.313043 0.400098
0.315719 0.403897
0.318395 0.407702
0.321070 0.411513
0.323746 0.415330
0.326421 0.419152
0.329097 0.422981
0.331773 0.426815
0.334448 0.430655
0.337124 0.434501
0.339799 0.438352
0.342475 0.442209
0.345151 0.446072
0.347826 0.449940
0.350502 0.453814
0.353177 0.457693
0.355853 0.461578
0.358528 0.465469
0.361204 0.469365
0.363880 0.473266
0.366555 0.477172
0.369231 0.481084
0.371906 0.485001
0.374582 0.488924
0.377258 0.492852
0.379933 0.496784
0.382609 0.500722
0.385284 0.504665
0.387960 0.508613
0.390635 0.512567
0.393311 0.516525
0.395987 0.520488
0.398662 0.524455
0.401338 0.528428
0.404013 0.532405
0.406689 0.536387
0.409365 0.540374
0.412040 0.544366
0.414716 0.548362
0.417391 0.552362
0.420067 0.556367
0.422742 0.560376
0.425418 0.564390
0.428094 0.568408
0.430769 0.572431
0.433445 0.576457
0.436120 0.580488
0.438796 0.584522
0.441472 0.588561
0.444147 0.592604
0.446823 0.596651
0.449498 0.600701
0.452174 0.604755
0.454849 0.608813
0.457525 0.612875
0.460201 0.616940
0.462876 0.621009
0.465552 0.625081
0.468227 0.629156
0.470903 0.633235
0.473579 0.637317
0.476254 0.641402
0.478930 0.645490
0.481605 0.649582
0.484281 0.653676
0.486957 0.657773
0.489632 0.661873
0.492308 0.665976
0.494983 0.670081
0.497659 0.674189
0.500334 0.678299
0.503010 0.682412
0.505686 0.686527
0.508361 0.690644
0.511037 0.694764
0.513712 0.698885
0.516388 0.703008
0.519064 0.707134
0.521739 0.711261
0.524415 0.715389
0.527090 0.719520
0.529766 0.723652
0.532441 0.727785
0.535117 0.731920
0.537793 0.736055
0.540468 0.740192
0.543144 0.744330
0.545819 0.748469
0.548495 0.752609
0.551171 0.756749
0.553846 0.760890
0.556522 0.765031
0.559197 0.769173
0.561873 0.773315
0.564548 0.777458
0.567224 0.781600
0.569900 0.785742
0.572575 0.789885
0.575251 0.794027
0.577926 0.798168
0.580602 0.802309
0.583278 0.806449
0.585953 0.810589
0.588629 0.814727
0.591304 0.818865
0.593980 0.823002
0.596656 0.827137
0.599331 0.831271
0.602007 0.835403
0.604682 0.839534
0.607358 0.843663
0.610033 0.847790
0.612709 0.851915
0.615385 0.856037
0.618060 0.860158
0.620736 0.864276
0.623411 0.868391
0.626087 0.872503
0.628763 0.876613
0.631438 0.880720
0.634114 0.884823
0.636789 0.888923
0.639465 0.893020
0.642140 0.897113
0.644816 0.901202
0.647492 0.905287
0.650167 0.909368
0.652843 0.913445
0.655518 0.917517
0.658194 0.921585
0.660870 0.925648
0.663545 0.929706
0.666221 0.933758
0.668896 0.937806
0.671572 0.941848
0.674247 0.945885
0.676923 0.949916
0.679599 0.953940
0.682274 0.957959
0.684950 0.961971
0.687625 0.965977
0.690301 0.969977
0.692977 0.973969
0.695652 0.977954
0.698328 0.981932
0.701003 0.985903
0.703679 0.989866
0.706355 0.993821
0.709030 0.997768
0.711706 1.001707
0.714381 1.005638
0.717057 1.009560
0.719732 1.013473
0.722408 1.017377
0.725084 1.021272
0.727759 1.025158
0.730435 1.029034
0.733110 1.032900
0.735786 1.036757
0.738462 1.040602
0.741137 1.044438
0.743813 1.048263
0.746488 1.052077
0.749164 1.055880
0.751839 1.059671
0.754515 1.063451
0.757191 1.067220
0.759866 1.070976
0.762542 1.074720
0.765217 1.078452
0.767893 1.082171
0.770569 1.085877
0.773244 1.089571
0.775920 1.093250
0.778595 1.096917
0.781271 1.100569
0.783946 1.104207
0.786622 1.107831
0.789298 1.111441
0.791973 1.115036
0.794649 1.118616
0.797324 1.122181
0.800000 1.125730
