# x1    P (MPa)
0.000000 0.000003
0.002676 0.000861
0.005351 0.001723
0.008027 0.002588
0.010702 0.003458
0.013378 0.004331
0.016054 0.005209
0.018729 0.006090
0.021405 0.006975
0.024080 0.007864
0.026756 0.008758
0.029431 0.009655
0.032107 0.010556
0.034783 0.011462
0.037458 0.012371
0.040134 0.013285
0.042809 0.014203
0.045485 0.015125
0.048161 0.016051
0.050836 0.016982
0.053512 0.017917
0.056187 0.018856
0.058863 0.019799
0.061538 0.020747
0.064214 0.021699
0.066890 0.022656
0.069565 0.023617
0.072241 0.024582
0.074916 0.025552
0.077592 0.026527
0.080268 0.027506
0.082943 0.028490
0.085619 0.029478
0.088294 0.030471
0.090970 0.031469
0.093645 0.032471
0.096321 0.033478
0.098997 0.034490
0.101672 0.035507
0.104348 0.036528
0.107023 0.037555
0.109699 0.038586
0.112375 0.039622
0.115050 0.040664
0.117726 0.041710
0.120401 0.042761
0.123077 0.043817
0.125753 0.044879
0.128428 0.045945
0.131104 0.047017
0.133779 0.048094
0.136455 0.049176
0.139130 0.050263
0.141806 0.051356
0.144482 0.052454
0.147157 0.053557
0.149833 0.054666
0.152508 0.055780
0.155184 0.056900
0.157860 0.058025
0.160535 0.059156
0.163211 0.060292
0.165886 0.061434
0.168562 0.062581
0.171237 0.063735
0.173913 0.064894
0.176589 0.066058
0.179264 0.067229
0.181940 0.068405
0.184615 0.069588
0.187291 0.070776
0.189967 0.071970
0.192642 0.073170
0.195318 0.074376
0.197993 0.075588
0.200669 0.076806
0.203344 0.078031
0.206020 0.079262
0.208696 0.080498
0.211371 0.081741
0.214047 0.082991
0.216722 0.084247
0.219398 0.085509
0.222074 0.086777
0.224749 0.088052
0.227425 0.089334
0.230100 0.090622
0.232776 0.091917
0.235452 0.093218
0.238127 0.094526
0.240803 0.095841
0.243478 0.097162
0.246154 0.098491
0.248829 0.099826
0.251505 0.101168
0.254181 0.102517
0.256856 0.103873
0.259532 0.105236
0.262207 0.106606
0.264883 0.107983
0.267559 0.109367
0.270234 0.110759
0.272910 0.112158
0.275585 0.113564
0.278261 0.114977
0.280936 0.116398
0.283612 0.117826
0.286288 0.119262
0.288963 0.120705
0.291639 0.122156
0.294314 0.123615
0.296990 0.125081
0.299666 0.126554
0.302341 0.128036
0.305017 0.129525
0.307692 0.131023
0.310368 0.132528
0.313043 0.134041
0.315719 0.135562
0.318395 0.137091
0.321070 0.138628
0.323746 0.140173
0.326421 0.141727
0.329097 0.143289
0.331773 0.144859
0.334448 0.146437
0.337124 0.148024
0.339799 0.149619
0.342475 0.151223
0.345151 0.152835
0.347826 0.154456
0.350502 0.156085
0.353177 0.157723
0.355853 0.159370
0.358528 0.161026
0.361204 0.162690
0.363880 0.164363
0.366555 0.166046
0.369231 0.167737
0.371906 0.169437
0.374582 0.171147
0.377258 0.172865
0.379933 0.174593
0.382609 0.176330
0.385284 0.178076
0.387960 0.179832
0.390635 0.181597
0.393311 0.183371
0.395987 0.185155
0.398662 0.186948
0.401338 0.188751
0.404013 0.190564
0.406689 0.192386
0.409365 0.194218
0.412040 0.196060
0.414716 0.197912
0.417391 0.199773
0.420067 0.201645
0.422742 0.203526
0.425418 0.205418
0.428094 0.207319
0.430769 0.209231
0.433445 0.211153
0.436120 0.213085
0.438796 0.215028
0.441472 0.216980
0.444147 0.218943
0.446823 0.220917
0.449498 0.222901
0.452174 0.224896
0.454849 0.226901
0.457525 0.228916
0.460201 0.230943
0.462876 0.232980
0.465552 0.235028
0.468227 0.237086
0.470903 0.239156
0.473579 0.241236
0.476254 0.243327
0.478930 0.245430
0.481605 0.247543
0.484281 0.249667
0.486957 0.251802
0.489632 0.253949
0.492308 0.256107
0.494983 0.258275
0.497659 0.260456
0.500334 0.262647
0.503010 0.264850
0.505686 0.267064
0.508361 0.269289
0.511037 0.271526
0.513712 0.273775
0.516388 0.276035
0.519064 0.278306
0.521739 0.280589
0.524415 0.282884
0.527090 0.285190
0.529766 0.287508
0.532441 0.289837
0.535117 0.292178
0.537793 0.294531
0.540468 0.296896
0.543144 0.299273
0.545819 0.301661
0.548495 0.304061
0.551171 0.306473
0.553846 0.308897
0.556522 0.311333
0.559197 0.313780
0.561873 0.316240
0.564548 0.318711
0.567224 0.321194
0.569900 0.323690
0.572575 0.326197
0.575251 0.328716
0.577926 0.331247
0.580602 0.333790
0.583278 0.336346
0.585953 0.338913
0.588629 0.341491
0.591304 0.344082
0.593980 0.346685
0.596656 0.349300
0.599331 0.351927
0.602007 0.354565
0.604682 0.357216
0.607358 0.359878
0.610033 0.362553
0.612709 0.365239
0.615385 0.367937
0.618060 0.370646
0.620736 0.373368
0.623411 0.376101
0.626087 0.378846
0.628763 0.381602
0.631438 0.384370
0.634114 0.387150
0.636789 0.389941
0.639465 0.392744
0.642140 0.395558
0.644816 0.398383
0.647492 0.401220
0.650167 0.404068
0.652843 0.406927
0.655518 0.409797
0.658194 0.412678
0.660870 0.415570
0.663545 0.418473
0.666221 0.421387
0.668896 0.424312
0.671572 0.427247
0.674247 0.430193
0.676923 0.433149
0.679599 0.436115
0.682274 0.439092
0.684950 0.442079
0.687625 0.445075
0.690301 0.448082
0.692977 0.451098
0.695652 0.454124
0.698328 0.457160
0.701003 0.460205
0.703679 0.463259
0.706355 0.466322
0.709030 0.469394
0.711706 0.472475
0.714381 0.475564
0.717057 0.478662
0.719732 0.481768
0.722408 0.484882
0.725084 0.488004
0.727759 0.491133
0.730435 0.494271
0.733110 0.497415
0.735786 0.500566
0.738462 0.503725
0.741137 0.506890
0.743813 0.510061
0.746488 0.513239
0.749164 0.516423
0.751839 0.519612
0.754515 0.522807
0.757191 0.526007
0.759866 0.529212
0.762542 0.532422
0.765217 0.535636
0.767893 0.538855
0.770569 0.542077
0.773244 0.545303
0.775920 0.548531
0.778595 0.551763
0.781271 0.554998
0.783946 0.558235
0.786622 0.561473
0.789298 0.564714
0.791973 0.567955
0.794649 0.571198
0.797324 0.574441
0.800000 0.577684
