# x1    P (MPa)
0.000000 0.000000
0.002676 0.000581
0.005351 0.001166
0.008027 0.001755
0.010702 0.002349
0.013378 0.002948
0.016054 0.003551
0.018729 0.004159
0.021405 0.004771
0.024080 0.005388
0.026756 0.006010
0.029431 0.006637
0.032107 0.007269
0.034783 0.007906
0.037458 0.008548
0.040134 0.009194
0.042809 0.009846
0.045485 0.010503
0.048161 0.011165
0.050836 0.011833
0.053512 0.012505
0.056187 0.013183
0.058863 0.013867
0.061538 0.014555
0.064214 0.015250
0.066890 0.015949
0.069565 0.016655
0.072241 0.017366
0.074916 0.018083
0.077592 0.018805
0.080268 0.019533
0.082943 0.020267
0.085619 0.021008
0.088294 0.021754
0.090970 0.022506
0.093645 0.023264
0.096321 0.024028
0.098997 0.024799
0.101672 0.025576
0.104348 0.026359
0.107023 0.027149
0.109699 0.027945
0.112375 0.028747
0.115050 0.029556
0.117726 0.030372
0.120401 0.031195
0.123077 0.032024
0.125753 0.032860
0.128428 0.033703
0.131104 0.034554
0.133779 0.035411
0.136455 0.036275
0.139130 0.037147
0.141806 0.038025
0.144482 0.038911
0.147157 0.039805
0.149833 0.040706
0.152508 0.041615
0.155184 0.042531
0.157860 0.043455
0.160535 0.044386
0.163211 0.045326
0.165886 0.046273
0.168562 0.047229
0.171237 0.048192
0.173913 0.049164
0.176589 0.050144
0.179264 0.051133
0.181940 0.052129
0.184615 0.053135
0.187291 0.054149
0.189967 0.055171
0.192642 0.056202
0.195318 0.057243
0.197993 0.058292
0.200669 0.059350
0.203344 0.060417
0.206020 0.061493
0.208696 0.062579
0.211371 0.063674
0.214047 0.064779
0.216722 0.065893
0.219398 0.067016
0.222074 0.068150
0.224749 0.069293
0.227425 0.070447
0.230100 0.071610
0.232776 0.072783
0.235452 0.073967
0.238127 0.075161
0.240803 0.076366
0.243478 0.077581
0.246154 0.078806
0.248829 0.080043
0.251505 0.081290
0.254181 0.082548
0.256856 0.083818
0.259532 0.085098
0.262207 0.086390
0.264883 0.087693
0.267559 0.089008
0.270234 0.090334
0.272910 0.091672
0.275585 0.093022
0.278261 0.094384
0.280936 0.095758
0.283612 0.097144
0.286288 0.098543
0.288963 0.099954
0.291639 0.101377
0.294314 0.102813
0.296990 0.104262
0.299666 0.105724
0.302341 0.107198
0.305017 0.108686
0.307692 0.110188
0.310368 0.111702
0.313043 0.113230
0.315719 0.114772
0.318395 0.116328
0.321070 0.117898
0.323746 0.119481
0.326421 0.121079
0.329097 0.122691
0.331773 0.124318
0.334448 0.125959
0.337124 0.127614
0.339799 0.129285
0.342475 0.130971
0.345151 0.132672
0.347826 0.134388
0.350502 0.136119
0.353177 0.137866
0.355853 0.139629
0.358528 0.141407
0.361204 0.143202
0.363880 0.145012
0.366555 0.146839
0.369231 0.148683
0.371906 0.150542
0.374582 0.152419
0.377258 0.154312
0.379933 0.156222
0.382609 0.158150
0.385284 0.160095
0.387960 0.162057
0.390635 0.164036
0.393311 0.166034
0.395987 0.168049
0.398662 0.170083
0.401338 0.172134
0.404013 0.174204
0.406689 0.176292
0.409365 0.178399
0.412040 0.180525
0.414716 0.182670
0.417391 0.184834
0.420067 0.187017
0.422742 0.189219
0.425418 0.191441
0.428094 0.193683
0.430769 0.195945
0.433445 0.198227
0.436120 0.200528
0.438796 0.202851
0.441472 0.205193
0.444147 0.207557
0.446823 0.209941
0.449498 0.212346
0.452174 0.214772
0.454849 0.217219
0.457525 0.219688
0.460201 0.222179
0.462876 0.224691
0.465552 0.227225
0.468227 0.229781
0.470903 0.232359
0.473579 0.234959
0.476254 0.237582
0.478930 0.240228
0.481605 0.242896
0.484281 0.245587
0.486957 0.248301
0.489632 0.251039
0.492308 0.253799
0.494983 0.256584
0.497659 0.259391
0.500334 0.262223
0.503010 0.265078
0.505686 0.267957
0.508361 0.270861
0.511037 0.273789
0.513712 0.276741
0.516388 0.279717
0.519064 0.282719
0.521739 0.285745
0.524415 0.288796
0.527090 0.291871
0.529766 0.294972
0.532441 0.298099
0.535117 0.301250
0.537793 0.304427
0.540468 0.307629
0.543144 0.310857
0.545819 0.314111
0.548495 0.317391
0.551171 0.320696
0.553846 0.324028
0.556522 0.327385
0.559197 0.330769
0.561873 0.334178
0.564548 0.337614
0.567224 0.341077
0.569900 0.344565
0.572575 0.348080
0.575251 0.351622
0.577926 0.355190
0.580602 0.358785
0.583278 0.362406
0.585953 0.366054
0.588629 0.369728
0.591304 0.373430
0.593980 0.377157
0.596656 0.380912
0.599331 0.384693
0.602007 0.388501
0.604682 0.392335
0.607358 0.396196
0.610033 0.400084
0.612709 0.403998
0.615385 0.407939
0.618060 0.411906
0.620736 0.415899
0.623411 0.419919
0.626087 0.423965
0.628763 0.428038
0.631438 0.432136
0.634114 0.436260
0.636789 0.440411
0.639465 0.444587
0.642140 0.448788
0.644816 0.453015
0.647492 0.457268
0.650167 0.461546
0.652843 0.465848
0.655518 0.470176
0.658194 0.474528
0.660870 0.478905
0.663545 0.483306
0.666221 0.487732
0.668896 0.492181
0.671572 0.496653
0.674247 0.501149
0.676923 0.505669
0.679599 0.510211
0.682274 0.514776
0.684950 0.519363
0.687625 0.523972
0.690301 0.528602
0.692977 0.533254
0.695652 0.537928
0.698328 0.542622
0.701003 0.547336
0.703679 0.552070
0.706355 0.556824
0.709030 0.561597
0.711706 0.566388
0.714381 0.571198
0.717057 0.576026
0.719732 0.580872
0.722408 0.585734
0.725084 0.590613
0.727759 0.595508
0.730435 0.600419
0.733110 0.605345
0.735786 0.610285
0.738462 0.615239
0.741137 0.620207
0.743813 0.625187
0.746488 0.630180
0.749164 0.635185
0.751839 0.640200
0.754515 0.645226
0.757191 0.650262
0.759866 0.655307
0.762542 0.660361
0.765217 0.665422
0.767893 0.670491
0.770569 0.675566
0.773244 0.680647
0.775920 0.685733
0.778595 0.690823
0.781271 0.695917
0.783946 0.701013
0.786622 0.706111
0.789298 0.711211
0.791973 0.716311
0.794649 0.721411
0.797324 0.726509
0.800000 0.731605
