# x1    P (MPa)
0.000000 0.000005
0.002676 0.001251
0.005351 0.002501
0.008027 0.003756
0.010702 0.005014
0.013378 0.006276
0.016054 0.007543
0.018729 0.008813
0.021405 0.010088
0.024080 0.011367
0.026756 0.012649
0.029431 0.013936
0.032107 0.015227
0.034783 0.016523
0.037458 0.017822
0.040134 0.019126
0.042809 0.020434
0.045485 0.021746
0.048161 0.023062
0.050836 0.024383
0.053512 0.025708
0.056187 0.027037
0.058863 0.028371
0.061538 0.029709
0.064214 0.031051
0.066890 0.032398
0.069565 0.033749
0.072241 0.035105
0.074916 0.036465
0.077592 0.037829
0.080268 0.039198
0.082943 0.040572
0.085619 0.041950
0.088294 0.043332
0.090970 0.044719
0.093645 0.046111
0.096321 0.047507
0.098997 0.048908
0.101672 0.050314
0.104348 0.051724
0.107023 0.053139
0.109699 0.054558
0.112375 0.055983
0.115050 0.057412
0.117726 0.058845
0.120401 0.060284
0.123077 0.061727
0.125753 0.063175
0.128428 0.064628
0.131104 0.066086
0.133779 0.067549
0.136455 0.069016
0.139130 0.070489
0.141806 0.071966
0.144482 0.073449
0.147157 0.074936
0.149833 0.076428
0.152508 0.077926
0.155184 0.079428
0.157860 0.080935
0.160535 0.082448
0.163211 0.083965
0.165886 0.085488
0.168562 0.087016
0.171237 0.088549
0.173913 0.090087
0.176589 0.091630
0.179264 0.093179
0.181940 0.094733
0.184615 0.096292
0.187291 0.097856
0.189967 0.099425
0.192642 0.101000
0.195318 0.102580
0.197993 0.104166
0.200669 0.105757
0.203344 0.107353
0.206020 0.108955
0.208696 0.110562
0.211371 0.112175
0.214047 0.113793
0.216722 0.115416
0.219398 0.117045
0.222074 0.118680
0.224749 0.120320
0.227425 0.121966
0.230100 0.123617
0.232776 0.125274
0.235452 0.126937
0.238127 0.128605
0.240803 0.130279
0.243478 0.131958
0.246154 0.133644
0.248829 0.135335
0.251505 0.137031
0.254181 0.138734
0.256856 0.140442
0.259532 0.142156
0.262207 0.143876
0.264883 0.145602
0.267559 0.147334
0.270234 0.149071
0.272910 0.150815
0.275585 0.152564
0.278261 0.154320
0.280936 0.156081
0.283612 0.157848
0.286288 0.159622
0.288963 0.161401
0.291639 0.163186
0.294314 0.164978
0.296990 0.166775
0.299666 0.168579
0.302341 0.170389
0.305017 0.172204
0.307692 0.174026
0.310368 0.175855
0.313043 0.177689
0.315719 0.179530
0.318395 0.181376
0.321070 0.183229
0.323746 0.185089
0.326421 0.186954
0.329097 0.188826
0.331773 0.190704
0.334448 0.192589
0.337124 0.194479
0.339799 0.196377
0.342475 0.198280
0.345151 0.200190
0.347826 0.202106
0.350502 0.204029
0.353177 0.205958
0.355853 0.207894
0.358528 0.209836
0.361204 0.211785
0.363880 0.213740
0.366555 0.215701
0.369231 0.217670
0.371906 0.219644
0.374582 0.221625
0.377258 0.223613
0.379933 0.225607
0.382609 0.227608
0.385284 0.229616
0.387960 0.231630
0.390635 0.233651
0.393311 0.235678
0.395987 0.237712
0.398662 0.239753
0.401338 0.241801
0.404013 0.243855
0.406689 0.245915
0.409365 0.247983
0.412040 0.250057
0.414716 0.252138
0.417391 0.254226
0.420067 0.256320
0.422742 0.258421
0.425418 0.260529
0.428094 0.262643
0.430769 0.264765
0.433445 0.266893
0.436120 0.269028
0.438796 0.271170
0.441472 0.273318
0.444147 0.275473
0.446823 0.277635
0.449498 0.279804
0.452174 0.281980
0.454849 0.284162
0.457525 0.286351
0.460201 0.288548
0.462876 0.290750
0.465552 0.292960
0.468227 0.295176
0.470903 0.297400
0.473579 0.299630
0.476254 0.301867
0.478930 0.304110
0.481605 0.306361
0.484281 0.308618
0.486957 0.310882
0.489632 0.313153
0.492308 0.315430
0.494983 0.317715
0.497659 0.320006
0.500334 0.322303
0.503010 0.324608
0.505686 0.326919
0.508361 0.329237
0.511037 0.331562
0.513712 0.333893
0.516388 0.336231
0.519064 0.338576
0.521739 0.340927
0.524415 0.343285
0.527090 0.345650
0.529766 0.348021
0.532441 0.350399
0.535117 0.352783
0.537793 0.355174
0.540468 0.357572
0.543144 0.359975
0.545819 0.362386
0.548495 0.364803
0.551171 0.367226
0.553846 0.369656
0.556522 0.372092
0.559197 0.374534
0.561873 0.376983
0.564548 0.379437
0.567224 0.381899
0.569900 0.384366
0.572575 0.386840
0.575251 0.389319
0.577926 0.391805
0.580602 0.394297
0.583278 0.396795
0.585953 0.399299
0.588629 0.401809
0.591304 0.404324
0.593980 0.406846
0.596656 0.409373
0.599331 0.411907
0.602007 0.414445
0.604682 0.416990
0.607358 0.419540
0.610033 0.422096
0.612709 0.424657
0.615385 0.427224
0.618060 0.429796
0.620736 0.432373
0.623411 0.434956
0.626087 0.437544
0.628763 0.440137
0.631438 0.442735
0.634114 0.445338
0.636789 0.447946
0.639465 0.450558
0.642140 0.453176
0.644816 0.455798
0.647492 0.458425
0.650167 0.461057
0.652843 0.463693
0.655518 0.466333
0.658194 0.468978
0.660870 0.471626
0.663545 0.474279
0.666221 0.476936
0.668896 0.479597
0.671572 0.482262
0.674247 0.484931
0.676923 0.487603
0.679599 0.490279
0.682274 0.492958
0.684950 0.495640
0.687625 0.498326
0.690301 0.501015
0.692977 0.503707
0.695652 0.506401
0.698328 0.509099
0.701003 0.511799
0.703679 0.514501
0.706355 0.517206
0.709030 0.519914
0.711706 0.522623
0.714381 0.525334
0.717057 0.528048
0.719732 0.530763
0.722408 0.533479
0.725084 0.536197
0.727759 0.538917
0.730435 0.541637
0.733110 0.544358
0.735786 0.547081
0.738462 0.549803
0.741137 0.552527
0.743813 0.555251
0.746488 0.557975
0.749164 0.560699
0.751839 0.563422
0.754515 0.566146
0.757191 0.568869
0.759866 0.571591
0.762542 0.574312
0.765217 0.577033
0.767893 0.579752
0.770569 0.582469
0.773244 0.585185
0.775920 0.587899
0.778595 0.590611
0.781271 0.593321
0.783946 0.596028
0.786622 0.598732
0.789298 0.601434
0.791973 0.604133
0.794649 0.606828
0.797324 0.609519
0.800000 0.612207
