# x1    P (MPa)
0.000000 0.000019
0.002676 0.001718
0.005351 0.003424
0.008027 0.005136
0.010702 0.006854
0.013378 0.008579
0.016054 0.010310
0.018729 0.012048
0.021405 0.013793
0.024080 0.015544
0.026756 0.017302
0.029431 0.019067
0.032107 0.020839
0.034783 0.022617
0.037458 0.024403
0.040134 0.026195
0.042809 0.027994
0.045485 0.029800
0.048161 0.031613
0.050836 0.033433
0.053512 0.035261
0.056187 0.037095
0.058863 0.038937
0.061538 0.040786
0.064214 0.042642
0.066890 0.044506
0.069565 0.046376
0.072241 0.048255
0.074916 0.050140
0.077592 0.052034
0.080268 0.053934
0.082943 0.055843
0.085619 0.057759
0.088294 0.059682
0.090970 0.061613
0.093645 0.063552
0.096321 0.065499
0.098997 0.067454
0.101672 0.069416
0.104348 0.071387
0.107023 0.073365
0.109699 0.075352
0.112375 0.077346
0.115050 0.079349
0.117726 0.081360
0.120401 0.083379
0.123077 0.085406
0.125753 0.087441
0.128428 0.089485
0.131104 0.091538
0.133779 0.093598
0.136455 0.095667
0.139130 0.097745
0.141806 0.099832
0.144482 0.101927
0.147157 0.104030
0.149833 0.106143
0.152508 0.108264
0.155184 0.110394
0.157860 0.112533
0.160535 0.114681
0.163211 0.116838
0.165886 0.119003
0.168562 0.121179
0.171237 0.123363
0.173913 0.125556
0.176589 0.127759
0.179264 0.129971
0.181940 0.132192
0.184615 0.134423
0.187291 0.136663
0.189967 0.138912
0.192642 0.141172
0.195318 0.143441
0.197993 0.145719
0.200669 0.148007
0.203344 0.150306
0.206020 0.152613
0.208696 0.154931
0.211371 0.157259
0.214047 0.159597
0.216722 0.161945
0.219398 0.164303
0.222074 0.166671
0.224749 0.169050
0.227425 0.171438
0.230100 0.173838
0.232776 0.176247
0.235452 0.178667
0.238127 0.181098
0.240803 0.183539
0.243478 0.185991
0.246154 0.188453
0.248829 0.190927
0.251505 0.193411
0.254181 0.195906
0.256856 0.198412
0.259532 0.200929
0.262207 0.203457
0.264883 0.205996
0.267559 0.208547
0.270234 0.211108
0.272910 0.213681
0.275585 0.216266
0.278261 0.218862
0.280936 0.221469
0.283612 0.224088
0.286288 0.226718
0.288963 0.229361
0.291639 0.232014
0.294314 0.234680
0.296990 0.237358
0.299666 0.240048
0.302341 0.242749
0.305017 0.245463
0.307692 0.248189
0.310368 0.250927
0.313043 0.253677
0.315719 0.256440
0.318395 0.259215
0.321070 0.262002
0.323746 0.264802
0.326421 0.267615
0.329097 0.270440
0.331773 0.273278
0.334448 0.276129
0.337124 0.278993
0.339799 0.281869
0.342475 0.284759
0.345151 0.287661
0.347826 0.290577
0.350502 0.293506
0.353177 0.296448
0.355853 0.299403
0.358528 0.302372
0.361204 0.305354
0.363880 0.308350
0.366555 0.311359
0.369231 0.314382
0.371906 0.317419
0.374582 0.320469
0.377258 0.323534
0.379933 0.326612
0.382609 0.329704
0.385284 0.332810
0.387960 0.335930
0.390635 0.339065
0.393311 0.342213
0.395987 0.345376
0.398662 0.348554
0.401338 0.351745
0.404013 0.354951
0.406689 0.358172
0.409365 0.361407
0.412040 0.364657
0.414716 0.367922
0.417391 0.371202
0.420067 0.374496
0.422742 0.377805
0.425418 0.381130
0.428094 0.384469
0.430769 0.387824
0.433445 0.391193
0.436120 0.394578
0.438796 0.397978
0.441472 0.401394
0.444147 0.404825
0.446823 0.408271
0.449498 0.411733
0.452174 0.415210
0.454849 0.418704
0.457525 0.422212
0.460201 0.425737
0.462876 0.429277
0.465552 0.432834
0.468227 0.436406
0.470903 0.439994
0.473579 0.443598
0.476254 0.447219
0.478930 0.450855
0.481605 0.454507
0.484281 0.458176
0.486957 0.461861
0.489632 0.465563
0.492308 0.469281
0.494983 0.473015
0.497659 0.476765
0.500334 0.480533
0.503010 0.484316
0.505686 0.488117
0.508361 0.491933
0.511037 0.495767
0.513712 0.499617
0.516388 0.503484
0.519064 0.507368
0.521739 0.511269
0.524415 0.515186
0.527090 0.519120
0.529766 0.523072
0.532441 0.527040
0.535117 0.531025
0.537793 0.535027
0.540468 0.539046
0.543144 0.543082
0.545819 0.547135
0.548495 0.551206
0.551171 0.555293
0.553846 0.559397
0.556522 0.563519
0.559197 0.567657
0.561873 0.571813
0.564548 0.575986
0.567224 0.580176
0.569900 0.584383
0.572575 0.588607
0.575251 0.592849
0.577926 0.597107
0.580602 0.601383
0.583278 0.605676
0.585953 0.609986
0.588629 0.614312
0.591304 0.618656
0.593980 0.623017
0.596656 0.627395
0.599331 0.631790
0.602007 0.636202
0.604682 0.640631
0.607358 0.645077
0.610033 0.649539
0.612709 0.654019
0.615385 0.658515
0.618060 0.663028
0.620736 0.667557
0.623411 0.672103
0.626087 0.676666
0.628763 0.681245
0.631438 0.685840
0.634114 0.690452
0.636789 0.695080
0.639465 0.699724
0.642140 0.704385
0.644816 0.709061
0.647492 0.713753
0.650167 0.718461
0.652843 0.723185
0.655518 0.727924
0.658194 0.732679
0.660870 0.737449
0.663545 0.742234
0.666221 0.747035
0.668896 0.751850
0.671572 0.756681
0.674247 0.761526
0.676923 0.766385
0.679599 0.771259
0.682274 0.776147
0.684950 0.781049
0.687625 0.785965
0.690301 0.790895
0.692977 0.795839
0.695652 0.800795
0.698328 0.805765
0.701003 0.810748
0.703679 0.815744
0.706355 0.820752
0.709030 0.825772
0.711706 0.830805
0.714381 0.835849
0.717057 0.840905
0.719732 0.845972
0.722408 0.851050
0.725084 0.856139
0.727759 0.861239
0.730435 0.866348
0.733110 0.871468
0.735786 0.876598
0.738462 0.881736
0.741137 0.886884
0.743813 0.892040
0.746488 0.897205
0.749164 0.902378
0.751839 0.907559
0.754515 0.912747
0.757191 0.917941
0.759866 0.923143
0.762542 0.928350
0.765217 0.933564
0.767893 0.938782
0.770569 0.944006
0.773244 0.949234
0.775920 0.954467
0.778595 0.959703
0.781271 0.964942
0.783946 0.970183
0.786622 0.975428
0.789298 0.980673
0.791973 0.985920
0.794649 0.991168
0.797324 0.996416
0.800000 1.001664
