# x1    P (MPa)
0.000000 0.000001
0.002676 0.000868
0.005351 0.001742
0.008027 0.002622
0.010702 0.003508
0.013378 0.004400
0.016054 0.005299
0.018729 0.006204
0.021405 0.007115
0.024080 0.008033
0.026756 0.008957
0.029431 0.009889
0.032107 0.010826
0.034783 0.011771
0.037458 0.012722
0.040134 0.013681
0.042809 0.014646
0.045485 0.015618
0.048161 0.016597
0.050836 0.017584
0.053512 0.018577
0.056187 0.019578
0.058863 0.020586
0.061538 0.021601
0.064214 0.022624
0.066890 0.023655
0.069565 0.024693
0.072241 0.025738
0.074916 0.026791
0.077592 0.027853
0.080268 0.028922
0.082943 0.029998
0.085619 0.031083
0.088294 0.032176
0.090970 0.033277
0.093645 0.034387
0.096321 0.035504
0.098997 0.036630
0.101672 0.037765
0.104348 0.038908
0.107023 0.040059
0.109699 0.041219
0.112375 0.042388
0.115050 0.043566
0.117726 0.044753
0.120401 0.045949
0.123077 0.047153
0.125753 0.048367
0.128428 0.049590
0.131104 0.050823
0.133779 0.052065
0.136455 0.053316
0.139130 0.054577
0.141806 0.055848
0.144482 0.057128
0.147157 0.058419
0.149833 0.059719
0.152508 0.061029
0.155184 0.062350
0.157860 0.063680
0.160535 0.065021
0.163211 0.066372
0.165886 0.067734
0.168562 0.069107
0.171237 0.070490
0.173913 0.071884
0.176589 0.073288
0.179264 0.074704
0.181940 0.076131
0.184615 0.077569
0.187291 0.079019
0.189967 0.080479
0.192642 0.081952
0.195318 0.083435
0.197993 0.084931
0.200669 0.086438
0.203344 0.087958
0.206020 0.089489
0.208696 0.091032
0.211371 0.092588
0.214047 0.094156
0.216722 0.095737
0.219398 0.097330
0.222074 0.098936
0.224749 0.100555
0.227425 0.102186
0.230100 0.103831
0.232776 0.105489
0.235452 0.107160
0.238127 0.108845
0.240803 0.110543
0.243478 0.112255
0.246154 0.113980
0.248829 0.115720
0.251505 0.117473
0.254181 0.119241
0.256856 0.121023
0.259532 0.122819
0.262207 0.124630
0.264883 0.126456
0.267559 0.128296
0.270234 0.130152
0.272910 0.132022
0.275585 0.133908
0.278261 0.135809
0.280936 0.137725
0.283612 0.139657
0.286288 0.141605
0.288963 0.143569
0.291639 0.145549
0.294314 0.147545
0.296990 0.149557
0.299666 0.151586
0.302341 0.153631
0.305017 0.155693
0.307692 0.157772
0.310368 0.159868
0.313043 0.161982
0.315719 0.164112
0.318395 0.166260
0.321070 0.168426
0.323746 0.170609
0.326421 0.172811
0.329097 0.175030
0.331773 0.177268
0.334448 0.179524
0.337124 0.181799
0.339799 0.184093
0.342475 0.186405
0.345151 0.188737
0.347826 0.191087
0.350502 0.193457
0.353177 0.195847
0.355853 0.198256
0.358528 0.200685
0.361204 0.203134
0.363880 0.205603
0.366555 0.208093
0.369231 0.210603
0.371906 0.213134
0.374582 0.215685
0.377258 0.218258
0.379933 0.220852
0.382609 0.223467
0.385284 0.226104
0.387960 0.228762
0.390635 0.231442
0.393311 0.234144
0.395987 0.236869
0.398662 0.239615
0.401338 0.242384
0.404013 0.245176
0.406689 0.247991
0.409365 0.250829
0.412040 0.253690
0.414716 0.256575
0.417391 0.259483
0.420067 0.262414
0.422742 0.265370
0.425418 0.268350
0.428094 0.271354
0.430769 0.274382
0.433445 0.277435
0.436120 0.280513
0.438796 0.283615
0.441472 0.286743
0.444147 0.289896
0.446823 0.293075
0.449498 0.296279
0.452174 0.299509
0.454849 0.302764
0.457525 0.306046
0.460201 0.309355
0.462876 0.312689
0.465552 0.316050
0.468227 0.319438
0.470903 0.322853
0.473579 0.326295
0.476254 0.329765
0.478930 0.333261
0.481605 0.336786
0.484281 0.340338
0.486957 0.343918
0.489632 0.347526
0.492308 0.351162
0.494983 0.354826
0.497659 0.358519
0.500334 0.362241
0.503010 0.365991
0.505686 0.369770
0.508361 0.373578
0.511037 0.377416
0.513712 0.381282
0.516388 0.385178
0.519064 0.389104
0.521739 0.393060
0.524415 0.397045
0.527090 0.401060
0.529766 0.405105
0.532441 0.409180
0.535117 0.413286
0.537793 0.417422
0.540468 0.421588
0.543144 0.425785
0.545819 0.430013
0.548495 0.434271
0.551171 0.438560
0.553846 0.442880
0.556522 0.447231
0.559197 0.451613
0.561873 0.456027
0.564548 0.460471
0.567224 0.464946
0.569900 0.469453
0.572575 0.473991
0.575251 0.478561
0.577926 0.483162
0.580602 0.487794
0.583278 0.492458
0.585953 0.497153
0.588629 0.501879
0.591304 0.506637
0.593980 0.511427
0.596656 0.516248
0.599331 0.521100
0.602007 0.525984
0.604682 0.530899
0.607358 0.535845
0.610033 0.540823
0.612709 0.545831
0.615385 0.550871
0.618060 0.555942
0.620736 0.561044
0.623411 0.566177
0.626087 0.571340
0.628763 0.576534
0.631438 0.581759
0.634114 0.587014
0.636789 0.592299
0.639465 0.597614
0.642140 0.602960
0.644816 0.608335
0.647492 0.613739
0.650167 0.619173
0.652843 0.624636
0.655518 0.630128
0.658194 0.635649
0.660870 0.641199
0.663545 0.646776
0.666221 0.652382
0.668896 0.658015
0.671572 0.663676
0.674247 0.669364
0.676923 0.675079
0.679599 0.680820
0.682274 0.686588
0.684950 0.692381
0.687625 0.698200
0.690301 0.704043
0.692977 0.709912
0.695652 0.715805
0.698328 0.721721
0.701003 0.727662
0.703679 0.733625
0.706355 0.739611
0.709030 0.745618
0.711706 0.751648
0.714381 0.757698
0.717057 0.763769
0.719732 0.769860
0.722408 0.775971
0.725084 0.782100
0.727759 0.788248
0.730435 0.794414
0.733110 0.800597
0.735786 0.806796
0.738462 0.813011
0.741137 0.819242
0.743813 0.825487
0.746488 0.831746
0.749164 0.838018
0.751839 0.844303
0.754515 0.850600
0.757191 0.856907
0.759866 0.863225
0.762542 0.869552
0.765217 0.875888
0.767893 0.882231
0.770569 0.888582
0.773244 0.894939
0.775920 0.901301
0.778595 0.907668
0.781271 0.914038
0.783946 0.920411
0.786622 0.926786
0.789298 0.933161
0.791973 0.939537
0.794649 0.945911
0.797324 0.952283
0.800000 0.958652
