# x1    P (MPa)
0.000000 0.000001
0.002676 0.001038
0.005351 0.002084
0.008027 0.003138
0.010702 0.004201
0.013378 0.005272
0.016054 0.006352
0.018729 0.007441
0.021405 0.008540
0.024080 0.009647
0.026756 0.010763
0.029431 0.011888
0.032107 0.013022
0.034783 0.014166
0.037458 0.015319
0.040134 0.016482
0.042809 0.017654
0.045485 0.018835
0.048161 0.020026
0.050836 0.021227
0.053512 0.022437
0.056187 0.023658
0.058863 0.024888
0.061538 0.026128
0.064214 0.027379
0.066890 0.028639
0.069565 0.029909
0.072241 0.031190
0.074916 0.032481
0.077592 0.033783
0.080268 0.035095
0.082943 0.036418
0.085619 0.037751
0.088294 0.039095
0.090970 0.040449
0.093645 0.041815
0.096321 0.043191
0.098997 0.044579
0.101672 0.045977
0.104348 0.047387
0.107023 0.048807
0.109699 0.050240
0.112375 0.051683
0.115050 0.053138
0.117726 0.054604
0.120401 0.056082
0.123077 0.057572
0.125753 0.059074
0.128428 0.060587
0.131104 0.062112
0.133779 0.063649
0.136455 0.065198
0.139130 0.066760
0.141806 0.068333
0.144482 0.069919
0.147157 0.071517
0.149833 0.073128
0.152508 0.074751
0.155184 0.076386
0.157860 0.078035
0.160535 0.079696
0.163211 0.081370
0.165886 0.083056
0.168562 0.084756
0.171237 0.086469
0.173913 0.088195
0.176589 0.089934
0.179264 0.091686
0.181940 0.093452
0.184615 0.095231
0.187291 0.097023
0.189967 0.098829
0.192642 0.100649
0.195318 0.102482
0.197993 0.104330
0.200669 0.106191
0.203344 0.108066
0.206020 0.109955
0.208696 0.111858
0.211371 0.113775
0.214047 0.115706
0.216722 0.117652
0.219398 0.119612
0.222074 0.121586
0.224749 0.123575
0.227425 0.125579
0.230100 0.127597
0.232776 0.129630
0.235452 0.131677
0.238127 0.133740
0.240803 0.135817
0.243478 0.137910
0.246154 0.140017
0.248829 0.142139
0.251505 0.144277
0.254181 0.146430
0.256856 0.148598
0.259532 0.150781
0.262207 0.152980
0.264883 0.155194
0.267559 0.157424
0.270234 0.159669
0.272910 0.161930
0.275585 0.164207
0.278261 0.166500
0.280936 0.168808
0.283612 0.171132
0.286288 0.173472
0.288963 0.175828
0.291639 0.178200
0.294314 0.180588
0.296990 0.182992
0.299666 0.185413
0.302341 0.187849
0.305017 0.190302
0.307692 0.192771
0.310368 0.195256
0.313043 0.197758
0.315719 0.200276
0.318395 0.202811
0.321070 0.205362
0.323746 0.207929
0.326421 0.210513
0.329097 0.213114
0.331773 0.215731
0.334448 0.218365
0.337124 0.221016
0.339799 0.223683
0.342475 0.226367
0.345151 0.229068
0.347826 0.231785
0.350502 0.234520
0.353177 0.237271
0.355853 0.240039
0.358528 0.242823
0.361204 0.245625
0.363880 0.248443
0.366555 0.251278
0.369231 0.254130
0.371906 0.256999
0.374582 0.259885
0.377258 0.262788
0.379933 0.265707
0.382609 0.268644
0.385284 0.271597
0.387960 0.274567
0.390635 0.277554
0.393311 0.280557
0.395987 0.283578
0.398662 0.286615
0.401338 0.289669
0.404013 0.292740
0.406689 0.295827
0.409365 0.298931
0.412040 0.302052
0.414716 0.305189
0.417391 0.308343
0.420067 0.311514
0.422742 0.314700
0.425418 0.317904
0.428094 0.321124
0.430769 0.324360
0.433445 0.327612
0.436120 0.330881
0.438796 0.334166
0.441472 0.337467
0.444147 0.340784
0.446823 0.344117
0.449498 0.347466
0.452174 0.350831
0.454849 0.354212
0.457525 0.357608
0.460201 0.361020
0.462876 0.364448
0.465552 0.367891
0.468227 0.371349
0.470903 0.374823
0.473579 0.378312
0.476254 0.381816
0.478930 0.385335
0.481605 0.388868
0.484281 0.392417
0.486957 0.395980
0.489632 0.399558
0.492308 0.403150
0.494983 0.406756
0.497659 0.410377
0.500334 0.414011
0.503010 0.417660
0.505686 0.421322
0.508361 0.424998
0.511037 0.428687
0.513712 0.432390
0.516388 0.436106
0.519064 0.439834
0.521739 0.443576
0.524415 0.447330
0.527090 0.451097
0.529766 0.454877
0.532441 0.458668
0.535117 0.462472
0.537793 0.466287
0.540468 0.470114
0.543144 0.473953
0.545819 0.477802
0.548495 0.481663
0.551171 0.485535
0.553846 0.489418
0.556522 0.493311
0.559197 0.497214
0.561873 0.501127
0.564548 0.505050
0.567224 0.508983
0.569900 0.512925
0.572575 0.516877
0.575251 0.520837
0.577926 0.524806
0.580602 0.528784
0.583278 0.532769
0.585953 0.536763
0.588629 0.540765
0.591304 0.544774
0.593980 0.548790
0.596656 0.552813
0.599331 0.556843
0.602007 0.560879
0.604682 0.564922
0.607358 0.568971
0.610033 0.573025
0.612709 0.577084
0.615385 0.581149
0.618060 0.585218
0.620736 0.589292
0.623411 0.593370
0.626087 0.597452
0.628763 0.601537
0.631438 0.605626
0.634114 0.609718
0.636789 0.613812
0.639465 0.617909
0.642140 0.622008
0.644816 0.626108
0.647492 0.630210
0.650167 0.634313
0.652843 0.638417
0.655518 0.642521
0.658194 0.646625
0.660870 0.650729
0.663545 0.654833
0.666221 0.658935
0.668896 0.663036
0.671572 0.667135
0.674247 0.671233
0.676923 0.675328
0.679599 0.679420
0.682274 0.683509
0.684950 0.687594
0.687625 0.691676
0.690301 0.695754
0.692977 0.699827
0.695652 0.703895
0.698328 0.707957
0.701003 0.712014
0.703679 0.716065
0.706355 0.720109
0.709030 0.724147
0.711706 0.728177
0.714381 0.732199
0.717057 0.736214
0.719732 0.740220
0.722408 0.744217
0.725084 0.748205
0.727759 0.752183
0.730435 0.756151
0.733110 0.760108
0.735786 0.764055
0.738462 0.767990
0.741137 0.771914
0.743813 0.775826
0.746488 0.779724
0.749164 0.783610
0.751839 0.787483
0.754515 0.791342
0.757191 0.795186
0.759866 0.799016
0.762542 0.802831
0.765217 0.806630
0.767893 0.810414
0.770569 0.814181
0.773244 0.817931
0.775920 0.821664
0.778595 0.825379
0.781271 0.829076
0.783946 0.832755
0.786622 0.836414
0.789298 0.840055
0.791973 0.843675
0.794649 0.847275
0.797324 0.850855
0.800000 0.854413
