# x1    P (MPa)
0.000000 0.000012
0.002676 0.001736
0.005351 0.003465
0.008027 0.005199
0.010702 0.006938
0.013378 0.008683
0.016054 0.010432
0.018729 0.012187
0.021405 0.013946
0.024080 0.015711
0.026756 0.017481
0.029431 0.019257
0.032107 0.021037
0.034783 0.022823
0.037458 0.024614
0.040134 0.026411
0.042809 0.028213
0.045485 0.030020
0.048161 0.031833
0.050836 0.033651
0.053512 0.035474
0.056187 0.037303
0.058863 0.039138
0.061538 0.040978
0.064214 0.042823
0.066890 0.044674
0.069565 0.046530
0.072241 0.048392
0.074916 0.050260
0.077592 0.052133
0.080268 0.054012
0.082943 0.055897
0.085619 0.057787
0.088294 0.059684
0.090970 0.061585
0.093645 0.063493
0.096321 0.065406
0.098997 0.067325
0.101672 0.069250
0.104348 0.071181
0.107023 0.073118
0.109699 0.075060
0.112375 0.077009
0.115050 0.078963
0.117726 0.080924
0.120401 0.082890
0.123077 0.084863
0.125753 0.086841
0.128428 0.088826
0.131104 0.090816
0.133779 0.092813
0.136455 0.094816
0.139130 0.096825
0.141806 0.098840
0.144482 0.100861
0.147157 0.102888
0.149833 0.104922
0.152508 0.106962
0.155184 0.109009
0.157860 0.111061
0.160535 0.113120
0.163211 0.115186
0.165886 0.117257
0.168562 0.119335
0.171237 0.121420
0.173913 0.123511
0.176589 0.125608
0.179264 0.127712
0.181940 0.129823
0.184615 0.131940
0.187291 0.134063
0.189967 0.136193
0.192642 0.138330
0.195318 0.140474
0.197993 0.142624
0.200669 0.144780
0.203344 0.146944
0.206020 0.149114
0.208696 0.151291
0.211371 0.153475
0.214047 0.155665
0.216722 0.157863
0.219398 0.160067
0.222074 0.162278
0.224749 0.164496
0.227425 0.166721
0.230100 0.168952
0.232776 0.171191
0.235452 0.173437
0.238127 0.175689
0.240803 0.177949
0.243478 0.180216
0.246154 0.182490
0.248829 0.184771
0.251505 0.187059
0.254181 0.189354
0.256856 0.191657
0.259532 0.193966
0.262207 0.196283
0.264883 0.198607
0.267559 0.200938
0.270234 0.203277
0.272910 0.205623
0.275585 0.207976
0.278261 0.210336
0.280936 0.212704
0.283612 0.215079
0.286288 0.217462
0.288963 0.219852
0.291639 0.222250
0.294314 0.224654
0.296990 0.227067
0.299666 0.229487
0.302341 0.231914
0.305017 0.234349
0.307692 0.236792
0.310368 0.239242
0.313043 0.241700
0.315719 0.244165
0.318395 0.246638
0.321070 0.249119
0.323746 0.251608
0.326421 0.254104
0.329097 0.256608
0.331773 0.259119
0.334448 0.261639
0.337124 0.264166
0.339799 0.266701
0.342475 0.269243
0.345151 0.271794
0.347826 0.274352
0.350502 0.276919
0.353177 0.279493
0.355853 0.282075
0.358528 0.284665
0.361204 0.287263
0.363880 0.289869
0.366555 0.292482
0.369231 0.295104
0.371906 0.297734
0.374582 0.300372
0.377258 0.303018
0.379933 0.305671
0.382609 0.308333
0.385284 0.311003
0.387960 0.313681
0.390635 0.316367
0.393311 0.319061
0.395987 0.321764
0.398662 0.324474
0.401338 0.327193
0.404013 0.329919
0.406689 0.332654
0.409365 0.335397
0.412040 0.338148
0.414716 0.340908
0.417391 0.343675
0.420067 0.346451
0.422742 0.349235
0.425418 0.352027
0.428094 0.354827
0.430769 0.357635
0.433445 0.360452
0.436120 0.363277
0.438796 0.366110
0.441472 0.368952
0.444147 0.371801
0.446823 0.374659
0.449498 0.377525
0.452174 0.380400
0.454849 0.383282
0.457525 0.386173
0.460201 0.389072
0.462876 0.391980
0.465552 0.394895
0.468227 0.397819
0.470903 0.400751
0.473579 0.403691
0.476254 0.406640
0.478930 0.409596
0.481605 0.412561
0.484281 0.415534
0.486957 0.418515
0.489632 0.421505
0.492308 0.424502
0.494983 0.427508
0.497659 0.430522
0.500334 0.433544
0.503010 0.436574
0.505686 0.439612
0.508361 0.442659
0.511037 0.445713
0.513712 0.448776
0.516388 0.451846
0.519064 0.454925
0.521739 0.458011
0.524415 0.461106
0.527090 0.464208
0.529766 0.467318
0.532441 0.470437
0.535117 0.473563
0.537793 0.476697
0.540468 0.479839
0.543144 0.482988
0.545819 0.486146
0.548495 0.489311
0.551171 0.492484
0.553846 0.495664
0.556522 0.498852
0.559197 0.502048
0.561873 0.505251
0.564548 0.508462
0.567224 0.511680
0.569900 0.514906
0.572575 0.518139
0.575251 0.521379
0.577926 0.524627
0.580602 0.527882
0.583278 0.531144
0.585953 0.534413
0.588629 0.537690
0.591304 0.540973
0.593980 0.544264
0.596656 0.547561
0.599331 0.550865
0.602007 0.554176
0.604682 0.557494
0.607358 0.560818
0.610033 0.564149
0.612709 0.567487
0.615385 0.570830
0.618060 0.574181
0.620736 0.577538
0.623411 0.580900
0.626087 0.584270
0.628763 0.587645
0.631438 0.591026
0.634114 0.594413
0.636789 0.597806
0.639465 0.601205
0.642140 0.604609
0.644816 0.608019
0.647492 0.611434
0.650167 0.614855
0.652843 0.618281
0.655518 0.621712
0.658194 0.625148
0.660870 0.628589
0.663545 0.632035
0.666221 0.635486
0.668896 0.638941
0.671572 0.642401
0.674247 0.645865
0.676923 0.649333
0.679599 0.652806
0.682274 0.656282
0.684950 0.659763
0.687625 0.663247
0.690301 0.666735
0.692977 0.670226
0.695652 0.673720
0.698328 0.677218
0.701003 0.680719
0.703679 0.684222
0.706355 0.687729
0.709030 0.691237
0.711706 0.694749
0.714381 0.698262
0.717057 0.701778
0.719732 0.705295
0.722408 0.708815
0.725084 0.712335
0.727759 0.715858
0.730435 0.719381
0.733110 0.722905
0.735786 0.726431
0.738462 0.729957
0.741137 0.733483
0.743813 0.737009
0.746488 0.740536
0.749164 0.744062
0.751839 0.747588
0.754515 0.751114
0.757191 0.754638
0.759866 0.758162
0.762542 0.761684
0.765217 0.765205
0.767893 0.768724
0.770569 0.772241
0.773244 0.775756
0.775920 0.779269
0.778595 0.782779
0.781271 0.786285
0.783946 0.789789
0.786622 0.793289
0.789298 0.796786
0.791973 0.800278
0.794649 0.803767
0.797324 0.807250
0.800000 0.810729
