# x1    P (MPa)
0.000000 0.000007
0.002676 0.001232
0.005351 0.002461
0.008027 0.003696
0.010702 0.004935
0.013378 0.006180
0.016054 0.007430
0.018729 0.008685
0.021405 0.009945
0.024080 0.011210
0.026756 0.012481
0.029431 0.013756
0.032107 0.015038
0.034783 0.016324
0.037458 0.017616
0.040134 0.018913
0.042809 0.020216
0.045485 0.021525
0.048161 0.022838
0.050836 0.024158
0.053512 0.025483
0.056187 0.026813
0.058863 0.028149
0.061538 0.029491
0.064214 0.030839
0.066890 0.032192
0.069565 0.033551
0.072241 0.034916
0.074916 0.036287
0.077592 0.037664
0.080268 0.039046
0.082943 0.040435
0.085619 0.041830
0.088294 0.043230
0.090970 0.044637
0.093645 0.046050
0.096321 0.047469
0.098997 0.048894
0.101672 0.050326
0.104348 0.051763
0.107023 0.053207
0.109699 0.054658
0.112375 0.056115
0.115050 0.057578
0.117726 0.059047
0.120401 0.060523
0.123077 0.062006
0.125753 0.063495
0.128428 0.064991
0.131104 0.066494
0.133779 0.068003
0.136455 0.069519
0.139130 0.071042
0.141806 0.072571
0.144482 0.074108
0.147157 0.075651
0.149833 0.077202
0.152508 0.078759
0.155184 0.080323
0.157860 0.081895
0.160535 0.083473
0.163211 0.085059
0.165886 0.086652
0.168562 0.088252
0.171237 0.089860
0.173913 0.091474
0.176589 0.093097
0.179264 0.094726
0.181940 0.096363
0.184615 0.098008
0.187291 0.099660
0.189967 0.101320
0.192642 0.102988
0.195318 0.104663
0.197993 0.106346
0.200669 0.108036
0.203344 0.109735
0.206020 0.111442
0.208696 0.113156
0.211371 0.114878
0.214047 0.116609
0.216722 0.118347
0.219398 0.120094
0.222074 0.121849
0.224749 0.123612
0.227425 0.125384
0.230100 0.127163
0.232776 0.128951
0.235452 0.130748
0.238127 0.132553
0.240803 0.134367
0.243478 0.136189
0.246154 0.138020
0.248829 0.139859
0.251505 0.141707
0.254181 0.143564
0.256856 0.145430
0.259532 0.147305
0.262207 0.149188
0.264883 0.151081
0.267559 0.152983
0.270234 0.154894
0.272910 0.156814
0.275585 0.158743
0.278261 0.160681
0.280936 0.162629
0.283612 0.164586
0.286288 0.166553
0.288963 0.168529
0.291639 0.170515
0.294314 0.172510
0.296990 0.174515
0.299666 0.176529
0.302341 0.178554
0.305017 0.180588
0.307692 0.182632
0.310368 0.184686
0.313043 0.186749
0.315719 0.188823
0.318395 0.190907
0.321070 0.193002
0.323746 0.195106
0.326421 0.197221
0.329097 0.199346
0.331773 0.201481
0.334448 0.203627
0.337124 0.205783
0.339799 0.207950
0.342475 0.210127
0.345151 0.212315
0.347826 0.214514
0.350502 0.216724
0.353177 0.218944
0.355853 0.221175
0.358528 0.223417
0.361204 0.225671
0.363880 0.227935
0.366555 0.230211
0.369231 0.232497
0.371906 0.234795
0.374582 0.237104
0.377258 0.239425
0.379933 0.241757
0.382609 0.244100
0.385284 0.246455
0.387960 0.248822
0.390635 0.251200
0.393311 0.253590
0.395987 0.255991
0.398662 0.258405
0.401338 0.260830
0.404013 0.263267
0.406689 0.265717
0.409365 0.268178
0.412040 0.270651
0.414716 0.273137
0.417391 0.275635
0.420067 0.278145
0.422742 0.280667
0.425418 0.283202
0.428094 0.285749
0.430769 0.288309
0.433445 0.290881
0.436120 0.293466
0.438796 0.296064
0.441472 0.298674
0.444147 0.301297
0.446823 0.303933
0.449498 0.306581
0.452174 0.309243
0.454849 0.311918
0.457525 0.314605
0.460201 0.317306
0.462876 0.320020
0.465552 0.322747
0.468227 0.325487
0.470903 0.328241
0.473579 0.331008
0.476254 0.333788
0.478930 0.336582
0.481605 0.339389
0.484281 0.342210
0.486957 0.345044
0.489632 0.347892
0.492308 0.350753
0.494983 0.353629
0.497659 0.356517
0.500334 0.359420
0.503010 0.362337
0.505686 0.365267
0.508361 0.368211
0.511037 0.371170
0.513712 0.374142
0.516388 0.377128
0.519064 0.380128
0.521739 0.383143
0.524415 0.386171
0.527090 0.389214
0.529766 0.392270
0.532441 0.395341
0.535117 0.398427
0.537793 0.401526
0.540468 0.404640
0.543144 0.407767
0.545819 0.410910
0.548495 0.414066
0.551171 0.417237
0.553846 0.420423
0.556522 0.423622
0.559197 0.426836
0.561873 0.430065
0.564548 0.433308
0.567224 0.436565
0.569900 0.439837
0.572575 0.443123
0.575251 0.446424
0.577926 0.449739
0.580602 0.453068
0.583278 0.456412
0.585953 0.459771
0.588629 0.463143
0.591304 0.466531
0.593980 0.469932
0.596656 0.473348
0.599331 0.476778
0.602007 0.480223
0.604682 0.483682
0.607358 0.487155
0.610033 0.490643
0.612709 0.494145
0.615385 0.497660
0.618060 0.501191
0.620736 0.504735
0.623411 0.508293
0.626087 0.511865
0.628763 0.515451
0.631438 0.519052
0.634114 0.522666
0.636789 0.526293
0.639465 0.529935
0.642140 0.533590
0.644816 0.537259
0.647492 0.540941
0.650167 0.544637
0.652843 0.548346
0.655518 0.552069
0.658194 0.555804
0.660870 0.559553
0.663545 0.563315
0.666221 0.567089
0.668896 0.570876
0.671572 0.574676
0.674247 0.578489
0.676923 0.582314
0.679599 0.586151
0.682274 0.590001
0.684950 0.593862
0.687625 0.597735
0.690301 0.601620
0.692977 0.605517
0.695652 0.609425
0.698328 0.613344
0.701003 0.617275
0.703679 0.621216
0.706355 0.625168
0.709030 0.629131
0.711706 0.633104
0.714381 0.637087
0.717057 0.641080
0.719732 0.645083
0.722408 0.649096
0.725084 0.653117
0.727759 0.657148
0.730435 0.661188
0.733110 0.665236
0.735786 0.669293
0.738462 0.673357
0.741137 0.677430
0.743813 0.681510
0.746488 0.685597
0.749164 0.689691
0.751839 0.693792
0.754515 0.697900
0.757191 0.702013
0.759866 0.706132
0.762542 0.710257
0.765217 0.714387
0.767893 0.718521
0.770569 0.722660
0.773244 0.726803
0.775920 0.730950
0.778595 0.735100
0.781271 0.739252
0.783946 0.743408
0.786622 0.747565
0.789298 0.751724
0.791973 0.755885
0.794649 0.760046
0.797324 0.764208
0.800000 0.768369
