# x1    P (MPa)
0.000000 0.000024
0.002676 0.001716
0.005351 0.003411
0.008027 0.005111
0.010702 0.006816
0.013378 0.008525
0.016054 0.010238
0.018729 0.011955
0.021405 0.013677
0.024080 0.015404
0.026756 0.017134
0.029431 0.018870
0.032107 0.020609
0.034783 0.022353
0.037458 0.024102
0.040134 0.025855
0.042809 0.027612
0.045485 0.029374
0.048161 0.031141
0.050836 0.032912
0.053512 0.034687
0.056187 0.036467
0.058863 0.038251
0.061538 0.040040
0.064214 0.041834
0.066890 0.043632
0.069565 0.045434
0.072241 0.047241
0.074916 0.049053
0.077592 0.050869
0.080268 0.052689
0.082943 0.054515
0.085619 0.056344
0.088294 0.058179
0.090970 0.060018
0.093645 0.061861
0.096321 0.063709
0.098997 0.065562
0.101672 0.067419
0.104348 0.069280
0.107023 0.071147
0.109699 0.073018
0.112375 0.074893
0.115050 0.076773
0.117726 0.078658
0.120401 0.080548
0.123077 0.082442
0.125753 0.084340
0.128428 0.086243
0.131104 0.088151
0.133779 0.090064
0.136455 0.091981
0.139130 0.093902
0.141806 0.095829
0.144482 0.097760
0.147157 0.099695
0.149833 0.101636
0.152508 0.103581
0.155184 0.105530
0.157860 0.107484
0.160535 0.109443
0.163211 0.111406
0.165886 0.113375
0.168562 0.115347
0.171237 0.117325
0.173913 0.119307
0.176589 0.121293
0.179264 0.123285
0.181940 0.125280
0.184615 0.127281
0.187291 0.129286
0.189967 0.131296
0.192642 0.133311
0.195318 0.135330
0.197993 0.137353
0.200669 0.139382
0.203344 0.141415
0.206020 0.143452
0.208696 0.145495
0.211371 0.147541
0.214047 0.149593
0.216722 0.151649
0.219398 0.153710
0.222074 0.155775
0.224749 0.157845
0.227425 0.159919
0.230100 0.161998
0.232776 0.164082
0.235452 0.166170
0.238127 0.168263
0.240803 0.170360
0.243478 0.172462
0.246154 0.174568
0.248829 0.176679
0.251505 0.178795
0.254181 0.180915
0.256856 0.183040
0.259532 0.185169
0.262207 0.187302
0.264883 0.189440
0.267559 0.191583
0.270234 0.193730
0.272910 0.195882
0.275585 0.198038
0.278261 0.200198
0.280936 0.202363
0.283612 0.204532
0.286288 0.206706
0.288963 0.208884
0.291639 0.211067
0.294314 0.213254
0.296990 0.215445
0.299666 0.217641
0.302341 0.219841
0.305017 0.222045
0.307692 0.224253
0.310368 0.226466
0.313043 0.228684
0.315719 0.230905
0.318395 0.233131
0.321070 0.235361
0.323746 0.237595
0.326421 0.239833
0.329097 0.242076
0.331773 0.244323
0.334448 0.246574
0.337124 0.248829
0.339799 0.251088
0.342475 0.253351
0.345151 0.255618
0.347826 0.257890
0.350502 0.260165
0.353177 0.262445
0.355853 0.264728
0.358528 0.267016
0.361204 0.269307
0.363880 0.271602
0.366555 0.273901
0.369231 0.276204
0.371906 0.278511
0.374582 0.280822
0.377258 0.283137
0.379933 0.285455
0.382609 0.287777
0.385284 0.290103
0.387960 0.292432
0.390635 0.294765
0.393311 0.297102
0.395987 0.299443
0.398662 0.301787
0.401338 0.304134
0.404013 0.306485
0.406689 0.308840
0.409365 0.311198
0.412040 0.313559
0.414716 0.315924
0.417391 0.318292
0.420067 0.320664
0.422742 0.323039
0.425418 0.325417
0.428094 0.327798
0.430769 0.330183
0.433445 0.332570
0.436120 0.334961
0.438796 0.337355
0.441472 0.339752
0.444147 0.342152
0.446823 0.344555
0.449498 0.346960
0.452174 0.349369
0.454849 0.351781
0.457525 0.354195
0.460201 0.356612
0.462876 0.359031
0.465552 0.361454
0.468227 0.363879
0.470903 0.366306
0.473579 0.368736
0.476254 0.371169
0.478930 0.373604
0.481605 0.376041
0.484281 0.378481
0.486957 0.380923
0.489632 0.383367
0.492308 0.385813
0.494983 0.388261
0.497659 0.390712
0.500334 0.393164
0.503010 0.395619
0.505686 0.398075
0.508361 0.400533
0.511037 0.402993
0.513712 0.405455
0.516388 0.407919
0.519064 0.410384
0.521739 0.412850
0.524415 0.415318
0.527090 0.417788
0.529766 0.420258
0.532441 0.422731
0.535117 0.425204
0.537793 0.427679
0.540468 0.430154
0.543144 0.432631
0.545819 0.435109
0.548495 0.437587
0.551171 0.440066
0.553846 0.442547
0.556522 0.445027
0.559197 0.447509
0.561873 0.449991
0.564548 0.452473
0.567224 0.454956
0.569900 0.457439
0.572575 0.459923
0.575251 0.462406
0.577926 0.464890
0.580602 0.467374
0.583278 0.469857
0.585953 0.472341
0.588629 0.474824
0.591304 0.477307
0.593980 0.479789
0.596656 0.482271
0.599331 0.484752
0.602007 0.487233
0.604682 0.489713
0.607358 0.492192
0.610033 0.494670
0.612709 0.497147
0.615385 0.499623
0.618060 0.502098
0.620736 0.504571
0.623411 0.507044
0.626087 0.509514
0.628763 0.511983
0.631438 0.514450
0.634114 0.516916
0.636789 0.519379
0.639465 0.521841
0.642140 0.524300
0.644816 0.526757
0.647492 0.529212
0.650167 0.531664
0.652843 0.534114
0.655518 0.536561
0.658194 0.539006
0.660870 0.541448
0.663545 0.543886
0.666221 0.546322
0.668896 0.548754
0.671572 0.551183
0.674247 0.553609
0.676923 0.556031
0.679599 0.558449
0.682274 0.560864
0.684950 0.563274
0.687625 0.565681
0.690301 0.568083
0.692977 0.570481
0.695652 0.572875
0.698328 0.575264
0.701003 0.577649
0.703679 0.580028
0.706355 0.582403
0.709030 0.584773
0.711706 0.587138
0.714381 0.589497
0.717057 0.591851
0.719732 0.594199
0.722408 0.596541
0.725084 0.598878
0.727759 0.601208
0.730435 0.603533
0.733110 0.605851
0.735786 0.608163
0.738462 0.610468
0.741137 0.612766
0.743813 0.615058
0.746488 0.617342
0.749164 0.619619
0.751839 0.621889
0.754515 0.624152
0.757191 0.626407
0.759866 0.628654
0.762542 0.630893
0.765217 0.633125
0.767893 0.635348
0.770569 0.637562
0.773244 0.639768
0.775920 0.641966
0.778595 0.644154
0.781271 0.646334
0.783946 0.648504
0.786622 0.650665
0.789298 0.652816
0.791973 0.654958
0.794649 0.657090
0.797324 0.659212
0.800000 0.661324
