# x1    P (MPa)
0.000000 0.000063
0.002676 0.002629
0.005351 0.005201
0.008027 0.007780
0.010702 0.010366
0.013378 0.012958
0.016054 0.015557
0.018729 0.018162
0.021405 0.020774
0.024080 0.023393
0.026756 0.026019
0.029431 0.028652
0.032107 0.031291
0.034783 0.033937
0.037458 0.036590
0.040134 0.039250
0.042809 0.041916
0.045485 0.044590
0.048161 0.047270
0.050836 0.049957
0.053512 0.052651
0.056187 0.055353
0.058863 0.058061
0.061538 0.060776
0.064214 0.063498
0.066890 0.066227
0.069565 0.068963
0.072241 0.071707
0.074916 0.074457
0.077592 0.077215
0.080268 0.079980
0.082943 0.082751
0.085619 0.085530
0.088294 0.088317
0.090970 0.091110
0.093645 0.093911
0.096321 0.096719
0.098997 0.099534
0.101672 0.102357
0.104348 0.105187
0.107023 0.108024
0.109699 0.110868
0.112375 0.113720
0.115050 0.116580
0.117726 0.119446
0.120401 0.122320
0.123077 0.125202
0.125753 0.128091
0.128428 0.130988
0.131104 0.133892
0.133779 0.136803
0.136455 0.139723
0.139130 0.142649
0.141806 0.145584
0.144482 0.148526
0.147157 0.151475
0.149833 0.154432
0.152508 0.157397
0.155184 0.160370
0.157860 0.163350
0.160535 0.166338
0.163211 0.169333
0.165886 0.172337
0.168562 0.175348
0.171237 0.178367
0.173913 0.181394
0.176589 0.184428
0.179264 0.187470
0.181940 0.190521
0.184615 0.193579
0.187291 0.196645
0.189967 0.199719
0.192642 0.202800
0.195318 0.205890
0.197993 0.208988
0.200669 0.212093
0.203344 0.215207
0.206020 0.218328
0.208696 0.221458
0.211371 0.224596
0.214047 0.227741
0.216722 0.230895
0.219398 0.234057
0.222074 0.237227
0.224749 0.240405
0.227425 0.243591
0.230100 0.246785
0.232776 0.249987
0.235452 0.253198
0.238127 0.256416
0.240803 0.259643
0.243478 0.262878
0.246154 0.266121
0.248829 0.269373
0.251505 0.272632
0.254181 0.275900
0.256856 0.279176
0.259532 0.282461
0.262207 0.285753
0.264883 0.289054
0.267559 0.292363
0.270234 0.295681
0.272910 0.299007
0.275585 0.302341
0.278261 0.305683
0.280936 0.309034
0.283612 0.312393
0.286288 0.315761
0.288963 0.319137
0.291639 0.322521
0.294314 0.325913
0.296990 0.329314
0.299666 0.332724
0.302341 0.336142
0.305017 0.339568
0.307692 0.343002
0.310368 0.346446
0.313043 0.349897
0.315719 0.353357
0.318395 0.356825
0.321070 0.360302
0.323746 0.363787
0.326421 0.367281
0.329097 0.370783
0.331773 0.374293
0.334448 0.377812
0.337124 0.381339
0.339799 0.384875
0.342475 0.388419
0.345151 0.391972
0.347826 0.395533
0.350502 0.399102
0.353177 0.402680
0.355853 0.406267
0.358528 0.409862
0.361204 0.413465
0.363880 0.417077
0.366555 0.420697
0.369231 0.424325
0.371906 0.427962
0.374582 0.431607
0.377258 0.435261
0.379933 0.438923
0.382609 0.442593
0.385284 0.446272
0.387960 0.449959
0.390635 0.453655
0.393311 0.457359
0.395987 0.461071
0.398662 0.464791
0.401338 0.468520
0.404013 0.472257
0.406689 0.476002
0.409365 0.479756
0.412040 0.483518
0.414716 0.487288
0.417391 0.491066
0.420067 0.494852
0.422742 0.498647
0.425418 0.502450
0.428094 0.506261
0.430769 0.510080
0.433445 0.513907
0.436120 0.517742
0.438796 0.521585
0.441472 0.525436
0.444147 0.529295
0.446823 0.533162
0.449498 0.537037
0.452174 0.540920
0.454849 0.544811
0.457525 0.548710
0.460201 0.552616
0.462876 0.556530
0.465552 0.560452
0.468227 0.564382
0.470903 0.568319
0.473579 0.572264
0.476254 0.576217
0.478930 0.580177
0.481605 0.584145
0.484281 0.588120
0.486957 0.592103
0.489632 0.596093
0.492308 0.600090
0.494983 0.604095
0.497659 0.608107
0.500334 0.612126
0.503010 0.616152
0.505686 0.620186
0.508361 0.624226
0.511037 0.628274
0.513712 0.632328
0.516388 0.636389
0.519064 0.640458
0.521739 0.644533
0.524415 0.648614
0.527090 0.652703
0.529766 0.656798
0.532441 0.660899
0.535117 0.665007
0.537793 0.669122
0.540468 0.673243
0.543144 0.677370
0.545819 0.681503
0.548495 0.685642
0.551171 0.689788
0.553846 0.693939
0.556522 0.698097
0.559197 0.702260
0.561873 0.706429
0.564548 0.710603
0.567224 0.714783
0.569900 0.718969
0.572575 0.723160
0.575251 0.727356
0.577926 0.731558
0.580602 0.735764
0.583278 0.739976
0.585953 0.744193
0.588629 0.748414
0.591304 0.752640
0.593980 0.756871
0.596656 0.761106
0.599331 0.765346
0.602007 0.769590
0.604682 0.773839
0.607358 0.778091
0.610033 0.782347
0.612709 0.786608
0.615385 0.790872
0.618060 0.795139
0.620736 0.799410
0.623411 0.803685
0.626087 0.807963
0.628763 0.812244
0.631438 0.816528
0.634114 0.820814
0.636789 0.825104
0.639465 0.829396
0.642140 0.833690
0.644816 0.837987
0.647492 0.842286
0.650167 0.846587
0.652843 0.850890
0.655518 0.855194
0.658194 0.859500
0.660870 0.863808
0.663545 0.868116
0.666221 0.872426
0.668896 0.876736
0.671572 0.881048
0.674247 0.885360
0.676923 0.889672
0.679599 0.893984
0.682274 0.898297
0.684950 0.902609
0.687625 0.906921
0.690301 0.911233
0.692977 0.915544
0.695652 0.919853
0.698328 0.924162
0.701003 0.928470
0.703679 0.932776
0.706355 0.937080
0.709030 0.941382
0.711706 0.945682
0.714381 0.949980
0.717057 0.954275
0.719732 0.958568
0.722408 0.962857
0.725084 0.967144
0.727759 0.971427
0.730435 0.975706
0.733110 0.979981
0.735786 0.984252
0.738462 0.988519
0.741137 0.992781
0.743813 0.997038
0.746488 1.001290
0.749164 1.005536
0.751839 1.009777
0.754515 1.014012
0.757191 1.018241
0.759866 1.022463
0.762542 1.026679
0.765217 1.030887
0.767893 1.035089
0.770569 1.039283
0.773244 1.043468
0.775920 1.047646
0.778595 1.051816
0.781271 1.055976
0.783946 1.060128
0.786622 1.064270
0.789298 1.068403
0.791973 1.072526
0.794649 1.076639
0.797324 1.080741
0.800000 1.084832
