# x1    P (MPa)
0.000000 0.000025
0.002676 0.001939
0.005351 0.003858
0.008027 0.005782
0.010702 0.007712
0.013378 0.009647
0.016054 0.011587
0.018729 0.013533
0.021405 0.015484
0.024080 0.017441
0.026756 0.019403
0.029431 0.021371
0.032107 0.023344
0.034783 0.025323
0.037458 0.027308
0.040134 0.029298
0.042809 0.031293
0.045485 0.033295
0.048161 0.035302
0.050836 0.037314
0.053512 0.039332
0.056187 0.041356
0.058863 0.043386
0.061538 0.045421
0.064214 0.047462
0.066890 0.049509
0.069565 0.051562
0.072241 0.053620
0.074916 0.055684
0.077592 0.057754
0.080268 0.059830
0.082943 0.061912
0.085619 0.064000
0.088294 0.066093
0.090970 0.068193
0.093645 0.070298
0.096321 0.072409
0.098997 0.074527
0.101672 0.076650
0.104348 0.078779
0.107023 0.080915
0.109699 0.083056
0.112375 0.085204
0.115050 0.087357
0.117726 0.089517
0.120401 0.091682
0.123077 0.093854
0.125753 0.096032
0.128428 0.098216
0.131104 0.100407
0.133779 0.102603
0.136455 0.104806
0.139130 0.107015
0.141806 0.109230
0.144482 0.111452
0.147157 0.113680
0.149833 0.115914
0.152508 0.118154
0.155184 0.120401
0.157860 0.122654
0.160535 0.124913
0.163211 0.127179
0.165886 0.129451
0.168562 0.131730
0.171237 0.134015
0.173913 0.136306
0.176589 0.138604
0.179264 0.140908
0.181940 0.143219
0.184615 0.145537
0.187291 0.147861
0.189967 0.150191
0.192642 0.152528
0.195318 0.154872
0.197993 0.157222
0.200669 0.159578
0.203344 0.161942
0.206020 0.164312
0.208696 0.166688
0.211371 0.169071
0.214047 0.171461
0.216722 0.173858
0.219398 0.176261
0.222074 0.178671
0.224749 0.181088
0.227425 0.183511
0.230100 0.185941
0.232776 0.188378
0.235452 0.190822
0.238127 0.193272
0.240803 0.195730
0.243478 0.198194
0.246154 0.200664
0.248829 0.203142
0.251505 0.205627
0.254181 0.208118
0.256856 0.210616
0.259532 0.213122
0.262207 0.215634
0.264883 0.218153
0.267559 0.220678
0.270234 0.223211
0.272910 0.225751
0.275585 0.228297
0.278261 0.230851
0.280936 0.233411
0.283612 0.235979
0.286288 0.238553
0.288963 0.241135
0.291639 0.243723
0.294314 0.246319
0.296990 0.248921
0.299666 0.251531
0.302341 0.254147
0.305017 0.256771
0.307692 0.259401
0.310368 0.262039
0.313043 0.264683
0.315719 0.267335
0.318395 0.269993
0.321070 0.272659
0.323746 0.275332
0.326421 0.278012
0.329097 0.280699
0.331773 0.283393
0.334448 0.286094
0.337124 0.288802
0.339799 0.291517
0.342475 0.294240
0.345151 0.296969
0.347826 0.299706
0.350502 0.302449
0.353177 0.305200
0.355853 0.307958
0.358528 0.310722
0.361204 0.313494
0.363880 0.316273
0.366555 0.319059
0.369231 0.321853
0.371906 0.324653
0.374582 0.327460
0.377258 0.330274
0.379933 0.333096
0.382609 0.335924
0.385284 0.338760
0.387960 0.341602
0.390635 0.344452
0.393311 0.347309
0.395987 0.350172
0.398662 0.353043
0.401338 0.355921
0.404013 0.358805
0.406689 0.361697
0.409365 0.364595
0.412040 0.367501
0.414716 0.370414
0.417391 0.373333
0.420067 0.376259
0.422742 0.379193
0.425418 0.382133
0.428094 0.385080
0.430769 0.388034
0.433445 0.390995
0.436120 0.393962
0.438796 0.396937
0.441472 0.399918
0.444147 0.402906
0.446823 0.405901
0.449498 0.408902
0.452174 0.411910
0.454849 0.414925
0.457525 0.417947
0.460201 0.420975
0.462876 0.424010
0.465552 0.427051
0.468227 0.430099
0.470903 0.433153
0.473579 0.436214
0.476254 0.439282
0.478930 0.442356
0.481605 0.445436
0.484281 0.448523
0.486957 0.451616
0.489632 0.454715
0.492308 0.457821
0.494983 0.460932
0.497659 0.464051
0.500334 0.467175
0.503010 0.470305
0.505686 0.473442
0.508361 0.476584
0.511037 0.479733
0.513712 0.482887
0.516388 0.486048
0.519064 0.489214
0.521739 0.492386
0.524415 0.495564
0.527090 0.498747
0.529766 0.501937
0.532441 0.505131
0.535117 0.508332
0.537793 0.511538
0.540468 0.514749
0.543144 0.517966
0.545819 0.521188
0.548495 0.524416
0.551171 0.527649
0.553846 0.530887
0.556522 0.534129
0.559197 0.537378
0.561873 0.540631
0.564548 0.543888
0.567224 0.547151
0.569900 0.550419
0.572575 0.553691
0.575251 0.556968
0.577926 0.560249
0.580602 0.563535
0.583278 0.566825
0.585953 0.570120
0.588629 0.573419
0.591304 0.576722
0.593980 0.580029
0.596656 0.583340
0.599331 0.586654
0.602007 0.589973
0.604682 0.593296
0.607358 0.596622
0.610033 0.599951
0.612709 0.603284
0.615385 0.606620
0.618060 0.609960
0.620736 0.613303
0.623411 0.616648
0.626087 0.619997
0.628763 0.623349
0.631438 0.626703
0.634114 0.630059
0.636789 0.633419
0.639465 0.636780
0.642140 0.640144
0.644816 0.643510
0.647492 0.646878
0.650167 0.650248
0.652843 0.653620
0.655518 0.656993
0.658194 0.660368
0.660870 0.663744
0.663545 0.667122
0.666221 0.670500
0.668896 0.673880
0.671572 0.677260
0.674247 0.680641
0.676923 0.684023
0.679599 0.687405
0.682274 0.690787
0.684950 0.694170
0.687625 0.697552
0.690301 0.700934
0.692977 0.704316
0.695652 0.707697
0.698328 0.711078
0.701003 0.714457
0.703679 0.717836
0.706355 0.721213
0.709030 0.724589
0.711706 0.727964
0.714381 0.731337
0.717057 0.734708
0.719732 0.738077
0.722408 0.741443
0.725084 0.744807
0.727759 0.748169
0.730435 0.751527
0.733110 0.754883
0.735786 0.758235
0.738462 0.761584
0.741137 0.764929
0.743813 0.768271
0.746488 0.771608
0.749164 0.774941
0.751839 0.778270
0.754515 0.781594
0.757191 0.784913
0.759866 0.788226
0.762542 0.791535
0.765217 0.794838
0.767893 0.798135
0.770569 0.801426
0.773244 0.804710
0.775920 0.807988
0.778595 0.811259
0.781271 0.814524
0.783946 0.817781
0.786622 0.821030
0.789298 0.824272
0.791973 0.827505
0.794649 0.830731
0.797324 0.833947
0.800000 0.837155
