# x1    P (MPa)
0.000000 0.000000
0.002676 0.000375
0.005351 0.000754
0.008027 0.001136
0.010702 0.001520
0.013378 0.001908
0.016054 0.002300
0.018729 0.002694
0.021405 0.003092
0.024080 0.003493
0.026756 0.003898
0.029431 0.004306
0.032107 0.004718
0.034783 0.005133
0.037458 0.005551
0.040134 0.005973
0.042809 0.006399
0.045485 0.006828
0.048161 0.007261
0.050836 0.007698
0.053512 0.008138
0.056187 0.008583
0.058863 0.009031
0.061538 0.009483
0.064214 0.009939
0.066890 0.010398
0.069565 0.010862
0.072241 0.011330
0.074916 0.011802
0.077592 0.012278
0.080268 0.012758
0.082943 0.013243
0.085619 0.013731
0.088294 0.014224
0.090970 0.014722
0.093645 0.015223
0.096321 0.015729
0.098997 0.016240
0.101672 0.016755
0.104348 0.017275
0.107023 0.017799
0.109699 0.018328
0.112375 0.018861
0.115050 0.019400
0.117726 0.019943
0.120401 0.020491
0.123077 0.021044
0.125753 0.021602
0.128428 0.022165
0.131104 0.022733
0.133779 0.023306
0.136455 0.023884
0.139130 0.024468
0.141806 0.025057
0.144482 0.025651
0.147157 0.026251
0.149833 0.026856
0.152508 0.027466
0.155184 0.028083
0.157860 0.028704
0.160535 0.029332
0.163211 0.029965
0.165886 0.030604
0.168562 0.031249
0.171237 0.031900
0.173913 0.032557
0.176589 0.033220
0.179264 0.033889
0.181940 0.034565
0.184615 0.035246
0.187291 0.035934
0.189967 0.036628
0.192642 0.037329
0.195318 0.038036
0.197993 0.038750
0.200669 0.039471
0.203344 0.040198
0.206020 0.040932
0.208696 0.041673
0.211371 0.042421
0.214047 0.043176
0.216722 0.043939
0.219398 0.044708
0.222074 0.045484
0.224749 0.046268
0.227425 0.047060
0.230100 0.047859
0.232776 0.048665
0.235452 0.049479
0.238127 0.050301
0.240803 0.051131
0.243478 0.051968
0.246154 0.052814
0.248829 0.053667
0.251505 0.054529
0.254181 0.055399
0.256856 0.056278
0.259532 0.057164
0.262207 0.058060
0.264883 0.058963
0.267559 0.059876
0.270234 0.060797
0.272910 0.061728
0.275585 0.062667
0.278261 0.063615
0.280936 0.064572
0.283612 0.065539
0.286288 0.066515
0.288963 0.067501
0.291639 0.068496
0.294314 0.069500
0.296990 0.070515
0.299666 0.071539
0.302341 0.072573
0.305017 0.073617
0.307692 0.074671
0.310368 0.075736
0.313043 0.076811
0.315719 0.077897
0.318395 0.078993
0.321070 0.080099
0.323746 0.081217
0.326421 0.082345
0.329097 0.083485
0.331773 0.084635
0.334448 0.085797
0.337124 0.086970
0.339799 0.088155
0.342475 0.089351
0.345151 0.090559
0.347826 0.091778
0.350502 0.093010
0.353177 0.094254
0.355853 0.095510
0.358528 0.096778
0.361204 0.098058
0.363880 0.099351
0.366555 0.100657
0.369231 0.101976
0.371906 0.103307
0.374582 0.104651
0.377258 0.106009
0.379933 0.107380
0.382609 0.108764
0.385284 0.110162
0.387960 0.111573
0.390635 0.112999
0.393311 0.114438
0.395987 0.115891
0.398662 0.117358
0.401338 0.118840
0.404013 0.120336
0.406689 0.121847
0.409365 0.123372
0.412040 0.124913
0.414716 0.126468
0.417391 0.128038
0.420067 0.129624
0.422742 0.131225
0.425418 0.132841
0.428094 0.134473
0.430769 0.136121
0.433445 0.137785
0.436120 0.139465
0.438796 0.141161
0.441472 0.142873
0.444147 0.144602
0.446823 0.146348
0.449498 0.148110
0.452174 0.149889
0.454849 0.151685
0.457525 0.153498
0.460201 0.155329
0.462876 0.157176
0.465552 0.159042
0.468227 0.160925
0.470903 0.162826
0.473579 0.164745
0.476254 0.166682
0.478930 0.168637
0.481605 0.170610
0.484281 0.172602
0.486957 0.174613
0.489632 0.176642
0.492308 0.178690
0.494983 0.180758
0.497659 0.182844
0.500334 0.184949
0.503010 0.187074
0.505686 0.189219
0.508361 0.191383
0.511037 0.193566
0.513712 0.195770
0.516388 0.197994
0.519064 0.200237
0.521739 0.202501
0.524415 0.204785
0.527090 0.207090
0.529766 0.209415
0.532441 0.211760
0.535117 0.214127
0.537793 0.216514
0.540468 0.218922
0.543144 0.221351
0.545819 0.223801
0.548495 0.226273
0.551171 0.228765
0.553846 0.231279
0.556522 0.233815
0.559197 0.236372
0.561873 0.238950
0.564548 0.241551
0.567224 0.244172
0.569900 0.246816
0.572575 0.249482
0.575251 0.252169
0.577926 0.254879
0.580602 0.257610
0.583278 0.260364
0.585953 0.263139
0.588629 0.265937
0.591304 0.268757
0.593980 0.271598
0.596656 0.274462
0.599331 0.277349
0.602007 0.280257
0.604682 0.283188
0.607358 0.286141
0.610033 0.289115
0.612709 0.292113
0.615385 0.295132
0.618060 0.298173
0.620736 0.301236
0.623411 0.304322
0.626087 0.307429
0.628763 0.310558
0.631438 0.313709
0.634114 0.316882
0.636789 0.320077
0.639465 0.323293
0.642140 0.326531
0.644816 0.329790
0.647492 0.333070
0.650167 0.336372
0.652843 0.339695
0.655518 0.343038
0.658194 0.346403
0.660870 0.349788
0.663545 0.353193
0.666221 0.356619
0.668896 0.360065
0.671572 0.363531
0.674247 0.367017
0.676923 0.370522
0.679599 0.374047
0.682274 0.377591
0.684950 0.381153
0.687625 0.384735
0.690301 0.388334
0.692977 0.391952
0.695652 0.395588
0.698328 0.399241
0.701003 0.402912
0.703679 0.406599
0.706355 0.410304
0.709030 0.414024
0.711706 0.417761
0.714381 0.421513
0.717057 0.425280
0.719732 0.429063
0.722408 0.432860
0.725084 0.436671
0.727759 0.440496
0.730435 0.444334
0.733110 0.448185
0.735786 0.452049
0.738462 0.455924
0.741137 0.459811
0.743813 0.463710
0.746488 0.467619
0.749164 0.471538
0.751839 0.475467
0.754515 0.479404
0.757191 0.483351
0.759866 0.487305
0.762542 0.491267
0.765217 0.495236
0.767893 0.499211
0.770569 0.503192
0.773244 0.507179
0.775920 0.511170
0.778595 0.515164
0.781271 0.519163
0.783946 0.523163
0.786622 0.527166
0.789298 0.531171
0.791973 0.535176
0.794649 0.539181
0.797324 0.543185
0.800000 0.547189
