# x1    P (MPa)
0.000000 0.000107
0.003015 0.008512
0.006030 0.016932
0.009045 0.025366
0.012060 0.033816
0.015075 0.042281
0.018090 0.050760
0.021106 0.059255
0.024121 0.067765
0.027136 0.076290
0.030151 0.084830
0.033166 0.093385
0.036181 0.101955
0.039196 0.110540
0.042211 0.119141
0.045226 0.127756
0.048241 0.136387
0.051256 0.145033
0.054271 0.153694
0.057286 0.162371
0.060302 0.171062
0.063317 0.179769
0.066332 0.188492
0.069347 0.197229
0.072362 0.205982
0.075377 0.214750
0.078392 0.223533
0.081407 0.232332
0.084422 0.241146
0.087437 0.249975
0.090452 0.258820
0.093467 0.267680
0.096482 0.276555
0.099497 0.285446
0.102513 0.294352
0.105528 0.303273
0.108543 0.312210
0.111558 0.321162
0.114573 0.330130
0.117588 0.339112
0.120603 0.348111
0.123618 0.357124
0.126633 0.366153
0.129648 0.375198
0.132663 0.384258
0.135678 0.393333
0.138693 0.402423
0.141709 0.411529
0.144724 0.420650
0.147739 0.429787
0.150754 0.438939
0.153769 0.448106
0.156784 0.457289
0.159799 0.466487
0.162814 0.475700
0.165829 0.484929
0.168844 0.494173
0.171859 0.503432
0.174874 0.512707
0.177889 0.521996
0.180905 0.531301
0.183920 0.540622
0.186935 0.549957
0.189950 0.559308
0.192965 0.568674
0.195980 0.578055
0.198995 0.587451
0.202010 0.596863
0.205025 0.606289
0.208040 0.615731
0.211055 0.625188
0.214070 0.634659
0.217085 0.644146
0.220101 0.653648
0.223116 0.663165
0.226131 0.672696
0.229146 0.682243
0.232161 0.691805
0.235176 0.701381
0.238191 0.710972
0.241206 0.720578
0.244221 0.730199
0.247236 0.739834
0.250251 0.749484
0.253266 0.759149
0.256281 0.768828
0.259296 0.778522
0.262312 0.788230
0.265327 0.797953
0.268342 0.807691
0.271357 0.817442
0.274372 0.827208
0.277387 0.836988
0.280402 0.846783
0.283417 0.856592
0.286432 0.866414
0.289447 0.876251
0.292462 0.886102
0.295477 0.895967
0.298492 0.905846
0.301508 0.915738
0.304523 0.925644
0.307538 0.935564
0.310553 0.945498
0.313568 0.955445
0.316583 0.965406
0.319598 0.975380
0.322613 0.985368
0.325628 0.995369
0.328643 1.005383
0.331658 1.015410
0.334673 1.025450
0.337688 1.035503
0.340704 1.045569
0.343719 1.055648
0.346734 1.065740
0.349749 1.075844
0.352764 1.085961
0.355779 1.096090
0.358794 1.106232
0.361809 1.116385
0.364824 1.126551
0.367839 1.136729
0.370854 1.146919
0.373869 1.157121
0.376884 1.167335
0.379899 1.177560
0.382915 1.187797
0.385930 1.198045
0.388945 1.208304
0.391960 1.218575
0.394975 1.228857
0.397990 1.239149
0.401005 1.249452
0.404020 1.259767
0.407035 1.270091
0.410050 1.280426
0.413065 1.290771
0.416080 1.301127
0.419095 1.311492
0.422111 1.321868
0.425126 1.332253
0.428141 1.342647
0.431156 1.353051
0.434171 1.363465
0.437186 1.373887
0.440201 1.384318
0.443216 1.394759
0.446231 1.405207
0.449246 1.415665
0.452261 1.426130
0.455276 1.436604
0.458291 1.447085
0.461307 1.457575
0.464322 1.468072
0.467337 1.478576
0.470352 1.489088
0.473367 1.499607
0.476382 1.510132
0.479397 1.520664
0.482412 1.531203
0.485427 1.541748
0.488442 1.552299
0.491457 1.562856
0.494472 1.573418
0.497487 1.583986
0.500503 1.594559
0.503518 1.605137
0.506533 1.615720
0.509548 1.626307
0.512563 1.636898
0.515578 1.647494
0.518593 1.658093
0.521608 1.668696
0.524623 1.679303
0.527638 1.689912
0.530653 1.700524
0.533668 1.711139
0.536683 1.721756
0.539698 1.732376
0.542714 1.742996
0.545729 1.753619
0.548744 1.764243
0.551759 1.774867
0.554774 1.785493
0.557789 1.796119
0.560804 1.806744
0.563819 1.817370
0.566834 1.827995
0.569849 1.838620
0.572864 1.849243
0.575879 1.859865
0.578894 1.870485
0.581910 1.881104
0.584925 1.891719
0.587940 1.902333
0.590955 1.912943
0.593970 1.923550
0.596985 1.934153
0.600000 1.944752
