# x1    P (MPa)
0.000000 0.000030
0.003015 0.007045
0.006030 0.014073
0.009045 0.021115
0.012060 0.028169
0.015075 0.035238
0.018090 0.042320
0.021106 0.049416
0.024121 0.056525
0.027136 0.063648
0.030151 0.070785
0.033166 0.077935
0.036181 0.085100
0.039196 0.092278
0.042211 0.099470
0.045226 0.106677
0.048241 0.113897
0.051256 0.121131
0.054271 0.128380
0.057286 0.135643
0.060302 0.142919
0.063317 0.150211
0.066332 0.157516
0.069347 0.164836
0.072362 0.172170
0.075377 0.179519
0.078392 0.186882
0.081407 0.194259
0.084422 0.201652
0.087437 0.209059
0.090452 0.216480
0.093467 0.223916
0.096482 0.231368
0.099497 0.238833
0.102513 0.246314
0.105528 0.253810
0.108543 0.261321
0.111558 0.268846
0.114573 0.276387
0.117588 0.283943
0.120603 0.291514
0.123618 0.299100
0.126633 0.306701
0.129648 0.314318
0.132663 0.321950
0.135678 0.329598
0.138693 0.337261
0.141709 0.344939
0.144724 0.352633
0.147739 0.360343
0.150754 0.368068
0.153769 0.375809
0.156784 0.383565
0.159799 0.391338
0.162814 0.399126
0.165829 0.406930
0.168844 0.414750
0.171859 0.422586
0.174874 0.430438
0.177889 0.438306
0.180905 0.446191
0.183920 0.454091
0.186935 0.462008
0.189950 0.469941
0.192965 0.477890
0.195980 0.485855
0.198995 0.493838
0.202010 0.501836
0.205025 0.509851
0.208040 0.517883
0.211055 0.525931
0.214070 0.533996
0.217085 0.542077
0.220101 0.550176
0.223116 0.558291
0.226131 0.566423
0.229146 0.574572
0.232161 0.582738
0.235176 0.590921
0.238191 0.599120
0.241206 0.607337
0.244221 0.615572
0.247236 0.623823
0.250251 0.632092
0.253266 0.640378
0.256281 0.648681
0.259296 0.657001
0.262312 0.665340
0.265327 0.673695
0.268342 0.682068
0.271357 0.690459
0.274372 0.698867
0.277387 0.707293
0.280402 0.715737
0.283417 0.724198
0.286432 0.732677
0.289447 0.741175
0.292462 0.749690
0.295477 0.758223
0.298492 0.766774
0.301508 0.775343
0.304523 0.783930
0.307538 0.792535
0.310553 0.801158
0.313568 0.809800
0.316583 0.818460
0.319598 0.827138
0.322613 0.835835
0.325628 0.844550
0.328643 0.853283
0.331658 0.862035
0.334673 0.870805
0.337688 0.879594
0.340704 0.888402
0.343719 0.897228
0.346734 0.906073
0.349749 0.914937
0.352764 0.923819
0.355779 0.932721
0.358794 0.941641
0.361809 0.950580
0.364824 0.959538
0.367839 0.968515
0.370854 0.977511
0.373869 0.986526
0.376884 0.995560
0.379899 1.004613
0.382915 1.013686
0.385930 1.022778
0.388945 1.031888
0.391960 1.041019
0.394975 1.050168
0.397990 1.059337
0.401005 1.068525
0.404020 1.077732
0.407035 1.086959
0.410050 1.096206
0.413065 1.105472
0.416080 1.114757
0.419095 1.124062
0.422111 1.133387
0.425126 1.142731
0.428141 1.152095
0.431156 1.161479
0.434171 1.170882
0.437186 1.180305
0.440201 1.189748
0.443216 1.199210
0.446231 1.208692
0.449246 1.218194
0.452261 1.227716
0.455276 1.237258
0.458291 1.246819
0.461307 1.256401
0.464322 1.266002
0.467337 1.275624
0.470352 1.285265
0.473367 1.294926
0.476382 1.304607
0.479397 1.314308
0.482412 1.324029
0.485427 1.333770
0.488442 1.343531
0.491457 1.353312
0.494472 1.363113
0.497487 1.372934
0.500503 1.382775
0.503518 1.392636
0.506533 1.402517
0.509548 1.412418
0.512563 1.422340
0.515578 1.432281
0.518593 1.442242
0.521608 1.452223
0.524623 1.462224
0.527638 1.472244
0.530653 1.482285
0.533668 1.492346
0.536683 1.502427
0.539698 1.512527
0.542714 1.522648
0.545729 1.532788
0.548744 1.542948
0.551759 1.553128
0.554774 1.563328
0.557789 1.573547
0.560804 1.583786
0.563819 1.594045
0.566834 1.604324
0.569849 1.614622
0.572864 1.624939
0.575879 1.635276
0.578894 1.645633
0.581910 1.656008
0.584925 1.666404
0.587940 1.676818
0.590955 1.687252
0.593970 1.697705
0.596985 1.708177
0.600000 1.718668
