# x1    P (MPa)
0.000000 0.000063
0.003015 0.007745
0.006030 0.015434
0.009045 0.023130
0.012060 0.030833
0.015075 0.038543
0.018090 0.046260
0.021106 0.053984
0.024121 0.061715
0.027136 0.069453
0.030151 0.077198
0.033166 0.084950
0.036181 0.092709
0.039196 0.100475
0.042211 0.108247
0.045226 0.116027
0.048241 0.123813
0.051256 0.131606
0.054271 0.139406
0.057286 0.147213
0.060302 0.155027
0.063317 0.162847
0.066332 0.170674
0.069347 0.178507
0.072362 0.186348
0.075377 0.194195
0.078392 0.202048
0.081407 0.209908
0.084422 0.217775
0.087437 0.225648
0.090452 0.233528
0.093467 0.241414
0.096482 0.249306
0.099497 0.257205
0.102513 0.265111
0.105528 0.273023
0.108543 0.280941
0.111558 0.288865
0.114573 0.296796
0.117588 0.304732
0.120603 0.312675
0.123618 0.320625
0.126633 0.328580
0.129648 0.336542
0.132663 0.344509
0.135678 0.352483
0.138693 0.360462
0.141709 0.368448
0.144724 0.376439
0.147739 0.384436
0.150754 0.392439
0.153769 0.400448
0.156784 0.408463
0.159799 0.416484
0.162814 0.424510
0.165829 0.432542
0.168844 0.440579
0.171859 0.448622
0.174874 0.456670
0.177889 0.464724
0.180905 0.472784
0.183920 0.480848
0.186935 0.488919
0.189950 0.496994
0.192965 0.505075
0.195980 0.513161
0.198995 0.521252
0.202010 0.529348
0.205025 0.537449
0.208040 0.545555
0.211055 0.553666
0.214070 0.561782
0.217085 0.569903
0.220101 0.578029
0.223116 0.586159
0.226131 0.594295
0.229146 0.602434
0.232161 0.610579
0.235176 0.618728
0.238191 0.626881
0.241206 0.635039
0.244221 0.643201
0.247236 0.651367
0.250251 0.659538
0.253266 0.667713
0.256281 0.675892
0.259296 0.684075
0.262312 0.692261
0.265327 0.700452
0.268342 0.708647
0.271357 0.716846
0.274372 0.725048
0.277387 0.733254
0.280402 0.741463
0.283417 0.749676
0.286432 0.757892
0.289447 0.766112
0.292462 0.774335
0.295477 0.782561
0.298492 0.790791
0.301508 0.799023
0.304523 0.807259
0.307538 0.815497
0.310553 0.823738
0.313568 0.831982
0.316583 0.840229
0.319598 0.848478
0.322613 0.856730
0.325628 0.864984
0.328643 0.873240
0.331658 0.881499
0.334673 0.889760
0.337688 0.898023
0.340704 0.906288
0.343719 0.914555
0.346734 0.922824
0.349749 0.931094
0.352764 0.939367
0.355779 0.947640
0.358794 0.955915
0.361809 0.964192
0.364824 0.972470
0.367839 0.980749
0.370854 0.989029
0.373869 0.997309
0.376884 1.005591
0.379899 1.013874
0.382915 1.022157
0.385930 1.030441
0.388945 1.038725
0.391960 1.047009
0.394975 1.055294
0.397990 1.063579
0.401005 1.071864
0.404020 1.080148
0.407035 1.088433
0.410050 1.096717
0.413065 1.105001
0.416080 1.113284
0.419095 1.121566
0.422111 1.129848
0.425126 1.138128
0.428141 1.146408
0.431156 1.154686
0.434171 1.162963
0.437186 1.171239
0.440201 1.179513
0.443216 1.187786
0.446231 1.196056
0.449246 1.204325
0.452261 1.212592
0.455276 1.220856
0.458291 1.229118
0.461307 1.237377
0.464322 1.245634
0.467337 1.253888
0.470352 1.262139
0.473367 1.270388
0.476382 1.278632
0.479397 1.286874
0.482412 1.295112
0.485427 1.303346
0.488442 1.311577
0.491457 1.319804
0.494472 1.328026
0.497487 1.336244
0.500503 1.344458
0.503518 1.352667
0.506533 1.360872
0.509548 1.369072
0.512563 1.377266
0.515578 1.385455
0.518593 1.393639
0.521608 1.401818
0.524623 1.409990
0.527638 1.418157
0.530653 1.426318
0.533668 1.434472
0.536683 1.442620
0.539698 1.450761
0.542714 1.458896
0.545729 1.467024
0.548744 1.475144
0.551759 1.483257
0.554774 1.491363
0.557789 1.499461
0.560804 1.507551
0.563819 1.515633
0.566834 1.523706
0.569849 1.531771
0.572864 1.539828
0.575879 1.547875
0.578894 1.555914
0.581910 1.563943
0.584925 1.571963
0.587940 1.579973
0.590955 1.587973
0.593970 1.595963
0.596985 1.603943
0.600000 1.611912
