# x1    P (MPa)
0.000000 0.000025
0.003015 0.006320
0.006030 0.012625
0.009045 0.018940
0.012060 0.025265
0.015075 0.031601
0.018090 0.037946
0.021106 0.044302
0.024121 0.050668
0.027136 0.057044
0.030151 0.063430
0.033166 0.069827
0.036181 0.076234
0.039196 0.082651
0.042211 0.089079
0.045226 0.095517
0.048241 0.101965
0.051256 0.108424
0.054271 0.114893
0.057286 0.121372
0.060302 0.127862
0.063317 0.134363
0.066332 0.140874
0.069347 0.147395
0.072362 0.153927
0.075377 0.160469
0.078392 0.167022
0.081407 0.173585
0.084422 0.180159
0.087437 0.186744
0.090452 0.193339
0.093467 0.199945
0.096482 0.206561
0.099497 0.213188
0.102513 0.219826
0.105528 0.226474
0.108543 0.233133
0.111558 0.239803
0.114573 0.246484
0.117588 0.253175
0.120603 0.259877
0.123618 0.266589
0.126633 0.273313
0.129648 0.280047
0.132663 0.286792
0.135678 0.293548
0.138693 0.300314
0.141709 0.307092
0.144724 0.313880
0.147739 0.320679
0.150754 0.327489
0.153769 0.334310
0.156784 0.341142
0.159799 0.347984
0.162814 0.354838
0.165829 0.361702
0.168844 0.368578
0.171859 0.375464
0.174874 0.382361
0.177889 0.389270
0.180905 0.396189
0.183920 0.403119
0.186935 0.410060
0.189950 0.417012
0.192965 0.423975
0.195980 0.430950
0.198995 0.437935
0.202010 0.444931
0.205025 0.451938
0.208040 0.458956
0.211055 0.465985
0.214070 0.473026
0.217085 0.480077
0.220101 0.487139
0.223116 0.494213
0.226131 0.501297
0.229146 0.508393
0.232161 0.515499
0.235176 0.522617
0.238191 0.529746
0.241206 0.536885
0.244221 0.544036
0.247236 0.551198
0.250251 0.558371
0.253266 0.565555
0.256281 0.572750
0.259296 0.579956
0.262312 0.587173
0.265327 0.594402
0.268342 0.601641
0.271357 0.608891
0.274372 0.616153
0.277387 0.623425
0.280402 0.630709
0.283417 0.638003
0.286432 0.645309
0.289447 0.652625
0.292462 0.659953
0.295477 0.667292
0.298492 0.674641
0.301508 0.682002
0.304523 0.689373
0.307538 0.696756
0.310553 0.704149
0.313568 0.711554
0.316583 0.718969
0.319598 0.726396
0.322613 0.733833
0.325628 0.741281
0.328643 0.748740
0.331658 0.756210
0.334673 0.763691
0.337688 0.771182
0.340704 0.778685
0.343719 0.786198
0.346734 0.793722
0.349749 0.801257
0.352764 0.808802
0.355779 0.816358
0.358794 0.823925
0.361809 0.831503
0.364824 0.839091
0.367839 0.846690
0.370854 0.854300
0.373869 0.861920
0.376884 0.869550
0.379899 0.877191
0.382915 0.884843
0.385930 0.892505
0.388945 0.900178
0.391960 0.907861
0.394975 0.915554
0.397990 0.923258
0.401005 0.930972
0.404020 0.938696
0.407035 0.946430
0.410050 0.954175
0.413065 0.961930
0.416080 0.969695
0.419095 0.977470
0.422111 0.985255
0.425126 0.993050
0.428141 1.000855
0.431156 1.008670
0.434171 1.016495
0.437186 1.024330
0.440201 1.032174
0.443216 1.040028
0.446231 1.047892
0.449246 1.055765
0.452261 1.063648
0.455276 1.071541
0.458291 1.079443
0.461307 1.087354
0.464322 1.095274
0.467337 1.103204
0.470352 1.111144
0.473367 1.119092
0.476382 1.127049
0.479397 1.135016
0.482412 1.142991
0.485427 1.150975
0.488442 1.158968
0.491457 1.166970
0.494472 1.174980
0.497487 1.182999
0.500503 1.191027
0.503518 1.199063
0.506533 1.207107
0.509548 1.215160
0.512563 1.223221
0.515578 1.231290
0.518593 1.239367
0.521608 1.247452
0.524623 1.255545
0.527638 1.263645
0.530653 1.271754
0.533668 1.279870
0.536683 1.287993
0.539698 1.296124
0.542714 1.304262
0.545729 1.312407
0.548744 1.320559
0.551759 1.328718
0.554774 1.336884
0.557789 1.345057
0.560804 1.353236
0.563819 1.361422
0.566834 1.369615
0.569849 1.377813
0.572864 1.386018
0.575879 1.394229
0.578894 1.402445
0.581910 1.410668
0.584925 1.418896
0.587940 1.427130
0.590955 1.435369
0.593970 1.443613
0.596985 1.451862
0.600000 1.460117
