# x1    P (MPa)
0.000000 0.000001
0.003015 0.003324
0.006030 0.006667
0.009045 0.010031
0.012060 0.013416
0.015075 0.016821
0.018090 0.020247
0.021106 0.023694
0.024121 0.027162
0.027136 0.030652
0.030151 0.034163
0.033166 0.037695
0.036181 0.041250
0.039196 0.044827
0.042211 0.048426
0.045226 0.052047
0.048241 0.055691
0.051256 0.059357
0.054271 0.063046
0.057286 0.066759
0.060302 0.070494
0.063317 0.074253
0.066332 0.078036
0.069347 0.081842
0.072362 0.085673
0.075377 0.089527
0.078392 0.093406
0.081407 0.097309
0.084422 0.101237
0.087437 0.105189
0.090452 0.109167
0.093467 0.113170
0.096482 0.117198
0.099497 0.121253
0.102513 0.125332
0.105528 0.129438
0.108543 0.133570
0.111558 0.137729
0.114573 0.141914
0.117588 0.146126
0.120603 0.150365
0.123618 0.154631
0.126633 0.158924
0.129648 0.163245
0.132663 0.167594
0.135678 0.171971
0.138693 0.176376
0.141709 0.180810
0.144724 0.185273
0.147739 0.189764
0.150754 0.194284
0.153769 0.198834
0.156784 0.203413
0.159799 0.208022
0.162814 0.212661
0.165829 0.217330
0.168844 0.222030
0.171859 0.226760
0.174874 0.231522
0.177889 0.236314
0.180905 0.241138
0.183920 0.245993
0.186935 0.250880
0.189950 0.255799
0.192965 0.260751
0.195980 0.265735
0.198995 0.270751
0.202010 0.275801
0.205025 0.280884
0.208040 0.286001
0.211055 0.291151
0.214070 0.296335
0.217085 0.301553
0.220101 0.306806
0.223116 0.312094
0.226131 0.317417
0.229146 0.322774
0.232161 0.328168
0.235176 0.333597
0.238191 0.339062
0.241206 0.344563
0.244221 0.350101
0.247236 0.355676
0.250251 0.361288
0.253266 0.366937
0.256281 0.372623
0.259296 0.378348
0.262312 0.384110
0.265327 0.389911
0.268342 0.395751
0.271357 0.401629
0.274372 0.407547
0.277387 0.413504
0.280402 0.419501
0.283417 0.425538
0.286432 0.431615
0.289447 0.437733
0.292462 0.443891
0.295477 0.450091
0.298492 0.456332
0.301508 0.462615
0.304523 0.468940
0.307538 0.475307
0.310553 0.481717
0.313568 0.488169
0.316583 0.494664
0.319598 0.501203
0.322613 0.507786
0.325628 0.514413
0.328643 0.521084
0.331658 0.527799
0.334673 0.534559
0.337688 0.541365
0.340704 0.548216
0.343719 0.555112
0.346734 0.562055
0.349749 0.569044
0.352764 0.576079
0.355779 0.583162
0.358794 0.590291
0.361809 0.597468
0.364824 0.604693
0.367839 0.611966
0.370854 0.619288
0.373869 0.626658
0.376884 0.634077
0.379899 0.641545
0.382915 0.649063
0.385930 0.656630
0.388945 0.664248
0.391960 0.671917
0.394975 0.679636
0.397990 0.687406
0.401005 0.695227
0.404020 0.703100
0.407035 0.711025
0.410050 0.719002
0.413065 0.727032
0.416080 0.735115
0.419095 0.743250
0.422111 0.751439
0.425126 0.759682
0.428141 0.767979
0.431156 0.776329
0.434171 0.784735
0.437186 0.793195
0.440201 0.801710
0.443216 0.810281
0.446231 0.818907
0.449246 0.827589
0.452261 0.836328
0.455276 0.845123
0.458291 0.853974
0.461307 0.862883
0.464322 0.871849
0.467337 0.880873
0.470352 0.889954
0.473367 0.899093
0.476382 0.908291
0.479397 0.917547
0.482412 0.926863
0.485427 0.936237
0.488442 0.945671
0.491457 0.955164
0.494472 0.964717
0.497487 0.974330
0.500503 0.984003
0.503518 0.993737
0.506533 1.003531
0.509548 1.013387
0.512563 1.023304
0.515578 1.033282
0.518593 1.043321
0.521608 1.053423
0.524623 1.063586
0.527638 1.073812
0.530653 1.084100
0.533668 1.094450
0.536683 1.104864
0.539698 1.115340
0.542714 1.125879
0.545729 1.136481
0.548744 1.147147
0.551759 1.157876
0.554774 1.168669
0.557789 1.179526
0.560804 1.190446
0.563819 1.201431
0.566834 1.212480
0.569849 1.223592
0.572864 1.234770
0.575879 1.246011
0.578894 1.257318
0.581910 1.268688
0.584925 1.280124
0.587940 1.291623
0.590955 1.303188
0.593970 1.314818
0.596985 1.326512
0.600000 1.338271
