# x1    P (MPa)
0.000000 0.000016
0.003015 0.005106
0.006030 0.010209
0.009045 0.015326
0.012060 0.020457
0.015075 0.025602
0.018090 0.030761
0.021106 0.035934
0.024121 0.041121
0.027136 0.046322
0.030151 0.051538
0.033166 0.056767
0.036181 0.062011
0.039196 0.067270
0.042211 0.072543
0.045226 0.077830
0.048241 0.083132
0.051256 0.088449
0.054271 0.093780
0.057286 0.099126
0.060302 0.104487
0.063317 0.109863
0.066332 0.115253
0.069347 0.120659
0.072362 0.126080
0.075377 0.131515
0.078392 0.136966
0.081407 0.142432
0.084422 0.147914
0.087437 0.153410
0.090452 0.158922
0.093467 0.164450
0.096482 0.169993
0.099497 0.175551
0.102513 0.181125
0.105528 0.186715
0.108543 0.192321
0.111558 0.197942
0.114573 0.203579
0.117588 0.209232
0.120603 0.214902
0.123618 0.220587
0.126633 0.226288
0.129648 0.232005
0.132663 0.237739
0.135678 0.243489
0.138693 0.249255
0.141709 0.255038
0.144724 0.260837
0.147739 0.266653
0.150754 0.272485
0.153769 0.278334
0.156784 0.284199
0.159799 0.290081
0.162814 0.295980
0.165829 0.301896
0.168844 0.307829
0.171859 0.313779
0.174874 0.319746
0.177889 0.325730
0.180905 0.331731
0.183920 0.337750
0.186935 0.343786
0.189950 0.349839
0.192965 0.355909
0.195980 0.361997
0.198995 0.368103
0.202010 0.374226
0.205025 0.380367
0.208040 0.386525
0.211055 0.392701
0.214070 0.398895
0.217085 0.405107
0.220101 0.411337
0.223116 0.417585
0.226131 0.423851
0.229146 0.430135
0.232161 0.436437
0.235176 0.442757
0.238191 0.449096
0.241206 0.455453
0.244221 0.461828
0.247236 0.468222
0.250251 0.474635
0.253266 0.481065
0.256281 0.487515
0.259296 0.493983
0.262312 0.500470
0.265327 0.506976
0.268342 0.513500
0.271357 0.520043
0.274372 0.526606
0.277387 0.533187
0.280402 0.539787
0.283417 0.546406
0.286432 0.553045
0.289447 0.559703
0.292462 0.566379
0.295477 0.573076
0.298492 0.579791
0.301508 0.586526
0.304523 0.593280
0.307538 0.600054
0.310553 0.606847
0.313568 0.613660
0.316583 0.620493
0.319598 0.627345
0.322613 0.634217
0.325628 0.641108
0.328643 0.648020
0.331658 0.654951
0.334673 0.661902
0.337688 0.668873
0.340704 0.675864
0.343719 0.682875
0.346734 0.689906
0.349749 0.696957
0.352764 0.704028
0.355779 0.711119
0.358794 0.718230
0.361809 0.725362
0.364824 0.732514
0.367839 0.739686
0.370854 0.746878
0.373869 0.754091
0.376884 0.761324
0.379899 0.768577
0.382915 0.775851
0.385930 0.783145
0.388945 0.790459
0.391960 0.797795
0.394975 0.805150
0.397990 0.812526
0.401005 0.819923
0.404020 0.827340
0.407035 0.834778
0.410050 0.842236
0.413065 0.849715
0.416080 0.857214
0.419095 0.864734
0.422111 0.872275
0.425126 0.879836
0.428141 0.887418
0.431156 0.895021
0.434171 0.902644
0.437186 0.910288
0.440201 0.917952
0.443216 0.925637
0.446231 0.933343
0.449246 0.941069
0.452261 0.948816
0.455276 0.956584
0.458291 0.964372
0.461307 0.972180
0.464322 0.980010
0.467337 0.987859
0.470352 0.995729
0.473367 1.003620
0.476382 1.011531
0.479397 1.019463
0.482412 1.027415
0.485427 1.035387
0.488442 1.043380
0.491457 1.051393
0.494472 1.059426
0.497487 1.067479
0.500503 1.075553
0.503518 1.083646
0.506533 1.091760
0.509548 1.099893
0.512563 1.108047
0.515578 1.116220
0.518593 1.124414
0.521608 1.132627
0.524623 1.140860
0.527638 1.149112
0.530653 1.157384
0.533668 1.165675
0.536683 1.173986
0.539698 1.182316
0.542714 1.190665
0.545729 1.199033
0.548744 1.207420
0.551759 1.215827
0.554774 1.224252
0.557789 1.232695
0.560804 1.241158
0.563819 1.249638
0.566834 1.258138
0.569849 1.266655
0.572864 1.275190
0.575879 1.283744
0.578894 1.292315
0.581910 1.300904
0.584925 1.309510
0.587940 1.318134
0.590955 1.326775
0.593970 1.335434
0.596985 1.344109
0.600000 1.352801
