# x1    P (MPa)
0.000000 0.000003
0.003015 0.003270
0.006030 0.006547
0.009045 0.009835
0.012060 0.013134
0.015075 0.016444
0.018090 0.019764
0.021106 0.023095
0.024121 0.026437
0.027136 0.029790
0.030151 0.033154
0.033166 0.036529
0.036181 0.039916
0.039196 0.043313
0.042211 0.046722
0.045226 0.050142
0.048241 0.053573
0.051256 0.057016
0.054271 0.060470
0.057286 0.063936
0.060302 0.067414
0.063317 0.070903
0.066332 0.074404
0.069347 0.077917
0.072362 0.081441
0.075377 0.084978
0.078392 0.088526
0.081407 0.092087
0.084422 0.095659
0.087437 0.099244
0.090452 0.102841
0.093467 0.106451
0.096482 0.110072
0.099497 0.113707
0.102513 0.117353
0.105528 0.121013
0.108543 0.124685
0.111558 0.128369
0.114573 0.132067
0.117588 0.135777
0.120603 0.139500
0.123618 0.143236
0.126633 0.146986
0.129648 0.150748
0.132663 0.154524
0.135678 0.158312
0.138693 0.162114
0.141709 0.165930
0.144724 0.169759
0.147739 0.173601
0.150754 0.177457
0.153769 0.181327
0.156784 0.185211
0.159799 0.189108
0.162814 0.193020
0.165829 0.196945
0.168844 0.200884
0.171859 0.204837
0.174874 0.208805
0.177889 0.212787
0.180905 0.216783
0.183920 0.220794
0.186935 0.224819
0.189950 0.228859
0.192965 0.232913
0.195980 0.236982
0.198995 0.241066
0.202010 0.245165
0.205025 0.249278
0.208040 0.253407
0.211055 0.257551
0.214070 0.261710
0.217085 0.265884
0.220101 0.270074
0.223116 0.274279
0.226131 0.278499
0.229146 0.282735
0.232161 0.286987
0.235176 0.291254
0.238191 0.295538
0.241206 0.299837
0.244221 0.304152
0.247236 0.308483
0.250251 0.312831
0.253266 0.317194
0.256281 0.321574
0.259296 0.325970
0.262312 0.330383
0.265327 0.334813
0.268342 0.339258
0.271357 0.343721
0.274372 0.348201
0.277387 0.352697
0.280402 0.357210
0.283417 0.361741
0.286432 0.366288
0.289447 0.370853
0.292462 0.375435
0.295477 0.380034
0.298492 0.384651
0.301508 0.389286
0.304523 0.393938
0.307538 0.398607
0.310553 0.403295
0.313568 0.408000
0.316583 0.412724
0.319598 0.417466
0.322613 0.422225
0.325628 0.427003
0.328643 0.431799
0.331658 0.436614
0.334673 0.441447
0.337688 0.446299
0.340704 0.451169
0.343719 0.456059
0.346734 0.460967
0.349749 0.465894
0.352764 0.470839
0.355779 0.475805
0.358794 0.480789
0.361809 0.485792
0.364824 0.490815
0.367839 0.495857
0.370854 0.500919
0.373869 0.506000
0.376884 0.511102
0.379899 0.516222
0.382915 0.521363
0.385930 0.526524
0.388945 0.531704
0.391960 0.536905
0.394975 0.542126
0.397990 0.547367
0.401005 0.552629
0.404020 0.557911
0.407035 0.563214
0.410050 0.568537
0.413065 0.573881
0.416080 0.579245
0.419095 0.584631
0.422111 0.590037
0.425126 0.595465
0.428141 0.600913
0.431156 0.606383
0.434171 0.611874
0.437186 0.617386
0.440201 0.622920
0.443216 0.628475
0.446231 0.634052
0.449246 0.639650
0.452261 0.645270
0.455276 0.650912
0.458291 0.656575
0.461307 0.662261
0.464322 0.667969
0.467337 0.673698
0.470352 0.679450
0.473367 0.685224
0.476382 0.691020
0.479397 0.696838
0.482412 0.702679
0.485427 0.708543
0.488442 0.714428
0.491457 0.720337
0.494472 0.726268
0.497487 0.732222
0.500503 0.738198
0.503518 0.744197
0.506533 0.750219
0.509548 0.756265
0.512563 0.762333
0.515578 0.768424
0.518593 0.774538
0.521608 0.780675
0.524623 0.786835
0.527638 0.793019
0.530653 0.799226
0.533668 0.805456
0.536683 0.811709
0.539698 0.817986
0.542714 0.824286
0.545729 0.830609
0.548744 0.836956
0.551759 0.843327
0.554774 0.849721
0.557789 0.856138
0.560804 0.862579
0.563819 0.869044
0.566834 0.875532
0.569849 0.882043
0.572864 0.888579
0.575879 0.895137
0.578894 0.901720
0.581910 0.908326
0.584925 0.914955
0.587940 0.921609
0.590955 0.928285
0.593970 0.934986
0.596985 0.941710
0.600000 0.948457
