# x1    P (MPa)
0.000000 0.000024
0.003015 0.006087
0.006030 0.012155
0.009045 0.018229
0.012060 0.024309
0.015075 0.030394
0.018090 0.036484
0.021106 0.042580
0.024121 0.048682
0.027136 0.054789
0.030151 0.060902
0.033166 0.067020
0.036181 0.073144
0.039196 0.079273
0.042211 0.085407
0.045226 0.091547
0.048241 0.097693
0.051256 0.103843
0.054271 0.109999
0.057286 0.116161
0.060302 0.122327
0.063317 0.128499
0.066332 0.134677
0.069347 0.140859
0.072362 0.147047
0.075377 0.153239
0.078392 0.159437
0.081407 0.165641
0.084422 0.171849
0.087437 0.178062
0.090452 0.184281
0.093467 0.190504
0.096482 0.196733
0.099497 0.202966
0.102513 0.209204
0.105528 0.215448
0.108543 0.221696
0.111558 0.227949
0.114573 0.234207
0.117588 0.240470
0.120603 0.246738
0.123618 0.253010
0.126633 0.259287
0.129648 0.265569
0.132663 0.271856
0.135678 0.278147
0.138693 0.284442
0.141709 0.290743
0.144724 0.297048
0.147739 0.303357
0.150754 0.309671
0.153769 0.315989
0.156784 0.322312
0.159799 0.328639
0.162814 0.334970
0.165829 0.341306
0.168844 0.347646
0.171859 0.353990
0.174874 0.360338
0.177889 0.366690
0.180905 0.373047
0.183920 0.379408
0.186935 0.385772
0.189950 0.392141
0.192965 0.398513
0.195980 0.404890
0.198995 0.411270
0.202010 0.417654
0.205025 0.424042
0.208040 0.430433
0.211055 0.436829
0.214070 0.443227
0.217085 0.449630
0.220101 0.456036
0.223116 0.462445
0.226131 0.468858
0.229146 0.475274
0.232161 0.481694
0.235176 0.488117
0.238191 0.494543
0.241206 0.500972
0.244221 0.507405
0.247236 0.513840
0.250251 0.520279
0.253266 0.526720
0.256281 0.533165
0.259296 0.539612
0.262312 0.546062
0.265327 0.552515
0.268342 0.558971
0.271357 0.565429
0.274372 0.571890
0.277387 0.578353
0.280402 0.584819
0.283417 0.591287
0.286432 0.597757
0.289447 0.604230
0.292462 0.610705
0.295477 0.617182
0.298492 0.623661
0.301508 0.630142
0.304523 0.636625
0.307538 0.643110
0.310553 0.649597
0.313568 0.656085
0.316583 0.662575
0.319598 0.669067
0.322613 0.675560
0.325628 0.682055
0.328643 0.688551
0.331658 0.695048
0.334673 0.701547
0.337688 0.708047
0.340704 0.714548
0.343719 0.721049
0.346734 0.727552
0.349749 0.734056
0.352764 0.740560
0.355779 0.747065
0.358794 0.753571
0.361809 0.760077
0.364824 0.766583
0.367839 0.773090
0.370854 0.779597
0.373869 0.786105
0.376884 0.792612
0.379899 0.799119
0.382915 0.805627
0.385930 0.812134
0.388945 0.818641
0.391960 0.825147
0.394975 0.831653
0.397990 0.838158
0.401005 0.844663
0.404020 0.851167
0.407035 0.857670
0.410050 0.864173
0.413065 0.870674
0.416080 0.877174
0.419095 0.883673
0.422111 0.890170
0.425126 0.896666
0.428141 0.903161
0.431156 0.909654
0.434171 0.916145
0.437186 0.922634
0.440201 0.929121
0.443216 0.935606
0.446231 0.942089
0.449246 0.948569
0.452261 0.955048
0.455276 0.961523
0.458291 0.967996
0.461307 0.974466
0.464322 0.980934
0.467337 0.987398
0.470352 0.993859
0.473367 1.000317
0.476382 1.006771
0.479397 1.013222
0.482412 1.019669
0.485427 1.026113
0.488442 1.032553
0.491457 1.038988
0.494472 1.045420
0.497487 1.051847
0.500503 1.058270
0.503518 1.064689
0.506533 1.071102
0.509548 1.077511
0.512563 1.083915
0.515578 1.090314
0.518593 1.096708
0.521608 1.103096
0.524623 1.109479
0.527638 1.115856
0.530653 1.122228
0.533668 1.128593
0.536683 1.134952
0.539698 1.141306
0.542714 1.147652
0.545729 1.153993
0.548744 1.160326
0.551759 1.166653
0.554774 1.172973
0.557789 1.179286
0.560804 1.185591
0.563819 1.191889
0.566834 1.198179
0.569849 1.204462
0.572864 1.210737
0.575879 1.217003
0.578894 1.223261
0.581910 1.229511
0.584925 1.235753
0.587940 1.241985
0.590955 1.248209
0.593970 1.254423
0.596985 1.260628
0.600000 1.266824
