# x1    P (MPa)
0.000000 0.000019
0.003015 0.005608
0.006030 0.011213
0.009045 0.016835
0.012060 0.022472
0.015075 0.028127
0.018090 0.033798
0.021106 0.039486
0.024121 0.045190
0.027136 0.050912
0.030151 0.056650
0.033166 0.062406
0.036181 0.068178
0.039196 0.073968
0.042211 0.079775
0.045226 0.085600
0.048241 0.091442
0.051256 0.097301
0.054271 0.103178
0.057286 0.109073
0.060302 0.114986
0.063317 0.120917
0.066332 0.126866
0.069347 0.132833
0.072362 0.138818
0.075377 0.144821
0.078392 0.150843
0.081407 0.156883
0.084422 0.162942
0.087437 0.169019
0.090452 0.175116
0.093467 0.181231
0.096482 0.187365
0.099497 0.193518
0.102513 0.199690
0.105528 0.205882
0.108543 0.212092
0.111558 0.218323
0.114573 0.224572
0.117588 0.230842
0.120603 0.237131
0.123618 0.243440
0.126633 0.249769
0.129648 0.256118
0.132663 0.262487
0.135678 0.268876
0.138693 0.275286
0.141709 0.281716
0.144724 0.288167
0.147739 0.294638
0.150754 0.301130
0.153769 0.307643
0.156784 0.314177
0.159799 0.320732
0.162814 0.327308
0.165829 0.333906
0.168844 0.340525
0.171859 0.347165
0.174874 0.353827
0.177889 0.360511
0.180905 0.367216
0.183920 0.373944
0.186935 0.380693
0.189950 0.387465
0.192965 0.394259
0.195980 0.401075
0.198995 0.407914
0.202010 0.414775
0.205025 0.421659
0.208040 0.428566
0.211055 0.435496
0.214070 0.442449
0.217085 0.449425
0.220101 0.456424
0.223116 0.463447
0.226131 0.470493
0.229146 0.477563
0.232161 0.484657
0.235176 0.491775
0.238191 0.498916
0.241206 0.506082
0.244221 0.513272
0.247236 0.520486
0.250251 0.527725
0.253266 0.534988
0.256281 0.542276
0.259296 0.549589
0.262312 0.556926
0.265327 0.564289
0.268342 0.571677
0.271357 0.579090
0.274372 0.586529
0.277387 0.593993
0.280402 0.601483
0.283417 0.608999
0.286432 0.616540
0.289447 0.624108
0.292462 0.631702
0.295477 0.639322
0.298492 0.646969
0.301508 0.654642
0.304523 0.662341
0.307538 0.670068
0.310553 0.677821
0.313568 0.685602
0.316583 0.693410
0.319598 0.701245
0.322613 0.709107
0.325628 0.716997
0.328643 0.724915
0.331658 0.732860
0.334673 0.740833
0.337688 0.748835
0.340704 0.756864
0.343719 0.764922
0.346734 0.773008
0.349749 0.781123
0.352764 0.789267
0.355779 0.797439
0.358794 0.805641
0.361809 0.813871
0.364824 0.822131
0.367839 0.830420
0.370854 0.838738
0.373869 0.847086
0.376884 0.855463
0.379899 0.863871
0.382915 0.872308
0.385930 0.880776
0.388945 0.889274
0.391960 0.897802
0.394975 0.906360
0.397990 0.914949
0.401005 0.923569
0.404020 0.932220
0.407035 0.940901
0.410050 0.949614
0.413065 0.958358
0.416080 0.967133
0.419095 0.975940
0.422111 0.984778
0.425126 0.993648
0.428141 1.002550
0.431156 1.011484
0.434171 1.020449
0.437186 1.029447
0.440201 1.038477
0.443216 1.047540
0.446231 1.056635
0.449246 1.065763
0.452261 1.074923
0.455276 1.084116
0.458291 1.093343
0.461307 1.102602
0.464322 1.111895
0.467337 1.121221
0.470352 1.130580
0.473367 1.139973
0.476382 1.149399
0.479397 1.158859
0.482412 1.168353
0.485427 1.177881
0.488442 1.187443
0.491457 1.197038
0.494472 1.206669
0.497487 1.216333
0.500503 1.226032
0.503518 1.235765
0.506533 1.245533
0.509548 1.255336
0.512563 1.265173
0.515578 1.275045
0.518593 1.284952
0.521608 1.294894
0.524623 1.304871
0.527638 1.314884
0.530653 1.324931
0.533668 1.335014
0.536683 1.345132
0.539698 1.355285
0.542714 1.365474
0.545729 1.375699
0.548744 1.385959
0.551759 1.396254
0.554774 1.406585
0.557789 1.416952
0.560804 1.427355
0.563819 1.437793
0.566834 1.448268
0.569849 1.458778
0.572864 1.469324
0.575879 1.479906
0.578894 1.490524
0.581910 1.501177
0.584925 1.511867
0.587940 1.522593
0.590955 1.533354
0.593970 1.544152
0.596985 1.554985
0.600000 1.565854
