# x1    P (MPa)
0.000000 0.000043
0.003015 0.006668
0.006030 0.013306
0.009045 0.019956
0.012060 0.026619
0.015075 0.033294
0.018090 0.039982
0.021106 0.046682
0.024121 0.053395
0.027136 0.060121
0.030151 0.066859
0.033166 0.073610
0.036181 0.080373
0.039196 0.087150
0.042211 0.093939
0.045226 0.100740
0.048241 0.107555
0.051256 0.114382
0.054271 0.121221
0.057286 0.128074
0.060302 0.134939
0.063317 0.141817
0.066332 0.148708
0.069347 0.155612
0.072362 0.162528
0.075377 0.169458
0.078392 0.176400
0.081407 0.183355
0.084422 0.190322
0.087437 0.197303
0.090452 0.204296
0.093467 0.211302
0.096482 0.218321
0.099497 0.225353
0.102513 0.232398
0.105528 0.239456
0.108543 0.246526
0.111558 0.253609
0.114573 0.260706
0.117588 0.267815
0.120603 0.274937
0.123618 0.282071
0.126633 0.289219
0.129648 0.296379
0.132663 0.303553
0.135678 0.310739
0.138693 0.317938
0.141709 0.325150
0.144724 0.332375
0.147739 0.339612
0.150754 0.346863
0.153769 0.354126
0.156784 0.361402
0.159799 0.368691
0.162814 0.375993
0.165829 0.383308
0.168844 0.390635
0.171859 0.397975
0.174874 0.405328
0.177889 0.412693
0.180905 0.420072
0.183920 0.427463
0.186935 0.434867
0.189950 0.442283
0.192965 0.449712
0.195980 0.457154
0.198995 0.464609
0.202010 0.472076
0.205025 0.479556
0.208040 0.487048
0.211055 0.494553
0.214070 0.502070
0.217085 0.509600
0.220101 0.517143
0.223116 0.524698
0.226131 0.532265
0.229146 0.539845
0.232161 0.547437
0.235176 0.555042
0.238191 0.562659
0.241206 0.570288
0.244221 0.577930
0.247236 0.585583
0.250251 0.593249
0.253266 0.600928
0.256281 0.608618
0.259296 0.616320
0.262312 0.624035
0.265327 0.631761
0.268342 0.639500
0.271357 0.647250
0.274372 0.655012
0.277387 0.662786
0.280402 0.670572
0.283417 0.678370
0.286432 0.686179
0.289447 0.694000
0.292462 0.701833
0.295477 0.709677
0.298492 0.717533
0.301508 0.725400
0.304523 0.733279
0.307538 0.741168
0.310553 0.749070
0.313568 0.756982
0.316583 0.764905
0.319598 0.772840
0.322613 0.780786
0.325628 0.788742
0.328643 0.796710
0.331658 0.804688
0.334673 0.812677
0.337688 0.820677
0.340704 0.828687
0.343719 0.836708
0.346734 0.844740
0.349749 0.852781
0.352764 0.860833
0.355779 0.868895
0.358794 0.876968
0.361809 0.885050
0.364824 0.893142
0.367839 0.901245
0.370854 0.909357
0.373869 0.917478
0.376884 0.925609
0.379899 0.933750
0.382915 0.941900
0.385930 0.950060
0.388945 0.958228
0.391960 0.966406
0.394975 0.974593
0.397990 0.982788
0.401005 0.990992
0.404020 0.999205
0.407035 1.007427
0.410050 1.015656
0.413065 1.023895
0.416080 1.032141
0.419095 1.040395
0.422111 1.048658
0.425126 1.056928
0.428141 1.065205
0.431156 1.073491
0.434171 1.081783
0.437186 1.090083
0.440201 1.098391
0.443216 1.106705
0.446231 1.115026
0.449246 1.123353
0.452261 1.131687
0.455276 1.140028
0.458291 1.148375
0.461307 1.156728
0.464322 1.165087
0.467337 1.173451
0.470352 1.181821
0.473367 1.190197
0.476382 1.198578
0.479397 1.206964
0.482412 1.215355
0.485427 1.223751
0.488442 1.232151
0.491457 1.240556
0.494472 1.248965
0.497487 1.257378
0.500503 1.265795
0.503518 1.274215
0.506533 1.282639
0.509548 1.291066
0.512563 1.299496
0.515578 1.307929
0.518593 1.316365
0.521608 1.324803
0.524623 1.333243
0.527638 1.341686
0.530653 1.350130
0.533668 1.358575
0.536683 1.367022
0.539698 1.375470
0.542714 1.383919
0.545729 1.392369
0.548744 1.400819
0.551759 1.409269
0.554774 1.417719
0.557789 1.426169
0.560804 1.434618
0.563819 1.443066
0.566834 1.451513
0.569849 1.459959
0.572864 1.468403
0.575879 1.476846
0.578894 1.485286
0.581910 1.493724
0.584925 1.502159
0.587940 1.510591
0.590955 1.519020
0.593970 1.527445
0.596985 1.535867
0.600000 1.544284
