# x1    P (MPa)
0.000000 0.000041
0.003015 0.006592
0.006030 0.013159
0.009045 0.019743
0.012060 0.026345
0.015075 0.032963
0.018090 0.039598
0.021106 0.046250
0.024121 0.052920
0.027136 0.059606
0.030151 0.066310
0.033166 0.073032
0.036181 0.079771
0.039196 0.086527
0.042211 0.093301
0.045226 0.100093
0.048241 0.106903
0.051256 0.113730
0.054271 0.120575
0.057286 0.127438
0.060302 0.134319
0.063317 0.141218
0.066332 0.148136
0.069347 0.155071
0.072362 0.162025
0.075377 0.168997
0.078392 0.175988
0.081407 0.182997
0.084422 0.190024
0.087437 0.197071
0.090452 0.204136
0.093467 0.211220
0.096482 0.218322
0.099497 0.225444
0.102513 0.232584
0.105528 0.239744
0.108543 0.246923
0.111558 0.254121
0.114573 0.261338
0.117588 0.268574
0.120603 0.275830
0.123618 0.283106
0.126633 0.290401
0.129648 0.297715
0.132663 0.305050
0.135678 0.312404
0.138693 0.319778
0.141709 0.327172
0.144724 0.334586
0.147739 0.342020
0.150754 0.349474
0.153769 0.356948
0.156784 0.364442
0.159799 0.371957
0.162814 0.379493
0.165829 0.387048
0.168844 0.394625
0.171859 0.402222
0.174874 0.409839
0.177889 0.417478
0.180905 0.425137
0.183920 0.432817
0.186935 0.440519
0.189950 0.448241
0.192965 0.455984
0.195980 0.463749
0.198995 0.471535
0.202010 0.479342
0.205025 0.487170
0.208040 0.495021
0.211055 0.502892
0.214070 0.510785
0.217085 0.518700
0.220101 0.526637
0.223116 0.534596
0.226131 0.542576
0.229146 0.550578
0.232161 0.558603
0.235176 0.566649
0.238191 0.574718
0.241206 0.582809
0.244221 0.590922
0.247236 0.599058
0.250251 0.607216
0.253266 0.615397
0.256281 0.623600
0.259296 0.631825
0.262312 0.640074
0.265327 0.648345
0.268342 0.656639
0.271357 0.664956
0.274372 0.673296
0.277387 0.681659
0.280402 0.690045
0.283417 0.698454
0.286432 0.706887
0.289447 0.715342
0.292462 0.723821
0.295477 0.732323
0.298492 0.740849
0.301508 0.749399
0.304523 0.757971
0.307538 0.766568
0.310553 0.775188
0.313568 0.783832
0.316583 0.792500
0.319598 0.801191
0.322613 0.809907
0.325628 0.818646
0.328643 0.827409
0.331658 0.836197
0.334673 0.845008
0.337688 0.853844
0.340704 0.862704
0.343719 0.871588
0.346734 0.880497
0.349749 0.889430
0.352764 0.898387
0.355779 0.907368
0.358794 0.916375
0.361809 0.925405
0.364824 0.934460
0.367839 0.943540
0.370854 0.952645
0.373869 0.961774
0.376884 0.970927
0.379899 0.980106
0.382915 0.989309
0.385930 0.998538
0.388945 1.007791
0.391960 1.017068
0.394975 1.026371
0.397990 1.035699
0.401005 1.045051
0.404020 1.054429
0.407035 1.063832
0.410050 1.073259
0.413065 1.082712
0.416080 1.092190
0.419095 1.101692
0.422111 1.111220
0.425126 1.120773
0.428141 1.130351
0.431156 1.139954
0.434171 1.149583
0.437186 1.159236
0.440201 1.168915
0.443216 1.178618
0.446231 1.188347
0.449246 1.198101
0.452261 1.207880
0.455276 1.217684
0.458291 1.227513
0.461307 1.237367
0.464322 1.247246
0.467337 1.257151
0.470352 1.267080
0.473367 1.277034
0.476382 1.287013
0.479397 1.297018
0.482412 1.307047
0.485427 1.317101
0.488442 1.327180
0.491457 1.337283
0.494472 1.347412
0.497487 1.357565
0.500503 1.367742
0.503518 1.377945
0.506533 1.388172
0.509548 1.398423
0.512563 1.408699
0.515578 1.418999
0.518593 1.429323
0.521608 1.439672
0.524623 1.450045
0.527638 1.460442
0.530653 1.470862
0.533668 1.481307
0.536683 1.491776
0.539698 1.502268
0.542714 1.512784
0.545729 1.523323
0.548744 1.533886
0.551759 1.544472
0.554774 1.555081
0.557789 1.565713
0.560804 1.576368
0.563819 1.587046
0.566834 1.597746
0.569849 1.608469
0.572864 1.619215
0.575879 1.629982
0.578894 1.640772
0.581910 1.651584
0.584925 1.662417
0.587940 1.673272
0.590955 1.684148
0.593970 1.695046
0.596985 1.705964
0.600000 1.716903
