# x1    P (MPa)
0.000000 0.000005
0.003015 0.004307
0.006030 0.008617
0.009045 0.012936
0.012060 0.017264
0.015075 0.021601
0.018090 0.025946
0.021106 0.030300
0.024121 0.034663
0.027136 0.039035
0.030151 0.043415
0.033166 0.047804
0.036181 0.052203
0.039196 0.056610
0.042211 0.061026
0.045226 0.065451
0.048241 0.069885
0.051256 0.074328
0.054271 0.078780
0.057286 0.083241
0.060302 0.087711
0.063317 0.092190
0.066332 0.096679
0.069347 0.101177
0.072362 0.105684
0.075377 0.110200
0.078392 0.114725
0.081407 0.119260
0.084422 0.123804
0.087437 0.128358
0.090452 0.132920
0.093467 0.137493
0.096482 0.142074
0.099497 0.146666
0.102513 0.151266
0.105528 0.155877
0.108543 0.160496
0.111558 0.165126
0.114573 0.169765
0.117588 0.174413
0.120603 0.179072
0.123618 0.183740
0.126633 0.188418
0.129648 0.193105
0.132663 0.197803
0.135678 0.202510
0.138693 0.207227
0.141709 0.211954
0.144724 0.216690
0.147739 0.221437
0.150754 0.226194
0.153769 0.230961
0.156784 0.235737
0.159799 0.240524
0.162814 0.245321
0.165829 0.250128
0.168844 0.254945
0.171859 0.259773
0.174874 0.264610
0.177889 0.269458
0.180905 0.274316
0.183920 0.279184
0.186935 0.284063
0.189950 0.288951
0.192965 0.293851
0.195980 0.298760
0.198995 0.303681
0.202010 0.308611
0.205025 0.313552
0.208040 0.318504
0.211055 0.323466
0.214070 0.328438
0.217085 0.333422
0.220101 0.338416
0.223116 0.343420
0.226131 0.348435
0.229146 0.353461
0.232161 0.358498
0.235176 0.363545
0.238191 0.368603
0.241206 0.373672
0.244221 0.378752
0.247236 0.383843
0.250251 0.388945
0.253266 0.394057
0.256281 0.399181
0.259296 0.404315
0.262312 0.409461
0.265327 0.414617
0.268342 0.419785
0.271357 0.424963
0.274372 0.430153
0.277387 0.435354
0.280402 0.440566
0.283417 0.445789
0.286432 0.451024
0.289447 0.456269
0.292462 0.461526
0.295477 0.466794
0.298492 0.472074
0.301508 0.477365
0.304523 0.482667
0.307538 0.487980
0.310553 0.493305
0.313568 0.498642
0.316583 0.503990
0.319598 0.509349
0.322613 0.514720
0.325628 0.520102
0.328643 0.525496
0.331658 0.530901
0.334673 0.536318
0.337688 0.541747
0.340704 0.547187
0.343719 0.552639
0.346734 0.558103
0.349749 0.563578
0.352764 0.569065
0.355779 0.574564
0.358794 0.580074
0.361809 0.585597
0.364824 0.591131
0.367839 0.596676
0.370854 0.602234
0.373869 0.607804
0.376884 0.613385
0.379899 0.618978
0.382915 0.624583
0.385930 0.630200
0.388945 0.635829
0.391960 0.641470
0.394975 0.647123
0.397990 0.652788
0.401005 0.658464
0.404020 0.664153
0.407035 0.669854
0.410050 0.675567
0.413065 0.681291
0.416080 0.687028
0.419095 0.692777
0.422111 0.698538
0.425126 0.704311
0.428141 0.710096
0.431156 0.715893
0.434171 0.721703
0.437186 0.727524
0.440201 0.733358
0.443216 0.739203
0.446231 0.745061
0.449246 0.750931
0.452261 0.756813
0.455276 0.762707
0.458291 0.768613
0.461307 0.774532
0.464322 0.780462
0.467337 0.786405
0.470352 0.792360
0.473367 0.798327
0.476382 0.804306
0.479397 0.810297
0.482412 0.816300
0.485427 0.822316
0.488442 0.828344
0.491457 0.834383
0.494472 0.840435
0.497487 0.846499
0.500503 0.852575
0.503518 0.858663
0.506533 0.864764
0.509548 0.870876
0.512563 0.877000
0.515578 0.883137
0.518593 0.889285
0.521608 0.895445
0.524623 0.901618
0.527638 0.907802
0.530653 0.913998
0.533668 0.920206
0.536683 0.926427
0.539698 0.932659
0.542714 0.938902
0.545729 0.945158
0.548744 0.951426
0.551759 0.957705
0.554774 0.963996
0.557789 0.970299
0.560804 0.976613
0.563819 0.982939
0.566834 0.989277
0.569849 0.995626
0.572864 1.001987
0.575879 1.008359
0.578894 1.014743
0.581910 1.021138
0.584925 1.027544
0.587940 1.033962
0.590955 1.040391
0.593970 1.046832
0.596985 1.053283
0.600000 1.059746
