# x1    P (MPa)
0.000000 0.000004
0.003015 0.006050
0.006030 0.012125
0.009045 0.018229
0.012060 0.024363
0.015075 0.030526
0.018090 0.036719
0.021106 0.042942
0.024121 0.049195
0.027136 0.055477
0.030151 0.061790
0.033166 0.068133
0.036181 0.074506
0.039196 0.080910
0.042211 0.087344
0.045226 0.093809
0.048241 0.100305
0.051256 0.106831
0.054271 0.113388
0.057286 0.119977
0.060302 0.126596
0.063317 0.133247
0.066332 0.139929
0.069347 0.146643
0.072362 0.153388
0.075377 0.160165
0.078392 0.166974
0.081407 0.173815
0.084422 0.180687
0.087437 0.187592
0.090452 0.194529
0.093467 0.201498
0.096482 0.208499
0.099497 0.215533
0.102513 0.222599
0.105528 0.229698
0.108543 0.236830
0.111558 0.243994
0.114573 0.251192
0.117588 0.258422
0.120603 0.265685
0.123618 0.272982
0.126633 0.280312
0.129648 0.287675
0.132663 0.295071
0.135678 0.302502
0.138693 0.309965
0.141709 0.317462
0.144724 0.324993
0.147739 0.332558
0.150754 0.340157
0.153769 0.347789
0.156784 0.355456
0.159799 0.363156
0.162814 0.370891
0.165829 0.378660
0.168844 0.386464
0.171859 0.394301
0.174874 0.402173
0.177889 0.410080
0.180905 0.418021
0.183920 0.425996
0.186935 0.434007
0.189950 0.442052
0.192965 0.450131
0.195980 0.458246
0.198995 0.466395
0.202010 0.474579
0.205025 0.482799
0.208040 0.491053
0.211055 0.499342
0.214070 0.507666
0.217085 0.516025
0.220101 0.524420
0.223116 0.532849
0.226131 0.541314
0.229146 0.549814
0.232161 0.558349
0.235176 0.566919
0.238191 0.575525
0.241206 0.584166
0.244221 0.592842
0.247236 0.601553
0.250251 0.610300
0.253266 0.619083
0.256281 0.627900
0.259296 0.636753
0.262312 0.645641
0.265327 0.654565
0.268342 0.663524
0.271357 0.672518
0.274372 0.681547
0.277387 0.690612
0.280402 0.699712
0.283417 0.708848
0.286432 0.718018
0.289447 0.727224
0.292462 0.736465
0.295477 0.745741
0.298492 0.755052
0.301508 0.764398
0.304523 0.773780
0.307538 0.783196
0.310553 0.792647
0.313568 0.802133
0.316583 0.811654
0.319598 0.821210
0.322613 0.830800
0.325628 0.840425
0.328643 0.850084
0.331658 0.859778
0.334673 0.869507
0.337688 0.879269
0.340704 0.889066
0.343719 0.898897
0.346734 0.908763
0.349749 0.918662
0.352764 0.928595
0.355779 0.938561
0.358794 0.948562
0.361809 0.958596
0.364824 0.968663
0.367839 0.978763
0.370854 0.988897
0.373869 0.999064
0.376884 1.009264
0.379899 1.019496
0.382915 1.029761
0.385930 1.040058
0.388945 1.050388
0.391960 1.060750
0.394975 1.071144
0.397990 1.081570
0.401005 1.092027
0.404020 1.102516
0.407035 1.113036
0.410050 1.123587
0.413065 1.134169
0.416080 1.144782
0.419095 1.155426
0.422111 1.166099
0.425126 1.176803
0.428141 1.187537
0.431156 1.198300
0.434171 1.209093
0.437186 1.219915
0.440201 1.230765
0.443216 1.241645
0.446231 1.252553
0.449246 1.263489
0.452261 1.274453
0.455276 1.285445
0.458291 1.296464
0.461307 1.307511
0.464322 1.318584
0.467337 1.329684
0.470352 1.340810
0.473367 1.351962
0.476382 1.363140
0.479397 1.374343
0.482412 1.385571
0.485427 1.396823
0.488442 1.408101
0.491457 1.419402
0.494472 1.430727
0.497487 1.442075
0.500503 1.453446
0.503518 1.464840
0.506533 1.476256
0.509548 1.487694
0.512563 1.499154
0.515578 1.510634
0.518593 1.522136
0.521608 1.533658
0.524623 1.545199
0.527638 1.556761
0.530653 1.568341
0.533668 1.579940
0.536683 1.591557
0.539698 1.603192
0.542714 1.614845
0.545729 1.626514
0.548744 1.638200
0.551759 1.649902
0.554774 1.661619
0.557789 1.673352
0.560804 1.685099
0.563819 1.696860
0.566834 1.708635
0.569849 1.720422
0.572864 1.732223
0.575879 1.744035
0.578894 1.755859
0.581910 1.767694
0.584925 1.779539
0.587940 1.791394
0.590955 1.803259
0.593970 1.815132
0.596985 1.827014
0.600000 1.838903
