# x1    P (MPa)
0.000000 0.000006
0.003015 0.003894
0.006030 0.007793
0.009045 0.011704
0.012060 0.015626
0.015075 0.019559
0.018090 0.023503
0.021106 0.027459
0.024121 0.031426
0.027136 0.035405
0.030151 0.039395
0.033166 0.043397
0.036181 0.047410
0.039196 0.051435
0.042211 0.055472
0.045226 0.059521
0.048241 0.063581
0.051256 0.067654
0.054271 0.071738
0.057286 0.075834
0.060302 0.079942
0.063317 0.084062
0.066332 0.088195
0.069347 0.092339
0.072362 0.096496
0.075377 0.100665
0.078392 0.104846
0.081407 0.109040
0.084422 0.113246
0.087437 0.117464
0.090452 0.121695
0.093467 0.125939
0.096482 0.130195
0.099497 0.134463
0.102513 0.138745
0.105528 0.143039
0.108543 0.147346
0.111558 0.151666
0.114573 0.155998
0.117588 0.160344
0.120603 0.164703
0.123618 0.169074
0.126633 0.173459
0.129648 0.177857
0.132663 0.182268
0.135678 0.186692
0.138693 0.191130
0.141709 0.195581
0.144724 0.200045
0.147739 0.204523
0.150754 0.209014
0.153769 0.213519
0.156784 0.218038
0.159799 0.222570
0.162814 0.227115
0.165829 0.231675
0.168844 0.236248
0.171859 0.240835
0.174874 0.245436
0.177889 0.250051
0.180905 0.254680
0.183920 0.259323
0.186935 0.263980
0.189950 0.268651
0.192965 0.273336
0.195980 0.278036
0.198995 0.282749
0.202010 0.287478
0.205025 0.292220
0.208040 0.296977
0.211055 0.301748
0.214070 0.306534
0.217085 0.311335
0.220101 0.316150
0.223116 0.320980
0.226131 0.325824
0.229146 0.330683
0.232161 0.335557
0.235176 0.340446
0.238191 0.345350
0.241206 0.350268
0.244221 0.355202
0.247236 0.360151
0.250251 0.365115
0.253266 0.370094
0.256281 0.375088
0.259296 0.380097
0.262312 0.385121
0.265327 0.390161
0.268342 0.395216
0.271357 0.400287
0.274372 0.405373
0.277387 0.410474
0.280402 0.415591
0.283417 0.420724
0.286432 0.425872
0.289447 0.431036
0.292462 0.436215
0.295477 0.441410
0.298492 0.446621
0.301508 0.451848
0.304523 0.457091
0.307538 0.462349
0.310553 0.467623
0.313568 0.472914
0.316583 0.478220
0.319598 0.483542
0.322613 0.488880
0.325628 0.494235
0.328643 0.499605
0.331658 0.504992
0.334673 0.510395
0.337688 0.515814
0.340704 0.521249
0.343719 0.526701
0.346734 0.532169
0.349749 0.537653
0.352764 0.543154
0.355779 0.548671
0.358794 0.554204
0.361809 0.559754
0.364824 0.565321
0.367839 0.570904
0.370854 0.576503
0.373869 0.582119
0.376884 0.587752
0.379899 0.593401
0.382915 0.599066
0.385930 0.604749
0.388945 0.610448
0.391960 0.616163
0.394975 0.621896
0.397990 0.627645
0.401005 0.633410
0.404020 0.639193
0.407035 0.644992
0.410050 0.650808
0.413065 0.656640
0.416080 0.662490
0.419095 0.668356
0.422111 0.674239
0.425126 0.680138
0.428141 0.686055
0.431156 0.691988
0.434171 0.697938
0.437186 0.703904
0.440201 0.709888
0.443216 0.715888
0.446231 0.721905
0.449246 0.727939
0.452261 0.733989
0.455276 0.740056
0.458291 0.746140
0.461307 0.752240
0.464322 0.758357
0.467337 0.764491
0.470352 0.770641
0.473367 0.776808
0.476382 0.782992
0.479397 0.789192
0.482412 0.795408
0.485427 0.801641
0.488442 0.807891
0.491457 0.814157
0.494472 0.820439
0.497487 0.826738
0.500503 0.833052
0.503518 0.839384
0.506533 0.845731
0.509548 0.852094
0.512563 0.858474
0.515578 0.864870
0.518593 0.871281
0.521608 0.877709
0.524623 0.884152
0.527638 0.890612
0.530653 0.897087
0.533668 0.903577
0.536683 0.910084
0.539698 0.916605
0.542714 0.923143
0.545729 0.929695
0.548744 0.936263
0.551759 0.942846
0.554774 0.949444
0.557789 0.956058
0.560804 0.962686
0.563819 0.969329
0.566834 0.975986
0.569849 0.982658
0.572864 0.989345
0.575879 0.996046
0.578894 1.002761
0.581910 1.009491
0.584925 1.016234
0.587940 1.022992
0.590955 1.029763
0.593970 1.036548
0.596985 1.043346
0.600000 1.050157
