# x1    P (MPa)
0.000000 0.000002
0.003015 0.004139
0.006030 0.008301
0.009045 0.012486
0.012060 0.016697
0.015075 0.020931
0.018090 0.025191
0.021106 0.029475
0.024121 0.033785
0.027136 0.038120
0.030151 0.042480
0.033166 0.046865
0.036181 0.051277
0.039196 0.055714
0.042211 0.060177
0.045226 0.064667
0.048241 0.069183
0.051256 0.073725
0.054271 0.078294
0.057286 0.082890
0.060302 0.087513
0.063317 0.092164
0.066332 0.096842
0.069347 0.101547
0.072362 0.106280
0.075377 0.111041
0.078392 0.115830
0.081407 0.120648
0.084422 0.125494
0.087437 0.130368
0.090452 0.135272
0.093467 0.140204
0.096482 0.145166
0.099497 0.150157
0.102513 0.155177
0.105528 0.160228
0.108543 0.165308
0.111558 0.170418
0.114573 0.175559
0.117588 0.180730
0.120603 0.185931
0.123618 0.191164
0.126633 0.196427
0.129648 0.201722
0.132663 0.207048
0.135678 0.212406
0.138693 0.217796
0.141709 0.223217
0.144724 0.228671
0.147739 0.234157
0.150754 0.239676
0.153769 0.245227
0.156784 0.250811
0.159799 0.256429
0.162814 0.262079
0.165829 0.267763
0.168844 0.273481
0.171859 0.279233
0.174874 0.285019
0.177889 0.290839
0.180905 0.296694
0.183920 0.302584
0.186935 0.308508
0.189950 0.314467
0.192965 0.320462
0.195980 0.326492
0.198995 0.332558
0.202010 0.338659
0.205025 0.344797
0.208040 0.350971
0.211055 0.357182
0.214070 0.363429
0.217085 0.369713
0.220101 0.376034
0.223116 0.382392
0.226131 0.388788
0.229146 0.395222
0.232161 0.401693
0.235176 0.408202
0.238191 0.414750
0.241206 0.421336
0.244221 0.427961
0.247236 0.434625
0.250251 0.441327
0.253266 0.448069
0.256281 0.454851
0.259296 0.461672
0.262312 0.468533
0.265327 0.475434
0.268342 0.482375
0.271357 0.489356
0.274372 0.496378
0.277387 0.503441
0.280402 0.510545
0.283417 0.517691
0.286432 0.524877
0.289447 0.532106
0.292462 0.539376
0.295477 0.546688
0.298492 0.554042
0.301508 0.561438
0.304523 0.568877
0.307538 0.576359
0.310553 0.583884
0.313568 0.591451
0.316583 0.599062
0.319598 0.606717
0.322613 0.614415
0.325628 0.622157
0.328643 0.629943
0.331658 0.637773
0.334673 0.645647
0.337688 0.653566
0.340704 0.661530
0.343719 0.669539
0.346734 0.677592
0.349749 0.685691
0.352764 0.693835
0.355779 0.702025
0.358794 0.710260
0.361809 0.718541
0.364824 0.726869
0.367839 0.735242
0.370854 0.743662
0.373869 0.752128
0.376884 0.760641
0.379899 0.769200
0.382915 0.777807
0.385930 0.786460
0.388945 0.795161
0.391960 0.803909
0.394975 0.812704
0.397990 0.821547
0.401005 0.830438
0.404020 0.839377
0.407035 0.848363
0.410050 0.857398
0.413065 0.866480
0.416080 0.875611
0.419095 0.884791
0.422111 0.894019
0.425126 0.903295
0.428141 0.912621
0.431156 0.921995
0.434171 0.931418
0.437186 0.940890
0.440201 0.950411
0.443216 0.959981
0.446231 0.969600
0.449246 0.979269
0.452261 0.988986
0.455276 0.998754
0.458291 1.008570
0.461307 1.018437
0.464322 1.028352
0.467337 1.038318
0.470352 1.048332
0.473367 1.058397
0.476382 1.068511
0.479397 1.078675
0.482412 1.088889
0.485427 1.099152
0.488442 1.109465
0.491457 1.119827
0.494472 1.130240
0.497487 1.140702
0.500503 1.151213
0.503518 1.161774
0.506533 1.172385
0.509548 1.183045
0.512563 1.193755
0.515578 1.204514
0.518593 1.215323
0.521608 1.226181
0.524623 1.237088
0.527638 1.248044
0.530653 1.259049
0.533668 1.270103
0.536683 1.281206
0.539698 1.292358
0.542714 1.303558
0.545729 1.314807
0.548744 1.326104
0.551759 1.337449
0.554774 1.348842
0.557789 1.360283
0.560804 1.371772
0.563819 1.383308
0.566834 1.394891
0.569849 1.406522
0.572864 1.418199
0.575879 1.429923
0.578894 1.441694
0.581910 1.453510
0.584925 1.465373
0.587940 1.477281
0.590955 1.489234
0.593970 1.501233
0.596985 1.513276
0.600000 1.525364
