# x1    P (MPa)
0.000000 0.000007
0.003015 0.004317
0.006030 0.008640
0.009045 0.012976
0.012060 0.017326
0.015075 0.021689
0.018090 0.026065
0.021106 0.030455
0.024121 0.034859
0.027136 0.039276
0.030151 0.043707
0.033166 0.048152
0.036181 0.052611
0.039196 0.057084
0.042211 0.061571
0.045226 0.066072
0.048241 0.070587
0.051256 0.075116
0.054271 0.079660
0.057286 0.084218
0.060302 0.088791
0.063317 0.093378
0.066332 0.097980
0.069347 0.102597
0.072362 0.107228
0.075377 0.111874
0.078392 0.116536
0.081407 0.121212
0.084422 0.125903
0.087437 0.130610
0.090452 0.135331
0.093467 0.140068
0.096482 0.144821
0.099497 0.149589
0.102513 0.154373
0.105528 0.159172
0.108543 0.163987
0.111558 0.168818
0.114573 0.173664
0.117588 0.178527
0.120603 0.183406
0.123618 0.188301
0.126633 0.193212
0.129648 0.198139
0.132663 0.203083
0.135678 0.208043
0.138693 0.213020
0.141709 0.218014
0.144724 0.223024
0.147739 0.228051
0.150754 0.233095
0.153769 0.238156
0.156784 0.243234
0.159799 0.248330
0.162814 0.253442
0.165829 0.258572
0.168844 0.263720
0.171859 0.268884
0.174874 0.274067
0.177889 0.279267
0.180905 0.284485
0.183920 0.289721
0.186935 0.294975
0.189950 0.300247
0.192965 0.305537
0.195980 0.310846
0.198995 0.316173
0.202010 0.321518
0.205025 0.326882
0.208040 0.332264
0.211055 0.337665
0.214070 0.343085
0.217085 0.348524
0.220101 0.353982
0.223116 0.359459
0.226131 0.364955
0.229146 0.370471
0.232161 0.376006
0.235176 0.381560
0.238191 0.387134
0.241206 0.392728
0.244221 0.398342
0.247236 0.403975
0.250251 0.409629
0.253266 0.415302
0.256281 0.420996
0.259296 0.426710
0.262312 0.432444
0.265327 0.438199
0.268342 0.443975
0.271357 0.449771
0.274372 0.455588
0.277387 0.461426
0.280402 0.467285
0.283417 0.473165
0.286432 0.479066
0.289447 0.484988
0.292462 0.490932
0.295477 0.496898
0.298492 0.502885
0.301508 0.508893
0.304523 0.514924
0.307538 0.520976
0.310553 0.527051
0.313568 0.533148
0.316583 0.539267
0.319598 0.545408
0.322613 0.551571
0.325628 0.557758
0.328643 0.563967
0.331658 0.570198
0.334673 0.576453
0.337688 0.582730
0.340704 0.589031
0.343719 0.595355
0.346734 0.601702
0.349749 0.608072
0.352764 0.614466
0.355779 0.620883
0.358794 0.627325
0.361809 0.633790
0.364824 0.640279
0.367839 0.646791
0.370854 0.653329
0.373869 0.659890
0.376884 0.666475
0.379899 0.673086
0.382915 0.679720
0.385930 0.686379
0.388945 0.693063
0.391960 0.699772
0.394975 0.706506
0.397990 0.713265
0.401005 0.720049
0.404020 0.726858
0.407035 0.733693
0.410050 0.740553
0.413065 0.747438
0.416080 0.754350
0.419095 0.761287
0.422111 0.768250
0.425126 0.775238
0.428141 0.782253
0.431156 0.789294
0.434171 0.796362
0.437186 0.803455
0.440201 0.810576
0.443216 0.817722
0.446231 0.824895
0.449246 0.832095
0.452261 0.839322
0.455276 0.846576
0.458291 0.853857
0.461307 0.861164
0.464322 0.868499
0.467337 0.875862
0.470352 0.883251
0.473367 0.890668
0.476382 0.898113
0.479397 0.905585
0.482412 0.913085
0.485427 0.920612
0.488442 0.928168
0.491457 0.935751
0.494472 0.943362
0.497487 0.951002
0.500503 0.958669
0.503518 0.966365
0.506533 0.974089
0.509548 0.981841
0.512563 0.989622
0.515578 0.997432
0.518593 1.005269
0.521608 1.013136
0.524623 1.021031
0.527638 1.028955
0.530653 1.036907
0.533668 1.044889
0.536683 1.052899
0.539698 1.060938
0.542714 1.069006
0.545729 1.077104
0.548744 1.085230
0.551759 1.093385
0.554774 1.101569
0.557789 1.109783
0.560804 1.118026
0.563819 1.126298
0.566834 1.134599
0.569849 1.142929
0.572864 1.151289
0.575879 1.159678
0.578894 1.168096
0.581910 1.176544
0.584925 1.185021
0.587940 1.193527
0.590955 1.202062
0.593970 1.210627
0.596985 1.219221
0.600000 1.227844
