# x1    P (MPa)
0.000000 0.000063
0.003015 0.008001
0.006030 0.015952
0.009045 0.023915
0.012060 0.031891
0.015075 0.039880
0.018090 0.047881
0.021106 0.055894
0.024121 0.063921
0.027136 0.071960
0.030151 0.080012
0.033166 0.088076
0.036181 0.096153
0.039196 0.104243
0.042211 0.112346
0.045226 0.120462
0.048241 0.128590
0.051256 0.136732
0.054271 0.144886
0.057286 0.153053
0.060302 0.161233
0.063317 0.169426
0.066332 0.177632
0.069347 0.185852
0.072362 0.194084
0.075377 0.202329
0.078392 0.210587
0.081407 0.218859
0.084422 0.227143
0.087437 0.235441
0.090452 0.243751
0.093467 0.252075
0.096482 0.260413
0.099497 0.268763
0.102513 0.277127
0.105528 0.285504
0.108543 0.293894
0.111558 0.302297
0.114573 0.310714
0.117588 0.319144
0.120603 0.327588
0.123618 0.336045
0.126633 0.344515
0.129648 0.352999
0.132663 0.361496
0.135678 0.370007
0.138693 0.378531
0.141709 0.387069
0.144724 0.395620
0.147739 0.404185
0.150754 0.412763
0.153769 0.421355
0.156784 0.429961
0.159799 0.438580
0.162814 0.447212
0.165829 0.455859
0.168844 0.464519
0.171859 0.473192
0.174874 0.481880
0.177889 0.490581
0.180905 0.499295
0.183920 0.508024
0.186935 0.516766
0.189950 0.525522
0.192965 0.534292
0.195980 0.543075
0.198995 0.551873
0.202010 0.560684
0.205025 0.569508
0.208040 0.578347
0.211055 0.587200
0.214070 0.596066
0.217085 0.604946
0.220101 0.613840
0.223116 0.622748
0.226131 0.631670
0.229146 0.640606
0.232161 0.649555
0.235176 0.658519
0.238191 0.667496
0.241206 0.676488
0.244221 0.685493
0.247236 0.694512
0.250251 0.703545
0.253266 0.712592
0.256281 0.721653
0.259296 0.730728
0.262312 0.739817
0.265327 0.748920
0.268342 0.758037
0.271357 0.767167
0.274372 0.776312
0.277387 0.785471
0.280402 0.794643
0.283417 0.803830
0.286432 0.813030
0.289447 0.822245
0.292462 0.831473
0.295477 0.840715
0.298492 0.849972
0.301508 0.859242
0.304523 0.868526
0.307538 0.877824
0.310553 0.887136
0.313568 0.896461
0.316583 0.905801
0.319598 0.915154
0.322613 0.924522
0.325628 0.933903
0.328643 0.943298
0.331658 0.952707
0.334673 0.962130
0.337688 0.971567
0.340704 0.981017
0.343719 0.990481
0.346734 0.999959
0.349749 1.009451
0.352764 1.018956
0.355779 1.028475
0.358794 1.038008
0.361809 1.047554
0.364824 1.057114
0.367839 1.066688
0.370854 1.076275
0.373869 1.085876
0.376884 1.095491
0.379899 1.105119
0.382915 1.114760
0.385930 1.124415
0.388945 1.134083
0.391960 1.143765
0.394975 1.153460
0.397990 1.163168
0.401005 1.172890
0.404020 1.182625
0.407035 1.192373
0.410050 1.202134
0.413065 1.211909
0.416080 1.221696
0.419095 1.231497
0.422111 1.241310
0.425126 1.251137
0.428141 1.260977
0.431156 1.270829
0.434171 1.280694
0.437186 1.290572
0.440201 1.300463
0.443216 1.310367
0.446231 1.320283
0.449246 1.330211
0.452261 1.340153
0.455276 1.350106
0.458291 1.360072
0.461307 1.370050
0.464322 1.380041
0.467337 1.390044
0.470352 1.400059
0.473367 1.410086
0.476382 1.420125
0.479397 1.430175
0.482412 1.440238
0.485427 1.450313
0.488442 1.460399
0.491457 1.470497
0.494472 1.480606
0.497487 1.490727
0.500503 1.500859
0.503518 1.511002
0.506533 1.521157
0.509548 1.531323
0.512563 1.541499
0.515578 1.551687
0.518593 1.561885
0.521608 1.572095
0.524623 1.582314
0.527638 1.592545
0.530653 1.602785
0.533668 1.613036
0.536683 1.623297
0.539698 1.633569
0.542714 1.643850
0.545729 1.654141
0.548744 1.664441
0.551759 1.674752
0.554774 1.685071
0.557789 1.695401
0.560804 1.705739
0.563819 1.716086
0.566834 1.726442
0.569849 1.736808
0.572864 1.747181
0.575879 1.757564
0.578894 1.767954
0.581910 1.778353
0.584925 1.788760
0.587940 1.799175
0.590955 1.809597
0.593970 1.820027
0.596985 1.830465
0.600000 1.840909
