# x1    P (MPa)
0.000000 0.000001
0.003015 0.004610
0.006030 0.009243
0.009045 0.013900
0.012060 0.018582
0.015075 0.023288
0.018090 0.028018
0.021106 0.032774
0.024121 0.037553
0.027136 0.042358
0.030151 0.047188
0.033166 0.052043
0.036181 0.056923
0.039196 0.061828
0.042211 0.066759
0.045226 0.071714
0.048241 0.076696
0.051256 0.081703
0.054271 0.086736
0.057286 0.091794
0.060302 0.096879
0.063317 0.101989
0.066332 0.107125
0.069347 0.112288
0.072362 0.117477
0.075377 0.122692
0.078392 0.127933
0.081407 0.133201
0.084422 0.138496
0.087437 0.143817
0.090452 0.149165
0.093467 0.154540
0.096482 0.159942
0.099497 0.165371
0.102513 0.170827
0.105528 0.176310
0.108543 0.181820
0.111558 0.187358
0.114573 0.192923
0.117588 0.198515
0.120603 0.204136
0.123618 0.209783
0.126633 0.215459
0.129648 0.221162
0.132663 0.226893
0.135678 0.232652
0.138693 0.238439
0.141709 0.244254
0.144724 0.250097
0.147739 0.255969
0.150754 0.261868
0.153769 0.267796
0.156784 0.273753
0.159799 0.279737
0.162814 0.285751
0.165829 0.291793
0.168844 0.297863
0.171859 0.303962
0.174874 0.310090
0.177889 0.316247
0.180905 0.322432
0.183920 0.328647
0.186935 0.334890
0.189950 0.341163
0.192965 0.347464
0.195980 0.353795
0.198995 0.360154
0.202010 0.366543
0.205025 0.372961
0.208040 0.379408
0.211055 0.385885
0.214070 0.392391
0.217085 0.398926
0.220101 0.405490
0.223116 0.412084
0.226131 0.418707
0.229146 0.425360
0.232161 0.432042
0.235176 0.438754
0.238191 0.445495
0.241206 0.452266
0.244221 0.459066
0.247236 0.465896
0.250251 0.472755
0.253266 0.479644
0.256281 0.486563
0.259296 0.493511
0.262312 0.500488
0.265327 0.507495
0.268342 0.514532
0.271357 0.521598
0.274372 0.528694
0.277387 0.535819
0.280402 0.542974
0.283417 0.550158
0.286432 0.557372
0.289447 0.564615
0.292462 0.571888
0.295477 0.579190
0.298492 0.586521
0.301508 0.593882
0.304523 0.601272
0.307538 0.608691
0.310553 0.616140
0.313568 0.623618
0.316583 0.631124
0.319598 0.638660
0.322613 0.646225
0.325628 0.653819
0.328643 0.661441
0.331658 0.669093
0.334673 0.676773
0.337688 0.684482
0.340704 0.692219
0.343719 0.699985
0.346734 0.707780
0.349749 0.715603
0.352764 0.723454
0.355779 0.731333
0.358794 0.739241
0.361809 0.747176
0.364824 0.755139
0.367839 0.763131
0.370854 0.771149
0.373869 0.779196
0.376884 0.787269
0.379899 0.795370
0.382915 0.803499
0.385930 0.811654
0.388945 0.819836
0.391960 0.828045
0.394975 0.836281
0.397990 0.844543
0.401005 0.852832
0.404020 0.861147
0.407035 0.869488
0.410050 0.877854
0.413065 0.886247
0.416080 0.894665
0.419095 0.903108
0.422111 0.911577
0.425126 0.920071
0.428141 0.928589
0.431156 0.937132
0.434171 0.945700
0.437186 0.954292
0.440201 0.962907
0.443216 0.971547
0.446231 0.980210
0.449246 0.988897
0.452261 0.997607
0.455276 1.006340
0.458291 1.015095
0.461307 1.023873
0.464322 1.032674
0.467337 1.041496
0.470352 1.050340
0.473367 1.059205
0.476382 1.068092
0.479397 1.077000
0.482412 1.085928
0.485427 1.094877
0.488442 1.103845
0.491457 1.112834
0.494472 1.121842
0.497487 1.130870
0.500503 1.139916
0.503518 1.148981
0.506533 1.158065
0.509548 1.167166
0.512563 1.176285
0.515578 1.185421
0.518593 1.194575
0.521608 1.203745
0.524623 1.212931
0.527638 1.222134
0.530653 1.231352
0.533668 1.240585
0.536683 1.249834
0.539698 1.259096
0.542714 1.268373
0.545729 1.277664
0.548744 1.286968
0.551759 1.296286
0.554774 1.305615
0.557789 1.314958
0.560804 1.324311
0.563819 1.333677
0.566834 1.343053
0.569849 1.352440
0.572864 1.361837
0.575879 1.371243
0.578894 1.380659
0.581910 1.390084
0.584925 1.399517
0.587940 1.408958
0.590955 1.418406
0.593970 1.427862
0.596985 1.437324
0.600000 1.446791
