# x1    P (MPa)
0.000000 0.000010
0.003015 0.004930
0.006030 0.009859
0.009045 0.014795
0.012060 0.019740
0.015075 0.024693
0.018090 0.029654
0.021106 0.034624
0.024121 0.039601
0.027136 0.044587
0.030151 0.049580
0.033166 0.054582
0.036181 0.059592
0.039196 0.064611
0.042211 0.069637
0.045226 0.074672
0.048241 0.079715
0.051256 0.084767
0.054271 0.089827
0.057286 0.094895
0.060302 0.099971
0.063317 0.105056
0.066332 0.110149
0.069347 0.115250
0.072362 0.120360
0.075377 0.125478
0.078392 0.130604
0.081407 0.135739
0.084422 0.140882
0.087437 0.146034
0.090452 0.151194
0.093467 0.156363
0.096482 0.161540
0.099497 0.166725
0.102513 0.171919
0.105528 0.177121
0.108543 0.182332
0.111558 0.187552
0.114573 0.192780
0.117588 0.198016
0.120603 0.203261
0.123618 0.208515
0.126633 0.213777
0.129648 0.219047
0.132663 0.224326
0.135678 0.229614
0.138693 0.234910
0.141709 0.240215
0.144724 0.245529
0.147739 0.250851
0.150754 0.256181
0.153769 0.261521
0.156784 0.266869
0.159799 0.272225
0.162814 0.277590
0.165829 0.282964
0.168844 0.288347
0.171859 0.293738
0.174874 0.299137
0.177889 0.304546
0.180905 0.309963
0.183920 0.315389
0.186935 0.320823
0.189950 0.326266
0.192965 0.331718
0.195980 0.337178
0.198995 0.342647
0.202010 0.348125
0.205025 0.353612
0.208040 0.359107
0.211055 0.364611
0.214070 0.370123
0.217085 0.375645
0.220101 0.381175
0.223116 0.386713
0.226131 0.392260
0.229146 0.397816
0.232161 0.403381
0.235176 0.408955
0.238191 0.414537
0.241206 0.420127
0.244221 0.425727
0.247236 0.431335
0.250251 0.436952
0.253266 0.442577
0.256281 0.448212
0.259296 0.453854
0.262312 0.459506
0.265327 0.465166
0.268342 0.470835
0.271357 0.476512
0.274372 0.482198
0.277387 0.487893
0.280402 0.493596
0.283417 0.499308
0.286432 0.505029
0.289447 0.510758
0.292462 0.516496
0.295477 0.522242
0.298492 0.527997
0.301508 0.533760
0.304523 0.539532
0.307538 0.545313
0.310553 0.551102
0.313568 0.556900
0.316583 0.562706
0.319598 0.568520
0.322613 0.574343
0.325628 0.580175
0.328643 0.586015
0.331658 0.591863
0.334673 0.597720
0.337688 0.603585
0.340704 0.609458
0.343719 0.615340
0.346734 0.621230
0.349749 0.627129
0.352764 0.633035
0.355779 0.638950
0.358794 0.644874
0.361809 0.650805
0.364824 0.656745
0.367839 0.662693
0.370854 0.668649
0.373869 0.674613
0.376884 0.680585
0.379899 0.686565
0.382915 0.692554
0.385930 0.698550
0.388945 0.704555
0.391960 0.710567
0.394975 0.716587
0.397990 0.722615
0.401005 0.728651
0.404020 0.734695
0.407035 0.740747
0.410050 0.746806
0.413065 0.752873
0.416080 0.758948
0.419095 0.765030
0.422111 0.771120
0.425126 0.777218
0.428141 0.783323
0.431156 0.789436
0.434171 0.795556
0.437186 0.801683
0.440201 0.807818
0.443216 0.813960
0.446231 0.820109
0.449246 0.826266
0.452261 0.832430
0.455276 0.838601
0.458291 0.844779
0.461307 0.850964
0.464322 0.857156
0.467337 0.863355
0.470352 0.869560
0.473367 0.875773
0.476382 0.881992
0.479397 0.888218
0.482412 0.894451
0.485427 0.900690
0.488442 0.906936
0.491457 0.913188
0.494472 0.919447
0.497487 0.925711
0.500503 0.931983
0.503518 0.938260
0.506533 0.944543
0.509548 0.950833
0.512563 0.957128
0.515578 0.963429
0.518593 0.969737
0.521608 0.976049
0.524623 0.982368
0.527638 0.988692
0.530653 0.995022
0.533668 1.001357
0.536683 1.007697
0.539698 1.014043
0.542714 1.020394
0.545729 1.026750
0.548744 1.033111
0.551759 1.039476
0.554774 1.045847
0.557789 1.052222
0.560804 1.058602
0.563819 1.064987
0.566834 1.071376
0.569849 1.077769
0.572864 1.084166
0.575879 1.090568
0.578894 1.096974
0.581910 1.103383
0.584925 1.109796
0.587940 1.116213
0.590955 1.122634
0.593970 1.129058
0.596985 1.135485
0.600000 1.141916
