# x1    P (MPa)
0.000000 0.000000
0.003015 0.002266
0.006030 0.004548
0.009045 0.006844
0.012060 0.009157
0.015075 0.011485
0.018090 0.013828
0.021106 0.016188
0.024121 0.018563
0.027136 0.020955
0.030151 0.023363
0.033166 0.025787
0.036181 0.028227
0.039196 0.030685
0.042211 0.033158
0.045226 0.035649
0.048241 0.038156
0.051256 0.040681
0.054271 0.043223
0.057286 0.045781
0.060302 0.048358
0.063317 0.050952
0.066332 0.053563
0.069347 0.056192
0.072362 0.058839
0.075377 0.061504
0.078392 0.064187
0.081407 0.066889
0.084422 0.069609
0.087437 0.072347
0.090452 0.075104
0.093467 0.077879
0.096482 0.080674
0.099497 0.083488
0.102513 0.086320
0.105528 0.089172
0.108543 0.092044
0.111558 0.094935
0.114573 0.097845
0.117588 0.100776
0.120603 0.103726
0.123618 0.106696
0.126633 0.109687
0.129648 0.112698
0.132663 0.115729
0.135678 0.118781
0.138693 0.121854
0.141709 0.124947
0.144724 0.128062
0.147739 0.131197
0.150754 0.134354
0.153769 0.137533
0.156784 0.140733
0.159799 0.143954
0.162814 0.147198
0.165829 0.150463
0.168844 0.153751
0.171859 0.157060
0.174874 0.160392
0.177889 0.163747
0.180905 0.167124
0.183920 0.170524
0.186935 0.173948
0.189950 0.177394
0.192965 0.180863
0.195980 0.184356
0.198995 0.187872
0.202010 0.191412
0.205025 0.194976
0.208040 0.198563
0.211055 0.202175
0.214070 0.205811
0.217085 0.209471
0.220101 0.213156
0.223116 0.216866
0.226131 0.220600
0.229146 0.224359
0.232161 0.228143
0.235176 0.231953
0.238191 0.235788
0.241206 0.239648
0.244221 0.243534
0.247236 0.247446
0.250251 0.251383
0.253266 0.255347
0.256281 0.259337
0.259296 0.263353
0.262312 0.267396
0.265327 0.271466
0.268342 0.275562
0.271357 0.279685
0.274372 0.283835
0.277387 0.288013
0.280402 0.292218
0.283417 0.296450
0.286432 0.300710
0.289447 0.304997
0.292462 0.309313
0.295477 0.313656
0.298492 0.318028
0.301508 0.322428
0.304523 0.326856
0.307538 0.331313
0.310553 0.335799
0.313568 0.340313
0.316583 0.344856
0.319598 0.349429
0.322613 0.354030
0.325628 0.358661
0.328643 0.363322
0.331658 0.368012
0.334673 0.372732
0.337688 0.377481
0.340704 0.382261
0.343719 0.387070
0.346734 0.391910
0.349749 0.396780
0.352764 0.401681
0.355779 0.406612
0.358794 0.411574
0.361809 0.416567
0.364824 0.421590
0.367839 0.426645
0.370854 0.431730
0.373869 0.436847
0.376884 0.441995
0.379899 0.447175
0.382915 0.452386
0.385930 0.457628
0.388945 0.462903
0.391960 0.468209
0.394975 0.473547
0.397990 0.478917
0.401005 0.484320
0.404020 0.489754
0.407035 0.495221
0.410050 0.500720
0.413065 0.506251
0.416080 0.511815
0.419095 0.517411
0.422111 0.523040
0.425126 0.528702
0.428141 0.534397
0.431156 0.540124
0.434171 0.545884
0.437186 0.551678
0.440201 0.557504
0.443216 0.563363
0.446231 0.569255
0.449246 0.575181
0.452261 0.581140
0.455276 0.587131
0.458291 0.593157
0.461307 0.599215
0.464322 0.605307
0.467337 0.611432
0.470352 0.617591
0.473367 0.623782
0.476382 0.630008
0.479397 0.636266
0.482412 0.642558
0.485427 0.648884
0.488442 0.655243
0.491457 0.661635
0.494472 0.668061
0.497487 0.674520
0.500503 0.681012
0.503518 0.687537
0.506533 0.694096
0.509548 0.700689
0.512563 0.707314
0.515578 0.713972
0.518593 0.720664
0.521608 0.727389
0.524623 0.734146
0.527638 0.740937
0.530653 0.747761
0.533668 0.754617
0.536683 0.761506
0.539698 0.768427
0.542714 0.775382
0.545729 0.782368
0.548744 0.789387
0.551759 0.796438
0.554774 0.803521
0.557789 0.810636
0.560804 0.817783
0.563819 0.824962
0.566834 0.832173
0.569849 0.839414
0.572864 0.846687
0.575879 0.853991
0.578894 0.861327
0.581910 0.868692
0.584925 0.876089
0.587940 0.883516
0.590955 0.890973
0.593970 0.898460
0.596985 0.905977
0.600000 0.913523
