# x1    P (MPa)
0.000000 0.000016
0.003015 0.005154
0.006030 0.010301
0.009045 0.015459
0.012060 0.020628
0.015075 0.025807
0.018090 0.030996
0.021106 0.036196
0.024121 0.041407
0.027136 0.046627
0.030151 0.051859
0.033166 0.057100
0.036181 0.062353
0.039196 0.067615
0.042211 0.072889
0.045226 0.078173
0.048241 0.083467
0.051256 0.088772
0.054271 0.094087
0.057286 0.099413
0.060302 0.104750
0.063317 0.110097
0.066332 0.115455
0.069347 0.120824
0.072362 0.126203
0.075377 0.131592
0.078392 0.136992
0.081407 0.142403
0.084422 0.147825
0.087437 0.153257
0.090452 0.158700
0.093467 0.164153
0.096482 0.169618
0.099497 0.175092
0.102513 0.180578
0.105528 0.186074
0.108543 0.191581
0.111558 0.197098
0.114573 0.202626
0.117588 0.208165
0.120603 0.213714
0.123618 0.219274
0.126633 0.224845
0.129648 0.230427
0.132663 0.236019
0.135678 0.241621
0.138693 0.247235
0.141709 0.252859
0.144724 0.258493
0.147739 0.264139
0.150754 0.269795
0.153769 0.275461
0.156784 0.281139
0.159799 0.286826
0.162814 0.292525
0.165829 0.298234
0.168844 0.303954
0.171859 0.309684
0.174874 0.315425
0.177889 0.321176
0.180905 0.326938
0.183920 0.332711
0.186935 0.338494
0.189950 0.344287
0.192965 0.350091
0.195980 0.355906
0.198995 0.361731
0.202010 0.367566
0.205025 0.373412
0.208040 0.379268
0.211055 0.385135
0.214070 0.391012
0.217085 0.396899
0.220101 0.402797
0.223116 0.408705
0.226131 0.414623
0.229146 0.420552
0.232161 0.426491
0.235176 0.432440
0.238191 0.438399
0.241206 0.444368
0.244221 0.450348
0.247236 0.456338
0.250251 0.462337
0.253266 0.468347
0.256281 0.474367
0.259296 0.480397
0.262312 0.486436
0.265327 0.492486
0.268342 0.498546
0.271357 0.504615
0.274372 0.510694
0.277387 0.516783
0.280402 0.522882
0.283417 0.528990
0.286432 0.535108
0.289447 0.541235
0.292462 0.547372
0.295477 0.553519
0.298492 0.559675
0.301508 0.565841
0.304523 0.572015
0.307538 0.578199
0.310553 0.584393
0.313568 0.590595
0.316583 0.596807
0.319598 0.603028
0.322613 0.609258
0.325628 0.615497
0.328643 0.621744
0.331658 0.628001
0.334673 0.634267
0.337688 0.640541
0.340704 0.646824
0.343719 0.653115
0.346734 0.659415
0.349749 0.665723
0.352764 0.672040
0.355779 0.678365
0.358794 0.684699
0.361809 0.691040
0.364824 0.697390
0.367839 0.703748
0.370854 0.710114
0.373869 0.716487
0.376884 0.722868
0.379899 0.729258
0.382915 0.735654
0.385930 0.742058
0.388945 0.748470
0.391960 0.754889
0.394975 0.761315
0.397990 0.767748
0.401005 0.774189
0.404020 0.780636
0.407035 0.787091
0.410050 0.793552
0.413065 0.800019
0.416080 0.806493
0.419095 0.812974
0.422111 0.819461
0.425126 0.825955
0.428141 0.832454
0.431156 0.838959
0.434171 0.845471
0.437186 0.851988
0.440201 0.858510
0.443216 0.865039
0.446231 0.871572
0.449246 0.878111
0.452261 0.884655
0.455276 0.891205
0.458291 0.897759
0.461307 0.904317
0.464322 0.910881
0.467337 0.917449
0.470352 0.924021
0.473367 0.930598
0.476382 0.937178
0.479397 0.943762
0.482412 0.950351
0.485427 0.956942
0.488442 0.963538
0.491457 0.970136
0.494472 0.976738
0.497487 0.983343
0.500503 0.989950
0.503518 0.996560
0.506533 1.003173
0.509548 1.009788
0.512563 1.016405
0.515578 1.023024
0.518593 1.029645
0.521608 1.036268
0.524623 1.042892
0.527638 1.049517
0.530653 1.056143
0.533668 1.062770
0.536683 1.069398
0.539698 1.076026
0.542714 1.082655
0.545729 1.089284
0.548744 1.095912
0.551759 1.102540
0.554774 1.109168
0.557789 1.115795
0.560804 1.122421
0.563819 1.129046
0.566834 1.135670
0.569849 1.142291
0.572864 1.148912
0.575879 1.155530
0.578894 1.162145
0.581910 1.168759
0.584925 1.175369
0.587940 1.181977
0.590955 1.188581
0.593970 1.195182
0.596985 1.201779
0.600000 1.208372
