# x1    P (MPa)
0.000000 0.000012
0.003015 0.005545
0.006030 0.011089
0.009045 0.016644
0.012060 0.022210
0.015075 0.027786
0.018090 0.033374
0.021106 0.038972
0.024121 0.044582
0.027136 0.050203
0.030151 0.055834
0.033166 0.061477
0.036181 0.067131
0.039196 0.072796
0.042211 0.078472
0.045226 0.084160
0.048241 0.089859
0.051256 0.095569
0.054271 0.101290
0.057286 0.107023
0.060302 0.112768
0.063317 0.118524
0.066332 0.124291
0.069347 0.130070
0.072362 0.135861
0.075377 0.141663
0.078392 0.147477
0.081407 0.153302
0.084422 0.159140
0.087437 0.164989
0.090452 0.170850
0.093467 0.176722
0.096482 0.182607
0.099497 0.188503
0.102513 0.194412
0.105528 0.200332
0.108543 0.206265
0.111558 0.212209
0.114573 0.218166
0.117588 0.224135
0.120603 0.230116
0.123618 0.236109
0.126633 0.242115
0.129648 0.248133
0.132663 0.254163
0.135678 0.260205
0.138693 0.266260
0.141709 0.272327
0.144724 0.278407
0.147739 0.284500
0.150754 0.290605
0.153769 0.296722
0.156784 0.302852
0.159799 0.308995
0.162814 0.315151
0.165829 0.321319
0.168844 0.327500
0.171859 0.333694
0.174874 0.339901
0.177889 0.346120
0.180905 0.352353
0.183920 0.358598
0.186935 0.364857
0.189950 0.371128
0.192965 0.377413
0.195980 0.383711
0.198995 0.390022
0.202010 0.396346
0.205025 0.402684
0.208040 0.409034
0.211055 0.415398
0.214070 0.421776
0.217085 0.428167
0.220101 0.434571
0.223116 0.440988
0.226131 0.447419
0.229146 0.453864
0.232161 0.460322
0.235176 0.466794
0.238191 0.473280
0.241206 0.479779
0.244221 0.486292
0.247236 0.492819
0.250251 0.499359
0.253266 0.505913
0.256281 0.512481
0.259296 0.519063
0.262312 0.525659
0.265327 0.532269
0.268342 0.538893
0.271357 0.545531
0.274372 0.552184
0.277387 0.558850
0.280402 0.565530
0.283417 0.572225
0.286432 0.578933
0.289447 0.585656
0.292462 0.592394
0.295477 0.599145
0.298492 0.605911
0.301508 0.612692
0.304523 0.619487
0.307538 0.626296
0.310553 0.633120
0.313568 0.639958
0.316583 0.646811
0.319598 0.653678
0.322613 0.660560
0.325628 0.667457
0.328643 0.674368
0.331658 0.681294
0.334673 0.688235
0.337688 0.695191
0.340704 0.702161
0.343719 0.709146
0.346734 0.716147
0.349749 0.723162
0.352764 0.730192
0.355779 0.737236
0.358794 0.744296
0.361809 0.751371
0.364824 0.758461
0.367839 0.765566
0.370854 0.772686
0.373869 0.779822
0.376884 0.786972
0.379899 0.794138
0.382915 0.801318
0.385930 0.808514
0.388945 0.815726
0.391960 0.822952
0.394975 0.830194
0.397990 0.837451
0.401005 0.844723
0.404020 0.852011
0.407035 0.859314
0.410050 0.866633
0.413065 0.873967
0.416080 0.881316
0.419095 0.888681
0.422111 0.896062
0.425126 0.903458
0.428141 0.910869
0.431156 0.918296
0.434171 0.925738
0.437186 0.933196
0.440201 0.940670
0.443216 0.948159
0.446231 0.955664
0.449246 0.963184
0.452261 0.970721
0.455276 0.978272
0.458291 0.985840
0.461307 0.993422
0.464322 1.001021
0.467337 1.008635
0.470352 1.016265
0.473367 1.023911
0.476382 1.031572
0.479397 1.039249
0.482412 1.046942
0.485427 1.054650
0.488442 1.062374
0.491457 1.070114
0.494472 1.077869
0.497487 1.085641
0.500503 1.093427
0.503518 1.101230
0.506533 1.109048
0.509548 1.116882
0.512563 1.124731
0.515578 1.132596
0.518593 1.140477
0.521608 1.148373
0.524623 1.156285
0.527638 1.164212
0.530653 1.172155
0.533668 1.180114
0.536683 1.188088
0.539698 1.196078
0.542714 1.204083
0.545729 1.212103
0.548744 1.220139
0.551759 1.228190
0.554774 1.236257
0.557789 1.244339
0.560804 1.252436
0.563819 1.260549
0.566834 1.268677
0.569849 1.276820
0.572864 1.284978
0.575879 1.293151
0.578894 1.301339
0.581910 1.309543
0.584925 1.317761
0.587940 1.325994
0.590955 1.334242
0.593970 1.342505
0.596985 1.350782
0.600000 1.359075
