# x1    P (MPa)
0.000000 0.000151
0.003015 0.009747
0.006030 0.019352
0.009045 0.028966
0.012060 0.038588
0.015075 0.048219
0.018090 0.057860
0.021106 0.067509
0.024121 0.077166
0.027136 0.086833
0.030151 0.096508
0.033166 0.106192
0.036181 0.115884
0.039196 0.125586
0.042211 0.135296
0.045226 0.145014
0.048241 0.154741
0.051256 0.164477
0.054271 0.174221
0.057286 0.183974
0.060302 0.193735
0.063317 0.203505
0.066332 0.213283
0.069347 0.223070
0.072362 0.232865
0.075377 0.242669
0.078392 0.252481
0.081407 0.262301
0.084422 0.272129
0.087437 0.281966
0.090452 0.291811
0.093467 0.301664
0.096482 0.311526
0.099497 0.321395
0.102513 0.331273
0.105528 0.341159
0.108543 0.351052
0.111558 0.360954
0.114573 0.370864
0.117588 0.380782
0.120603 0.390708
0.123618 0.400641
0.126633 0.410583
0.129648 0.420532
0.132663 0.430489
0.135678 0.440454
0.138693 0.450427
0.141709 0.460407
0.144724 0.470395
0.147739 0.480390
0.150754 0.490393
0.153769 0.500404
0.156784 0.510422
0.159799 0.520447
0.162814 0.530480
0.165829 0.540520
0.168844 0.550567
0.171859 0.560622
0.174874 0.570683
0.177889 0.580752
0.180905 0.590828
0.183920 0.600911
0.186935 0.611002
0.189950 0.621099
0.192965 0.631203
0.195980 0.641313
0.198995 0.651431
0.202010 0.661555
0.205025 0.671686
0.208040 0.681824
0.211055 0.691968
0.214070 0.702119
0.217085 0.712276
0.220101 0.722440
0.223116 0.732610
0.226131 0.742786
0.229146 0.752968
0.232161 0.763157
0.235176 0.773352
0.238191 0.783552
0.241206 0.793759
0.244221 0.803972
0.247236 0.814190
0.250251 0.824415
0.253266 0.834645
0.256281 0.844880
0.259296 0.855121
0.262312 0.865368
0.265327 0.875620
0.268342 0.885878
0.271357 0.896140
0.274372 0.906408
0.277387 0.916681
0.280402 0.926959
0.283417 0.937242
0.286432 0.947530
0.289447 0.957823
0.292462 0.968121
0.295477 0.978423
0.298492 0.988729
0.301508 0.999041
0.304523 1.009356
0.307538 1.019676
0.310553 1.030000
0.313568 1.040328
0.316583 1.050661
0.319598 1.060997
0.322613 1.071337
0.325628 1.081681
0.328643 1.092028
0.331658 1.102379
0.334673 1.112734
0.337688 1.123092
0.340704 1.133453
0.343719 1.143817
0.346734 1.154185
0.349749 1.164555
0.352764 1.174928
0.355779 1.185304
0.358794 1.195683
0.361809 1.206064
0.364824 1.216448
0.367839 1.226834
0.370854 1.237222
0.373869 1.247612
0.376884 1.258004
0.379899 1.268398
0.382915 1.278794
0.385930 1.289191
0.388945 1.299590
0.391960 1.309991
0.394975 1.320392
0.397990 1.330795
0.401005 1.341198
0.404020 1.351603
0.407035 1.362008
0.410050 1.372414
0.413065 1.382820
0.416080 1.393227
0.419095 1.403634
0.422111 1.414041
0.425126 1.424447
0.428141 1.434854
0.431156 1.445260
0.434171 1.455666
0.437186 1.466071
0.440201 1.476475
0.443216 1.486879
0.446231 1.497281
0.449246 1.507682
0.452261 1.518081
0.455276 1.528479
0.458291 1.538876
0.461307 1.549270
0.464322 1.559662
0.467337 1.570052
0.470352 1.580440
0.473367 1.590825
0.476382 1.601208
0.479397 1.611587
0.482412 1.621964
0.485427 1.632337
0.488442 1.642707
0.491457 1.653073
0.494472 1.663436
0.497487 1.673794
0.500503 1.684149
0.503518 1.694499
0.506533 1.704845
0.509548 1.715185
0.512563 1.725521
0.515578 1.735852
0.518593 1.746178
0.521608 1.756498
0.524623 1.766813
0.527638 1.777122
0.530653 1.787424
0.533668 1.797721
0.536683 1.808010
0.539698 1.818293
0.542714 1.828570
0.545729 1.838839
0.548744 1.849100
0.551759 1.859355
0.554774 1.869601
0.557789 1.879839
0.560804 1.890069
0.563819 1.900291
0.566834 1.910504
0.569849 1.920708
0.572864 1.930903
0.575879 1.941088
0.578894 1.951264
0.581910 1.961430
0.584925 1.971586
0.587940 1.981732
0.590955 1.991867
0.593970 2.001991
0.596985 2.012103
0.600000 2.022205
