Command line:
"travis -p ../../../3_prNPT/trajectory.gro -i input.txt"


  ________                                 __
 /        |                               /  |
 ########/ ______    ______    __     __  ##/    _______
    ## |  /      \  /      \  /  \   /  | /  |  /       |
    ## | /######  | ######  | ##  \ /##/  ## | /#######/
    ## | ## |  ##/  /    ## |  ##  /##/   ## | ##      \
    ## | ## |      /####### |   ## ##/    ## |  ######  |
    ## | ## |      ##    ## |    ###/     ## | /     ##/
    ##/  ##/        #######/      #/      ##/  #######/

    TRajectory Analyzer and VISualizer  -  Open-source free software under GNU GPL v3

    Copyright (c) Martin Brehm      (2009-2022), University of Halle (Saale)
                  Martin Thomas     (2012-2022)
                  Sascha Gehrke     (2016-2022), University of Bonn
                  Barbara Kirchner  (2009-2022), University of Bonn

    http://www.travis-analyzer.de

    Please cite: J. Chem. Phys. 2020, 152 (16), 164105.         (DOI 10.1063/5.0005078 )
                 J. Chem. Inf. Model. 2011, 51 (8), 2007-2023.  (DOI 10.1021/ci200217w )

    There is absolutely no warranty on any results obtained from TRAVIS.

 #  Running on newton02 at Fri May  9 10:25:39 2025 (PID 547046)
 #  Running in /home/bach/bastian/1_solvation_insights/MD/20/4_results/add/re4a_nfs
 #  Version: Jul 29 2022, built at Apr 15 2023, 11:23:55, compiler "8.5.0 20210514 (Red Hat 8.5.0-13)", GCC 8.5.0
 #  Target platform: Linux, __cplusplus=201402L, Compile flags: NEW_CHARGEVAR DEBUG_ARRAYS 
 #  Machine: x86_64, char=1b, int=4b, long=8b, addr=8b, 0xA0B0C0D0=D0,C0,B0,A0.
 #  Home: /home/bach,  Executable: /home/bach/travis/exe/travis
 #  Input from input.txt, Output is redirected

    >>> Please use a color scheme with dark background or specify "-nocolor"! <<<

    Loading configuration from /home/bach/.travis.conf ...

    Opening position trajectory ../../../3_prNPT/trajectory.gro ...

    Trajectory contains approximately 3601 frames (just a *guess* from the file size of 4.67 GiB).

    Digits or special characters in element labels not allowed.
    Removing those characters from all atom labels.

    30912 atoms in the system: 8728x C, 9206x F, 10728x H, 250x N, 1750x O, 250x S

    System extent:  X = {     +0 ..  +7337 pm }, dX = 7337 pm
      (in step 1)   Y = {     +0 ..  +7337 pm }, dY = 7337 pm
                    Z = {     +0 ..  +7337 pm }, dZ = 7337 pm

    The "advanced mode" offers seldomly required features, including support for non-orthorhombic
    simulation cells, NPT ensemble, non-periodic systems, user-definded virtual atoms, pseudomolecules, ...

    Use the advanced mode until the analysis selection menu (y/n)? [no] <RETURN>

    Found cell geometry data in trajectory file:

      X = 7337.40 pm,   Y = 7337.40 pm,   Z = 7337.40 pm

    The overall box density is 1.387439 g/cm^3.

    Assuming a 3D-periodic cell.

    Use these values (y) or enter different values (n)? [yes] <RETURN>
    Update cell geometry in every time step (i.e., NPT ensemble) (y) or use fixed cell (n)? [yes] <RETURN>

    Using the following element data:

      Element | Ord. Number |  Mass / u | Cov. Radius / pm | VdW Radius / pm | Color
    ----------|-------------|-----------|------------------|-----------------|----------
      H       |           1 |   1.00798 |            37.00 |          109.00 | #FFFFFF
      C       |           6 |  12.01060 |            82.00 |          170.00 | #808080
      N       |           7 |  14.00690 |            77.00 |          155.00 | #0000FF
      O       |           8 |  15.99940 |            75.00 |          152.00 | #FF0000
      F       |           9 |  18.99840 |            73.00 |          147.00 | #00FF00
      S       |          16 |  32.06750 |           106.00 |          180.00 | #FFFF00


    NPT: Using a cell vector of ( 7337.40 pm | 7337.40 pm | 7337.40 pm ) for molecule recognition.

    Initialized spatial domain engine with 30 x 30 x 30 cells, min. diameter = 244 pm.

    Molecule recognition [###########################################################]

    1614 molecules found.

    Sorting atom types...
    Setting up bond lists...
    Building atom codes...
    Creating refined topological atom order...
      [############################################################] Done.
    Creating bond list...
    Creating angle list...
    Grouping together equivalent molecules...
    Found 4 unique molecule types.
    Sorting molecule types by molecular mass...
    Found 0 rings.
    Molecule recognition finished.

Output of bond matrices:

*** Molecule 1: C4F9O3S; Representant 1; Distances in pm ***

    C1  C2  C3  C4  F1  F2  F3  F4  F5  F6  F7  F8  F9  O1  O2  O3  S1 
C1  *** 156  -   -  135 132  -   -   -   -   -   -   -   -   -   -  179 
C2  156 *** 159  -   -   -  135 133  -   -   -   -   -   -   -   -   -  
C3   -  159 *** 155  -   -   -   -  132 136  -   -   -   -   -   -   -  
C4   -   -  155 ***  -   -   -   -   -   -  131 136 131  -   -   -   -  
F1  135  -   -   -  ***  -   -   -   -   -   -   -   -   -   -   -   -  
F2  132  -   -   -   -  ***  -   -   -   -   -   -   -   -   -   -   -  
F3   -  135  -   -   -   -  ***  -   -   -   -   -   -   -   -   -   -  
F4   -  133  -   -   -   -   -  ***  -   -   -   -   -   -   -   -   -  
F5   -   -  132  -   -   -   -   -  ***  -   -   -   -   -   -   -   -  
F6   -   -  136  -   -   -   -   -   -  ***  -   -   -   -   -   -   -  
F7   -   -   -  131  -   -   -   -   -   -  ***  -   -   -   -   -   -  
F8   -   -   -  136  -   -   -   -   -   -   -  ***  -   -   -   -   -  
F9   -   -   -  131  -   -   -   -   -   -   -   -  ***  -   -   -   -  
O1   -   -   -   -   -   -   -   -   -   -   -   -   -  ***  -   -  143 
O2   -   -   -   -   -   -   -   -   -   -   -   -   -   -  ***  -  147 
O3   -   -   -   -   -   -   -   -   -   -   -   -   -   -   -  *** 147 
S1  179  -   -   -   -   -   -   -   -   -   -   -   -  143 147 147 *** 

    Atoms F1, F2 are equivalent.
    Atoms F3, F4 are equivalent.
    Atoms F5, F6 are equivalent.
    Atoms F7, F8, F9 are equivalent.
    Atoms O1, O2, O3 are equivalent.

*** Molecule 2: C5F9HO2; Representant 1; Distances in pm ***

    C1  C2  C3  C4  C5  F1  F2  F3  F4  F5  F6  F7  F8  F9  H1  O1  O2 
C1  *** 160  -  160  -  139 132  -   -   -   -   -   -   -   -   -   -  
C2  160 *** 159  -   -   -   -  135 140  -   -   -   -   -   -   -   -  
C3   -  159 ***  -  160  -   -   -   -   -   -   -  138 131  -   -   -  
C4  160  -   -  ***  -   -   -   -   -  133 137 134  -   -   -   -   -  
C5   -   -  160  -  ***  -   -   -   -   -   -   -   -   -   -  135 124 
F1  139  -   -   -   -  ***  -   -   -   -   -   -   -   -   -   -   -  
F2  132  -   -   -   -   -  ***  -   -   -   -   -   -   -   -   -   -  
F3   -  135  -   -   -   -   -  ***  -   -   -   -   -   -   -   -   -  
F4   -  140  -   -   -   -   -   -  ***  -   -   -   -   -   -   -   -  
F5   -   -   -  133  -   -   -   -   -  ***  -   -   -   -   -   -   -  
F6   -   -   -  137  -   -   -   -   -   -  ***  -   -   -   -   -   -  
F7   -   -   -  134  -   -   -   -   -   -   -  ***  -   -   -   -   -  
F8   -   -  138  -   -   -   -   -   -   -   -   -  ***  -   -   -   -  
F9   -   -  131  -   -   -   -   -   -   -   -   -   -  ***  -   -   -  
H1   -   -   -   -   -   -   -   -   -   -   -   -   -   -  ***  94  -  
O1   -   -   -   -  135  -   -   -   -   -   -   -   -   -   94 ***  -  
O2   -   -   -   -  124  -   -   -   -   -   -   -   -   -   -   -  *** 

    Atoms F1, F2 are equivalent.
    Atoms F3, F4 are equivalent.
    Atoms F5, F6, F7 are equivalent.
    Atoms F8, F9 are equivalent.

*** Molecule 3: C16H36N; Representant 1; Distances in pm ***

    C1  C2  C3  C4  C5  C6  C7  C8  C9  C10 C11 C12 C13 C14 C15 C16 H1  H2  H3  H4  H5  H6  H7  H8  H9  H10 H11 H12 H13 H14 H15 H16 H17 H18 H19 H20 H21 H22 H23 H24 H25 H26 H27 H28 H29 H30 H31 H32 H33 H34 H35 H36 N1 
C1  ***  -   -   -  155  -   -   -   -   -   -   -   -   -   -   -  109 109  -   -   -   -   -   -   -   -   -   -   -   -   -   -   -   -   -   -   -   -   -   -   -   -   -   -   -   -   -   -   -   -   -   -  153 
C2   -  ***  -   -   -  158  -   -   -   -   -   -   -   -   -   -   -   -  109 109  -   -   -   -   -   -   -   -   -   -   -   -   -   -   -   -   -   -   -   -   -   -   -   -   -   -   -   -   -   -   -   -  150 
C3   -   -  ***  -   -   -  149  -   -   -   -   -   -   -   -   -   -   -   -   -  109 109  -   -   -   -   -   -   -   -   -   -   -   -   -   -   -   -   -   -   -   -   -   -   -   -   -   -   -   -   -   -  152 
C4   -   -   -  ***  -   -   -  155  -   -   -   -   -   -   -   -   -   -   -   -   -   -  110 109  -   -   -   -   -   -   -   -   -   -   -   -   -   -   -   -   -   -   -   -   -   -   -   -   -   -   -   -  147 
C5  155  -   -   -  ***  -   -   -  155  -   -   -   -   -   -   -   -   -   -   -   -   -   -   -  109 108  -   -   -   -   -   -   -   -   -   -   -   -   -   -   -   -   -   -   -   -   -   -   -   -   -   -   -  
C6   -  158  -   -   -  ***  -   -   -  151  -   -   -   -   -   -   -   -   -   -   -   -   -   -   -   -  108 109  -   -   -   -   -   -   -   -   -   -   -   -   -   -   -   -   -   -   -   -   -   -   -   -   -  
C7   -   -  149  -   -   -  ***  -   -   -  155  -   -   -   -   -   -   -   -   -   -   -   -   -   -   -   -   -  109 109  -   -   -   -   -   -   -   -   -   -   -   -   -   -   -   -   -   -   -   -   -   -   -  
C8   -   -   -  155  -   -   -  ***  -   -   -  153  -   -   -   -   -   -   -   -   -   -   -   -   -   -   -   -   -   -  108 109  -   -   -   -   -   -   -   -   -   -   -   -   -   -   -   -   -   -   -   -   -  
C9   -   -   -   -  155  -   -   -  ***  -   -   -  147  -   -   -   -   -   -   -   -   -   -   -   -   -   -   -   -   -   -   -  109 109  -   -   -   -   -   -   -   -   -   -   -   -   -   -   -   -   -   -   -  
C10  -   -   -   -   -  151  -   -   -  ***  -   -   -  154  -   -   -   -   -   -   -   -   -   -   -   -   -   -   -   -   -   -   -   -  109 109  -   -   -   -   -   -   -   -   -   -   -   -   -   -   -   -   -  
C11  -   -   -   -   -   -  155  -   -   -  ***  -   -   -  155  -   -   -   -   -   -   -   -   -   -   -   -   -   -   -   -   -   -   -   -   -  109 110  -   -   -   -   -   -   -   -   -   -   -   -   -   -   -  
C12  -   -   -   -   -   -   -  153  -   -   -  ***  -   -   -  145  -   -   -   -   -   -   -   -   -   -   -   -   -   -   -   -   -   -   -   -   -   -  109 109  -   -   -   -   -   -   -   -   -   -   -   -   -  
C13  -   -   -   -   -   -   -   -  147  -   -   -  ***  -   -   -   -   -   -   -   -   -   -   -   -   -   -   -   -   -   -   -   -   -   -   -   -   -   -   -  109 110 110  -   -   -   -   -   -   -   -   -   -  
C14  -   -   -   -   -   -   -   -   -  154  -   -   -  ***  -   -   -   -   -   -   -   -   -   -   -   -   -   -   -   -   -   -   -   -   -   -   -   -   -   -   -   -   -  109 109 109  -   -   -   -   -   -   -  
C15  -   -   -   -   -   -   -   -   -   -  155  -   -   -  ***  -   -   -   -   -   -   -   -   -   -   -   -   -   -   -   -   -   -   -   -   -   -   -   -   -   -   -   -   -   -   -  110 109 109  -   -   -   -  
C16  -   -   -   -   -   -   -   -   -   -   -  145  -   -   -  ***  -   -   -   -   -   -   -   -   -   -   -   -   -   -   -   -   -   -   -   -   -   -   -   -   -   -   -   -   -   -   -   -   -  109 109 109  -  
H1  109  -   -   -   -   -   -   -   -   -   -   -   -   -   -   -  ***  -   -   -   -   -   -   -   -   -   -   -   -   -   -   -   -   -   -   -   -   -   -   -   -   -   -   -   -   -   -   -   -   -   -   -   -  
H2  109  -   -   -   -   -   -   -   -   -   -   -   -   -   -   -   -  ***  -   -   -   -   -   -   -   -   -   -   -   -   -   -   -   -   -   -   -   -   -   -   -   -   -   -   -   -   -   -   -   -   -   -   -  
H3   -  109  -   -   -   -   -   -   -   -   -   -   -   -   -   -   -   -  ***  -   -   -   -   -   -   -   -   -   -   -   -   -   -   -   -   -   -   -   -   -   -   -   -   -   -   -   -   -   -   -   -   -   -  
H4   -  109  -   -   -   -   -   -   -   -   -   -   -   -   -   -   -   -   -  ***  -   -   -   -   -   -   -   -   -   -   -   -   -   -   -   -   -   -   -   -   -   -   -   -   -   -   -   -   -   -   -   -   -  
H5   -   -  109  -   -   -   -   -   -   -   -   -   -   -   -   -   -   -   -   -  ***  -   -   -   -   -   -   -   -   -   -   -   -   -   -   -   -   -   -   -   -   -   -   -   -   -   -   -   -   -   -   -   -  
H6   -   -  109  -   -   -   -   -   -   -   -   -   -   -   -   -   -   -   -   -   -  ***  -   -   -   -   -   -   -   -   -   -   -   -   -   -   -   -   -   -   -   -   -   -   -   -   -   -   -   -   -   -   -  
H7   -   -   -  110  -   -   -   -   -   -   -   -   -   -   -   -   -   -   -   -   -   -  ***  -   -   -   -   -   -   -   -   -   -   -   -   -   -   -   -   -   -   -   -   -   -   -   -   -   -   -   -   -   -  
H8   -   -   -  109  -   -   -   -   -   -   -   -   -   -   -   -   -   -   -   -   -   -   -  ***  -   -   -   -   -   -   -   -   -   -   -   -   -   -   -   -   -   -   -   -   -   -   -   -   -   -   -   -   -  
H9   -   -   -   -  109  -   -   -   -   -   -   -   -   -   -   -   -   -   -   -   -   -   -   -  ***  -   -   -   -   -   -   -   -   -   -   -   -   -   -   -   -   -   -   -   -   -   -   -   -   -   -   -   -  
H10  -   -   -   -  108  -   -   -   -   -   -   -   -   -   -   -   -   -   -   -   -   -   -   -   -  ***  -   -   -   -   -   -   -   -   -   -   -   -   -   -   -   -   -   -   -   -   -   -   -   -   -   -   -  
H11  -   -   -   -   -  108  -   -   -   -   -   -   -   -   -   -   -   -   -   -   -   -   -   -   -   -  ***  -   -   -   -   -   -   -   -   -   -   -   -   -   -   -   -   -   -   -   -   -   -   -   -   -   -  
H12  -   -   -   -   -  109  -   -   -   -   -   -   -   -   -   -   -   -   -   -   -   -   -   -   -   -   -  ***  -   -   -   -   -   -   -   -   -   -   -   -   -   -   -   -   -   -   -   -   -   -   -   -   -  
H13  -   -   -   -   -   -  109  -   -   -   -   -   -   -   -   -   -   -   -   -   -   -   -   -   -   -   -   -  ***  -   -   -   -   -   -   -   -   -   -   -   -   -   -   -   -   -   -   -   -   -   -   -   -  
H14  -   -   -   -   -   -  109  -   -   -   -   -   -   -   -   -   -   -   -   -   -   -   -   -   -   -   -   -   -  ***  -   -   -   -   -   -   -   -   -   -   -   -   -   -   -   -   -   -   -   -   -   -   -  
H15  -   -   -   -   -   -   -  108  -   -   -   -   -   -   -   -   -   -   -   -   -   -   -   -   -   -   -   -   -   -  ***  -   -   -   -   -   -   -   -   -   -   -   -   -   -   -   -   -   -   -   -   -   -  
H16  -   -   -   -   -   -   -  109  -   -   -   -   -   -   -   -   -   -   -   -   -   -   -   -   -   -   -   -   -   -   -  ***  -   -   -   -   -   -   -   -   -   -   -   -   -   -   -   -   -   -   -   -   -  
H17  -   -   -   -   -   -   -   -  109  -   -   -   -   -   -   -   -   -   -   -   -   -   -   -   -   -   -   -   -   -   -   -  ***  -   -   -   -   -   -   -   -   -   -   -   -   -   -   -   -   -   -   -   -  
H18  -   -   -   -   -   -   -   -  109  -   -   -   -   -   -   -   -   -   -   -   -   -   -   -   -   -   -   -   -   -   -   -   -  ***  -   -   -   -   -   -   -   -   -   -   -   -   -   -   -   -   -   -   -  
H19  -   -   -   -   -   -   -   -   -  109  -   -   -   -   -   -   -   -   -   -   -   -   -   -   -   -   -   -   -   -   -   -   -   -  ***  -   -   -   -   -   -   -   -   -   -   -   -   -   -   -   -   -   -  
H20  -   -   -   -   -   -   -   -   -  109  -   -   -   -   -   -   -   -   -   -   -   -   -   -   -   -   -   -   -   -   -   -   -   -   -  ***  -   -   -   -   -   -   -   -   -   -   -   -   -   -   -   -   -  
H21  -   -   -   -   -   -   -   -   -   -  109  -   -   -   -   -   -   -   -   -   -   -   -   -   -   -   -   -   -   -   -   -   -   -   -   -  ***  -   -   -   -   -   -   -   -   -   -   -   -   -   -   -   -  
H22  -   -   -   -   -   -   -   -   -   -  110  -   -   -   -   -   -   -   -   -   -   -   -   -   -   -   -   -   -   -   -   -   -   -   -   -   -  ***  -   -   -   -   -   -   -   -   -   -   -   -   -   -   -  
H23  -   -   -   -   -   -   -   -   -   -   -  109  -   -   -   -   -   -   -   -   -   -   -   -   -   -   -   -   -   -   -   -   -   -   -   -   -   -  ***  -   -   -   -   -   -   -   -   -   -   -   -   -   -  
H24  -   -   -   -   -   -   -   -   -   -   -  109  -   -   -   -   -   -   -   -   -   -   -   -   -   -   -   -   -   -   -   -   -   -   -   -   -   -   -  ***  -   -   -   -   -   -   -   -   -   -   -   -   -  
H25  -   -   -   -   -   -   -   -   -   -   -   -  109  -   -   -   -   -   -   -   -   -   -   -   -   -   -   -   -   -   -   -   -   -   -   -   -   -   -   -  ***  -   -   -   -   -   -   -   -   -   -   -   -  
H26  -   -   -   -   -   -   -   -   -   -   -   -  110  -   -   -   -   -   -   -   -   -   -   -   -   -   -   -   -   -   -   -   -   -   -   -   -   -   -   -   -  ***  -   -   -   -   -   -   -   -   -   -   -  
H27  -   -   -   -   -   -   -   -   -   -   -   -  110  -   -   -   -   -   -   -   -   -   -   -   -   -   -   -   -   -   -   -   -   -   -   -   -   -   -   -   -   -  ***  -   -   -   -   -   -   -   -   -   -  
H28  -   -   -   -   -   -   -   -   -   -   -   -   -  109  -   -   -   -   -   -   -   -   -   -   -   -   -   -   -   -   -   -   -   -   -   -   -   -   -   -   -   -   -  ***  -   -   -   -   -   -   -   -   -  
H29  -   -   -   -   -   -   -   -   -   -   -   -   -  109  -   -   -   -   -   -   -   -   -   -   -   -   -   -   -   -   -   -   -   -   -   -   -   -   -   -   -   -   -   -  ***  -   -   -   -   -   -   -   -  
H30  -   -   -   -   -   -   -   -   -   -   -   -   -  109  -   -   -   -   -   -   -   -   -   -   -   -   -   -   -   -   -   -   -   -   -   -   -   -   -   -   -   -   -   -   -  ***  -   -   -   -   -   -   -  
H31  -   -   -   -   -   -   -   -   -   -   -   -   -   -  110  -   -   -   -   -   -   -   -   -   -   -   -   -   -   -   -   -   -   -   -   -   -   -   -   -   -   -   -   -   -   -  ***  -   -   -   -   -   -  
H32  -   -   -   -   -   -   -   -   -   -   -   -   -   -  109  -   -   -   -   -   -   -   -   -   -   -   -   -   -   -   -   -   -   -   -   -   -   -   -   -   -   -   -   -   -   -   -  ***  -   -   -   -   -  
H33  -   -   -   -   -   -   -   -   -   -   -   -   -   -  109  -   -   -   -   -   -   -   -   -   -   -   -   -   -   -   -   -   -   -   -   -   -   -   -   -   -   -   -   -   -   -   -   -  ***  -   -   -   -  
H34  -   -   -   -   -   -   -   -   -   -   -   -   -   -   -  109  -   -   -   -   -   -   -   -   -   -   -   -   -   -   -   -   -   -   -   -   -   -   -   -   -   -   -   -   -   -   -   -   -  ***  -   -   -  
H35  -   -   -   -   -   -   -   -   -   -   -   -   -   -   -  109  -   -   -   -   -   -   -   -   -   -   -   -   -   -   -   -   -   -   -   -   -   -   -   -   -   -   -   -   -   -   -   -   -   -  ***  -   -  
H36  -   -   -   -   -   -   -   -   -   -   -   -   -   -   -  109  -   -   -   -   -   -   -   -   -   -   -   -   -   -   -   -   -   -   -   -   -   -   -   -   -   -   -   -   -   -   -   -   -   -   -  ***  -  
N1  153 150 152 147  -   -   -   -   -   -   -   -   -   -   -   -   -   -   -   -   -   -   -   -   -   -   -   -   -   -   -   -   -   -   -   -   -   -   -   -   -   -   -   -   -   -   -   -   -   -   -   -  *** 

    This was a very large molecule.
    Printing the matrix again without H atoms.

    C1  C2  C3  C4  C5  C6  C7  C8  C9  C10 C11 C12 C13 C14 C15 C16 N1 
C1  ***  -   -   -  155  -   -   -   -   -   -   -   -   -   -   -  153 
C2   -  ***  -   -   -  158  -   -   -   -   -   -   -   -   -   -  150 
C3   -   -  ***  -   -   -  149  -   -   -   -   -   -   -   -   -  152 
C4   -   -   -  ***  -   -   -  155  -   -   -   -   -   -   -   -  147 
C5  155  -   -   -  ***  -   -   -  155  -   -   -   -   -   -   -   -  
C6   -  158  -   -   -  ***  -   -   -  151  -   -   -   -   -   -   -  
C7   -   -  149  -   -   -  ***  -   -   -  155  -   -   -   -   -   -  
C8   -   -   -  155  -   -   -  ***  -   -   -  153  -   -   -   -   -  
C9   -   -   -   -  155  -   -   -  ***  -   -   -  147  -   -   -   -  
C10  -   -   -   -   -  151  -   -   -  ***  -   -   -  154  -   -   -  
C11  -   -   -   -   -   -  155  -   -   -  ***  -   -   -  155  -   -  
C12  -   -   -   -   -   -   -  153  -   -   -  ***  -   -   -  145  -  
C13  -   -   -   -   -   -   -   -  147  -   -   -  ***  -   -   -   -  
C14  -   -   -   -   -   -   -   -   -  154  -   -   -  ***  -   -   -  
C15  -   -   -   -   -   -   -   -   -   -  155  -   -   -  ***  -   -  
C16  -   -   -   -   -   -   -   -   -   -   -  145  -   -   -  ***  -  
N1  153 150 152 147  -   -   -   -   -   -   -   -   -   -   -   -  *** 

    Atoms C1, C2, C3, C4 are equivalent.
    Atoms C5, C6, C7, C8 are equivalent.
    Atoms C9, C10, C11, C12 are equivalent.
    Atoms C13, C14, C15, C16 are equivalent.
    Atoms H1, H2, H3, H4, H5, H6, H7, H8 are equivalent.
    Atoms H9, H10, H11, H12, H13, H14, H15, H16 are equivalent.
    Atoms H17, H18, H19, H20, H21, H22, H23, H24 are equivalent.
    Atoms H25, H26, H27, H28, H29, H30, H31, H32, H33, H34, H35, H36 are equivalent.

*** Molecule 4: C2F4H2; Representant 1; Distances in pm ***

    C1  C2  F1  F2  F3  F4  H1  H2 
C1  *** 156 137 139 135  -   -   -  
C2  156 ***  -   -   -  137 109 109 
F1  137  -  ***  -   -   -   -   -  
F2  139  -   -  ***  -   -   -   -  
F3  135  -   -   -  ***  -   -   -  
F4   -  137  -   -   -  ***  -   -  
H1   -  109  -   -   -   -  ***  -  
H2   -  109  -   -   -   -   -  *** 

    Atoms F1, F2, F3 are equivalent.
    Atoms H1, H2 are equivalent.


*** The following 4 kinds of molecules have been recognized:
    (ordered by molecular mass)

  - Molecule 1:  C4F9O3S (250 pieces, 299.09 g/mol)
      (10 noneq. atoms, 9 noneq. bonds, 16 noneq. angles)
      Concentration:   1.050903 mol/liter

  - Molecule 2:  C5F9HO2 (500 pieces, 264.05 g/mol)
      (12 noneq. atoms, 11 noneq. bonds, 18 noneq. angles)
      Concentration:   2.101805 mol/liter

  - Molecule 3:  C16H36N (250 pieces, 242.46 g/mol)
      (9 noneq. atoms, 8 noneq. bonds, 15 noneq. angles)
      Concentration:   1.050903 mol/liter

  - Molecule 4:  C2F4H2 (614 pieces, 102.03 g/mol)
      (5 noneq. atoms, 4 noneq. bonds, 6 noneq. angles)
      Concentration:   2.581017 mol/liter


    If you switch on "USE_OPENBABEL" in config.h, TRAVIS can print SMILES strings of your molecules.

    You can create images of the structural formulas with the atom labels for easier
    identification of the atoms (requires installed GraphViz package - see www.graphviz.org).

    Create images of the structural formulas (y/n)? [no] <RETURN>

    Accept these molecules (y) or change something (n)? [yes] <RETURN>

    Uniting molecules which have been broken by wrapping...
      - Molecule C4F9O3S[3] united, 1 bonds unwrapped.
      - Molecule C4F9O3S[5] united, 1 bonds unwrapped.
      - Molecule C4F9O3S[9] united, 6 bonds unwrapped.
      - Molecule C4F9O3S[10] united, 2 bonds unwrapped.
      - Molecule C4F9O3S[14] united, 4 bonds unwrapped.
      - Molecule C4F9O3S[15] united, 1 bonds unwrapped.
      - Molecule C4F9O3S[23] united, 14 bonds unwrapped.
      - Molecule C4F9O3S[43] united, 8 bonds unwrapped.
      - Molecule C4F9O3S[48] united, 13 bonds unwrapped.
      - Molecule C4F9O3S[50] united, 5 bonds unwrapped.
      - Molecule C4F9O3S[52] united, 6 bonds unwrapped.
      - Molecule C4F9O3S[53] united, 13 bonds unwrapped.
      - Molecule C4F9O3S[59] united, 8 bonds unwrapped.
      - Molecule C4F9O3S[60] united, 12 bonds unwrapped.
      - Molecule C4F9O3S[61] united, 13 bonds unwrapped.
      - Molecule C4F9O3S[70] united, 5 bonds unwrapped.
      - Molecule C4F9O3S[75] united, 4 bonds unwrapped.
      - Molecule C4F9O3S[77] united, 1 bonds unwrapped.
      - Molecule C4F9O3S[83] united, 2 bonds unwrapped.
      - Molecule C4F9O3S[86] united, 9 bonds unwrapped.
      - Molecule C4F9O3S[88] united, 3 bonds unwrapped.
      - Molecule C4F9O3S[99] united, 1 bonds unwrapped.
      - Molecule C4F9O3S[106] united, 7 bonds unwrapped.
      - Molecule C4F9O3S[111] united, 3 bonds unwrapped.
      - Molecule C4F9O3S[115] united, 12 bonds unwrapped.
      - Molecule C4F9O3S[122] united, 4 bonds unwrapped.
      - Molecule C4F9O3S[123] united, 10 bonds unwrapped.
      - Molecule C4F9O3S[130] united, 5 bonds unwrapped.
      - Molecule C4F9O3S[133] united, 2 bonds unwrapped.
      - Molecule C4F9O3S[135] united, 2 bonds unwrapped.
      - Molecule C4F9O3S[141] united, 3 bonds unwrapped.
      - Molecule C4F9O3S[142] united, 10 bonds unwrapped.
      - Molecule C4F9O3S[144] united, 3 bonds unwrapped.
      - Molecule C4F9O3S[146] united, 3 bonds unwrapped.
      - Molecule C4F9O3S[148] united, 11 bonds unwrapped.
      - Molecule C4F9O3S[150] united, 13 bonds unwrapped.
      - Molecule C4F9O3S[154] united, 3 bonds unwrapped.
      - Molecule C4F9O3S[156] united, 4 bonds unwrapped.
      - Molecule C4F9O3S[162] united, 7 bonds unwrapped.
      - Molecule C4F9O3S[164] united, 1 bonds unwrapped.
      - Molecule C4F9O3S[174] united, 1 bonds unwrapped.
      - Molecule C4F9O3S[182] united, 14 bonds unwrapped.
      - Molecule C4F9O3S[186] united, 1 bonds unwrapped.
      - Molecule C4F9O3S[188] united, 4 bonds unwrapped.
      - Molecule C4F9O3S[193] united, 6 bonds unwrapped.
      - Molecule C4F9O3S[197] united, 4 bonds unwrapped.
      - Molecule C4F9O3S[216] united, 6 bonds unwrapped.
      - Molecule C4F9O3S[230] united, 14 bonds unwrapped.
      - Molecule C4F9O3S[234] united, 1 bonds unwrapped.
      - Molecule C4F9O3S[245] united, 2 bonds unwrapped.
      - Molecule C5F9HO2[6] united, 2 bonds unwrapped.
      - Molecule C5F9HO2[8] united, 2 bonds unwrapped.
      - Molecule C5F9HO2[15] united, 2 bonds unwrapped.
      - Molecule C5F9HO2[18] united, 4 bonds unwrapped.
      - Molecule C5F9HO2[25] united, 2 bonds unwrapped.
      - Molecule C5F9HO2[28] united, 3 bonds unwrapped.
      - Molecule C5F9HO2[30] united, 6 bonds unwrapped.
      - Molecule C5F9HO2[31] united, 3 bonds unwrapped.
      - Molecule C5F9HO2[34] united, 2 bonds unwrapped.
      - Molecule C5F9HO2[35] united, 1 bonds unwrapped.
      - Molecule C5F9HO2[41] united, 6 bonds unwrapped.
      - Molecule C5F9HO2[62] united, 2 bonds unwrapped.
      - Molecule C5F9HO2[70] united, 7 bonds unwrapped.
      - Molecule C5F9HO2[71] united, 3 bonds unwrapped.
      - Molecule C5F9HO2[76] united, 2 bonds unwrapped.
      - Molecule C5F9HO2[77] united, 2 bonds unwrapped.
      - Molecule C5F9HO2[81] united, 1 bonds unwrapped.
      - Molecule C5F9HO2[82] united, 1 bonds unwrapped.
      - Molecule C5F9HO2[83] united, 2 bonds unwrapped.
      - Molecule C5F9HO2[88] united, 5 bonds unwrapped.
      - Molecule C5F9HO2[92] united, 9 bonds unwrapped.
      - Molecule C5F9HO2[95] united, 8 bonds unwrapped.
      - Molecule C5F9HO2[99] united, 2 bonds unwrapped.
      - Molecule C5F9HO2[100] united, 7 bonds unwrapped.
      - Molecule C5F9HO2[102] united, 3 bonds unwrapped.
      - Molecule C5F9HO2[103] united, 3 bonds unwrapped.
      - Molecule C5F9HO2[107] united, 6 bonds unwrapped.
      - Molecule C5F9HO2[109] united, 5 bonds unwrapped.
      - Molecule C5F9HO2[116] united, 2 bonds unwrapped.
      - Molecule C5F9HO2[118] united, 7 bonds unwrapped.
      - Molecule C5F9HO2[124] united, 2 bonds unwrapped.
      - Molecule C5F9HO2[129] united, 9 bonds unwrapped.
      - Molecule C5F9HO2[133] united, 6 bonds unwrapped.
      - Molecule C5F9HO2[134] united, 4 bonds unwrapped.
      - Molecule C5F9HO2[136] united, 1 bonds unwrapped.
      - Molecule C5F9HO2[148] united, 11 bonds unwrapped.
      - Molecule C5F9HO2[173] united, 2 bonds unwrapped.
      - Molecule C5F9HO2[180] united, 4 bonds unwrapped.
      - Molecule C5F9HO2[182] united, 8 bonds unwrapped.
      - Molecule C5F9HO2[188] united, 1 bonds unwrapped.
      - Molecule C5F9HO2[189] united, 7 bonds unwrapped.
      - Molecule C5F9HO2[205] united, 7 bonds unwrapped.
      - Molecule C5F9HO2[209] united, 4 bonds unwrapped.
      - Molecule C5F9HO2[214] united, 1 bonds unwrapped.
      - Molecule C5F9HO2[224] united, 2 bonds unwrapped.
      - Molecule C5F9HO2[238] united, 7 bonds unwrapped.
      - Molecule C5F9HO2[240] united, 6 bonds unwrapped.
      - Molecule C5F9HO2[242] united, 5 bonds unwrapped.
      - Molecule C5F9HO2[243] united, 4 bonds unwrapped.
      - Molecule C5F9HO2[254] united, 6 bonds unwrapped.
      - Molecule C5F9HO2[262] united, 2 bonds unwrapped.
      - Molecule C5F9HO2[267] united, 5 bonds unwrapped.
      - Molecule C5F9HO2[272] united, 1 bonds unwrapped.
      - Molecule C5F9HO2[273] united, 2 bonds unwrapped.
      - Molecule C5F9HO2[277] united, 7 bonds unwrapped.
      - Molecule C5F9HO2[281] united, 6 bonds unwrapped.
      - Molecule C5F9HO2[284] united, 2 bonds unwrapped.
      - Molecule C5F9HO2[286] united, 4 bonds unwrapped.
      - Molecule C5F9HO2[297] united, 6 bonds unwrapped.
      - Molecule C5F9HO2[299] united, 8 bonds unwrapped.
      - Molecule C5F9HO2[301] united, 4 bonds unwrapped.
      - Molecule C5F9HO2[303] united, 4 bonds unwrapped.
      - Molecule C5F9HO2[313] united, 8 bonds unwrapped.
      - Molecule C5F9HO2[318] united, 3 bonds unwrapped.
      - Molecule C5F9HO2[319] united, 1 bonds unwrapped.
      - Molecule C5F9HO2[335] united, 1 bonds unwrapped.
      - Molecule C5F9HO2[337] united, 8 bonds unwrapped.
      - Molecule C5F9HO2[342] united, 2 bonds unwrapped.
      - Molecule C5F9HO2[344] united, 1 bonds unwrapped.
      - Molecule C5F9HO2[346] united, 4 bonds unwrapped.
      - Molecule C5F9HO2[363] united, 7 bonds unwrapped.
      - Molecule C5F9HO2[366] united, 2 bonds unwrapped.
      - Molecule C5F9HO2[367] united, 1 bonds unwrapped.
      - Molecule C5F9HO2[378] united, 8 bonds unwrapped.
      - Molecule C5F9HO2[379] united, 3 bonds unwrapped.
      - Molecule C5F9HO2[391] united, 4 bonds unwrapped.
      - Molecule C5F9HO2[393] united, 3 bonds unwrapped.
      - Molecule C5F9HO2[396] united, 4 bonds unwrapped.
      - Molecule C5F9HO2[400] united, 6 bonds unwrapped.
      - Molecule C5F9HO2[408] united, 2 bonds unwrapped.
      - Molecule C5F9HO2[410] united, 5 bonds unwrapped.
      - Molecule C5F9HO2[417] united, 3 bonds unwrapped.
      - Molecule C5F9HO2[422] united, 2 bonds unwrapped.
      - Molecule C5F9HO2[445] united, 10 bonds unwrapped.
      - Molecule C5F9HO2[446] united, 1 bonds unwrapped.
      - Molecule C5F9HO2[451] united, 1 bonds unwrapped.
      - Molecule C5F9HO2[452] united, 1 bonds unwrapped.
      - Molecule C5F9HO2[461] united, 2 bonds unwrapped.
      - Molecule C5F9HO2[466] united, 2 bonds unwrapped.
      - Molecule C5F9HO2[477] united, 4 bonds unwrapped.
      - Molecule C5F9HO2[481] united, 5 bonds unwrapped.
      - Molecule C5F9HO2[492] united, 5 bonds unwrapped.
      - Molecule C5F9HO2[493] united, 3 bonds unwrapped.
      - Molecule C16H36N[2] united, 2 bonds unwrapped.
      - Molecule C16H36N[7] united, 9 bonds unwrapped.
      - Molecule C16H36N[10] united, 2 bonds unwrapped.
      - Molecule C16H36N[13] united, 15 bonds unwrapped.
      - Molecule C16H36N[14] united, 15 bonds unwrapped.
      - Molecule C16H36N[15] united, 26 bonds unwrapped.
      - Molecule C16H36N[16] united, 6 bonds unwrapped.
      - Molecule C16H36N[17] united, 22 bonds unwrapped.
      - Molecule C16H36N[28] united, 7 bonds unwrapped.
      - Molecule C16H36N[31] united, 25 bonds unwrapped.
      - Molecule C16H36N[33] united, 14 bonds unwrapped.
      - Molecule C16H36N[41] united, 23 bonds unwrapped.
      - Molecule C16H36N[44] united, 5 bonds unwrapped.
      - Molecule C16H36N[45] united, 4 bonds unwrapped.
      - Molecule C16H36N[49] united, 3 bonds unwrapped.
      - Molecule C16H36N[50] united, 1 bonds unwrapped.
      - Molecule C16H36N[51] united, 7 bonds unwrapped.
      - Molecule C16H36N[55] united, 31 bonds unwrapped.
      - Molecule C16H36N[57] united, 17 bonds unwrapped.
      - Molecule C16H36N[58] united, 6 bonds unwrapped.
      - Molecule C16H36N[59] united, 17 bonds unwrapped.
      - Molecule C16H36N[61] united, 6 bonds unwrapped.
      - Molecule C16H36N[63] united, 21 bonds unwrapped.
      - Molecule C16H36N[66] united, 4 bonds unwrapped.
      - Molecule C16H36N[69] united, 18 bonds unwrapped.
      - Molecule C16H36N[71] united, 30 bonds unwrapped.
      - Molecule C16H36N[78] united, 12 bonds unwrapped.
      - Molecule C16H36N[86] united, 10 bonds unwrapped.
      - Molecule C16H36N[87] united, 7 bonds unwrapped.
      - Molecule C16H36N[88] united, 3 bonds unwrapped.
      - Molecule C16H36N[91] united, 19 bonds unwrapped.
      - Molecule C16H36N[93] united, 15 bonds unwrapped.
      - Molecule C16H36N[94] united, 7 bonds unwrapped.
      - Molecule C16H36N[106] united, 4 bonds unwrapped.
      - Molecule C16H36N[112] united, 2 bonds unwrapped.
      - Molecule C16H36N[113] united, 18 bonds unwrapped.
      - Molecule C16H36N[117] united, 14 bonds unwrapped.
      - Molecule C16H36N[118] united, 10 bonds unwrapped.
      - Molecule C16H36N[125] united, 21 bonds unwrapped.
      - Molecule C16H36N[126] united, 17 bonds unwrapped.
      - Molecule C16H36N[131] united, 7 bonds unwrapped.
      - Molecule C16H36N[135] united, 5 bonds unwrapped.
      - Molecule C16H36N[142] united, 4 bonds unwrapped.
      - Molecule C16H36N[144] united, 23 bonds unwrapped.
      - Molecule C16H36N[146] united, 1 bonds unwrapped.
      - Molecule C16H36N[147] united, 4 bonds unwrapped.
      - Molecule C16H36N[148] united, 9 bonds unwrapped.
      - Molecule C16H36N[150] united, 8 bonds unwrapped.
      - Molecule C16H36N[151] united, 1 bonds unwrapped.
      - Molecule C16H36N[162] united, 21 bonds unwrapped.
      - Molecule C16H36N[163] united, 3 bonds unwrapped.
      - Molecule C16H36N[171] united, 5 bonds unwrapped.
      - Molecule C16H36N[174] united, 6 bonds unwrapped.
      - Molecule C16H36N[175] united, 20 bonds unwrapped.
      - Molecule C16H36N[179] united, 9 bonds unwrapped.
      - Molecule C16H36N[185] united, 7 bonds unwrapped.
      - Molecule C16H36N[186] united, 22 bonds unwrapped.
      - Molecule C16H36N[188] united, 12 bonds unwrapped.
      - Molecule C16H36N[192] united, 1 bonds unwrapped.
      - Molecule C16H36N[194] united, 20 bonds unwrapped.
      - Molecule C16H36N[195] united, 26 bonds unwrapped.
      - Molecule C16H36N[200] united, 16 bonds unwrapped.
      - Molecule C16H36N[202] united, 2 bonds unwrapped.
      - Molecule C16H36N[204] united, 8 bonds unwrapped.
      - Molecule C16H36N[205] united, 24 bonds unwrapped.
      - Molecule C16H36N[207] united, 5 bonds unwrapped.
      - Molecule C16H36N[209] united, 6 bonds unwrapped.
      - Molecule C16H36N[216] united, 7 bonds unwrapped.
      - Molecule C16H36N[223] united, 6 bonds unwrapped.
      - Molecule C16H36N[225] united, 15 bonds unwrapped.
      - Molecule C16H36N[228] united, 19 bonds unwrapped.
      - Molecule C16H36N[229] united, 12 bonds unwrapped.
      - Molecule C16H36N[230] united, 7 bonds unwrapped.
      - Molecule C16H36N[231] united, 19 bonds unwrapped.
      - Molecule C16H36N[235] united, 26 bonds unwrapped.
      - Molecule C16H36N[241] united, 4 bonds unwrapped.
      - Molecule C16H36N[245] united, 1 bonds unwrapped.
      - Molecule C16H36N[250] united, 7 bonds unwrapped.
      - Molecule C2F4H2[2] united, 4 bonds unwrapped.
      - Molecule C2F4H2[6] united, 3 bonds unwrapped.
      - Molecule C2F4H2[7] united, 4 bonds unwrapped.
      - Molecule C2F4H2[15] united, 4 bonds unwrapped.
      - Molecule C2F4H2[25] united, 2 bonds unwrapped.
      - Molecule C2F4H2[27] united, 1 bonds unwrapped.
      - Molecule C2F4H2[72] united, 3 bonds unwrapped.
      - Molecule C2F4H2[86] united, 3 bonds unwrapped.
      - Molecule C2F4H2[108] united, 1 bonds unwrapped.
      - Molecule C2F4H2[115] united, 3 bonds unwrapped.
      - Molecule C2F4H2[119] united, 4 bonds unwrapped.
      - Molecule C2F4H2[123] united, 1 bonds unwrapped.
      - Molecule C2F4H2[144] united, 2 bonds unwrapped.
      - Molecule C2F4H2[148] united, 5 bonds unwrapped.
      - Molecule C2F4H2[150] united, 3 bonds unwrapped.
      - Molecule C2F4H2[160] united, 5 bonds unwrapped.
      - Molecule C2F4H2[161] united, 1 bonds unwrapped.
      - Molecule C2F4H2[168] united, 6 bonds unwrapped.
      - Molecule C2F4H2[178] united, 1 bonds unwrapped.
      - Molecule C2F4H2[198] united, 4 bonds unwrapped.
      - Molecule C2F4H2[202] united, 1 bonds unwrapped.
      - Molecule C2F4H2[203] united, 1 bonds unwrapped.
      - Molecule C2F4H2[210] united, 3 bonds unwrapped.
      - Molecule C2F4H2[218] united, 1 bonds unwrapped.
      - Molecule C2F4H2[219] united, 4 bonds unwrapped.
      - Molecule C2F4H2[222] united, 1 bonds unwrapped.
      - Molecule C2F4H2[227] united, 1 bonds unwrapped.
      - Molecule C2F4H2[230] united, 3 bonds unwrapped.
      - Molecule C2F4H2[284] united, 4 bonds unwrapped.
      - Molecule C2F4H2[286] united, 1 bonds unwrapped.
      - Molecule C2F4H2[287] united, 4 bonds unwrapped.
      - Molecule C2F4H2[289] united, 1 bonds unwrapped.
      - Molecule C2F4H2[309] united, 4 bonds unwrapped.
      - Molecule C2F4H2[311] united, 3 bonds unwrapped.
      - Molecule C2F4H2[316] united, 1 bonds unwrapped.
      - Molecule C2F4H2[322] united, 1 bonds unwrapped.
      - Molecule C2F4H2[323] united, 3 bonds unwrapped.
      - Molecule C2F4H2[324] united, 1 bonds unwrapped.
      - Molecule C2F4H2[338] united, 4 bonds unwrapped.
      - Molecule C2F4H2[339] united, 1 bonds unwrapped.
      - Molecule C2F4H2[342] united, 1 bonds unwrapped.
      - Molecule C2F4H2[360] united, 3 bonds unwrapped.
      - Molecule C2F4H2[365] united, 5 bonds unwrapped.
      - Molecule C2F4H2[368] united, 4 bonds unwrapped.
      - Molecule C2F4H2[376] united, 5 bonds unwrapped.
      - Molecule C2F4H2[392] united, 1 bonds unwrapped.
      - Molecule C2F4H2[400] united, 1 bonds unwrapped.
      - Molecule C2F4H2[406] united, 2 bonds unwrapped.
      - Molecule C2F4H2[434] united, 1 bonds unwrapped.
      - Molecule C2F4H2[437] united, 1 bonds unwrapped.
      - Molecule C2F4H2[459] united, 4 bonds unwrapped.
      - Molecule C2F4H2[478] united, 4 bonds unwrapped.
      - Molecule C2F4H2[484] united, 3 bonds unwrapped.
      - Molecule C2F4H2[488] united, 2 bonds unwrapped.
      - Molecule C2F4H2[489] united, 1 bonds unwrapped.
      - Molecule C2F4H2[491] united, 1 bonds unwrapped.
      - Molecule C2F4H2[516] united, 1 bonds unwrapped.
      - Molecule C2F4H2[527] united, 4 bonds unwrapped.
      - Molecule C2F4H2[536] united, 1 bonds unwrapped.
      - Molecule C2F4H2[539] united, 1 bonds unwrapped.
      - Molecule C2F4H2[541] united, 5 bonds unwrapped.
      - Molecule C2F4H2[542] united, 1 bonds unwrapped.
      - Molecule C2F4H2[555] united, 1 bonds unwrapped.
      - Molecule C2F4H2[559] united, 2 bonds unwrapped.
      - Molecule C2F4H2[561] united, 4 bonds unwrapped.
      - Molecule C2F4H2[562] united, 1 bonds unwrapped.
      - Molecule C2F4H2[566] united, 1 bonds unwrapped.
      - Molecule C2F4H2[570] united, 1 bonds unwrapped.
      - Molecule C2F4H2[579] united, 4 bonds unwrapped.
      - Molecule C2F4H2[580] united, 2 bonds unwrapped.
      - Molecule C2F4H2[587] united, 1 bonds unwrapped.
      - Molecule C2F4H2[588] united, 1 bonds unwrapped.
      - Molecule C2F4H2[589] united, 4 bonds unwrapped.

    Determining maximum molecular diameters...

    Found the following maximal molecular diameters:

      (*) Molecule 1 (C4F9O3S):    738.53 pm

      (*) Molecule 2 (C5F9HO2):    768.22 pm

      (*) Molecule 3 (C16H36N):   1208.18 pm

      (*) Molecule 4 (C2F4H2):     386.89 pm


    The atoms are currently ordered by topological priority.

    Defining virtual atom #1 as molecular Center of Geometry:
      - C4F9O3S...
      - C5F9HO2...
      - C16H36N...
      - C2F4H2...

    Defining virtual atom #2 as molecular Center of Mass:
      - C4F9O3S...
      - C5F9HO2...
      - C16H36N...
      - C2F4H2...

    Defining molecular dipole vectors:

      The last virtual atom of each molecule is defined as the tip of the dipole vector
      starting in center of mass (#2). 1 Debye corresponds to 100 pm of vector length.
      Only useful if dipole/charge data is provided. Otherwise vector has always length of zero.

      - Dipole vector #2 --> #3 in C4F9O3S ...
      - Dipole vector #2 --> #3 in C5F9HO2 ...
      - Dipole vector #2 --> #3 in C16H36N ...
      - Dipole vector #2 --> #3 in C2F4H2 ...

>>> 12 virtual atoms have been defined: >>>

    #1 in C4F9O3S: Center of Geometry.
    #2 in C4F9O3S: Center of Mass.

    #3 in C4F9O3S - tip of molecular dipole vector starting in #2.

    #1 in C5F9HO2: Center of Geometry.
    #2 in C5F9HO2: Center of Mass.

    #3 in C5F9HO2 - tip of molecular dipole vector starting in #2.

    #1 in C16H36N: Center of Geometry.
    #2 in C16H36N: Center of Mass.

    #3 in C16H36N - tip of molecular dipole vector starting in #2.

    #1 in C2F4H2: Center of Geometry.
    #2 in C2F4H2: Center of Mass.

    #3 in C2F4H2 - tip of molecular dipole vector starting in #2.

<<< End of virtual atoms <<<


>>> List of functions <<<

 *** Static (time independent) Functions
 cdf      - Combined Distribution Function
 rdf      - Radial Distribution Function
 adf      - Angular Distribution Function
 ddf      - Dihedral Distribution Function
 pldf     - Point-Plane Distance Distribution
 lidf     - Point-Line Distance Distribution
 plproj   - Plane Projection Distribution
 dprof    - Fixed Plane Density Profile
 fpp      - Fixed Plane Projection
 dens     - Density Distribution Function
 sdf      - Spatial Distribution Function
 psdf     - Pseudo SDF (only 2 ref. atoms)
 dip      - Dipole Distribution Function
 cond     - Evaluate Structural Condition
 sfac     - Compute Structure Factor
 agtopo   - Aggregation Topology Analysis
 sankey   - Sankey diagram plot
 cmat     - Contact Matrix / Connection Matrix
 geodens  - Particle Density inside Geometric Object

 *** Dynamic (time dependent) Functions
 vdf      - Velocity Distribution Function
 fdf      - Force Distribution Function
 msd      - Mean Square Displacement / Diffusion Coefficients
 acf      - Velocity Autocorrelation Functions
 rdyn     - Vector Reorientation Dynamics
 vhcf     - Van Hove Correlation Function
 aggr     - Aggregation Functions (DACF, DLDF, DDisp)
 hbond    - Hydrogen Bond Dynamics
 ionpair  - Diffusion Corrected Ion Pair Dynamics
 tddf     - Time Dependent Distribution Functions

 *** Spectroscopic Functions
 spec     - New Spectroscopy Module (IR, Raman, VCD, ROA)
 power    - Calculate Power Spectrum
 nc       - Normal Coordinate Analysis
 ir       - (old) Calculate IR Spectrum
 raman    - (old) Calculate Raman Spectrum
 vcd      - (old) Calculate VCD Spectrum
 rera     - Calculate Resonance Raman Spectrum
 drst     - Save Dipole Restart File
 mrst     - Save Magnetic Moment Restart File
 pol      - Set up Polarizability Calculation

 *** Miscellaneous Functions
 env      - Save Trajectory of RM Environment / TDO Plot
 proc     - Save Processed Trajectory
 cut      - Cut Clusters
 reg      - Region-specific Analysis
 chi      - Chirality Analysis
 eck      - Transform to Eckart Frame
 swan     - Sort Wannier Centers
 voro     - Basic Voronoi Analysis
 vori     - Voronoi Integration Functions
 vorochg  - Voronoi Charge Optimization
 doma     - Domain Analysis
 order    - Order Parameters
 hole     - Hole Theory based Analysis
 cla      - Cluster Analysis

   (You may specify multiple analyses at once, but
    the safe way is to perform only one kind of analysis at a time.)

    Which functions to compute (comma separated)? cdf

 cdf     - Combined Distribution Function

    The advanced mode includes some options which are quite powerful,
    yet possibly weird or seldomly required.

    Use the advanced mode for the main part (y/n)? [no] <RETURN>

*** Combined Distribution Function

    How many channels should the Combined Distribution Function have? [2] <RETURN>
    Choose from these functions: rdf, adf, ddf, dip, vdf, pldf, lidf
    Channel 1: Enter function type (e.g. rdf): rdf
    Channel 2: Enter function type (e.g. rdf): adf

    Which of the molecules should be the reference molecule (C4F9O3S=1, C5F9HO2=2, C16H36N=3, C2F4H2=4)? 4

    C2F4H2 is the reference molecule.


>>> Observation 1 >>>

    Perform this observation intramolecular (within the reference molecule) (0) or intermolecular (1)? [1] <RETURN>

    Please note: Although you specified this observation to be intermolecular, you may of course
                 choose atoms from RM only (or OM only), which will yield an intramolecular quantity.

    Switch on the "advanced mode" to perform a three-body analysis.

    Which molecule should be observed (C4F9O3S=1, C5F9HO2=2, C16H36N=3, C2F4H2=4)? 1

>>> Combined Distribution Function >>>

### Channel 1 ###

>>> Radial Distribution Function >>>

    Take reference atom(s) from RM C2F4H2 (0) or from OM C4F9O3S (1)? [0] <RETURN>
    Take observed atom(s) from RM C2F4H2 (0) or from OM C4F9O3S (1)? [1] <RETURN>

    Which atom(s) to take from RM C2F4H2 (e.g. "C1,C3-5,H", "*"=all)? [#2] C2
    Which atom(s) to take from OM C4F9O3S (e.g. "C1,C3-5,H", "*"=all)? [#2] O1
    This yields in 1 combinations.

    The smallest periodic cell half diameter is 3668.70 pm. You can compute meaningful RDFs up to this distance.

    Using 0 pm as the minimal radius of the RDF.

    Enter the maximal radius of this RDF (in pm): [1000.0] <RETURN>

    The default resolution is 300 bins per nm, corresponding to a bin width of 3.33 pm.

    Enter the resolution (bin count) for this RDF: [300] <RETURN>
    Correct radial distribution for this RDF (y/n)? [yes] <RETURN>

<<< End of Radial Distribution Function <<<


### Channel 2 ###

>>> Angular Distribution Function >>>

    Should the 1. vector depict position (1), dipole (2), velocity (3) or force (4)? [1] <RETURN>

    Please note: The last virtual atom (e.g., #3) of each molecule is defined as the tip of the
    molecular dipole vector starting from molecular center of mass (i.e., #2). So you can involve the
    dipole vector in any analysis. 1 Debye corresponds to 100 pm length of the vector.

    Should the 2. vector depict position (1), dipole (2), velocity (3) or force (4)? [1] <RETURN>

    Should the 1. vector connect 2 points (0) or stand perpendicular to 3 points (1)? [0] <RETURN>

    Take atom(s) at the base point from RM C2F4H2 (0) or from OM C4F9O3S (1)? [0] <RETURN>
      Please enter the atom(s) at the base point (e.g. C7): C2
    Take atom(s) at the tip point from RM C2F4H2 (0) or from OM C4F9O3S (1)? [0] <RETURN>
      Please enter the atom(s) at the tip point (e.g. C7): H1

    Should the 2. vector connect 2 points (0) or stand perpendicular to 3 points (1)? [0] <RETURN>

    Take atom(s) at the base point from RM C2F4H2 (0) or from OM C4F9O3S (1)? [1] 0
      Please enter the atom(s) at the base point (e.g. C7): C2
    Take atom(s) at the tip point from RM C2F4H2 (0) or from OM C4F9O3S (1)? [1] <RETURN>
      Please enter the atom(s) at the tip point (e.g. C7): O1

    Enter minimal angle between the vectors: [0 deg] <RETURN>
    Enter maximal angle between the vectors: [180 deg] <RETURN>
    Please enter the resolution (bin count) for this ADF: [100] <RETURN>
    Apply cone correction (y/n)? [yes] <RETURN>

<<< End of Angular Distribution Function <<<


    Please enter the resolution (bin count) for CDF channel 1 (RDF): [100] <RETURN>
    Please enter the resolution (bin count) for CDF channel 2 (ADF): [100] <RETURN>

    Using 1 combination for each RM-OM pair.

    Write out +/- correlation plot for this CDF (y/n)? [no] <RETURN>

<<< End of Combined Distribution Function <<<

    Save temporal development for this observation (y/n)? [no] <RETURN>
    Add a condition to this observation (y/n)? [no] <RETURN>

<<< End of Observation 1 <<<

    Add another observation (y/n)? [no] <RETURN>

>>> Observation List >>>

  *** Observation 1
    - Combined Distribution Function:
      - Channel 1: RDF: C2F4H2_C4F9O3S_[C2r_O1o]
      - Channel 2: ADF: C2F4H2_C4F9O3S_[C2r_H1r]-[C2r_O1o]

<<< End of Observation List <<<


    Not wrapping molecules into the box.

    Not removing center of mass movement of the box.

    Skip repeated time steps (y/n)? [no] <RETURN>
    In which trajectory frame to start processing the trajectory? [1] <RETURN>
    How many trajectory frames to read (from this position on)? [all] <RETURN>
    Use every n-th read trajectory frame for the analysis: [1] <RETURN>

    Using 3601 time steps: Every 1st within range 1 - approx. 3601.

########## All information collected ##########

>>> Initialization >>>

Initializing observation 1...
  Creating RDF...
  Creating ADF...
  Creating CDF...

<<< End of Initialization <<<


##########   Starting Main Pass   ##########

Hint: Press CTRL+C once to softly interrupt analysis and still write the results.
      Creating an empty file named EXIT ("touch EXIT") has the same effect.

Step      0 ..................................................
Step     50 .................................................. ETA  3m33s
Step    350 .................................................. ETA  3m10s
Step    650 .................................................. ETA  2m50s
Step    950 .................................................. ETA  2m32s
Step   1250 .................................................. ETA  2m12s
Step   1550 .................................................. ETA  1m52s
Step   1850 .................................................. ETA  1m33s
Step   2150 .................................................. ETA  1m13s
Step   2450 .................................................. ETA 54s
Step   2750 .................................................. ETA 35s
Step   3050 .................................................. ETA 16s
Step   3350 ..........................................
End of trajectory file reached.


##########   Main pass done   ##########

3601 time steps processed.



    Finishing analyses:
----------------------------------------------------------------------------------------------------------


>>> Observation 1 >>>

* Angular Distribution Function
    552753500 bin entries, 0 out of bin range (0.00 percent).
    Max. bin entry: 8.678478E+06  -->  EPS: 1.862645E-09
    Mean value:    89.9755 degree    Standard deviation:    39.1778 degree
    Min. value:  0.0010247 degree    Max. value:            179.999 degree
    Applying cone correction...
    Saving ADF as adf_C2F4H2_C4F9O3S_[C2r_H1r]-[C2r_O1o].csv ...
    Saving ADF AGR file as "adf_C2F4H2_C4F9O3S_[C2r_H1r]-[C2r_O1o].agr"...

* Radial Distribution Function
    5536413 bin entries, 547217087 out of bin range (99.00 percent).
    Max. bin entry: 6.604005E+04  -->  EPS: 1.455192E-11
    Mean value:    3522.51 pm    Standard deviation:    1017.06 pm
    Min. value:    278.004 pm    Max.value:             6356.04 pm
    Scaling RDF to uniform density ...
    Correcting radial distribution...
    Performing automatic peak detection...
    >>> Peak Data >>>
      1. maximum at  351.67 pm, height  1.7605
      1. minimum at  475.00 pm, height  0.6237,  0.2054 particles in 1. solvation shell.
      2. maximum at  565.00 pm, height  0.9615
      2. minimum at  651.67 pm, height  0.7256,  0.3659 particles in 2. solvation shell.
    <<< Peak Data <<<
    Saving RDF as "rdf_C2F4H2_C4F9O3S_[C2r_O1o].csv"...
      Note: The third column of the text file contains the number integral / coordination number.
    Saving RDF AGR file as "rdf_C2F4H2_C4F9O3S_[C2r_O1o].agr"...

* Combined Distribution Function (2D)
    5536413 bin entries, 547217087 out of bin range (99.00 percent).
    Max. bin entry: 3.181838E+03  -->  EPS: 4.547474E-13
    Correcting radial distribution for CDF channel 1...
    Correcting angular distribution for CDF channel 2...
    Normalizing integral value to 1000000.00.
    Saving CDF triples as "cdf_2_rdf[C2r_O1o]_adf[C2r_H1r]-[C2r_O1o]_triples.csv"...
    Saving CDF matrix as "cdf_2_rdf[C2r_O1o]_adf[C2r_H1r]-[C2r_O1o]_matrix.csv"...
    Saving CDF Mathematica Notebook as "cdf_2_rdf[C2r_O1o]_adf[C2r_H1r]-[C2r_O1o].nb"...
       CreateTicks(): Optimizing axis ticks for range 0 - 1000...
          Using 6 major ticks: 0, 200, 400, 600, 800, 1000.
          Using 1 minor ticks per major tick: 0, (100), 200.
       CreateTicks(): Optimizing axis ticks for range 0 - 180...
          Using 5 major ticks: 0, 45, 90, 135, 180.
          Using 2 minor ticks per major tick: 0, (15), (30), 45.
    Saving CDF Gnuplot Input as "cdf_2_rdf[C2r_O1o]_adf[C2r_H1r]-[C2r_O1o].gp"...
       CreateTicks(): Optimizing axis ticks for range 0 - 1000...
          Using 6 major ticks: 0, 200, 400, 600, 800, 1000.
          Using 1 minor ticks per major tick: 0, (100), 200.
       CreateTicks(): Optimizing axis ticks for range 0 - 180...
          Using 5 major ticks: 0, 45, 90, 135, 180.
          Using 2 minor ticks per major tick: 0, (15), (30), 45.
    Saving combined plot AGR file as "cdf_2_rdf[C2r_O1o]_adf[C2r_H1r]-[C2r_O1o]_combined.agr"...


----------------------------------------------------------------------------------------------------------
    Finished all analyses.


    Analysis was running for 0h 3m 51s.
      (15.589 steps per second)


    Note: To show a list of all persons who contributed to TRAVIS,
          please add "-credits" to your command line arguments, or set the
          variable "SHOWCREDITS" to "TRUE" in your travis.conf file.

    Source code from other projects used in TRAVIS:
      - lmfit     from Joachim Wuttke
      - kiss_fft  from Mark Borgerding
      - voro++    from Chris Rycroft

    http://www.travis-analyzer.de

    Please cite all of the following articles for the analyses you have used:

  * For TRAVIS in general:

    "TRAVIS - A Free Analyzer for Trajectories from Molecular Simulation",
    M. Brehm, M. Thomas, S. Gehrke, B. Kirchner; J. Chem. Phys. 2020, 152 (16), 164105.   (DOI 10.1063/5.0005078 )

    "TRAVIS - A Free Analyzer and Visualizer for Monte Carlo and Molecular Dynamics Trajectories",
    M. Brehm, B. Kirchner; J. Chem. Inf. Model. 2011, 51 (8), pp 2007-2023.   (DOI 10.1021/ci200217w )

*** The End ***

