# x1	y1	P/MPa
0.00000000	0.00000000	0.00002692
0.00333333	0.99206189	0.00337939
0.00666667	0.99603490	0.00674283
0.01000000	0.99736631	0.01011729
0.01333333	0.99803334	0.01350286
0.01666667	0.99843398	0.01689960
0.02000000	0.99870125	0.02030758
0.02333333	0.99889224	0.02372688
0.02666667	0.99903552	0.02715758
0.03000000	0.99914699	0.03059974
0.03333333	0.99923618	0.03405344
0.03666667	0.99930916	0.03751875
0.04000000	0.99936999	0.04099576
0.04333333	0.99942146	0.04448454
0.04666667	0.99946557	0.04798516
0.05000000	0.99950381	0.05149770
0.05333333	0.99953727	0.05502224
0.05666667	0.99956679	0.05855886
0.06000000	0.99959303	0.06210763
0.06333333	0.99961651	0.06566864
0.06666667	0.99963764	0.06924196
0.07000000	0.99965675	0.07282768
0.07333333	0.99967413	0.07642587
0.07666667	0.99968999	0.08003662
0.08000000	0.99970454	0.08366001
0.08333333	0.99971791	0.08729611
0.08666667	0.99973026	0.09094502
0.09000000	0.99974169	0.09460682
0.09333333	0.99975231	0.09828158
0.09666667	0.99976219	0.10196940
0.10000000	0.99977141	0.10567036
0.10333333	0.99978003	0.10938454
0.10666667	0.99978811	0.11311203
0.11000000	0.99979571	0.11685291
0.11333333	0.99980285	0.12060728
0.11666667	0.99980959	0.12437522
0.12000000	0.99981595	0.12815681
0.12333333	0.99982196	0.13195215
0.12666667	0.99982766	0.13576132
0.13000000	0.99983307	0.13958441
0.13333333	0.99983820	0.14342152
0.13666667	0.99984308	0.14727272
0.14000000	0.99984773	0.15113812
0.14333333	0.99985216	0.15501780
0.14666667	0.99985639	0.15891186
0.15000000	0.99986043	0.16282038
0.15333333	0.99986429	0.16674345
0.15666667	0.99986799	0.17068118
0.16000000	0.99987153	0.17463365
0.16333333	0.99987493	0.17860096
0.16666667	0.99987819	0.18258320
0.17000000	0.99988132	0.18658046
0.17333333	0.99988433	0.19059285
0.17666667	0.99988723	0.19462044
0.18000000	0.99989001	0.19866335
0.18333333	0.99989270	0.20272166
0.18666667	0.99989529	0.20679548
0.19000000	0.99989779	0.21088489
0.19333333	0.99990019	0.21498999
0.19666667	0.99990252	0.21911089
0.20000000	0.99990477	0.22324768
0.20333333	0.99990694	0.22740045
0.20666667	0.99990905	0.23156931
0.21000000	0.99991108	0.23575435
0.21333333	0.99991305	0.23995568
0.21666667	0.99991496	0.24417338
0.22000000	0.99991681	0.24840756
0.22333333	0.99991860	0.25265832
0.22666667	0.99992035	0.25692576
0.23000000	0.99992203	0.26120998
0.23333333	0.99992367	0.26551108
0.23666667	0.99992527	0.26982915
0.24000000	0.99992682	0.27416430
0.24333333	0.99992832	0.27851662
0.24666667	0.99992978	0.28288623
0.25000000	0.99993121	0.28727321
0.25333333	0.99993259	0.29167767
0.25666667	0.99993394	0.29609972
0.26000000	0.99993525	0.30053944
0.26333333	0.99993653	0.30499694
0.26666667	0.99993778	0.30947232
0.27000000	0.99993899	0.31396568
0.27333333	0.99994017	0.31847712
0.27666667	0.99994133	0.32300674
0.28000000	0.99994245	0.32755465
0.28333333	0.99994355	0.33212093
0.28666667	0.99994463	0.33670570
0.29000000	0.99994567	0.34130904
0.29333333	0.99994669	0.34593107
0.29666667	0.99994769	0.35057187
0.30000000	0.99994867	0.35523154
0.30333333	0.99994962	0.35991020
0.30666667	0.99995055	0.36460792
0.31000000	0.99995146	0.36932481
0.31333333	0.99995235	0.37406097
0.31666667	0.99995322	0.37881649
0.32000000	0.99995408	0.38359147
0.32333333	0.99995491	0.38838600
0.32666667	0.99995572	0.39320018
0.33000000	0.99995652	0.39803410
0.33333333	0.99995731	0.40288785
0.33666667	0.99995807	0.40776154
0.34000000	0.99995882	0.41265524
0.34333333	0.99995955	0.41756904
0.34666667	0.99996027	0.42250305
0.35000000	0.99996098	0.42745734
0.35333333	0.99996167	0.43243201
0.35666667	0.99996234	0.43742714
0.36000000	0.99996301	0.44244282
0.36333333	0.99996366	0.44747912
0.36666667	0.99996429	0.45253614
0.37000000	0.99996492	0.45761396
0.37333333	0.99996553	0.46271265
0.37666667	0.99996614	0.46783230
0.38000000	0.99996673	0.47297298
0.38333333	0.99996730	0.47813476
0.38666667	0.99996787	0.48331773
0.39000000	0.99996843	0.48852195
0.39333333	0.99996898	0.49374750
0.39666667	0.99996952	0.49899443
0.40000000	0.99997004	0.50426283
0.40333333	0.99997056	0.50955275
0.40666667	0.99997107	0.51486426
0.41000000	0.99997157	0.52019742
0.41333333	0.99997206	0.52555228
0.41666667	0.99997254	0.53092890
0.42000000	0.99997302	0.53632733
0.42333333	0.99997348	0.54174763
0.42666667	0.99997394	0.54718984
0.43000000	0.99997439	0.55265401
0.43333333	0.99997483	0.55814018
0.43666667	0.99997526	0.56364838
0.44000000	0.99997569	0.56917867
0.44333333	0.99997611	0.57473106
0.44666667	0.99997652	0.58030559
0.45000000	0.99997693	0.58590228
0.45333333	0.99997732	0.59152117
0.45666667	0.99997772	0.59716226
0.46000000	0.99997810	0.60282557
0.46333333	0.99997848	0.60851112
0.46666667	0.99997885	0.61421891
0.47000000	0.99997922	0.61994895
0.47333333	0.99997958	0.62570124
0.47666667	0.99997993	0.63147576
0.48000000	0.99998028	0.63727252
0.48333333	0.99998062	0.64309150
0.48666667	0.99998096	0.64893268
0.49000000	0.99998129	0.65479603
0.49333333	0.99998162	0.66068154
0.49666667	0.99998194	0.66658915
0.50000000	0.99998226	0.67251884
0.50333333	0.99998257	0.67847056
0.50666667	0.99998287	0.68444426
0.51000000	0.99998318	0.69043989
0.51333333	0.99998347	0.69645738
0.51666667	0.99998376	0.70249666
0.52000000	0.99998405	0.70855766
0.52333333	0.99998433	0.71464030
0.52666667	0.99998461	0.72074449
0.53000000	0.99998489	0.72687013
0.53333333	0.99998515	0.73301713
0.53666667	0.99998542	0.73918538
0.54000000	0.99998568	0.74537476
0.54333333	0.99998594	0.75158515
0.54666667	0.99998619	0.75781642
0.55000000	0.99998644	0.76406842
0.55333333	0.99998668	0.77034102
0.55666667	0.99998693	0.77663405
0.56000000	0.99998716	0.78294735
0.56333333	0.99998740	0.78928076
0.56666667	0.99998763	0.79563408
0.57000000	0.99998785	0.80200713
0.57333333	0.99998808	0.80839972
0.57666667	0.99998830	0.81481162
0.58000000	0.99998851	0.82124262
0.58333333	0.99998873	0.82769250
0.58666667	0.99998893	0.83416101
0.59000000	0.99998914	0.84064791
0.59333333	0.99998935	0.84715293
0.59666667	0.99998955	0.85367581
0.60000000	0.99998974	0.86021627
0.60333333	0.99998993	0.86677400
0.60666667	0.99999013	0.87334872
0.61000000	0.99999031	0.87994010
0.61333333	0.99999050	0.88654782
0.61666667	0.99999068	0.89317153
0.62000000	0.99999086	0.89981089
0.62333333	0.99999104	0.90646554
0.62666667	0.99999121	0.91313508
0.63000000	0.99999138	0.91981915
0.63333333	0.99999155	0.92651733
0.63666667	0.99999171	0.93322920
0.64000000	0.99999188	0.93995435
0.64333333	0.99999204	0.94669232
0.64666667	0.99999220	0.95344265
0.65000000	0.99999235	0.96020489
0.65333333	0.99999250	0.96697853
0.65666667	0.99999265	0.97376308
0.66000000	0.99999280	0.98055802
0.66333333	0.99999295	0.98736283
0.66666667	0.99999309	0.99417696
0.67000000	0.99999323	1.00099984
0.67333333	0.99999337	1.00783090
0.67666667	0.99999351	1.01466955
0.68000000	0.99999364	1.02151517
0.68333333	0.99999377	1.02836715
0.68666667	0.99999390	1.03522484
0.69000000	0.99999403	1.04208758
0.69333333	0.99999416	1.04895471
0.69666667	0.99999428	1.05582552
0.70000000	0.99999440	1.06269931
0.70333333	0.99999452	1.06957535
0.70666667	0.99999464	1.07645291
0.71000000	0.99999476	1.08333122
0.71333333	0.99999487	1.09020949
0.71666667	0.99999498	1.09708695
0.72000000	0.99999509	1.10396277
0.72333333	0.99999520	1.11083613
0.72666667	0.99999531	1.11770616
0.73000000	0.99999541	1.12457202
0.73333333	0.99999551	1.13143281
0.73666667	0.99999562	1.13828762
0.74000000	0.99999571	1.14513554
0.74333333	0.99999581	1.15197564
0.74666667	0.99999591	1.15880694
0.75000000	0.99999600	1.16562848
0.75333333	0.99999610	1.17243925
0.75666667	0.99999619	1.17923826
0.76000000	0.99999628	1.18602447
0.76333333	0.99999636	1.19279683
0.76666667	0.99999645	1.19955428
0.77000000	0.99999653	1.20629572
0.77333333	0.99999662	1.21302007
0.77666667	0.99999670	1.21972621
0.78000000	0.99999678	1.22641299
0.78333333	0.99999686	1.23307927
0.78666667	0.99999694	1.23972388
0.79000000	0.99999701	1.24634563
0.79333333	0.99999709	1.25294332
0.79666667	0.99999716	1.25951573
0.80000000	0.99999723	1.26606163
0.80333333	0.99999730	1.27257976
0.80666667	0.99999737	1.27906888
0.81000000	0.99999744	1.28552769
0.81333333	0.99999751	1.29195492
0.81666667	0.99999757	1.29834925
0.82000000	0.99999764	1.30470936
0.82333333	0.99999770	1.31103393
0.82666667	0.99999776	1.31732162
0.83000000	0.99999783	1.32357107
0.83333333	0.99999788	1.32978092
0.83666667	0.99999794	1.33594981
0.84000000	0.99999800	1.34207635
0.84333333	0.99999806	1.34815916
0.84666667	0.99999811	1.35419685
0.85000000	0.99999817	1.36018801
0.85333333	0.99999822	1.36613125
0.85666667	0.99999827	1.37202516
0.86000000	0.99999832	1.37786835
0.86333333	0.99999837	1.38365939
0.86666667	0.99999842	1.38939690
0.87000000	0.99999847	1.39507946
0.87333333	0.99999852	1.40070570
0.87666667	0.99999856	1.40627421
0.88000000	0.99999861	1.41178363
0.88333333	0.99999865	1.41723259
0.88666667	0.99999870	1.42261974
0.89000000	0.99999874	1.42794376
0.89333333	0.99999878	1.43320333
0.89666667	0.99999882	1.43839718
0.90000000	0.99999886	1.44352404
0.90333333	0.99999890	1.44858271
0.90666667	0.99999894	1.45357199
0.91000000	0.99999898	1.45849076
0.91333333	0.99999902	1.46333794
0.91666667	0.99999905	1.46811251
0.92000000	0.99999909	1.47281350
0.92333333	0.99999913	1.47744006
0.92666667	0.99999916	1.48199141
0.93000000	0.99999920	1.48646686
0.93333333	0.99999923	1.49086587
0.93666667	0.99999926	1.49518805
0.94000000	0.99999930	1.49943315
0.94333333	0.99999933	1.50360114
0.94666667	0.99999936	1.50769224
0.95000000	0.99999939	1.51170695
0.95333333	0.99999943	1.51564612
0.95666667	0.99999946	1.51951103
0.96000000	0.99999949	1.52330351
0.96333333	0.99999952	1.52702608
0.96666667	0.99999955	1.53068213
0.97000000	0.99999958	1.53427623
0.97333333	0.99999962	1.53781453
0.97666667	0.99999965	1.54130539
0.98000000	0.99999968	1.54476034
0.98333333	0.99999972	1.54819577
0.98666667	0.99999976	1.55163585
0.99000000	0.99999980	1.55511845
0.99333333	0.99999985	1.55870861
0.99666667	0.99999991	1.56253831
1.00000000	1.00000000	1.56701013
