# x1	y1	P/MPa
0.00000000	0.00000000	0.00001771
0.00333333	0.98951944	0.00168404
0.00666667	0.99476230	0.00335842
0.01000000	0.99652224	0.00504091
0.01333333	0.99740452	0.00673152
0.01666667	0.99793461	0.00843031
0.02000000	0.99828830	0.01013730
0.02333333	0.99854106	0.01185255
0.02666667	0.99873071	0.01357608
0.03000000	0.99887824	0.01530794
0.03333333	0.99899629	0.01704816
0.03666667	0.99909288	0.01879678
0.04000000	0.99917338	0.02055385
0.04333333	0.99924149	0.02231940
0.04666667	0.99929987	0.02409346
0.05000000	0.99935046	0.02587608
0.05333333	0.99939472	0.02766729
0.05666667	0.99943378	0.02946714
0.06000000	0.99946848	0.03127565
0.06333333	0.99949953	0.03309288
0.06666667	0.99952747	0.03491885
0.07000000	0.99955274	0.03675360
0.07333333	0.99957571	0.03859718
0.07666667	0.99959668	0.04044961
0.08000000	0.99961589	0.04231094
0.08333333	0.99963357	0.04418121
0.08666667	0.99964987	0.04606045
0.09000000	0.99966497	0.04794869
0.09333333	0.99967898	0.04984599
0.09666667	0.99969202	0.05175236
0.10000000	0.99970419	0.05366785
0.10333333	0.99971557	0.05559250
0.10666667	0.99972623	0.05752634
0.11000000	0.99973624	0.05946941
0.11333333	0.99974566	0.06142175
0.11666667	0.99975454	0.06338338
0.12000000	0.99976292	0.06535435
0.12333333	0.99977084	0.06733469
0.12666667	0.99977834	0.06932444
0.13000000	0.99978545	0.07132362
0.13333333	0.99979221	0.07333229
0.13666667	0.99979863	0.07535046
0.14000000	0.99980474	0.07737818
0.14333333	0.99981056	0.07941547
0.14666667	0.99981612	0.08146238
0.15000000	0.99982142	0.08351894
0.15333333	0.99982649	0.08558517
0.15666667	0.99983135	0.08766111
0.16000000	0.99983599	0.08974680
0.16333333	0.99984045	0.09184226
0.16666667	0.99984472	0.09394753
0.17000000	0.99984882	0.09606263
0.17333333	0.99985276	0.09818761
0.17666667	0.99985655	0.10032248
0.18000000	0.99986020	0.10246729
0.18333333	0.99986371	0.10462205
0.18666667	0.99986709	0.10678681
0.19000000	0.99987035	0.10896158
0.19333333	0.99987350	0.11114640
0.19666667	0.99987653	0.11334129
0.20000000	0.99987946	0.11554629
0.20333333	0.99988230	0.11776141
0.20666667	0.99988504	0.11998669
0.21000000	0.99988769	0.12222216
0.21333333	0.99989025	0.12446782
0.21666667	0.99989273	0.12672372
0.22000000	0.99989514	0.12898988
0.22333333	0.99989747	0.13126632
0.22666667	0.99989973	0.13355306
0.23000000	0.99990192	0.13585013
0.23333333	0.99990405	0.13815754
0.23666667	0.99990611	0.14047532
0.24000000	0.99990811	0.14280350
0.24333333	0.99991006	0.14514208
0.24666667	0.99991195	0.14749109
0.25000000	0.99991379	0.14985055
0.25333333	0.99991558	0.15222048
0.25666667	0.99991732	0.15460089
0.26000000	0.99991902	0.15699179
0.26333333	0.99992066	0.15939322
0.26666667	0.99992227	0.16180517
0.27000000	0.99992383	0.16422766
0.27333333	0.99992535	0.16666071
0.27666667	0.99992684	0.16910433
0.28000000	0.99992828	0.17155853
0.28333333	0.99992969	0.17402332
0.28666667	0.99993107	0.17649871
0.29000000	0.99993241	0.17898471
0.29333333	0.99993372	0.18148133
0.29666667	0.99993500	0.18398857
0.30000000	0.99993624	0.18650643
0.30333333	0.99993746	0.18903493
0.30666667	0.99993865	0.19157407
0.31000000	0.99993981	0.19412385
0.31333333	0.99994095	0.19668427
0.31666667	0.99994206	0.19925533
0.32000000	0.99994314	0.20183703
0.32333333	0.99994420	0.20442937
0.32666667	0.99994524	0.20703235
0.33000000	0.99994625	0.20964596
0.33333333	0.99994724	0.21227019
0.33666667	0.99994821	0.21490504
0.34000000	0.99994916	0.21755051
0.34333333	0.99995009	0.22020657
0.34666667	0.99995100	0.22287323
0.35000000	0.99995189	0.22555046
0.35333333	0.99995276	0.22823826
0.35666667	0.99995361	0.23093661
0.36000000	0.99995445	0.23364550
0.36333333	0.99995526	0.23636490
0.36666667	0.99995607	0.23909480
0.37000000	0.99995685	0.24183518
0.37333333	0.99995762	0.24458601
0.37666667	0.99995838	0.24734727
0.38000000	0.99995912	0.25011894
0.38333333	0.99995984	0.25290098
0.38666667	0.99996055	0.25569337
0.39000000	0.99996125	0.25849609
0.39333333	0.99996193	0.26130909
0.39666667	0.99996260	0.26413234
0.40000000	0.99996326	0.26696581
0.40333333	0.99996390	0.26980946
0.40666667	0.99996454	0.27266325
0.41000000	0.99996516	0.27552714
0.41333333	0.99996577	0.27840108
0.41666667	0.99996636	0.28128504
0.42000000	0.99996695	0.28417896
0.42333333	0.99996753	0.28708280
0.42666667	0.99996809	0.28999650
0.43000000	0.99996865	0.29292002
0.43333333	0.99996919	0.29585329
0.43666667	0.99996973	0.29879626
0.44000000	0.99997025	0.30174887
0.44333333	0.99997077	0.30471106
0.44666667	0.99997127	0.30768277
0.45000000	0.99997177	0.31066393
0.45333333	0.99997226	0.31365446
0.45666667	0.99997274	0.31665431
0.46000000	0.99997321	0.31966339
0.46333333	0.99997368	0.32268164
0.46666667	0.99997413	0.32570898
0.47000000	0.99997458	0.32874531
0.47333333	0.99997502	0.33179057
0.47666667	0.99997545	0.33484467
0.48000000	0.99997588	0.33790752
0.48333333	0.99997629	0.34097902
0.48666667	0.99997670	0.34405909
0.49000000	0.99997711	0.34714764
0.49333333	0.99997750	0.35024455
0.49666667	0.99997789	0.35334974
0.50000000	0.99997828	0.35646309
0.50333333	0.99997865	0.35958451
0.50666667	0.99997902	0.36271388
0.51000000	0.99997939	0.36585109
0.51333333	0.99997975	0.36899602
0.51666667	0.99998010	0.37214856
0.52000000	0.99998045	0.37530858
0.52333333	0.99998078	0.37847597
0.52666667	0.99998112	0.38165059
0.53000000	0.99998145	0.38483232
0.53333333	0.99998177	0.38802101
0.53666667	0.99998209	0.39121655
0.54000000	0.99998241	0.39441877
0.54333333	0.99998271	0.39762755
0.54666667	0.99998302	0.40084274
0.55000000	0.99998332	0.40406418
0.55333333	0.99998361	0.40729172
0.55666667	0.99998390	0.41052522
0.56000000	0.99998418	0.41376450
0.56333333	0.99998446	0.41700941
0.56666667	0.99998474	0.42025977
0.57000000	0.99998501	0.42351543
0.57333333	0.99998527	0.42677620
0.57666667	0.99998553	0.43004191
0.58000000	0.99998579	0.43331238
0.58333333	0.99998604	0.43658742
0.58666667	0.99998629	0.43986685
0.59000000	0.99998654	0.44315047
0.59333333	0.99998678	0.44643809
0.59666667	0.99998702	0.44972951
0.60000000	0.99998725	0.45302453
0.60333333	0.99998748	0.45632294
0.60666667	0.99998771	0.45962453
0.61000000	0.99998793	0.46292908
0.61333333	0.99998815	0.46623639
0.61666667	0.99998837	0.46954621
0.62000000	0.99998858	0.47285834
0.62333333	0.99998879	0.47617253
0.62666667	0.99998899	0.47948856
0.63000000	0.99998920	0.48280618
0.63333333	0.99998939	0.48612516
0.63666667	0.99998959	0.48944524
0.64000000	0.99998978	0.49276618
0.64333333	0.99998997	0.49608772
0.64666667	0.99999016	0.49940961
0.65000000	0.99999034	0.50273157
0.65333333	0.99999052	0.50605334
0.65666667	0.99999070	0.50937466
0.66000000	0.99999088	0.51269524
0.66333333	0.99999105	0.51601480
0.66666667	0.99999122	0.51933306
0.67000000	0.99999139	0.52264974
0.67333333	0.99999155	0.52596453
0.67666667	0.99999171	0.52927714
0.68000000	0.99999187	0.53258728
0.68333333	0.99999203	0.53589462
0.68666667	0.99999218	0.53919887
0.69000000	0.99999233	0.54249970
0.69333333	0.99999248	0.54579681
0.69666667	0.99999263	0.54908985
0.70000000	0.99999277	0.55237852
0.70333333	0.99999292	0.55566247
0.70666667	0.99999306	0.55894136
0.71000000	0.99999319	0.56221487
0.71333333	0.99999333	0.56548263
0.71666667	0.99999346	0.56874431
0.72000000	0.99999359	0.57199954
0.72333333	0.99999372	0.57524797
0.72666667	0.99999385	0.57848923
0.73000000	0.99999397	0.58172296
0.73333333	0.99999410	0.58494879
0.73666667	0.99999422	0.58816634
0.74000000	0.99999434	0.59137522
0.74333333	0.99999445	0.59457507
0.74666667	0.99999457	0.59776547
0.75000000	0.99999468	0.60094606
0.75333333	0.99999479	0.60411641
0.75666667	0.99999490	0.60727615
0.76000000	0.99999501	0.61042485
0.76333333	0.99999512	0.61356211
0.76666667	0.99999522	0.61668752
0.77000000	0.99999532	0.61980066
0.77333333	0.99999543	0.62290110
0.77666667	0.99999552	0.62598843
0.78000000	0.99999562	0.62906221
0.78333333	0.99999572	0.63212202
0.78666667	0.99999581	0.63516741
0.79000000	0.99999591	0.63819795
0.79333333	0.99999600	0.64121319
0.79666667	0.99999609	0.64421270
0.80000000	0.99999618	0.64719601
0.80333333	0.99999626	0.65016267
0.80666667	0.99999635	0.65311224
0.81000000	0.99999643	0.65604425
0.81333333	0.99999652	0.65895824
0.81666667	0.99999660	0.66185375
0.82000000	0.99999668	0.66473032
0.82333333	0.99999676	0.66758747
0.82666667	0.99999684	0.67042474
0.83000000	0.99999691	0.67324166
0.83333333	0.99999699	0.67603775
0.83666667	0.99999706	0.67881254
0.84000000	0.99999713	0.68156556
0.84333333	0.99999721	0.68429633
0.84666667	0.99999728	0.68700438
0.85000000	0.99999734	0.68968923
0.85333333	0.99999741	0.69235041
0.85666667	0.99999748	0.69498745
0.86000000	0.99999755	0.69759987
0.86333333	0.99999761	0.70018720
0.86666667	0.99999767	0.70274899
0.87000000	0.99999774	0.70528476
0.87333333	0.99999780	0.70779406
0.87666667	0.99999786	0.71027643
0.88000000	0.99999792	0.71273143
0.88333333	0.99999798	0.71515861
0.88666667	0.99999804	0.71755755
0.89000000	0.99999809	0.71992781
0.89333333	0.99999815	0.72226899
0.89666667	0.99999821	0.72458069
0.90000000	0.99999826	0.72686252
0.90333333	0.99999831	0.72911411
0.90666667	0.99999837	0.73133511
0.91000000	0.99999842	0.73352519
0.91333333	0.99999847	0.73568405
0.91666667	0.99999852	0.73781140
0.92000000	0.99999857	0.73990702
0.92333333	0.99999862	0.74197069
0.92666667	0.99999867	0.74400224
0.93000000	0.99999872	0.74600158
0.93333333	0.99999877	0.74796865
0.93666667	0.99999882	0.74990346
0.94000000	0.99999886	0.75180612
0.94333333	0.99999891	0.75367683
0.94666667	0.99999896	0.75551591
0.95000000	0.99999901	0.75732380
0.95333333	0.99999905	0.75910115
0.95666667	0.99999910	0.76084881
0.96000000	0.99999915	0.76256787
0.96333333	0.99999920	0.76425981
0.96666667	0.99999924	0.76592651
0.97000000	0.99999929	0.76757046
0.97333333	0.99999934	0.76919493
0.97666667	0.99999940	0.77080430
0.98000000	0.99999945	0.77240458
0.98333333	0.99999951	0.77400422
0.98666667	0.99999957	0.77561567
0.99000000	0.99999965	0.77725843
0.99333333	0.99999973	0.77896623
0.99666667	0.99999983	0.78080826
1.00000000	1.00000000	0.78300165
