# x1	y1	P/MPa
0.00000000	0.00000000	0.00000036
0.00333333	0.99958345	0.00086840
0.00666667	0.99979357	0.00174639
0.01000000	0.99986362	0.00263443
0.01333333	0.99989865	0.00353262
0.01666667	0.99991966	0.00444108
0.02000000	0.99993366	0.00535991
0.02333333	0.99994367	0.00628923
0.02666667	0.99995117	0.00722913
0.03000000	0.99995700	0.00817974
0.03333333	0.99996166	0.00914116
0.03666667	0.99996547	0.01011350
0.04000000	0.99996865	0.01109689
0.04333333	0.99997133	0.01209142
0.04666667	0.99997364	0.01309722
0.05000000	0.99997563	0.01411440
0.05333333	0.99997737	0.01514307
0.05666667	0.99997891	0.01618336
0.06000000	0.99998027	0.01723537
0.06333333	0.99998149	0.01829924
0.06666667	0.99998259	0.01937506
0.07000000	0.99998358	0.02046298
0.07333333	0.99998448	0.02156310
0.07666667	0.99998530	0.02267554
0.08000000	0.99998606	0.02380043
0.08333333	0.99998675	0.02493789
0.08666667	0.99998738	0.02608803
0.09000000	0.99998797	0.02725099
0.09333333	0.99998852	0.02842689
0.09666667	0.99998903	0.02961585
0.10000000	0.99998950	0.03081799
0.10333333	0.99998994	0.03203344
0.10666667	0.99999036	0.03326233
0.11000000	0.99999075	0.03450478
0.11333333	0.99999111	0.03576091
0.11666667	0.99999146	0.03703087
0.12000000	0.99999178	0.03831476
0.12333333	0.99999209	0.03961273
0.12666667	0.99999238	0.04092489
0.13000000	0.99999265	0.04225138
0.13333333	0.99999291	0.04359232
0.13666667	0.99999316	0.04494785
0.14000000	0.99999339	0.04631809
0.14333333	0.99999361	0.04770317
0.14666667	0.99999383	0.04910323
0.15000000	0.99999403	0.05051839
0.15333333	0.99999422	0.05194878
0.15666667	0.99999441	0.05339453
0.16000000	0.99999458	0.05485577
0.16333333	0.99999475	0.05633264
0.16666667	0.99999491	0.05782526
0.17000000	0.99999507	0.05933376
0.17333333	0.99999522	0.06085827
0.17666667	0.99999536	0.06239893
0.18000000	0.99999550	0.06395586
0.18333333	0.99999563	0.06552919
0.18666667	0.99999576	0.06711905
0.19000000	0.99999588	0.06872557
0.19333333	0.99999600	0.07034888
0.19666667	0.99999611	0.07198910
0.20000000	0.99999622	0.07364637
0.20333333	0.99999632	0.07532082
0.20666667	0.99999642	0.07701256
0.21000000	0.99999652	0.07872173
0.21333333	0.99999662	0.08044844
0.21666667	0.99999671	0.08219284
0.22000000	0.99999680	0.08395504
0.22333333	0.99999688	0.08573516
0.22666667	0.99999696	0.08753332
0.23000000	0.99999704	0.08934966
0.23333333	0.99999712	0.09118429
0.23666667	0.99999719	0.09303733
0.24000000	0.99999727	0.09490889
0.24333333	0.99999734	0.09679910
0.24666667	0.99999741	0.09870808
0.25000000	0.99999747	0.10063594
0.25333333	0.99999753	0.10258279
0.25666667	0.99999760	0.10454874
0.26000000	0.99999766	0.10653392
0.26333333	0.99999772	0.10853842
0.26666667	0.99999777	0.11056235
0.27000000	0.99999783	0.11260583
0.27333333	0.99999788	0.11466895
0.27666667	0.99999793	0.11675183
0.28000000	0.99999798	0.11885456
0.28333333	0.99999803	0.12097724
0.28666667	0.99999808	0.12311996
0.29000000	0.99999813	0.12528283
0.29333333	0.99999817	0.12746594
0.29666667	0.99999822	0.12966938
0.30000000	0.99999826	0.13189324
0.30333333	0.99999830	0.13413759
0.30666667	0.99999834	0.13640254
0.31000000	0.99999838	0.13868816
0.31333333	0.99999842	0.14099452
0.31666667	0.99999846	0.14332171
0.32000000	0.99999849	0.14566979
0.32333333	0.99999853	0.14803884
0.32666667	0.99999856	0.15042893
0.33000000	0.99999860	0.15284012
0.33333333	0.99999863	0.15527247
0.33666667	0.99999866	0.15772604
0.34000000	0.99999869	0.16020088
0.34333333	0.99999872	0.16269705
0.34666667	0.99999875	0.16521460
0.35000000	0.99999878	0.16775356
0.35333333	0.99999881	0.17031398
0.35666667	0.99999884	0.17289590
0.36000000	0.99999886	0.17549935
0.36333333	0.99999889	0.17812436
0.36666667	0.99999892	0.18077095
0.37000000	0.99999894	0.18343915
0.37333333	0.99999896	0.18612898
0.37666667	0.99999899	0.18884044
0.38000000	0.99999901	0.19157355
0.38333333	0.99999903	0.19432831
0.38666667	0.99999906	0.19710472
0.39000000	0.99999908	0.19990278
0.39333333	0.99999910	0.20272247
0.39666667	0.99999912	0.20556378
0.40000000	0.99999914	0.20842669
0.40333333	0.99999916	0.21131119
0.40666667	0.99999918	0.21421723
0.41000000	0.99999920	0.21714478
0.41333333	0.99999921	0.22009381
0.41666667	0.99999923	0.22306427
0.42000000	0.99999925	0.22605611
0.42333333	0.99999927	0.22906928
0.42666667	0.99999928	0.23210370
0.43000000	0.99999930	0.23515933
0.43333333	0.99999932	0.23823607
0.43666667	0.99999933	0.24133386
0.44000000	0.99999935	0.24445262
0.44333333	0.99999936	0.24759224
0.44666667	0.99999938	0.25075263
0.45000000	0.99999939	0.25393370
0.45333333	0.99999940	0.25713533
0.45666667	0.99999942	0.26035741
0.46000000	0.99999943	0.26359982
0.46333333	0.99999944	0.26686243
0.46666667	0.99999945	0.27014510
0.47000000	0.99999947	0.27344770
0.47333333	0.99999948	0.27677008
0.47666667	0.99999949	0.28011208
0.48000000	0.99999950	0.28347355
0.48333333	0.99999951	0.28685431
0.48666667	0.99999953	0.29025420
0.49000000	0.99999954	0.29367302
0.49333333	0.99999955	0.29711061
0.49666667	0.99999956	0.30056675
0.50000000	0.99999957	0.30404125
0.50333333	0.99999958	0.30753390
0.50666667	0.99999959	0.31104449
0.51000000	0.99999960	0.31457278
0.51333333	0.99999960	0.31811856
0.51666667	0.99999961	0.32168158
0.52000000	0.99999962	0.32526159
0.52333333	0.99999963	0.32885836
0.52666667	0.99999964	0.33247161
0.53000000	0.99999965	0.33610108
0.53333333	0.99999966	0.33974649
0.53666667	0.99999966	0.34340757
0.54000000	0.99999967	0.34708403
0.54333333	0.99999968	0.35077557
0.54666667	0.99999969	0.35448189
0.55000000	0.99999969	0.35820267
0.55333333	0.99999970	0.36193760
0.55666667	0.99999971	0.36568636
0.56000000	0.99999971	0.36944860
0.56333333	0.99999972	0.37322400
0.56666667	0.99999973	0.37701219
0.57000000	0.99999973	0.38081283
0.57333333	0.99999974	0.38462556
0.57666667	0.99999974	0.38845000
0.58000000	0.99999975	0.39228578
0.58333333	0.99999976	0.39613250
0.58666667	0.99999976	0.39998979
0.59000000	0.99999977	0.40385725
0.59333333	0.99999977	0.40773445
0.59666667	0.99999978	0.41162101
0.60000000	0.99999978	0.41551648
0.60333333	0.99999979	0.41942045
0.60666667	0.99999979	0.42333248
0.61000000	0.99999980	0.42725213
0.61333333	0.99999980	0.43117894
0.61666667	0.99999981	0.43511248
0.62000000	0.99999981	0.43905227
0.62333333	0.99999982	0.44299784
0.62666667	0.99999982	0.44694873
0.63000000	0.99999982	0.45090444
0.63333333	0.99999983	0.45486449
0.63666667	0.99999983	0.45882839
0.64000000	0.99999984	0.46279563
0.64333333	0.99999984	0.46676570
0.64666667	0.99999985	0.47073810
0.65000000	0.99999985	0.47471230
0.65333333	0.99999985	0.47868778
0.65666667	0.99999985	0.48266400
0.66000000	0.99999986	0.48664043
0.66333333	0.99999986	0.49061652
0.66666667	0.99999987	0.49459173
0.67000000	0.99999987	0.49856550
0.67333333	0.99999987	0.50253727
0.67666667	0.99999987	0.50650648
0.68000000	0.99999988	0.51047255
0.68333333	0.99999988	0.51443490
0.68666667	0.99999988	0.51839297
0.69000000	0.99999989	0.52234616
0.69333333	0.99999989	0.52629388
0.69666667	0.99999989	0.53023555
0.70000000	0.99999989	0.53417055
0.70333333	0.99999990	0.53809828
0.70666667	0.99999990	0.54201814
0.71000000	0.99999990	0.54592952
0.71333333	0.99999990	0.54983180
0.71666667	0.99999991	0.55372436
0.72000000	0.99999991	0.55760657
0.72333333	0.99999991	0.56147781
0.72666667	0.99999991	0.56533745
0.73000000	0.99999992	0.56918485
0.73333333	0.99999992	0.57301938
0.73666667	0.99999992	0.57684039
0.74000000	0.99999992	0.58064725
0.74333333	0.99999992	0.58443930
0.74666667	0.99999993	0.58821591
0.75000000	0.99999993	0.59197641
0.75333333	0.99999993	0.59572015
0.75666667	0.99999993	0.59944648
0.76000000	0.99999993	0.60315474
0.76333333	0.99999993	0.60684428
0.76666667	0.99999994	0.61051443
0.77000000	0.99999994	0.61416452
0.77333333	0.99999994	0.61779390
0.77666667	0.99999994	0.62140189
0.78000000	0.99999994	0.62498784
0.78333333	0.99999994	0.62855107
0.78666667	0.99999995	0.63209092
0.79000000	0.99999995	0.63560671
0.79333333	0.99999995	0.63909778
0.79666667	0.99999995	0.64256347
0.80000000	0.99999995	0.64600309
0.80333333	0.99999995	0.64941598
0.80666667	0.99999995	0.65280146
0.81000000	0.99999996	0.65615888
0.81333333	0.99999996	0.65948757
0.81666667	0.99999996	0.66278684
0.82000000	0.99999996	0.66605605
0.82333333	0.99999996	0.66929451
0.82666667	0.99999996	0.67250157
0.83000000	0.99999996	0.67567657
0.83333333	0.99999996	0.67881884
0.83666667	0.99999996	0.68192773
0.84000000	0.99999996	0.68500257
0.84333333	0.99999996	0.68804272
0.84666667	0.99999997	0.69104752
0.85000000	0.99999997	0.69401632
0.85333333	0.99999997	0.69694848
0.85666667	0.99999997	0.69984335
0.86000000	0.99999997	0.70270030
0.86333333	0.99999997	0.70551868
0.86666667	0.99999997	0.70829788
0.87000000	0.99999997	0.71103727
0.87333333	0.99999997	0.71373622
0.87666667	0.99999997	0.71639412
0.88000000	0.99999998	0.71901036
0.88333333	0.99999998	0.72158435
0.88666667	0.99999998	0.72411549
0.89000000	0.99999998	0.72660319
0.89333333	0.99999998	0.72904687
0.89666667	0.99999998	0.73144597
0.90000000	0.99999998	0.73379993
0.90333333	0.99999998	0.73610821
0.90666667	0.99999998	0.73837027
0.91000000	0.99999998	0.74058560
0.91333333	0.99999998	0.74275369
0.91666667	0.99999998	0.74487407
0.92000000	0.99999998	0.74694626
0.92333333	0.99999998	0.74896984
0.92666667	0.99999998	0.75094438
0.93000000	0.99999998	0.75286951
0.93333333	0.99999998	0.75474489
0.93666667	0.99999999	0.75657020
0.94000000	0.99999999	0.75834521
0.94333333	0.99999999	0.76006971
0.94666667	0.99999999	0.76174358
0.95000000	0.99999999	0.76336680
0.95333333	0.99999999	0.76493941
0.95666667	0.99999999	0.76646164
0.96000000	0.99999999	0.76793385
0.96333333	0.99999999	0.76935662
0.96666667	0.99999999	0.77073082
0.97000000	0.99999999	0.77205767
0.97333333	0.99999999	0.77333890
0.97666667	0.99999999	0.77457697
0.98000000	0.99999999	0.77577533
0.98333333	0.99999999	0.77693901
0.98666667	0.99999999	0.77807555
0.99000000	0.99999999	0.77919695
0.99333333	1.00000000	0.78032443
0.99666667	1.00000000	0.78150509
1.00000000	1.00000000	0.78300165
