# x1	y1	P/MPa
0.00000000	0.00000000	0.00001771
0.00333333	0.99691843	0.00572751
0.00666667	0.99846370	0.01144999
0.01000000	0.99897985	0.01718516
0.01333333	0.99923812	0.02293303
0.01666667	0.99939314	0.02869362
0.02000000	0.99949651	0.03446695
0.02333333	0.99957036	0.04025303
0.02666667	0.99962575	0.04605188
0.03000000	0.99966884	0.05186351
0.03333333	0.99970331	0.05768794
0.03666667	0.99973151	0.06352519
0.04000000	0.99975501	0.06937525
0.04333333	0.99977490	0.07523815
0.04666667	0.99979194	0.08111390
0.05000000	0.99980671	0.08700251
0.05333333	0.99981964	0.09290399
0.05666667	0.99983104	0.09881835
0.06000000	0.99984117	0.10474561
0.06333333	0.99985024	0.11068577
0.06666667	0.99985840	0.11663884
0.07000000	0.99986578	0.12260483
0.07333333	0.99987249	0.12858374
0.07666667	0.99987862	0.13457559
0.08000000	0.99988423	0.14058038
0.08333333	0.99988940	0.14659812
0.08666667	0.99989416	0.15262882
0.09000000	0.99989858	0.15867247
0.09333333	0.99990267	0.16472908
0.09666667	0.99990649	0.17079865
0.10000000	0.99991005	0.17688120
0.10333333	0.99991338	0.18297672
0.10666667	0.99991650	0.18908520
0.11000000	0.99991943	0.19520666
0.11333333	0.99992219	0.20134110
0.11666667	0.99992479	0.20748850
0.12000000	0.99992724	0.21364888
0.12333333	0.99992956	0.21982222
0.12666667	0.99993176	0.22600853
0.13000000	0.99993385	0.23220780
0.13333333	0.99993583	0.23842002
0.13666667	0.99993771	0.24464520
0.14000000	0.99993951	0.25088333
0.14333333	0.99994122	0.25713439
0.14666667	0.99994285	0.26339838
0.15000000	0.99994441	0.26967529
0.15333333	0.99994590	0.27596511
0.15666667	0.99994732	0.28226784
0.16000000	0.99994869	0.28858345
0.16333333	0.99995000	0.29491194
0.16666667	0.99995126	0.30125330
0.17000000	0.99995247	0.30760750
0.17333333	0.99995363	0.31397454
0.17666667	0.99995474	0.32035439
0.18000000	0.99995582	0.32674705
0.18333333	0.99995685	0.33315248
0.18666667	0.99995785	0.33957068
0.19000000	0.99995882	0.34600162
0.19333333	0.99995975	0.35244528
0.19666667	0.99996064	0.35890163
0.20000000	0.99996151	0.36537066
0.20333333	0.99996235	0.37185234
0.20666667	0.99996316	0.37834664
0.21000000	0.99996394	0.38485353
0.21333333	0.99996471	0.39137299
0.21666667	0.99996544	0.39790498
0.22000000	0.99996615	0.40444948
0.22333333	0.99996685	0.41100646
0.22666667	0.99996752	0.41757587
0.23000000	0.99996817	0.42415769
0.23333333	0.99996880	0.43075187
0.23666667	0.99996942	0.43735839
0.24000000	0.99997001	0.44397720
0.24333333	0.99997059	0.45060826
0.24666667	0.99997116	0.45725153
0.25000000	0.99997171	0.46390697
0.25333333	0.99997224	0.47057454
0.25666667	0.99997276	0.47725418
0.26000000	0.99997327	0.48394585
0.26333333	0.99997376	0.49064950
0.26666667	0.99997424	0.49736509
0.27000000	0.99997471	0.50409255
0.27333333	0.99997517	0.51083184
0.27666667	0.99997561	0.51758290
0.28000000	0.99997605	0.52434567
0.28333333	0.99997647	0.53112010
0.28666667	0.99997689	0.53790612
0.29000000	0.99997729	0.54470368
0.29333333	0.99997769	0.55151271
0.29666667	0.99997807	0.55833315
0.30000000	0.99997845	0.56516492
0.30333333	0.99997882	0.57200797
0.30666667	0.99997918	0.57886221
0.31000000	0.99997953	0.58572759
0.31333333	0.99997987	0.59260401
0.31666667	0.99998021	0.59949142
0.32000000	0.99998054	0.60638972
0.32333333	0.99998086	0.61329884
0.32666667	0.99998118	0.62021871
0.33000000	0.99998148	0.62714923
0.33333333	0.99998179	0.63409031
0.33666667	0.99998208	0.64104188
0.34000000	0.99998237	0.64800384
0.34333333	0.99998266	0.65497610
0.34666667	0.99998294	0.66195857
0.35000000	0.99998321	0.66895114
0.35333333	0.99998348	0.67595373
0.35666667	0.99998374	0.68296623
0.36000000	0.99998400	0.68998853
0.36333333	0.99998425	0.69702054
0.36666667	0.99998449	0.70406215
0.37000000	0.99998474	0.71111324
0.37333333	0.99998498	0.71817371
0.37666667	0.99998521	0.72524343
0.38000000	0.99998544	0.73232230
0.38333333	0.99998566	0.73941020
0.38666667	0.99998588	0.74650700
0.39000000	0.99998610	0.75361258
0.39333333	0.99998631	0.76072681
0.39666667	0.99998652	0.76784956
0.40000000	0.99998673	0.77498071
0.40333333	0.99998693	0.78212012
0.40666667	0.99998713	0.78926765
0.41000000	0.99998732	0.79642316
0.41333333	0.99998752	0.80358650
0.41666667	0.99998770	0.81075755
0.42000000	0.99998789	0.81793614
0.42333333	0.99998807	0.82512213
0.42666667	0.99998825	0.83231537
0.43000000	0.99998842	0.83951569
0.43333333	0.99998860	0.84672294
0.43666667	0.99998877	0.85393696
0.44000000	0.99998893	0.86115758
0.44333333	0.99998910	0.86838464
0.44666667	0.99998926	0.87561797
0.45000000	0.99998942	0.88285738
0.45333333	0.99998958	0.89010272
0.45666667	0.99998973	0.89735378
0.46000000	0.99998988	0.90461040
0.46333333	0.99999003	0.91187239
0.46666667	0.99999018	0.91913955
0.47000000	0.99999032	0.92641170
0.47333333	0.99999046	0.93368865
0.47666667	0.99999060	0.94097018
0.48000000	0.99999074	0.94825610
0.48333333	0.99999088	0.95554621
0.48666667	0.99999101	0.96284030
0.49000000	0.99999114	0.97013815
0.49333333	0.99999127	0.97743954
0.49666667	0.99999140	0.98474427
0.50000000	0.99999153	0.99205211
0.50333333	0.99999165	0.99936283
0.50666667	0.99999177	1.00667621
0.51000000	0.99999189	1.01399201
0.51333333	0.99999201	1.02130999
0.51666667	0.99999213	1.02862992
0.52000000	0.99999224	1.03595156
0.52333333	0.99999236	1.04327465
0.52666667	0.99999247	1.05059895
0.53000000	0.99999258	1.05792420
0.53333333	0.99999269	1.06525014
0.53666667	0.99999279	1.07257652
0.54000000	0.99999290	1.07990306
0.54333333	0.99999300	1.08722951
0.54666667	0.99999311	1.09455558
0.55000000	0.99999321	1.10188100
0.55333333	0.99999331	1.10920549
0.55666667	0.99999340	1.11652877
0.56000000	0.99999350	1.12385055
0.56333333	0.99999360	1.13117054
0.56666667	0.99999369	1.13848843
0.57000000	0.99999378	1.14580394
0.57333333	0.99999388	1.15311676
0.57666667	0.99999397	1.16042659
0.58000000	0.99999405	1.16773310
0.58333333	0.99999414	1.17503599
0.58666667	0.99999423	1.18233494
0.59000000	0.99999431	1.18962962
0.59333333	0.99999440	1.19691971
0.59666667	0.99999448	1.20420488
0.60000000	0.99999456	1.21148480
0.60333333	0.99999465	1.21875912
0.60666667	0.99999472	1.22602750
0.61000000	0.99999480	1.23328960
0.61333333	0.99999488	1.24054507
0.61666667	0.99999496	1.24779355
0.62000000	0.99999503	1.25503468
0.62333333	0.99999511	1.26226810
0.62666667	0.99999518	1.26949346
0.63000000	0.99999526	1.27671037
0.63333333	0.99999533	1.28391846
0.63666667	0.99999540	1.29111736
0.64000000	0.99999547	1.29830668
0.64333333	0.99999554	1.30548604
0.64666667	0.99999561	1.31265506
0.65000000	0.99999567	1.31981333
0.65333333	0.99999574	1.32696046
0.65666667	0.99999581	1.33409605
0.66000000	0.99999587	1.34121970
0.66333333	0.99999593	1.34833100
0.66666667	0.99999600	1.35542954
0.67000000	0.99999606	1.36251490
0.67333333	0.99999612	1.36958667
0.67666667	0.99999618	1.37664441
0.68000000	0.99999624	1.38368772
0.68333333	0.99999630	1.39071615
0.68666667	0.99999636	1.39772928
0.69000000	0.99999642	1.40472667
0.69333333	0.99999648	1.41170788
0.69666667	0.99999653	1.41867247
0.70000000	0.99999659	1.42562000
0.70333333	0.99999664	1.43255001
0.70666667	0.99999670	1.43946205
0.71000000	0.99999675	1.44635567
0.71333333	0.99999680	1.45323042
0.71666667	0.99999686	1.46008583
0.72000000	0.99999691	1.46692143
0.72333333	0.99999696	1.47373677
0.72666667	0.99999701	1.48053137
0.73000000	0.99999706	1.48730477
0.73333333	0.99999711	1.49405649
0.73666667	0.99999716	1.50078605
0.74000000	0.99999721	1.50749298
0.74333333	0.99999725	1.51417679
0.74666667	0.99999730	1.52083701
0.75000000	0.99999735	1.52747315
0.75333333	0.99999739	1.53408472
0.75666667	0.99999744	1.54067124
0.76000000	0.99999748	1.54723222
0.76333333	0.99999753	1.55376715
0.76666667	0.99999757	1.56027556
0.77000000	0.99999761	1.56675695
0.77333333	0.99999765	1.57321082
0.77666667	0.99999770	1.57963667
0.78000000	0.99999774	1.58603401
0.78333333	0.99999778	1.59240234
0.78666667	0.99999782	1.59874116
0.79000000	0.99999786	1.60504996
0.79333333	0.99999790	1.61132825
0.79666667	0.99999794	1.61757553
0.80000000	0.99999798	1.62379129
0.80333333	0.99999802	1.62997502
0.80666667	0.99999805	1.63612623
0.81000000	0.99999809	1.64224442
0.81333333	0.99999813	1.64832907
0.81666667	0.99999817	1.65437969
0.82000000	0.99999820	1.66039576
0.82333333	0.99999824	1.66637680
0.82666667	0.99999827	1.67232229
0.83000000	0.99999831	1.67823173
0.83333333	0.99999834	1.68410462
0.83666667	0.99999838	1.68994045
0.84000000	0.99999841	1.69573873
0.84333333	0.99999845	1.70149894
0.84666667	0.99999848	1.70722060
0.85000000	0.99999851	1.71290319
0.85333333	0.99999854	1.71854621
0.85666667	0.99999858	1.72414917
0.86000000	0.99999861	1.72971156
0.86333333	0.99999864	1.73523288
0.86666667	0.99999867	1.74071264
0.87000000	0.99999870	1.74615033
0.87333333	0.99999873	1.75154546
0.87666667	0.99999876	1.75689753
0.88000000	0.99999879	1.76220603
0.88333333	0.99999882	1.76747049
0.88666667	0.99999885	1.77269039
0.89000000	0.99999888	1.77786525
0.89333333	0.99999891	1.78299458
0.89666667	0.99999894	1.78807790
0.90000000	0.99999897	1.79311471
0.90333333	0.99999900	1.79810453
0.90666667	0.99999903	1.80304691
0.91000000	0.99999906	1.80794138
0.91333333	0.99999908	1.81278749
0.91666667	0.99999911	1.81758481
0.92000000	0.99999914	1.82233293
0.92333333	0.99999917	1.82703145
0.92666667	0.99999920	1.83168004
0.93000000	0.99999922	1.83627838
0.93333333	0.99999925	1.84082623
0.93666667	0.99999928	1.84532341
0.94000000	0.99999931	1.84976985
0.94333333	0.99999933	1.85416560
0.94666667	0.99999936	1.85851086
0.95000000	0.99999939	1.86280605
0.95333333	0.99999942	1.86705187
0.95666667	0.99999945	1.87124939
0.96000000	0.99999947	1.87540013
0.96333333	0.99999950	1.87950631
0.96666667	0.99999953	1.88357099
0.97000000	0.99999956	1.88759851
0.97333333	0.99999960	1.89159490
0.97666667	0.99999963	1.89556874
0.98000000	0.99999966	1.89953234
0.98333333	0.99999970	1.90350394
0.98666667	0.99999974	1.90751146
0.99000000	0.99999978	1.91160027
0.99333333	0.99999983	1.91585106
0.99666667	0.99999990	1.92043264
1.00000000	1.00000000	1.92586900
