
[1;33m  ________                                 __
[0;0;0m[1;33m /        |                               /  |
[0;0;0m[1;33m ########/ ______    ______    __     __  ##/    _______
[0;0;0m[1;33m    ## |  /      \  /      \  /  \   /  | /  |  /       |
[0;0;0m[1;33m    ## | /######  | ######  | ##  \ /##/  ## | /#######/
[0;0;0m[1;33m    ## | ## |  ##/  /    ## |  ##  /##/   ## | ##      \
[0;0;0m[1;33m    ## | ## |      /####### |   ## ##/    ## |  ######  |
[0;0;0m[1;33m    ## | ## |      ##    ## |    ###/     ## | /     ##/
[0;0;0m[1;33m    ##/  ##/        #######/      #/      ##/  #######/
[0;0;0m[1;37m
    TRajectory Analyzer and VISualizer  -  Open-source free software under GNU GPL v3

[0;0;0m    Copyright (c) Martin Brehm      (2009-2022), University of Halle (Saale)
                  Martin Thomas     (2012-2022)
                  Sascha Gehrke     (2016-2022), University of Bonn
                  Barbara Kirchner  (2009-2022), University of Bonn

[1;33m    http://www.travis-analyzer.de

[0;0;0m    Please cite: [1;37mJ. Chem. Phys. 2020, 152 (16), 164105.         [0;0;0m(DOI 10.1063/5.0005078 )
[1;37m                 J. Chem. Inf. Model. 2011, 51 (8), 2007-2023.  [0;0;0m(DOI 10.1021/ci200217w )

    There is absolutely no warranty on any results obtained from TRAVIS.

[1;37m #  [0;0;0mRunning on newton02 at Thu May  8 11:58:56 2025 (PID 539967)
[1;37m #  [0;0;0mRunning in /home/bach/bastian/1_solvation_insights/MD/24/4_results/add/re5_nfs
[1;37m #  [0;0;0mVersion: Jul 29 2022, built at Apr 15 2023, 11:23:55, compiler "8.5.0 20210514 (Red Hat 8.5.0-13)", GCC 8.5.0
[1;37m #  [0;0;0mTarget platform: Linux, __cplusplus=201402L, Compile flags: NEW_CHARGEVAR DEBUG_ARRAYS 
[1;37m #  [0;0;0mMachine: x86_64, char=1b, int=4b, long=8b, addr=8b, 0xA0B0C0D0=D0,C0,B0,A0.
[1;37m #  [0;0;0mHome: /home/bach,  Executable: /home/bach/travis/exe/travis
[1;37m #  [0;0;0mInput from input.txt, Output is redirected

    >>> Please use a color scheme with dark background or specify "-nocolor"! <<<

    Loading configuration from /home/bach/.travis.conf ...

    Opening position trajectory ../../../3_prNPT/trajectory.gro ...[1;31m
Error. File does not exist or cannot be read.
[0;0;0m
[1;33m    Note:[0;0;0m To show a list of all persons who contributed to TRAVIS,
          please add "[1;37m-credits[0;0;0m" to your command line arguments, or set the
          variable "SHOWCREDITS" to "TRUE" in your travis.conf file.

    Source code from other projects used in TRAVIS:
      - lmfit     from [1;37mJoachim Wuttke
[0;0;0m      - kiss_fft  from [1;37mMark Borgerding
[0;0;0m      - voro++    from [1;37mChris Rycroft
[0;0;0m
[1;37m    http://www.travis-analyzer.de

[0;0;0m[1;31m    Please cite all of the following articles for the analyses you have used:

[0;0;0m[1;33m  * For TRAVIS in general:

[0;0;0m[1;37m    "TRAVIS - A Free Analyzer for Trajectories from Molecular Simulation",
[0;0;0m    M. Brehm, M. Thomas, S. Gehrke, B. Kirchner; J. Chem. Phys. 2020, 152 (16), 164105.   (DOI 10.1063/5.0005078 )

[1;37m    "TRAVIS - A Free Analyzer and Visualizer for Monte Carlo and Molecular Dynamics Trajectories",
[0;0;0m    M. Brehm, B. Kirchner; J. Chem. Inf. Model. 2011, 51 (8), pp 2007-2023.   (DOI 10.1021/ci200217w )

[1;37m*** The End ***

[0;0;0m[1;30m[Renaming existing File travis.log to #1#travis.log ...[0;0;0m[1;30mOK.]
[0;0;0m
[1;33m  ________                                 __
[0;0;0m[1;33m /        |                               /  |
[0;0;0m[1;33m ########/ ______    ______    __     __  ##/    _______
[0;0;0m[1;33m    ## |  /      \  /      \  /  \   /  | /  |  /       |
[0;0;0m[1;33m    ## | /######  | ######  | ##  \ /##/  ## | /#######/
[0;0;0m[1;33m    ## | ## |  ##/  /    ## |  ##  /##/   ## | ##      \
[0;0;0m[1;33m    ## | ## |      /####### |   ## ##/    ## |  ######  |
[0;0;0m[1;33m    ## | ## |      ##    ## |    ###/     ## | /     ##/
[0;0;0m[1;33m    ##/  ##/        #######/      #/      ##/  #######/
[0;0;0m[1;37m
    TRajectory Analyzer and VISualizer  -  Open-source free software under GNU GPL v3

[0;0;0m    Copyright (c) Martin Brehm      (2009-2022), University of Halle (Saale)
                  Martin Thomas     (2012-2022)
                  Sascha Gehrke     (2016-2022), University of Bonn
                  Barbara Kirchner  (2009-2022), University of Bonn

[1;33m    http://www.travis-analyzer.de

[0;0;0m    Please cite: [1;37mJ. Chem. Phys. 2020, 152 (16), 164105.         [0;0;0m(DOI 10.1063/5.0005078 )
[1;37m                 J. Chem. Inf. Model. 2011, 51 (8), 2007-2023.  [0;0;0m(DOI 10.1021/ci200217w )

    There is absolutely no warranty on any results obtained from TRAVIS.

[1;37m #  [0;0;0mRunning on newton02 at Thu May  8 12:02:27 2025 (PID 540000)
[1;37m #  [0;0;0mRunning in /home/bach/bastian/1_solvation_insights/MD/24/4_results/add/re5_nfs
[1;37m #  [0;0;0mVersion: Jul 29 2022, built at Apr 15 2023, 11:23:55, compiler "8.5.0 20210514 (Red Hat 8.5.0-13)", GCC 8.5.0
[1;37m #  [0;0;0mTarget platform: Linux, __cplusplus=201402L, Compile flags: NEW_CHARGEVAR DEBUG_ARRAYS 
[1;37m #  [0;0;0mMachine: x86_64, char=1b, int=4b, long=8b, addr=8b, 0xA0B0C0D0=D0,C0,B0,A0.
[1;37m #  [0;0;0mHome: /home/bach,  Executable: /home/bach/travis/exe/travis
[1;37m #  [0;0;0mInput from input.txt, Output is redirected

    >>> Please use a color scheme with dark background or specify "-nocolor"! <<<

    Loading configuration from /home/bach/.travis.conf ...

    Opening position trajectory ../../../3_prNPT/trajectory.gro ...

    Trajectory contains approximately 3601 frames (just a *guess* from the file size of 4.67 GiB).

[1;31m    Digits or special characters in element labels not allowed.
[0;0;0m[1;31m    Removing those characters from all atom labels.

[0;0;0m[1;37m    30912 atoms in the system: [0;0;0m8728x C, 9820x F, 10114x H, 250x N, 1750x O, 250x S

    System extent:  X = {     +0 ..  +7349 pm }, dX = 7349 pm
      (in step 1)   Y = {     +0 ..  +7349 pm }, dY = 7349 pm
                    Z = {     +0 ..  +7349 pm }, dZ = 7349 pm

    The "advanced mode" offers seldomly required features, including support for non-orthorhombic
    simulation cells, NPT ensemble, non-periodic systems, user-definded virtual atoms, pseudomolecules, ...

    Use the advanced mode until the analysis selection menu (y/n)? [no] [1;37m<RETURN>
[0;0;0m
    Found cell geometry data in trajectory file:

      X = 7349.51 pm,   Y = 7349.51 pm,   Z = 7349.51 pm

    The overall box density is 1.426797 g/cm^3.

    Assuming a 3D-periodic cell.

    Use these values (y) or enter different values (n)? [yes] [1;37m<RETURN>
[0;0;0m    Update cell geometry in every time step (i.e., NPT ensemble) (y) or use fixed cell (n)? [yes] [1;37m<RETURN>
[0;0;0m[1;37m
    Using the following element data:

[0;0;0m      Element | Ord. Number |  Mass / u | Cov. Radius / pm | VdW Radius / pm | Color
    ----------|-------------|-----------|------------------|-----------------|----------
      H       |           1 |   1.00798 |            37.00 |          109.00 | #FFFFFF
      C       |           6 |  12.01060 |            82.00 |          170.00 | #808080
      N       |           7 |  14.00690 |            77.00 |          155.00 | #0000FF
      O       |           8 |  15.99940 |            75.00 |          152.00 | #FF0000
      F       |           9 |  18.99840 |            73.00 |          147.00 | #00FF00
      S       |          16 |  32.06750 |           106.00 |          180.00 | #FFFF00


    NPT: Using a cell vector of ( 7349.51 pm | 7349.51 pm | 7349.51 pm ) for molecule recognition.

    Initialized spatial domain engine with 30 x 30 x 30 cells, min. diameter = 244 pm.

    Molecule recognition [[1;37m#[0;0;0m[1;37m#[0;0;0m[1;37m#[0;0;0m[1;37m#[0;0;0m[1;37m#[0;0;0m[1;37m#[0;0;0m[1;37m#[0;0;0m[1;37m#[0;0;0m[1;37m#[0;0;0m[1;37m#[0;0;0m[1;37m#[0;0;0m[1;37m#[0;0;0m[1;37m#[0;0;0m[1;37m#[0;0;0m[1;37m#[0;0;0m[1;37m#[0;0;0m[1;37m#[0;0;0m[1;37m#[0;0;0m[1;37m#[0;0;0m[1;37m#[0;0;0m[1;37m#[0;0;0m[1;37m#[0;0;0m[1;37m#[0;0;0m[1;37m#[0;0;0m[1;37m#[0;0;0m[1;37m#[0;0;0m[1;37m#[0;0;0m[1;37m#[0;0;0m[1;37m#[0;0;0m[1;37m#[0;0;0m[1;37m#[0;0;0m[1;37m#[0;0;0m[1;37m#[0;0;0m[1;37m#[0;0;0m[1;37m#[0;0;0m[1;37m#[0;0;0m[1;37m#[0;0;0m[1;37m#[0;0;0m[1;37m#[0;0;0m[1;37m#[0;0;0m[1;37m#[0;0;0m[1;37m#[0;0;0m[1;37m#[0;0;0m[1;37m#[0;0;0m[1;37m#[0;0;0m[1;37m#[0;0;0m[1;37m#[0;0;0m[1;37m#[0;0;0m[1;37m#[0;0;0m[1;37m#[0;0;0m[1;37m#[0;0;0m[1;37m#[0;0;0m[1;37m#[0;0;0m[1;37m#[0;0;0m[1;37m#[0;0;0m[1;37m#[0;0;0m[1;37m#[0;0;0m[1;37m#[0;0;0m[1;37m#[0;0;0m]

    1614 molecules found.

    Sorting atom types...
    Setting up bond lists...
    Building atom codes...
    Creating refined topological atom order...
[1;37m      [[0;0;0m[1;37m#[0;0;0m[1;37m#[0;0;0m[1;37m#[0;0;0m[1;37m#[0;0;0m[1;37m#[0;0;0m[1;37m#[0;0;0m[1;37m#[0;0;0m[1;37m#[0;0;0m[1;37m#[0;0;0m[1;37m#[0;0;0m[1;37m#[0;0;0m[1;37m#[0;0;0m[1;37m#[0;0;0m[1;37m#[0;0;0m[1;37m#[0;0;0m[1;37m#[0;0;0m[1;37m#[0;0;0m[1;37m#[0;0;0m[1;37m#[0;0;0m[1;37m#[0;0;0m[1;37m#[0;0;0m[1;37m#[0;0;0m[1;37m#[0;0;0m[1;37m#[0;0;0m[1;37m#[0;0;0m[1;37m#[0;0;0m[1;37m#[0;0;0m[1;37m#[0;0;0m[1;37m#[0;0;0m[1;37m#[0;0;0m[1;37m#[0;0;0m[1;37m#[0;0;0m[1;37m#[0;0;0m[1;37m#[0;0;0m[1;37m#[0;0;0m[1;37m#[0;0;0m[1;37m#[0;0;0m[1;37m#[0;0;0m[1;37m#[0;0;0m[1;37m#[0;0;0m[1;37m#[0;0;0m[1;37m#[0;0;0m[1;37m#[0;0;0m[1;37m#[0;0;0m[1;37m#[0;0;0m[1;37m#[0;0;0m[1;37m#[0;0;0m[1;37m#[0;0;0m[1;37m#[0;0;0m[1;37m#[0;0;0m[1;37m#[0;0;0m[1;37m#[0;0;0m[1;37m#[0;0;0m[1;37m#[0;0;0m[1;37m#[0;0;0m[1;37m#[0;0;0m[1;37m#[0;0;0m[1;37m#[0;0;0m[1;37m#[0;0;0m[1;37m#[0;0;0m[1;37m] Done.
[0;0;0m    Creating bond list...
    Creating angle list...
    Grouping together equivalent molecules...
    Found 4 unique molecule types.
    Sorting molecule types by molecular mass...
    Found 0 rings.
    Molecule recognition finished.
[1;37m
Output of bond matrices:
[0;0;0m[1;33m
*** Molecule 1: C4F9O3S; Representant 1; Distances in pm ***
[0;0;0m
    [1;37mC1[0;0;0m  [1;37mC2[0;0;0m  [1;37mC3[0;0;0m  [1;37mC4[0;0;0m  [1;37mF1[0;0;0m  [1;37mF2[0;0;0m  [1;37mF3[0;0;0m  [1;37mF4[0;0;0m  [1;37mF5[0;0;0m  [1;37mF6[0;0;0m  [1;37mF7[0;0;0m  [1;37mF8[0;0;0m  [1;37mF9[0;0;0m  [1;37mO1[0;0;0m  [1;37mO2[0;0;0m  [1;37mO3[0;0;0m  [1;37mS1[0;0;0m 
[1;37mC1[0;0;0m  [1;34m*** [0;0;0m156  -   -  136 132  -   -   -   -   -   -   -   -   -   -  184 
[1;37mC2[0;0;0m  156 [1;34m*** [0;0;0m151  -   -   -  131 144  -   -   -   -   -   -   -   -   -  
[1;37mC3[0;0;0m   -  151 [1;34m*** [0;0;0m153  -   -   -   -  132 136  -   -   -   -   -   -   -  
[1;37mC4[0;0;0m   -   -  153 [1;34m*** [0;0;0m -   -   -   -   -   -  130 138 132  -   -   -   -  
[1;37mF1[0;0;0m  136  -   -   -  [1;34m*** [0;0;0m -   -   -   -   -   -   -   -   -   -   -   -  
[1;37mF2[0;0;0m  132  -   -   -   -  [1;34m*** [0;0;0m -   -   -   -   -   -   -   -   -   -   -  
[1;37mF3[0;0;0m   -  131  -   -   -   -  [1;34m*** [0;0;0m -   -   -   -   -   -   -   -   -   -  
[1;37mF4[0;0;0m   -  144  -   -   -   -   -  [1;34m*** [0;0;0m -   -   -   -   -   -   -   -   -  
[1;37mF5[0;0;0m   -   -  132  -   -   -   -   -  [1;34m*** [0;0;0m -   -   -   -   -   -   -   -  
[1;37mF6[0;0;0m   -   -  136  -   -   -   -   -   -  [1;34m*** [0;0;0m -   -   -   -   -   -   -  
[1;37mF7[0;0;0m   -   -   -  130  -   -   -   -   -   -  [1;34m*** [0;0;0m -   -   -   -   -   -  
[1;37mF8[0;0;0m   -   -   -  138  -   -   -   -   -   -   -  [1;34m*** [0;0;0m -   -   -   -   -  
[1;37mF9[0;0;0m   -   -   -  132  -   -   -   -   -   -   -   -  [1;34m*** [0;0;0m -   -   -   -  
[1;37mO1[0;0;0m   -   -   -   -   -   -   -   -   -   -   -   -   -  [1;34m*** [0;0;0m -   -  146 
[1;37mO2[0;0;0m   -   -   -   -   -   -   -   -   -   -   -   -   -   -  [1;34m*** [0;0;0m -  145 
[1;37mO3[0;0;0m   -   -   -   -   -   -   -   -   -   -   -   -   -   -   -  [1;34m*** [0;0;0m142 
[1;37mS1[0;0;0m  184  -   -   -   -   -   -   -   -   -   -   -   -  146 145 142 [1;34m*** [0;0;0m

    Atoms F1, F2 are equivalent.
    Atoms F3, F4 are equivalent.
    Atoms F5, F6 are equivalent.
    Atoms F7, F8, F9 are equivalent.
    Atoms O1, O2, O3 are equivalent.
[1;33m
*** Molecule 2: C5F9HO2; Representant 1; Distances in pm ***
[0;0;0m
    [1;37mC1[0;0;0m  [1;37mC2[0;0;0m  [1;37mC3[0;0;0m  [1;37mC4[0;0;0m  [1;37mC5[0;0;0m  [1;37mF1[0;0;0m  [1;37mF2[0;0;0m  [1;37mF3[0;0;0m  [1;37mF4[0;0;0m  [1;37mF5[0;0;0m  [1;37mF6[0;0;0m  [1;37mF7[0;0;0m  [1;37mF8[0;0;0m  [1;37mF9[0;0;0m  [1;37mH1[0;0;0m  [1;37mO1[0;0;0m  [1;37mO2[0;0;0m 
[1;37mC1[0;0;0m  [1;34m*** [0;0;0m155  -  157  -  131 136  -   -   -   -   -   -   -   -   -   -  
[1;37mC2[0;0;0m  155 [1;34m*** [0;0;0m159  -   -   -   -  136 131  -   -   -   -   -   -   -   -  
[1;37mC3[0;0;0m   -  159 [1;34m*** [0;0;0m -  154  -   -   -   -   -   -   -  132 132  -   -   -  
[1;37mC4[0;0;0m  157  -   -  [1;34m*** [0;0;0m -   -   -   -   -  138 136 134  -   -   -   -   -  
[1;37mC5[0;0;0m   -   -  154  -  [1;34m*** [0;0;0m -   -   -   -   -   -   -   -   -   -  137 122 
[1;37mF1[0;0;0m  131  -   -   -   -  [1;34m*** [0;0;0m -   -   -   -   -   -   -   -   -   -   -  
[1;37mF2[0;0;0m  136  -   -   -   -   -  [1;34m*** [0;0;0m -   -   -   -   -   -   -   -   -   -  
[1;37mF3[0;0;0m   -  136  -   -   -   -   -  [1;34m*** [0;0;0m -   -   -   -   -   -   -   -   -  
[1;37mF4[0;0;0m   -  131  -   -   -   -   -   -  [1;34m*** [0;0;0m -   -   -   -   -   -   -   -  
[1;37mF5[0;0;0m   -   -   -  138  -   -   -   -   -  [1;34m*** [0;0;0m -   -   -   -   -   -   -  
[1;37mF6[0;0;0m   -   -   -  136  -   -   -   -   -   -  [1;34m*** [0;0;0m -   -   -   -   -   -  
[1;37mF7[0;0;0m   -   -   -  134  -   -   -   -   -   -   -  [1;34m*** [0;0;0m -   -   -   -   -  
[1;37mF8[0;0;0m   -   -  132  -   -   -   -   -   -   -   -   -  [1;34m*** [0;0;0m -   -   -   -  
[1;37mF9[0;0;0m   -   -  132  -   -   -   -   -   -   -   -   -   -  [1;34m*** [0;0;0m -   -   -  
[1;37mH1[0;0;0m   -   -   -   -   -   -   -   -   -   -   -   -   -   -  [1;34m*** [0;0;0m 94  -  
[1;37mO1[0;0;0m   -   -   -   -  137  -   -   -   -   -   -   -   -   -   94 [1;34m*** [0;0;0m -  
[1;37mO2[0;0;0m   -   -   -   -  122  -   -   -   -   -   -   -   -   -   -   -  [1;34m*** [0;0;0m

    Atoms F1, F2 are equivalent.
    Atoms F3, F4 are equivalent.
    Atoms F5, F6, F7 are equivalent.
    Atoms F8, F9 are equivalent.
[1;33m
*** Molecule 3: C16H36N; Representant 1; Distances in pm ***
[0;0;0m
    [1;37mC1[0;0;0m  [1;37mC2[0;0;0m  [1;37mC3[0;0;0m  [1;37mC4[0;0;0m  [1;37mC5[0;0;0m  [1;37mC6[0;0;0m  [1;37mC7[0;0;0m  [1;37mC8[0;0;0m  [1;37mC9[0;0;0m  [1;37mC10[0;0;0m [1;37mC11[0;0;0m [1;37mC12[0;0;0m [1;37mC13[0;0;0m [1;37mC14[0;0;0m [1;37mC15[0;0;0m [1;37mC16[0;0;0m [1;37mH1[0;0;0m  [1;37mH2[0;0;0m  [1;37mH3[0;0;0m  [1;37mH4[0;0;0m  [1;37mH5[0;0;0m  [1;37mH6[0;0;0m  [1;37mH7[0;0;0m  [1;37mH8[0;0;0m  [1;37mH9[0;0;0m  [1;37mH10[0;0;0m [1;37mH11[0;0;0m [1;37mH12[0;0;0m [1;37mH13[0;0;0m [1;37mH14[0;0;0m [1;37mH15[0;0;0m [1;37mH16[0;0;0m [1;37mH17[0;0;0m [1;37mH18[0;0;0m [1;37mH19[0;0;0m [1;37mH20[0;0;0m [1;37mH21[0;0;0m [1;37mH22[0;0;0m [1;37mH23[0;0;0m [1;37mH24[0;0;0m [1;37mH25[0;0;0m [1;37mH26[0;0;0m [1;37mH27[0;0;0m [1;37mH28[0;0;0m [1;37mH29[0;0;0m [1;37mH30[0;0;0m [1;37mH31[0;0;0m [1;37mH32[0;0;0m [1;37mH33[0;0;0m [1;37mH34[0;0;0m [1;37mH35[0;0;0m [1;37mH36[0;0;0m [1;37mN1[0;0;0m 
[1;37mC1[0;0;0m  [1;34m*** [0;0;0m -   -   -  151  -   -   -   -   -   -   -   -   -   -   -  109 109  -   -   -   -   -   -   -   -   -   -   -   -   -   -   -   -   -   -   -   -   -   -   -   -   -   -   -   -   -   -   -   -   -   -  152 
[1;37mC2[0;0;0m   -  [1;34m*** [0;0;0m -   -   -  154  -   -   -   -   -   -   -   -   -   -   -   -  109 109  -   -   -   -   -   -   -   -   -   -   -   -   -   -   -   -   -   -   -   -   -   -   -   -   -   -   -   -   -   -   -   -  148 
[1;37mC3[0;0;0m   -   -  [1;34m*** [0;0;0m -   -   -  153  -   -   -   -   -   -   -   -   -   -   -   -   -  109 109  -   -   -   -   -   -   -   -   -   -   -   -   -   -   -   -   -   -   -   -   -   -   -   -   -   -   -   -   -   -  151 
[1;37mC4[0;0;0m   -   -   -  [1;34m*** [0;0;0m -   -   -  152  -   -   -   -   -   -   -   -   -   -   -   -   -   -  109 109  -   -   -   -   -   -   -   -   -   -   -   -   -   -   -   -   -   -   -   -   -   -   -   -   -   -   -   -  152 
[1;37mC5[0;0;0m  151  -   -   -  [1;34m*** [0;0;0m -   -   -  154  -   -   -   -   -   -   -   -   -   -   -   -   -   -   -  109 109  -   -   -   -   -   -   -   -   -   -   -   -   -   -   -   -   -   -   -   -   -   -   -   -   -   -   -  
[1;37mC6[0;0;0m   -  154  -   -   -  [1;34m*** [0;0;0m -   -   -  156  -   -   -   -   -   -   -   -   -   -   -   -   -   -   -   -  109 109  -   -   -   -   -   -   -   -   -   -   -   -   -   -   -   -   -   -   -   -   -   -   -   -   -  
[1;37mC7[0;0;0m   -   -  153  -   -   -  [1;34m*** [0;0;0m -   -   -  154  -   -   -   -   -   -   -   -   -   -   -   -   -   -   -   -   -  109 110  -   -   -   -   -   -   -   -   -   -   -   -   -   -   -   -   -   -   -   -   -   -   -  
[1;37mC8[0;0;0m   -   -   -  152  -   -   -  [1;34m*** [0;0;0m -   -   -  162  -   -   -   -   -   -   -   -   -   -   -   -   -   -   -   -   -   -  109 110  -   -   -   -   -   -   -   -   -   -   -   -   -   -   -   -   -   -   -   -   -  
[1;37mC9[0;0;0m   -   -   -   -  154  -   -   -  [1;34m*** [0;0;0m -   -   -  156  -   -   -   -   -   -   -   -   -   -   -   -   -   -   -   -   -   -   -  109 109  -   -   -   -   -   -   -   -   -   -   -   -   -   -   -   -   -   -   -  
[1;37mC10[0;0;0m  -   -   -   -   -  156  -   -   -  [1;34m*** [0;0;0m -   -   -  155  -   -   -   -   -   -   -   -   -   -   -   -   -   -   -   -   -   -   -   -  109 108  -   -   -   -   -   -   -   -   -   -   -   -   -   -   -   -   -  
[1;37mC11[0;0;0m  -   -   -   -   -   -  154  -   -   -  [1;34m*** [0;0;0m -   -   -  148  -   -   -   -   -   -   -   -   -   -   -   -   -   -   -   -   -   -   -   -   -  109 109  -   -   -   -   -   -   -   -   -   -   -   -   -   -   -  
[1;37mC12[0;0;0m  -   -   -   -   -   -   -  162  -   -   -  [1;34m*** [0;0;0m -   -   -  150  -   -   -   -   -   -   -   -   -   -   -   -   -   -   -   -   -   -   -   -   -   -  108 109  -   -   -   -   -   -   -   -   -   -   -   -   -  
[1;37mC13[0;0;0m  -   -   -   -   -   -   -   -  156  -   -   -  [1;34m*** [0;0;0m -   -   -   -   -   -   -   -   -   -   -   -   -   -   -   -   -   -   -   -   -   -   -   -   -   -   -  110 109 109  -   -   -   -   -   -   -   -   -   -  
[1;37mC14[0;0;0m  -   -   -   -   -   -   -   -   -  155  -   -   -  [1;34m*** [0;0;0m -   -   -   -   -   -   -   -   -   -   -   -   -   -   -   -   -   -   -   -   -   -   -   -   -   -   -   -   -  109 109 109  -   -   -   -   -   -   -  
[1;37mC15[0;0;0m  -   -   -   -   -   -   -   -   -   -  148  -   -   -  [1;34m*** [0;0;0m -   -   -   -   -   -   -   -   -   -   -   -   -   -   -   -   -   -   -   -   -   -   -   -   -   -   -   -   -   -   -  109 109 109  -   -   -   -  
[1;37mC16[0;0;0m  -   -   -   -   -   -   -   -   -   -   -  150  -   -   -  [1;34m*** [0;0;0m -   -   -   -   -   -   -   -   -   -   -   -   -   -   -   -   -   -   -   -   -   -   -   -   -   -   -   -   -   -   -   -   -  109 109 110  -  
[1;37mH1[0;0;0m  109  -   -   -   -   -   -   -   -   -   -   -   -   -   -   -  [1;34m*** [0;0;0m -   -   -   -   -   -   -   -   -   -   -   -   -   -   -   -   -   -   -   -   -   -   -   -   -   -   -   -   -   -   -   -   -   -   -   -  
[1;37mH2[0;0;0m  109  -   -   -   -   -   -   -   -   -   -   -   -   -   -   -   -  [1;34m*** [0;0;0m -   -   -   -   -   -   -   -   -   -   -   -   -   -   -   -   -   -   -   -   -   -   -   -   -   -   -   -   -   -   -   -   -   -   -  
[1;37mH3[0;0;0m   -  109  -   -   -   -   -   -   -   -   -   -   -   -   -   -   -   -  [1;34m*** [0;0;0m -   -   -   -   -   -   -   -   -   -   -   -   -   -   -   -   -   -   -   -   -   -   -   -   -   -   -   -   -   -   -   -   -   -  
[1;37mH4[0;0;0m   -  109  -   -   -   -   -   -   -   -   -   -   -   -   -   -   -   -   -  [1;34m*** [0;0;0m -   -   -   -   -   -   -   -   -   -   -   -   -   -   -   -   -   -   -   -   -   -   -   -   -   -   -   -   -   -   -   -   -  
[1;37mH5[0;0;0m   -   -  109  -   -   -   -   -   -   -   -   -   -   -   -   -   -   -   -   -  [1;34m*** [0;0;0m -   -   -   -   -   -   -   -   -   -   -   -   -   -   -   -   -   -   -   -   -   -   -   -   -   -   -   -   -   -   -   -  
[1;37mH6[0;0;0m   -   -  109  -   -   -   -   -   -   -   -   -   -   -   -   -   -   -   -   -   -  [1;34m*** [0;0;0m -   -   -   -   -   -   -   -   -   -   -   -   -   -   -   -   -   -   -   -   -   -   -   -   -   -   -   -   -   -   -  
[1;37mH7[0;0;0m   -   -   -  109  -   -   -   -   -   -   -   -   -   -   -   -   -   -   -   -   -   -  [1;34m*** [0;0;0m -   -   -   -   -   -   -   -   -   -   -   -   -   -   -   -   -   -   -   -   -   -   -   -   -   -   -   -   -   -  
[1;37mH8[0;0;0m   -   -   -  109  -   -   -   -   -   -   -   -   -   -   -   -   -   -   -   -   -   -   -  [1;34m*** [0;0;0m -   -   -   -   -   -   -   -   -   -   -   -   -   -   -   -   -   -   -   -   -   -   -   -   -   -   -   -   -  
[1;37mH9[0;0;0m   -   -   -   -  109  -   -   -   -   -   -   -   -   -   -   -   -   -   -   -   -   -   -   -  [1;34m*** [0;0;0m -   -   -   -   -   -   -   -   -   -   -   -   -   -   -   -   -   -   -   -   -   -   -   -   -   -   -   -  
[1;37mH10[0;0;0m  -   -   -   -  109  -   -   -   -   -   -   -   -   -   -   -   -   -   -   -   -   -   -   -   -  [1;34m*** [0;0;0m -   -   -   -   -   -   -   -   -   -   -   -   -   -   -   -   -   -   -   -   -   -   -   -   -   -   -  
[1;37mH11[0;0;0m  -   -   -   -   -  109  -   -   -   -   -   -   -   -   -   -   -   -   -   -   -   -   -   -   -   -  [1;34m*** [0;0;0m -   -   -   -   -   -   -   -   -   -   -   -   -   -   -   -   -   -   -   -   -   -   -   -   -   -  
[1;37mH12[0;0;0m  -   -   -   -   -  109  -   -   -   -   -   -   -   -   -   -   -   -   -   -   -   -   -   -   -   -   -  [1;34m*** [0;0;0m -   -   -   -   -   -   -   -   -   -   -   -   -   -   -   -   -   -   -   -   -   -   -   -   -  
[1;37mH13[0;0;0m  -   -   -   -   -   -  109  -   -   -   -   -   -   -   -   -   -   -   -   -   -   -   -   -   -   -   -   -  [1;34m*** [0;0;0m -   -   -   -   -   -   -   -   -   -   -   -   -   -   -   -   -   -   -   -   -   -   -   -  
[1;37mH14[0;0;0m  -   -   -   -   -   -  110  -   -   -   -   -   -   -   -   -   -   -   -   -   -   -   -   -   -   -   -   -   -  [1;34m*** [0;0;0m -   -   -   -   -   -   -   -   -   -   -   -   -   -   -   -   -   -   -   -   -   -   -  
[1;37mH15[0;0;0m  -   -   -   -   -   -   -  109  -   -   -   -   -   -   -   -   -   -   -   -   -   -   -   -   -   -   -   -   -   -  [1;34m*** [0;0;0m -   -   -   -   -   -   -   -   -   -   -   -   -   -   -   -   -   -   -   -   -   -  
[1;37mH16[0;0;0m  -   -   -   -   -   -   -  110  -   -   -   -   -   -   -   -   -   -   -   -   -   -   -   -   -   -   -   -   -   -   -  [1;34m*** [0;0;0m -   -   -   -   -   -   -   -   -   -   -   -   -   -   -   -   -   -   -   -   -  
[1;37mH17[0;0;0m  -   -   -   -   -   -   -   -  109  -   -   -   -   -   -   -   -   -   -   -   -   -   -   -   -   -   -   -   -   -   -   -  [1;34m*** [0;0;0m -   -   -   -   -   -   -   -   -   -   -   -   -   -   -   -   -   -   -   -  
[1;37mH18[0;0;0m  -   -   -   -   -   -   -   -  109  -   -   -   -   -   -   -   -   -   -   -   -   -   -   -   -   -   -   -   -   -   -   -   -  [1;34m*** [0;0;0m -   -   -   -   -   -   -   -   -   -   -   -   -   -   -   -   -   -   -  
[1;37mH19[0;0;0m  -   -   -   -   -   -   -   -   -  109  -   -   -   -   -   -   -   -   -   -   -   -   -   -   -   -   -   -   -   -   -   -   -   -  [1;34m*** [0;0;0m -   -   -   -   -   -   -   -   -   -   -   -   -   -   -   -   -   -  
[1;37mH20[0;0;0m  -   -   -   -   -   -   -   -   -  108  -   -   -   -   -   -   -   -   -   -   -   -   -   -   -   -   -   -   -   -   -   -   -   -   -  [1;34m*** [0;0;0m -   -   -   -   -   -   -   -   -   -   -   -   -   -   -   -   -  
[1;37mH21[0;0;0m  -   -   -   -   -   -   -   -   -   -  109  -   -   -   -   -   -   -   -   -   -   -   -   -   -   -   -   -   -   -   -   -   -   -   -   -  [1;34m*** [0;0;0m -   -   -   -   -   -   -   -   -   -   -   -   -   -   -   -  
[1;37mH22[0;0;0m  -   -   -   -   -   -   -   -   -   -  109  -   -   -   -   -   -   -   -   -   -   -   -   -   -   -   -   -   -   -   -   -   -   -   -   -   -  [1;34m*** [0;0;0m -   -   -   -   -   -   -   -   -   -   -   -   -   -   -  
[1;37mH23[0;0;0m  -   -   -   -   -   -   -   -   -   -   -  108  -   -   -   -   -   -   -   -   -   -   -   -   -   -   -   -   -   -   -   -   -   -   -   -   -   -  [1;34m*** [0;0;0m -   -   -   -   -   -   -   -   -   -   -   -   -   -  
[1;37mH24[0;0;0m  -   -   -   -   -   -   -   -   -   -   -  109  -   -   -   -   -   -   -   -   -   -   -   -   -   -   -   -   -   -   -   -   -   -   -   -   -   -   -  [1;34m*** [0;0;0m -   -   -   -   -   -   -   -   -   -   -   -   -  
[1;37mH25[0;0;0m  -   -   -   -   -   -   -   -   -   -   -   -  110  -   -   -   -   -   -   -   -   -   -   -   -   -   -   -   -   -   -   -   -   -   -   -   -   -   -   -  [1;34m*** [0;0;0m -   -   -   -   -   -   -   -   -   -   -   -  
[1;37mH26[0;0;0m  -   -   -   -   -   -   -   -   -   -   -   -  109  -   -   -   -   -   -   -   -   -   -   -   -   -   -   -   -   -   -   -   -   -   -   -   -   -   -   -   -  [1;34m*** [0;0;0m -   -   -   -   -   -   -   -   -   -   -  
[1;37mH27[0;0;0m  -   -   -   -   -   -   -   -   -   -   -   -  109  -   -   -   -   -   -   -   -   -   -   -   -   -   -   -   -   -   -   -   -   -   -   -   -   -   -   -   -   -  [1;34m*** [0;0;0m -   -   -   -   -   -   -   -   -   -  
[1;37mH28[0;0;0m  -   -   -   -   -   -   -   -   -   -   -   -   -  109  -   -   -   -   -   -   -   -   -   -   -   -   -   -   -   -   -   -   -   -   -   -   -   -   -   -   -   -   -  [1;34m*** [0;0;0m -   -   -   -   -   -   -   -   -  
[1;37mH29[0;0;0m  -   -   -   -   -   -   -   -   -   -   -   -   -  109  -   -   -   -   -   -   -   -   -   -   -   -   -   -   -   -   -   -   -   -   -   -   -   -   -   -   -   -   -   -  [1;34m*** [0;0;0m -   -   -   -   -   -   -   -  
[1;37mH30[0;0;0m  -   -   -   -   -   -   -   -   -   -   -   -   -  109  -   -   -   -   -   -   -   -   -   -   -   -   -   -   -   -   -   -   -   -   -   -   -   -   -   -   -   -   -   -   -  [1;34m*** [0;0;0m -   -   -   -   -   -   -  
[1;37mH31[0;0;0m  -   -   -   -   -   -   -   -   -   -   -   -   -   -  109  -   -   -   -   -   -   -   -   -   -   -   -   -   -   -   -   -   -   -   -   -   -   -   -   -   -   -   -   -   -   -  [1;34m*** [0;0;0m -   -   -   -   -   -  
[1;37mH32[0;0;0m  -   -   -   -   -   -   -   -   -   -   -   -   -   -  109  -   -   -   -   -   -   -   -   -   -   -   -   -   -   -   -   -   -   -   -   -   -   -   -   -   -   -   -   -   -   -   -  [1;34m*** [0;0;0m -   -   -   -   -  
[1;37mH33[0;0;0m  -   -   -   -   -   -   -   -   -   -   -   -   -   -  109  -   -   -   -   -   -   -   -   -   -   -   -   -   -   -   -   -   -   -   -   -   -   -   -   -   -   -   -   -   -   -   -   -  [1;34m*** [0;0;0m -   -   -   -  
[1;37mH34[0;0;0m  -   -   -   -   -   -   -   -   -   -   -   -   -   -   -  109  -   -   -   -   -   -   -   -   -   -   -   -   -   -   -   -   -   -   -   -   -   -   -   -   -   -   -   -   -   -   -   -   -  [1;34m*** [0;0;0m -   -   -  
[1;37mH35[0;0;0m  -   -   -   -   -   -   -   -   -   -   -   -   -   -   -  109  -   -   -   -   -   -   -   -   -   -   -   -   -   -   -   -   -   -   -   -   -   -   -   -   -   -   -   -   -   -   -   -   -   -  [1;34m*** [0;0;0m -   -  
[1;37mH36[0;0;0m  -   -   -   -   -   -   -   -   -   -   -   -   -   -   -  110  -   -   -   -   -   -   -   -   -   -   -   -   -   -   -   -   -   -   -   -   -   -   -   -   -   -   -   -   -   -   -   -   -   -   -  [1;34m*** [0;0;0m -  
[1;37mN1[0;0;0m  152 148 151 152  -   -   -   -   -   -   -   -   -   -   -   -   -   -   -   -   -   -   -   -   -   -   -   -   -   -   -   -   -   -   -   -   -   -   -   -   -   -   -   -   -   -   -   -   -   -   -   -  [1;34m*** [0;0;0m
[1;37m
    This was a very large molecule.
    Printing the matrix again without H atoms.
[0;0;0m
    [1;37mC1[0;0;0m  [1;37mC2[0;0;0m  [1;37mC3[0;0;0m  [1;37mC4[0;0;0m  [1;37mC5[0;0;0m  [1;37mC6[0;0;0m  [1;37mC7[0;0;0m  [1;37mC8[0;0;0m  [1;37mC9[0;0;0m  [1;37mC10[0;0;0m [1;37mC11[0;0;0m [1;37mC12[0;0;0m [1;37mC13[0;0;0m [1;37mC14[0;0;0m [1;37mC15[0;0;0m [1;37mC16[0;0;0m [1;37mN1[0;0;0m 
[1;37mC1[0;0;0m  [1;34m*** [0;0;0m -   -   -  151  -   -   -   -   -   -   -   -   -   -   -  152 
[1;37mC2[0;0;0m   -  [1;34m*** [0;0;0m -   -   -  154  -   -   -   -   -   -   -   -   -   -  148 
[1;37mC3[0;0;0m   -   -  [1;34m*** [0;0;0m -   -   -  153  -   -   -   -   -   -   -   -   -  151 
[1;37mC4[0;0;0m   -   -   -  [1;34m*** [0;0;0m -   -   -  152  -   -   -   -   -   -   -   -  152 
[1;37mC5[0;0;0m  151  -   -   -  [1;34m*** [0;0;0m -   -   -  154  -   -   -   -   -   -   -   -  
[1;37mC6[0;0;0m   -  154  -   -   -  [1;34m*** [0;0;0m -   -   -  156  -   -   -   -   -   -   -  
[1;37mC7[0;0;0m   -   -  153  -   -   -  [1;34m*** [0;0;0m -   -   -  154  -   -   -   -   -   -  
[1;37mC8[0;0;0m   -   -   -  152  -   -   -  [1;34m*** [0;0;0m -   -   -  162  -   -   -   -   -  
[1;37mC9[0;0;0m   -   -   -   -  154  -   -   -  [1;34m*** [0;0;0m -   -   -  156  -   -   -   -  
[1;37mC10[0;0;0m  -   -   -   -   -  156  -   -   -  [1;34m*** [0;0;0m -   -   -  155  -   -   -  
[1;37mC11[0;0;0m  -   -   -   -   -   -  154  -   -   -  [1;34m*** [0;0;0m -   -   -  148  -   -  
[1;37mC12[0;0;0m  -   -   -   -   -   -   -  162  -   -   -  [1;34m*** [0;0;0m -   -   -  150  -  
[1;37mC13[0;0;0m  -   -   -   -   -   -   -   -  156  -   -   -  [1;34m*** [0;0;0m -   -   -   -  
[1;37mC14[0;0;0m  -   -   -   -   -   -   -   -   -  155  -   -   -  [1;34m*** [0;0;0m -   -   -  
[1;37mC15[0;0;0m  -   -   -   -   -   -   -   -   -   -  148  -   -   -  [1;34m*** [0;0;0m -   -  
[1;37mC16[0;0;0m  -   -   -   -   -   -   -   -   -   -   -  150  -   -   -  [1;34m*** [0;0;0m -  
[1;37mN1[0;0;0m  152 148 151 152  -   -   -   -   -   -   -   -   -   -   -   -  [1;34m*** [0;0;0m

    Atoms C1, C2, C3, C4 are equivalent.
    Atoms C5, C6, C7, C8 are equivalent.
    Atoms C9, C10, C11, C12 are equivalent.
    Atoms C13, C14, C15, C16 are equivalent.
    Atoms H1, H2, H3, H4, H5, H6, H7, H8 are equivalent.
    Atoms H9, H10, H11, H12, H13, H14, H15, H16 are equivalent.
    Atoms H17, H18, H19, H20, H21, H22, H23, H24 are equivalent.
    Atoms H25, H26, H27, H28, H29, H30, H31, H32, H33, H34, H35, H36 are equivalent.
[1;33m
*** Molecule 4: C2F5H; Representant 1; Distances in pm ***
[0;0;0m
    [1;37mC1[0;0;0m  [1;37mC2[0;0;0m  [1;37mF1[0;0;0m  [1;37mF2[0;0;0m  [1;37mF3[0;0;0m  [1;37mF4[0;0;0m  [1;37mF5[0;0;0m  [1;37mH1[0;0;0m 
[1;37mC1[0;0;0m  [1;34m*** [0;0;0m153 135 134 136  -   -   -  
[1;37mC2[0;0;0m  153 [1;34m*** [0;0;0m -   -   -  134 136 109 
[1;37mF1[0;0;0m  135  -  [1;34m*** [0;0;0m -   -   -   -   -  
[1;37mF2[0;0;0m  134  -   -  [1;34m*** [0;0;0m -   -   -   -  
[1;37mF3[0;0;0m  136  -   -   -  [1;34m*** [0;0;0m -   -   -  
[1;37mF4[0;0;0m   -  134  -   -   -  [1;34m*** [0;0;0m -   -  
[1;37mF5[0;0;0m   -  136  -   -   -   -  [1;34m*** [0;0;0m -  
[1;37mH1[0;0;0m   -  109  -   -   -   -   -  [1;34m*** [0;0;0m

    Atoms F1, F2, F3 are equivalent.
    Atoms F4, F5 are equivalent.
[1;33m

*** The following 4 kinds of molecules have been recognized:
[0;0;0m    (ordered by molecular mass)

[1;37m  - Molecule 1:  C4F9O3S [0;0;0m(250 pieces, 299.09 g/mol)
      (10 noneq. atoms, 9 noneq. bonds, 16 noneq. angles)
      Concentration:   1.045716 mol/liter

[1;37m  - Molecule 2:  C5F9HO2 [0;0;0m(500 pieces, 264.05 g/mol)
      (12 noneq. atoms, 11 noneq. bonds, 18 noneq. angles)
      Concentration:   2.091433 mol/liter

[1;37m  - Molecule 3:  C16H36N [0;0;0m(250 pieces, 242.46 g/mol)
      (9 noneq. atoms, 8 noneq. bonds, 15 noneq. angles)
      Concentration:   1.045716 mol/liter

[1;37m  - Molecule 4:  C2F5H [0;0;0m(614 pieces, 120.02 g/mol)
      (5 noneq. atoms, 4 noneq. bonds, 6 noneq. angles)
      Concentration:   2.568280 mol/liter


    If you switch on "USE_OPENBABEL" in config.h, TRAVIS can print SMILES strings of your molecules.

    You can create images of the structural formulas with the atom labels for easier
    identification of the atoms (requires installed GraphViz package - see www.graphviz.org).

    Create images of the structural formulas (y/n)? [no] [1;37m<RETURN>
[0;0;0m
    Accept these molecules (y) or change something (n)? [yes] [1;37m<RETURN>
[0;0;0m
    Uniting molecules which have been broken by wrapping...
      - Molecule C4F9O3S[1] united, 1 bonds unwrapped.
      - Molecule C4F9O3S[2] united, 13 bonds unwrapped.
      - Molecule C4F9O3S[12] united, 11 bonds unwrapped.
      - Molecule C4F9O3S[22] united, 2 bonds unwrapped.
      - Molecule C4F9O3S[28] united, 7 bonds unwrapped.
      - Molecule C4F9O3S[36] united, 8 bonds unwrapped.
      - Molecule C4F9O3S[46] united, 6 bonds unwrapped.
      - Molecule C4F9O3S[49] united, 1 bonds unwrapped.
      - Molecule C4F9O3S[54] united, 9 bonds unwrapped.
      - Molecule C4F9O3S[56] united, 4 bonds unwrapped.
      - Molecule C4F9O3S[59] united, 6 bonds unwrapped.
      - Molecule C4F9O3S[67] united, 1 bonds unwrapped.
      - Molecule C4F9O3S[69] united, 6 bonds unwrapped.
      - Molecule C4F9O3S[75] united, 10 bonds unwrapped.
      - Molecule C4F9O3S[78] united, 9 bonds unwrapped.
      - Molecule C4F9O3S[82] united, 13 bonds unwrapped.
      - Molecule C4F9O3S[86] united, 7 bonds unwrapped.
      - Molecule C4F9O3S[89] united, 11 bonds unwrapped.
      - Molecule C4F9O3S[95] united, 6 bonds unwrapped.
      - Molecule C4F9O3S[101] united, 3 bonds unwrapped.
      - Molecule C4F9O3S[103] united, 7 bonds unwrapped.
      - Molecule C4F9O3S[106] united, 10 bonds unwrapped.
      - Molecule C4F9O3S[107] united, 4 bonds unwrapped.
      - Molecule C4F9O3S[121] united, 2 bonds unwrapped.
      - Molecule C4F9O3S[125] united, 7 bonds unwrapped.
      - Molecule C4F9O3S[140] united, 4 bonds unwrapped.
      - Molecule C4F9O3S[144] united, 3 bonds unwrapped.
      - Molecule C4F9O3S[159] united, 5 bonds unwrapped.
      - Molecule C4F9O3S[160] united, 2 bonds unwrapped.
      - Molecule C4F9O3S[166] united, 13 bonds unwrapped.
      - Molecule C4F9O3S[167] united, 1 bonds unwrapped.
      - Molecule C4F9O3S[174] united, 8 bonds unwrapped.
      - Molecule C4F9O3S[177] united, 13 bonds unwrapped.
      - Molecule C4F9O3S[178] united, 11 bonds unwrapped.
      - Molecule C4F9O3S[186] united, 6 bonds unwrapped.
      - Molecule C4F9O3S[196] united, 13 bonds unwrapped.
      - Molecule C4F9O3S[205] united, 9 bonds unwrapped.
      - Molecule C4F9O3S[206] united, 4 bonds unwrapped.
      - Molecule C4F9O3S[209] united, 1 bonds unwrapped.
      - Molecule C4F9O3S[219] united, 8 bonds unwrapped.
      - Molecule C4F9O3S[226] united, 2 bonds unwrapped.
      - Molecule C4F9O3S[234] united, 13 bonds unwrapped.
      - Molecule C4F9O3S[236] united, 2 bonds unwrapped.
      - Molecule C4F9O3S[238] united, 13 bonds unwrapped.
      - Molecule C4F9O3S[239] united, 7 bonds unwrapped.
      - Molecule C4F9O3S[242] united, 11 bonds unwrapped.
      - Molecule C4F9O3S[249] united, 10 bonds unwrapped.
      - Molecule C5F9HO2[3] united, 7 bonds unwrapped.
      - Molecule C5F9HO2[7] united, 5 bonds unwrapped.
      - Molecule C5F9HO2[14] united, 8 bonds unwrapped.
      - Molecule C5F9HO2[17] united, 4 bonds unwrapped.
      - Molecule C5F9HO2[22] united, 10 bonds unwrapped.
      - Molecule C5F9HO2[28] united, 4 bonds unwrapped.
      - Molecule C5F9HO2[32] united, 1 bonds unwrapped.
      - Molecule C5F9HO2[41] united, 1 bonds unwrapped.
      - Molecule C5F9HO2[43] united, 1 bonds unwrapped.
      - Molecule C5F9HO2[48] united, 6 bonds unwrapped.
      - Molecule C5F9HO2[65] united, 3 bonds unwrapped.
      - Molecule C5F9HO2[73] united, 3 bonds unwrapped.
      - Molecule C5F9HO2[78] united, 2 bonds unwrapped.
      - Molecule C5F9HO2[79] united, 8 bonds unwrapped.
      - Molecule C5F9HO2[87] united, 3 bonds unwrapped.
      - Molecule C5F9HO2[91] united, 2 bonds unwrapped.
      - Molecule C5F9HO2[93] united, 2 bonds unwrapped.
      - Molecule C5F9HO2[99] united, 1 bonds unwrapped.
      - Molecule C5F9HO2[100] united, 7 bonds unwrapped.
      - Molecule C5F9HO2[113] united, 8 bonds unwrapped.
      - Molecule C5F9HO2[115] united, 6 bonds unwrapped.
      - Molecule C5F9HO2[120] united, 1 bonds unwrapped.
      - Molecule C5F9HO2[121] united, 13 bonds unwrapped.
      - Molecule C5F9HO2[127] united, 2 bonds unwrapped.
      - Molecule C5F9HO2[131] united, 4 bonds unwrapped.
      - Molecule C5F9HO2[138] united, 5 bonds unwrapped.
      - Molecule C5F9HO2[142] united, 4 bonds unwrapped.
      - Molecule C5F9HO2[146] united, 5 bonds unwrapped.
      - Molecule C5F9HO2[148] united, 2 bonds unwrapped.
      - Molecule C5F9HO2[149] united, 4 bonds unwrapped.
      - Molecule C5F9HO2[169] united, 4 bonds unwrapped.
      - Molecule C5F9HO2[172] united, 9 bonds unwrapped.
      - Molecule C5F9HO2[185] united, 1 bonds unwrapped.
      - Molecule C5F9HO2[186] united, 2 bonds unwrapped.
      - Molecule C5F9HO2[189] united, 3 bonds unwrapped.
      - Molecule C5F9HO2[192] united, 1 bonds unwrapped.
      - Molecule C5F9HO2[196] united, 4 bonds unwrapped.
      - Molecule C5F9HO2[198] united, 5 bonds unwrapped.
      - Molecule C5F9HO2[205] united, 2 bonds unwrapped.
      - Molecule C5F9HO2[209] united, 3 bonds unwrapped.
      - Molecule C5F9HO2[218] united, 8 bonds unwrapped.
      - Molecule C5F9HO2[221] united, 10 bonds unwrapped.
      - Molecule C5F9HO2[224] united, 2 bonds unwrapped.
      - Molecule C5F9HO2[228] united, 5 bonds unwrapped.
      - Molecule C5F9HO2[229] united, 10 bonds unwrapped.
      - Molecule C5F9HO2[237] united, 3 bonds unwrapped.
      - Molecule C5F9HO2[238] united, 1 bonds unwrapped.
      - Molecule C5F9HO2[240] united, 3 bonds unwrapped.
      - Molecule C5F9HO2[245] united, 2 bonds unwrapped.
      - Molecule C5F9HO2[247] united, 7 bonds unwrapped.
      - Molecule C5F9HO2[254] united, 1 bonds unwrapped.
      - Molecule C5F9HO2[262] united, 1 bonds unwrapped.
      - Molecule C5F9HO2[263] united, 3 bonds unwrapped.
      - Molecule C5F9HO2[266] united, 8 bonds unwrapped.
      - Molecule C5F9HO2[267] united, 11 bonds unwrapped.
      - Molecule C5F9HO2[274] united, 4 bonds unwrapped.
      - Molecule C5F9HO2[275] united, 1 bonds unwrapped.
      - Molecule C5F9HO2[278] united, 4 bonds unwrapped.
      - Molecule C5F9HO2[285] united, 4 bonds unwrapped.
      - Molecule C5F9HO2[293] united, 5 bonds unwrapped.
      - Molecule C5F9HO2[296] united, 4 bonds unwrapped.
      - Molecule C5F9HO2[299] united, 8 bonds unwrapped.
      - Molecule C5F9HO2[301] united, 1 bonds unwrapped.
      - Molecule C5F9HO2[302] united, 7 bonds unwrapped.
      - Molecule C5F9HO2[312] united, 1 bonds unwrapped.
      - Molecule C5F9HO2[326] united, 2 bonds unwrapped.
      - Molecule C5F9HO2[327] united, 1 bonds unwrapped.
      - Molecule C5F9HO2[338] united, 8 bonds unwrapped.
      - Molecule C5F9HO2[339] united, 1 bonds unwrapped.
      - Molecule C5F9HO2[343] united, 4 bonds unwrapped.
      - Molecule C5F9HO2[346] united, 8 bonds unwrapped.
      - Molecule C5F9HO2[353] united, 5 bonds unwrapped.
      - Molecule C5F9HO2[354] united, 7 bonds unwrapped.
      - Molecule C5F9HO2[355] united, 1 bonds unwrapped.
      - Molecule C5F9HO2[376] united, 6 bonds unwrapped.
      - Molecule C5F9HO2[379] united, 1 bonds unwrapped.
      - Molecule C5F9HO2[381] united, 9 bonds unwrapped.
      - Molecule C5F9HO2[382] united, 2 bonds unwrapped.
      - Molecule C5F9HO2[389] united, 4 bonds unwrapped.
      - Molecule C5F9HO2[391] united, 10 bonds unwrapped.
      - Molecule C5F9HO2[405] united, 2 bonds unwrapped.
      - Molecule C5F9HO2[409] united, 1 bonds unwrapped.
      - Molecule C5F9HO2[422] united, 10 bonds unwrapped.
      - Molecule C5F9HO2[428] united, 6 bonds unwrapped.
      - Molecule C5F9HO2[431] united, 4 bonds unwrapped.
      - Molecule C5F9HO2[434] united, 2 bonds unwrapped.
      - Molecule C5F9HO2[438] united, 4 bonds unwrapped.
      - Molecule C5F9HO2[439] united, 1 bonds unwrapped.
      - Molecule C5F9HO2[461] united, 4 bonds unwrapped.
      - Molecule C5F9HO2[465] united, 8 bonds unwrapped.
      - Molecule C5F9HO2[467] united, 4 bonds unwrapped.
      - Molecule C5F9HO2[473] united, 10 bonds unwrapped.
      - Molecule C5F9HO2[475] united, 4 bonds unwrapped.
      - Molecule C5F9HO2[479] united, 4 bonds unwrapped.
      - Molecule C5F9HO2[481] united, 3 bonds unwrapped.
      - Molecule C5F9HO2[483] united, 2 bonds unwrapped.
      - Molecule C5F9HO2[484] united, 2 bonds unwrapped.
      - Molecule C16H36N[1] united, 16 bonds unwrapped.
      - Molecule C16H36N[4] united, 7 bonds unwrapped.
      - Molecule C16H36N[6] united, 7 bonds unwrapped.
      - Molecule C16H36N[8] united, 7 bonds unwrapped.
      - Molecule C16H36N[15] united, 19 bonds unwrapped.
      - Molecule C16H36N[17] united, 23 bonds unwrapped.
      - Molecule C16H36N[20] united, 10 bonds unwrapped.
      - Molecule C16H36N[21] united, 4 bonds unwrapped.
      - Molecule C16H36N[23] united, 25 bonds unwrapped.
      - Molecule C16H36N[25] united, 25 bonds unwrapped.
      - Molecule C16H36N[26] united, 11 bonds unwrapped.
      - Molecule C16H36N[27] united, 9 bonds unwrapped.
      - Molecule C16H36N[30] united, 27 bonds unwrapped.
      - Molecule C16H36N[31] united, 22 bonds unwrapped.
      - Molecule C16H36N[33] united, 4 bonds unwrapped.
      - Molecule C16H36N[35] united, 23 bonds unwrapped.
      - Molecule C16H36N[36] united, 22 bonds unwrapped.
      - Molecule C16H36N[37] united, 16 bonds unwrapped.
      - Molecule C16H36N[38] united, 7 bonds unwrapped.
      - Molecule C16H36N[43] united, 14 bonds unwrapped.
      - Molecule C16H36N[45] united, 2 bonds unwrapped.
      - Molecule C16H36N[46] united, 1 bonds unwrapped.
      - Molecule C16H36N[48] united, 28 bonds unwrapped.
      - Molecule C16H36N[49] united, 22 bonds unwrapped.
      - Molecule C16H36N[51] united, 20 bonds unwrapped.
      - Molecule C16H36N[58] united, 7 bonds unwrapped.
      - Molecule C16H36N[61] united, 3 bonds unwrapped.
      - Molecule C16H36N[65] united, 13 bonds unwrapped.
      - Molecule C16H36N[66] united, 11 bonds unwrapped.
      - Molecule C16H36N[67] united, 13 bonds unwrapped.
      - Molecule C16H36N[71] united, 22 bonds unwrapped.
      - Molecule C16H36N[72] united, 7 bonds unwrapped.
      - Molecule C16H36N[77] united, 19 bonds unwrapped.
      - Molecule C16H36N[78] united, 17 bonds unwrapped.
      - Molecule C16H36N[80] united, 6 bonds unwrapped.
      - Molecule C16H36N[82] united, 1 bonds unwrapped.
      - Molecule C16H36N[87] united, 12 bonds unwrapped.
      - Molecule C16H36N[91] united, 25 bonds unwrapped.
      - Molecule C16H36N[92] united, 23 bonds unwrapped.
      - Molecule C16H36N[100] united, 20 bonds unwrapped.
      - Molecule C16H36N[102] united, 27 bonds unwrapped.
      - Molecule C16H36N[106] united, 22 bonds unwrapped.
      - Molecule C16H36N[107] united, 4 bonds unwrapped.
      - Molecule C16H36N[110] united, 11 bonds unwrapped.
      - Molecule C16H36N[117] united, 14 bonds unwrapped.
      - Molecule C16H36N[120] united, 15 bonds unwrapped.
      - Molecule C16H36N[127] united, 2 bonds unwrapped.
      - Molecule C16H36N[132] united, 15 bonds unwrapped.
      - Molecule C16H36N[137] united, 13 bonds unwrapped.
      - Molecule C16H36N[140] united, 21 bonds unwrapped.
      - Molecule C16H36N[142] united, 19 bonds unwrapped.
      - Molecule C16H36N[144] united, 15 bonds unwrapped.
      - Molecule C16H36N[155] united, 25 bonds unwrapped.
      - Molecule C16H36N[157] united, 1 bonds unwrapped.
      - Molecule C16H36N[161] united, 18 bonds unwrapped.
      - Molecule C16H36N[162] united, 14 bonds unwrapped.
      - Molecule C16H36N[163] united, 22 bonds unwrapped.
      - Molecule C16H36N[164] united, 22 bonds unwrapped.
      - Molecule C16H36N[172] united, 2 bonds unwrapped.
      - Molecule C16H36N[175] united, 8 bonds unwrapped.
      - Molecule C16H36N[177] united, 7 bonds unwrapped.
      - Molecule C16H36N[181] united, 1 bonds unwrapped.
      - Molecule C16H36N[182] united, 20 bonds unwrapped.
      - Molecule C16H36N[192] united, 15 bonds unwrapped.
      - Molecule C16H36N[198] united, 4 bonds unwrapped.
      - Molecule C16H36N[199] united, 17 bonds unwrapped.
      - Molecule C16H36N[210] united, 2 bonds unwrapped.
      - Molecule C16H36N[211] united, 6 bonds unwrapped.
      - Molecule C16H36N[218] united, 6 bonds unwrapped.
      - Molecule C16H36N[220] united, 11 bonds unwrapped.
      - Molecule C16H36N[225] united, 18 bonds unwrapped.
      - Molecule C16H36N[227] united, 14 bonds unwrapped.
      - Molecule C16H36N[229] united, 1 bonds unwrapped.
      - Molecule C16H36N[230] united, 8 bonds unwrapped.
      - Molecule C16H36N[231] united, 23 bonds unwrapped.
      - Molecule C16H36N[238] united, 23 bonds unwrapped.
      - Molecule C16H36N[243] united, 17 bonds unwrapped.
      - Molecule C16H36N[248] united, 7 bonds unwrapped.
      - Molecule C2F5H[9] united, 3 bonds unwrapped.
      - Molecule C2F5H[13] united, 1 bonds unwrapped.
      - Molecule C2F5H[20] united, 3 bonds unwrapped.
      - Molecule C2F5H[35] united, 3 bonds unwrapped.
      - Molecule C2F5H[38] united, 2 bonds unwrapped.
      - Molecule C2F5H[96] united, 1 bonds unwrapped.
      - Molecule C2F5H[98] united, 2 bonds unwrapped.
      - Molecule C2F5H[99] united, 1 bonds unwrapped.
      - Molecule C2F5H[101] united, 2 bonds unwrapped.
      - Molecule C2F5H[119] united, 2 bonds unwrapped.
      - Molecule C2F5H[120] united, 1 bonds unwrapped.
      - Molecule C2F5H[129] united, 4 bonds unwrapped.
      - Molecule C2F5H[137] united, 1 bonds unwrapped.
      - Molecule C2F5H[158] united, 1 bonds unwrapped.
      - Molecule C2F5H[159] united, 1 bonds unwrapped.
      - Molecule C2F5H[162] united, 4 bonds unwrapped.
      - Molecule C2F5H[181] united, 4 bonds unwrapped.
      - Molecule C2F5H[183] united, 1 bonds unwrapped.
      - Molecule C2F5H[197] united, 2 bonds unwrapped.
      - Molecule C2F5H[201] united, 4 bonds unwrapped.
      - Molecule C2F5H[205] united, 2 bonds unwrapped.
      - Molecule C2F5H[227] united, 1 bonds unwrapped.
      - Molecule C2F5H[230] united, 3 bonds unwrapped.
      - Molecule C2F5H[236] united, 3 bonds unwrapped.
      - Molecule C2F5H[247] united, 1 bonds unwrapped.
      - Molecule C2F5H[250] united, 5 bonds unwrapped.
      - Molecule C2F5H[258] united, 1 bonds unwrapped.
      - Molecule C2F5H[266] united, 1 bonds unwrapped.
      - Molecule C2F5H[269] united, 4 bonds unwrapped.
      - Molecule C2F5H[275] united, 1 bonds unwrapped.
      - Molecule C2F5H[280] united, 2 bonds unwrapped.
      - Molecule C2F5H[286] united, 4 bonds unwrapped.
      - Molecule C2F5H[295] united, 1 bonds unwrapped.
      - Molecule C2F5H[298] united, 1 bonds unwrapped.
      - Molecule C2F5H[310] united, 3 bonds unwrapped.
      - Molecule C2F5H[324] united, 1 bonds unwrapped.
      - Molecule C2F5H[325] united, 4 bonds unwrapped.
      - Molecule C2F5H[338] united, 1 bonds unwrapped.
      - Molecule C2F5H[358] united, 3 bonds unwrapped.
      - Molecule C2F5H[372] united, 1 bonds unwrapped.
      - Molecule C2F5H[390] united, 4 bonds unwrapped.
      - Molecule C2F5H[391] united, 1 bonds unwrapped.
      - Molecule C2F5H[396] united, 3 bonds unwrapped.
      - Molecule C2F5H[403] united, 5 bonds unwrapped.
      - Molecule C2F5H[424] united, 4 bonds unwrapped.
      - Molecule C2F5H[429] united, 2 bonds unwrapped.
      - Molecule C2F5H[434] united, 2 bonds unwrapped.
      - Molecule C2F5H[448] united, 2 bonds unwrapped.
      - Molecule C2F5H[449] united, 1 bonds unwrapped.
      - Molecule C2F5H[451] united, 4 bonds unwrapped.
      - Molecule C2F5H[454] united, 3 bonds unwrapped.
      - Molecule C2F5H[458] united, 4 bonds unwrapped.
      - Molecule C2F5H[463] united, 2 bonds unwrapped.
      - Molecule C2F5H[470] united, 1 bonds unwrapped.
      - Molecule C2F5H[497] united, 2 bonds unwrapped.
      - Molecule C2F5H[504] united, 3 bonds unwrapped.
      - Molecule C2F5H[512] united, 2 bonds unwrapped.
      - Molecule C2F5H[515] united, 4 bonds unwrapped.
      - Molecule C2F5H[525] united, 1 bonds unwrapped.
      - Molecule C2F5H[535] united, 3 bonds unwrapped.
      - Molecule C2F5H[550] united, 2 bonds unwrapped.
      - Molecule C2F5H[557] united, 2 bonds unwrapped.
      - Molecule C2F5H[575] united, 5 bonds unwrapped.
      - Molecule C2F5H[586] united, 1 bonds unwrapped.
      - Molecule C2F5H[594] united, 4 bonds unwrapped.
      - Molecule C2F5H[596] united, 1 bonds unwrapped.
      - Molecule C2F5H[602] united, 1 bonds unwrapped.
      - Molecule C2F5H[606] united, 4 bonds unwrapped.

    Determining maximum molecular diameters...

[1;37m    Found the following maximal molecular diameters:
[0;0;0m
[1;33m      (*)[0;0;0m Molecule 1 (C4F9O3S):    733.48 pm

[1;33m      (*)[0;0;0m Molecule 2 (C5F9HO2):    761.45 pm

[1;33m      (*)[0;0;0m Molecule 3 (C16H36N):   1220.17 pm

[1;33m      (*)[0;0;0m Molecule 4 (C2F5H):      389.11 pm

[1;37m
    The atoms are currently ordered by topological priority.
[0;0;0m[1;37m
    Defining virtual atom #1 as molecular Center of Geometry:
[0;0;0m      - C4F9O3S...
      - C5F9HO2...
      - C16H36N...
      - C2F5H...
[1;37m
    Defining virtual atom #2 as molecular Center of Mass:
[0;0;0m      - C4F9O3S...
      - C5F9HO2...
      - C16H36N...
      - C2F5H...
[1;37m
    Defining molecular dipole vectors:

[0;0;0m      The last virtual atom of each molecule is defined as the tip of the dipole vector
      starting in center of mass (#2). 1 Debye corresponds to 100 pm of vector length.
      Only useful if dipole/charge data is provided. Otherwise vector has always length of zero.

      - Dipole vector #2 --> #3 in C4F9O3S ...
      - Dipole vector #2 --> #3 in C5F9HO2 ...
      - Dipole vector #2 --> #3 in C16H36N ...
      - Dipole vector #2 --> #3 in C2F5H ...
[1;32m
>>> 12 virtual atoms have been defined: >>>
[0;0;0m[1;37m
    #1 in C4F9O3S: Center of Geometry.[0;0;0m[1;37m
    #2 in C4F9O3S: Center of Mass.[0;0;0m
[1;37m
    #3 in C4F9O3S - tip of molecular dipole vector starting in #2.
[0;0;0m[1;37m
    #1 in C5F9HO2: Center of Geometry.[0;0;0m[1;37m
    #2 in C5F9HO2: Center of Mass.[0;0;0m
[1;37m
    #3 in C5F9HO2 - tip of molecular dipole vector starting in #2.
[0;0;0m[1;37m
    #1 in C16H36N: Center of Geometry.[0;0;0m[1;37m
    #2 in C16H36N: Center of Mass.[0;0;0m
[1;37m
    #3 in C16H36N - tip of molecular dipole vector starting in #2.
[0;0;0m[1;37m
    #1 in C2F5H: Center of Geometry.[0;0;0m[1;37m
    #2 in C2F5H: Center of Mass.[0;0;0m
[1;37m
    #3 in C2F5H - tip of molecular dipole vector starting in #2.
[0;0;0m[1;32m
<<< End of virtual atoms <<<

[0;0;0m[1;37m
>>> List of functions <<<

[0;0;0m[1;33m *** Static (time independent) Functions
[0;0;0m[1;37m cdf      [0;0;0m- Combined Distribution Function
[1;37m rdf      [0;0;0m- Radial Distribution Function
[1;37m adf      [0;0;0m- Angular Distribution Function
[1;37m ddf      [0;0;0m- Dihedral Distribution Function
[1;37m pldf     [0;0;0m- Point-Plane Distance Distribution
[1;37m lidf     [0;0;0m- Point-Line Distance Distribution
[1;37m plproj   [0;0;0m- Plane Projection Distribution
[1;37m dprof    [0;0;0m- Fixed Plane Density Profile
[1;37m fpp      [0;0;0m- Fixed Plane Projection
[1;37m dens     [0;0;0m- Density Distribution Function
[1;37m sdf      [0;0;0m- Spatial Distribution Function
[1;37m psdf     [0;0;0m- Pseudo SDF (only 2 ref. atoms)
[1;37m dip      [0;0;0m- Dipole Distribution Function
[1;37m cond     [0;0;0m- Evaluate Structural Condition
[1;37m sfac     [0;0;0m- Compute Structure Factor
[1;37m agtopo   [0;0;0m- Aggregation Topology Analysis
[1;37m sankey   [0;0;0m- Sankey diagram plot
[1;37m cmat     [0;0;0m- Contact Matrix / Connection Matrix
[1;37m geodens  [0;0;0m- Particle Density inside Geometric Object

[1;33m *** Dynamic (time dependent) Functions
[0;0;0m[1;37m vdf      [0;0;0m- Velocity Distribution Function
[1;37m fdf      [0;0;0m- Force Distribution Function
[1;37m msd      [0;0;0m- Mean Square Displacement / Diffusion Coefficients
[1;37m acf      [0;0;0m- Velocity Autocorrelation Functions
[1;37m rdyn     [0;0;0m- Vector Reorientation Dynamics
[1;37m vhcf     [0;0;0m- Van Hove Correlation Function
[1;37m aggr     [0;0;0m- Aggregation Functions (DACF, DLDF, DDisp)
[1;37m hbond    [0;0;0m- Hydrogen Bond Dynamics
[1;37m ionpair  [0;0;0m- Diffusion Corrected Ion Pair Dynamics
[1;37m tddf     [0;0;0m- Time Dependent Distribution Functions

[1;33m *** Spectroscopic Functions
[0;0;0m[1;37m spec     [0;0;0m- New Spectroscopy Module (IR, Raman, VCD, ROA)
[1;37m power    [0;0;0m- Calculate Power Spectrum
[1;37m nc       [0;0;0m- Normal Coordinate Analysis
[1;37m ir       [0;0;0m- (old) Calculate IR Spectrum
[1;37m raman    [0;0;0m- (old) Calculate Raman Spectrum
[1;37m vcd      [0;0;0m- (old) Calculate VCD Spectrum
[1;37m rera     [0;0;0m- Calculate Resonance Raman Spectrum
[1;37m drst     [0;0;0m- Save Dipole Restart File
[1;37m mrst     [0;0;0m- Save Magnetic Moment Restart File
[1;37m pol      [0;0;0m- Set up Polarizability Calculation

[1;33m *** Miscellaneous Functions
[0;0;0m[1;37m env      [0;0;0m- Save Trajectory of RM Environment / TDO Plot
[1;37m proc     [0;0;0m- Save Processed Trajectory
[1;37m cut      [0;0;0m- Cut Clusters
[1;37m reg      [0;0;0m- Region-specific Analysis
[1;37m chi      [0;0;0m- Chirality Analysis
[1;37m eck      [0;0;0m- Transform to Eckart Frame
[1;37m swan     [0;0;0m- Sort Wannier Centers
[1;37m voro     [0;0;0m- Basic Voronoi Analysis
[1;37m vori     [0;0;0m- Voronoi Integration Functions
[1;37m vorochg  [0;0;0m- Voronoi Charge Optimization
[1;37m doma     [0;0;0m- Domain Analysis
[1;37m order    [0;0;0m- Order Parameters
[1;37m hole     [0;0;0m- Hole Theory based Analysis
[1;37m cla      [0;0;0m- Cluster Analysis

   (You may specify multiple analyses at once, but
    the safe way is to perform only one kind of analysis at a time.)

    Which functions to compute (comma separated)? [1;37mcdf
[0;0;0m
[1;37m cdf     [0;0;0m- Combined Distribution Function

[1;37m    The advanced mode includes some options which are quite powerful,
    yet possibly weird or seldomly required.

[0;0;0m    Use the advanced mode for the main part (y/n)? [no] [1;37m<RETURN>
[0;0;0m
[1;33m*** Combined Distribution Function

[0;0;0m    How many channels should the Combined Distribution Function have? [2] [1;37m<RETURN>
[0;0;0m    Choose from these functions: rdf, adf, ddf, dip, vdf, pldf, lidf
    Channel 1: Enter function type (e.g. rdf): [1;37mrdf
[0;0;0m    Channel 2: Enter function type (e.g. rdf): [1;37madf
[0;0;0m
    Which of the molecules should be the reference molecule (C4F9O3S=1, C5F9HO2=2, C16H36N=3, C2F5H=4)? [1;37m4
[0;0;0m[1;37m
    C2F5H is the reference molecule.

[0;0;0m[1;33m
>>> Observation 1 >>>

[0;0;0m    Perform this observation intramolecular (within the reference molecule) (0) or intermolecular (1)? [1] [1;37m<RETURN>
[0;0;0m
[1;37m    Please note: [0;0;0mAlthough you specified this observation to be intermolecular, you may of course
                 choose atoms from RM only (or OM only), which will yield an intramolecular quantity.

    Switch on the "advanced mode" to perform a three-body analysis.

    Which molecule should be observed (C4F9O3S=1, C5F9HO2=2, C16H36N=3, C2F5H=4)? [1;37m1
[0;0;0m[1;34m
>>> Combined Distribution Function >>>
[0;0;0m[1;34m
### Channel 1 ###
[0;0;0m[1;37m
>>> Radial Distribution Function >>>

[0;0;0m    Take reference atom(s) from RM C2F5H (0) or from OM C4F9O3S (1)? [0] [1;37m<RETURN>
[0;0;0m    Take observed atom(s) from RM C2F5H (0) or from OM C4F9O3S (1)? [1] [1;37m<RETURN>
[0;0;0m
    Which atom(s) to take from RM C2F5H (e.g. "C1,C3-5,H", "*"=all)? [#2] [1;37mC2
[0;0;0m    Which atom(s) to take from OM C4F9O3S (e.g. "C1,C3-5,H", "*"=all)? [#2] [1;37mO1
[0;0;0m    This yields in 1 combinations.

    The smallest periodic cell half diameter is 3674.76 pm. You can compute meaningful RDFs up to this distance.

    Using 0 pm as the minimal radius of the RDF.

    Enter the maximal radius of this RDF (in pm): [1000.0] [1;37m<RETURN>
[0;0;0m
    The default resolution is 300 bins per nm, corresponding to a bin width of 3.33 pm.

    Enter the resolution (bin count) for this RDF: [300] [1;37m<RETURN>
[0;0;0m    Correct radial distribution for this RDF (y/n)? [yes] [1;37m<RETURN>
[0;0;0m[1;37m
<<< End of Radial Distribution Function <<<

[0;0;0m[1;34m
### Channel 2 ###
[0;0;0m[1;37m
>>> Angular Distribution Function >>>

[0;0;0m    Should the 1. vector depict position (1), dipole (2), velocity (3) or force (4)? [1] [1;37m<RETURN>
[0;0;0m[1;33m
    Please note: [0;0;0mThe last virtual atom (e.g., #3) of each molecule is defined as the tip of the
    molecular dipole vector starting from molecular center of mass (i.e., #2). So you can involve the
    dipole vector in any analysis. 1 Debye corresponds to 100 pm length of the vector.

    Should the 2. vector depict position (1), dipole (2), velocity (3) or force (4)? [1] [1;37m<RETURN>
[0;0;0m
    Should the 1. vector connect 2 points (0) or stand perpendicular to 3 points (1)? [0] [1;37m<RETURN>
[0;0;0m
    Take atom(s) at the base point from RM C2F5H (0) or from OM C4F9O3S (1)? [0] [1;37m<RETURN>
[0;0;0m      Please enter the atom(s) at the base point (e.g. C7): [1;37mC2
[0;0;0m    Take atom(s) at the tip point from RM C2F5H (0) or from OM C4F9O3S (1)? [0] [1;37m<RETURN>
[0;0;0m      Please enter the atom(s) at the tip point (e.g. C7): [1;37mH1
[0;0;0m
    Should the 2. vector connect 2 points (0) or stand perpendicular to 3 points (1)? [0] [1;37m<RETURN>
[0;0;0m
    Take atom(s) at the base point from RM C2F5H (0) or from OM C4F9O3S (1)? [1] [1;37m0
[0;0;0m      Please enter the atom(s) at the base point (e.g. C7): [1;37mC2
[0;0;0m    Take atom(s) at the tip point from RM C2F5H (0) or from OM C4F9O3S (1)? [1] [1;37m<RETURN>
[0;0;0m      Please enter the atom(s) at the tip point (e.g. C7): [1;37mO1
[0;0;0m
    Enter minimal angle between the vectors: [0 deg] [1;37m<RETURN>
[0;0;0m    Enter maximal angle between the vectors: [180 deg] [1;37m<RETURN>
[0;0;0m    Please enter the resolution (bin count) for this ADF: [100] [1;37m<RETURN>
[0;0;0m    Apply cone correction (y/n)? [yes] [1;37m<RETURN>
[0;0;0m[1;37m
<<< End of Angular Distribution Function <<<

[0;0;0m
    Please enter the resolution (bin count) for CDF channel 1 (RDF): [100] [1;37m<RETURN>
[0;0;0m    Please enter the resolution (bin count) for CDF channel 2 (ADF): [100] [1;37m<RETURN>
[0;0;0m[1;37m
    Using 1 combination for each RM-OM pair.

[0;0;0m    Write out +/- correlation plot for this CDF (y/n)? [no] [1;37m<RETURN>
[0;0;0m[1;34m
<<< End of Combined Distribution Function <<<

[0;0;0m    Save temporal development for this observation (y/n)? [no] [1;37m<RETURN>
[0;0;0m    Add a condition to this observation (y/n)? [no] [1;37m<RETURN>
[0;0;0m[1;33m
<<< End of Observation 1 <<<
[0;0;0m
    Add another observation (y/n)? [no] [1;37m<RETURN>
[0;0;0m
[1;37m>>> Observation List >>>

[0;0;0m[1;33m  *** Observation 1
[0;0;0m    - Combined Distribution Function:
      - Channel 1: RDF: C2F5H_C4F9O3S_[C2r_O1o]
      - Channel 2: ADF: C2F5H_C4F9O3S_[C2r_H1r]-[C2r_O1o]
[1;37m
<<< End of Observation List <<<

[0;0;0m
    Not wrapping molecules into the box.

    Not removing center of mass movement of the box.

    Skip repeated time steps (y/n)? [no] [1;37m<RETURN>
[0;0;0m    In which trajectory frame to start processing the trajectory? [1] [1;37m<RETURN>
[0;0;0m    How many trajectory frames to read (from this position on)? [all] [1;37m<RETURN>
[0;0;0m    Use every n-th read trajectory frame for the analysis: [1] [1;37m<RETURN>
[0;0;0m[1;33m
    Using 3601 time steps: Every 1st within range 1 - approx. 3601.
[0;0;0m[1;37m
########## All information collected ##########

[0;0;0m[1;37m>>> Initialization >>>

[0;0;0mInitializing observation 1...
  Creating RDF...
  Creating ADF...
  Creating CDF...
[1;37m
<<< End of Initialization <<<

[0;0;0m[1;37m
##########   Starting Main Pass   ##########
[0;0;0m[1;37m
Hint: [0;0;0mPress CTRL+C once to softly interrupt analysis and still write the results.
      Creating an empty file named EXIT ("touch EXIT") has the same effect.

Step      0 ..................................................
Step     50 .................................................. ETA  3m40s
Step    300 .................................................. ETA  3m19s
Step    550 .................................................. ETA  3m02s
Step    800 .................................................. ETA  2m45s
Step   1050 .................................................. ETA  2m28s
Step   1300 .................................................. ETA  2m12s
Step   1550 .................................................. ETA  1m56s
Step   1800 .................................................. ETA  1m39s
Step   2050 .................................................. ETA  1m23s
Step   2300 .................................................. ETA  1m07s
Step   2550 .................................................. ETA 51s
Step   2800 .................................................. ETA 35s
Step   3050 .................................................. ETA 19s
Step   3300 .................................................. ETA  3s
Step   3550 ...........
End of trajectory file reached.
[1;37m

##########   Main pass done   ##########
[0;0;0m
3601 time steps processed.

[1;37m

    Finishing analyses:
[0;0;0m[1;37m----------------------------------------------------------------------------------------------------------

[0;0;0m[1;33m
>>> Observation 1 >>>
[0;0;0m[1;37m
* Angular Distribution Function
[0;0;0m    552753500 bin entries, 0 out of bin range (0.00 percent).
    Max. bin entry: 8.670622E+06  -->  EPS: 1.862645E-09
    Mean value:    89.9672 degree    Standard deviation:    39.2015 degree
    Min. value: 0.00546934 degree    Max. value:            179.989 degree
    Applying cone correction...
    Saving ADF as adf_C2F5H_C4F9O3S_[C2r_H1r]-[C2r_O1o].csv ...
    Saving ADF AGR file as "adf_C2F5H_C4F9O3S_[C2r_H1r]-[C2r_O1o].agr"...
[1;37m
* Radial Distribution Function
[0;0;0m    5461374 bin entries, 547292126 out of bin range (99.01 percent).
    Max. bin entry: 6.517836E+04  -->  EPS: 7.275958E-12
    Mean value:       3539 pm    Standard deviation:    1021.96 pm
    Min. value:    277.166 pm    Max.value:             6380.73 pm
    Scaling RDF to uniform density ...
    Correcting radial distribution...
    Performing automatic peak detection...
[1;37m    >>> Peak Data >>>
[0;0;0m      1. maximum at  351.67 pm, height  2.0480
      1. minimum at  461.67 pm, height  0.6282,  0.1969 particles in 1. solvation shell.
      2. maximum at  565.00 pm, height  0.9793
[1;37m    <<< Peak Data <<<
[0;0;0m    Saving RDF as "rdf_C2F5H_C4F9O3S_[C2r_O1o].csv"...
[1;33m      Note:[0;0;0m The third column of the text file contains the number integral / coordination number.
    Saving RDF AGR file as "rdf_C2F5H_C4F9O3S_[C2r_O1o].agr"...
[1;37m
* Combined Distribution Function (2D)
[0;0;0m    5461374 bin entries, 547292126 out of bin range (99.01 percent).
    Max. bin entry: 3.307209E+03  -->  EPS: 4.547474E-13
    Correcting radial distribution for CDF channel 1...
    Correcting angular distribution for CDF channel 2...
    Normalizing integral value to 1000000.00.
    Saving CDF triples as "cdf_2_rdf[C2r_O1o]_adf[C2r_H1r]-[C2r_O1o]_triples.csv"...
    Saving CDF matrix as "cdf_2_rdf[C2r_O1o]_adf[C2r_H1r]-[C2r_O1o]_matrix.csv"...
    Saving CDF Mathematica Notebook as "cdf_2_rdf[C2r_O1o]_adf[C2r_H1r]-[C2r_O1o].nb"...
       CreateTicks(): Optimizing axis ticks for range 0 - 1000...
          Using 6 major ticks: 0, 200, 400, 600, 800, 1000.
          Using 1 minor ticks per major tick: 0, (100), 200.
       CreateTicks(): Optimizing axis ticks for range 0 - 180...
          Using 5 major ticks: 0, 45, 90, 135, 180.
          Using 2 minor ticks per major tick: 0, (15), (30), 45.
    Saving CDF Gnuplot Input as "cdf_2_rdf[C2r_O1o]_adf[C2r_H1r]-[C2r_O1o].gp"...
       CreateTicks(): Optimizing axis ticks for range 0 - 1000...
          Using 6 major ticks: 0, 200, 400, 600, 800, 1000.
          Using 1 minor ticks per major tick: 0, (100), 200.
       CreateTicks(): Optimizing axis ticks for range 0 - 180...
          Using 5 major ticks: 0, 45, 90, 135, 180.
          Using 2 minor ticks per major tick: 0, (15), (30), 45.
    Saving combined plot AGR file as "cdf_2_rdf[C2r_O1o]_adf[C2r_H1r]-[C2r_O1o]_combined.agr"...
[1;37m

----------------------------------------------------------------------------------------------------------
[0;0;0m[1;37m    Finished all analyses.

[0;0;0m[1;37m
    Analysis was running for 0h 3m 50s.
[0;0;0m[1;37m      (15.657 steps per second)

[0;0;0m
[1;33m    Note:[0;0;0m To show a list of all persons who contributed to TRAVIS,
          please add "[1;37m-credits[0;0;0m" to your command line arguments, or set the
          variable "SHOWCREDITS" to "TRUE" in your travis.conf file.

    Source code from other projects used in TRAVIS:
      - lmfit     from [1;37mJoachim Wuttke
[0;0;0m      - kiss_fft  from [1;37mMark Borgerding
[0;0;0m      - voro++    from [1;37mChris Rycroft
[0;0;0m
[1;37m    http://www.travis-analyzer.de

[0;0;0m[1;31m    Please cite all of the following articles for the analyses you have used:

[0;0;0m[1;33m  * For TRAVIS in general:

[0;0;0m[1;37m    "TRAVIS - A Free Analyzer for Trajectories from Molecular Simulation",
[0;0;0m    M. Brehm, M. Thomas, S. Gehrke, B. Kirchner; J. Chem. Phys. 2020, 152 (16), 164105.   (DOI 10.1063/5.0005078 )

[1;37m    "TRAVIS - A Free Analyzer and Visualizer for Monte Carlo and Molecular Dynamics Trajectories",
[0;0;0m    M. Brehm, B. Kirchner; J. Chem. Inf. Model. 2011, 51 (8), pp 2007-2023.   (DOI 10.1021/ci200217w )

[1;37m*** The End ***

[0;0;0m