Command line:
"travis -p ../../../3_prNPT/trajectory.gro -i input.txt"


  ________                                 __
 /        |                               /  |
 ########/ ______    ______    __     __  ##/    _______
    ## |  /      \  /      \  /  \   /  | /  |  /       |
    ## | /######  | ######  | ##  \ /##/  ## | /#######/
    ## | ## |  ##/  /    ## |  ##  /##/   ## | ##      \
    ## | ## |      /####### |   ## ##/    ## |  ######  |
    ## | ## |      ##    ## |    ###/     ## | /     ##/
    ##/  ##/        #######/      #/      ##/  #######/

    TRajectory Analyzer and VISualizer  -  Open-source free software under GNU GPL v3

    Copyright (c) Martin Brehm      (2009-2022), University of Halle (Saale)
                  Martin Thomas     (2012-2022)
                  Sascha Gehrke     (2016-2022), University of Bonn
                  Barbara Kirchner  (2009-2022), University of Bonn

    http://www.travis-analyzer.de

    Please cite: J. Chem. Phys. 2020, 152 (16), 164105.         (DOI 10.1063/5.0005078 )
                 J. Chem. Inf. Model. 2011, 51 (8), 2007-2023.  (DOI 10.1021/ci200217w )

    There is absolutely no warranty on any results obtained from TRAVIS.

 #  Running on newton02 at Fri May  9 11:11:01 2025 (PID 547099)
 #  Running in /home/bach/bastian/1_solvation_insights/MD/8/4_results/add/re4a_hdfs
 #  Version: Jul 29 2022, built at Apr 15 2023, 11:23:55, compiler "8.5.0 20210514 (Red Hat 8.5.0-13)", GCC 8.5.0
 #  Target platform: Linux, __cplusplus=201402L, Compile flags: NEW_CHARGEVAR DEBUG_ARRAYS 
 #  Machine: x86_64, char=1b, int=4b, long=8b, addr=8b, 0xA0B0C0D0=D0,C0,B0,A0.
 #  Home: /home/bach,  Executable: /home/bach/travis/exe/travis
 #  Input from input.txt, Output is redirected

    >>> Please use a color scheme with dark background or specify "-nocolor"! <<<

    Loading configuration from /home/bach/.travis.conf ...

    Opening position trajectory ../../../3_prNPT/trajectory.gro ...

    Trajectory contains approximately 3601 frames (just a *guess* from the file size of 3.84 GiB).

    Digits or special characters in element labels not allowed.
    Removing those characters from all atom labels.

    25412 atoms in the system: 7228x C, 11206x F, 4478x H, 500x N, 1750x O, 250x S

    System extent:  X = {     +0 ..  +7154 pm }, dX = 7154 pm
      (in step 1)   Y = {     +0 ..  +7154 pm }, dY = 7154 pm
                    Z = {     +0 ..  +7154 pm }, dZ = 7154 pm

    The "advanced mode" offers seldomly required features, including support for non-orthorhombic
    simulation cells, NPT ensemble, non-periodic systems, user-definded virtual atoms, pseudomolecules, ...

    Use the advanced mode until the analysis selection menu (y/n)? [no] <RETURN>

    Found cell geometry data in trajectory file:

      X = 7154.02 pm,   Y = 7154.02 pm,   Z = 7154.02 pm

    The overall box density is 1.574818 g/cm^3.

    Assuming a 3D-periodic cell.

    Use these values (y) or enter different values (n)? [yes] <RETURN>
    Update cell geometry in every time step (i.e., NPT ensemble) (y) or use fixed cell (n)? [yes] <RETURN>

    Using the following element data:

      Element | Ord. Number |  Mass / u | Cov. Radius / pm | VdW Radius / pm | Color
    ----------|-------------|-----------|------------------|-----------------|----------
      H       |           1 |   1.00798 |            37.00 |          109.00 | #FFFFFF
      C       |           6 |  12.01060 |            82.00 |          170.00 | #808080
      N       |           7 |  14.00690 |            77.00 |          155.00 | #0000FF
      O       |           8 |  15.99940 |            75.00 |          152.00 | #FF0000
      F       |           9 |  18.99840 |            73.00 |          147.00 | #00FF00
      S       |          16 |  32.06750 |           106.00 |          180.00 | #FFFF00


    NPT: Using a cell vector of ( 7154.02 pm | 7154.02 pm | 7154.02 pm ) for molecule recognition.

    Initialized spatial domain engine with 29 x 29 x 29 cells, min. diameter = 244 pm.

    Molecule recognition [###########################################################]

    1614 molecules found.

    Sorting atom types...
    Setting up bond lists...
    Building atom codes...
    Creating refined topological atom order...
      [############################################################] Done.
    Creating bond list...
    Creating angle list...
    Grouping together equivalent molecules...
    Found 4 unique molecule types.
    Sorting molecule types by molecular mass...
    Found 1 rings.
    Refining ring systems...
    Assigning ring systems to molecule types...
    Sorting rings by size...
    Molecule recognition finished.

Output of bond matrices:

*** Molecule 1: C8F17O3S; Representant 1; Distances in pm ***

    C1  C2  C3  C4  C5  C6  C7  C8  F1  F2  F3  F4  F5  F6  F7  F8  F9  F10 F11 F12 F13 F14 F15 F16 F17 O1  O2  O3  S1 
C1  *** 159  -   -   -   -   -   -  137 134  -   -   -   -   -   -   -   -   -   -   -   -   -   -   -   -   -   -  179 
C2  159 *** 162  -   -   -   -   -   -   -  131 127  -   -   -   -   -   -   -   -   -   -   -   -   -   -   -   -   -  
C3   -  162 *** 160  -   -   -   -   -   -   -   -  138 129  -   -   -   -   -   -   -   -   -   -   -   -   -   -   -  
C4   -   -  160 *** 157  -   -   -   -   -   -   -   -   -   -   -  126 135  -   -   -   -   -   -   -   -   -   -   -  
C5   -   -   -  157 *** 158  -   -   -   -   -   -   -   -   -   -   -   -  133 134  -   -   -   -   -   -   -   -   -  
C6   -   -   -   -  158 *** 162  -   -   -   -   -   -   -  137 138  -   -   -   -   -   -   -   -   -   -   -   -   -  
C7   -   -   -   -   -  162 *** 148  -   -   -   -   -   -   -   -   -   -   -   -  133 135  -   -   -   -   -   -   -  
C8   -   -   -   -   -   -  148 ***  -   -   -   -   -   -   -   -   -   -   -   -   -   -  134 136 137  -   -   -   -  
F1  137  -   -   -   -   -   -   -  ***  -   -   -   -   -   -   -   -   -   -   -   -   -   -   -   -   -   -   -   -  
F2  134  -   -   -   -   -   -   -   -  ***  -   -   -   -   -   -   -   -   -   -   -   -   -   -   -   -   -   -   -  
F3   -  131  -   -   -   -   -   -   -   -  ***  -   -   -   -   -   -   -   -   -   -   -   -   -   -   -   -   -   -  
F4   -  127  -   -   -   -   -   -   -   -   -  ***  -   -   -   -   -   -   -   -   -   -   -   -   -   -   -   -   -  
F5   -   -  138  -   -   -   -   -   -   -   -   -  ***  -   -   -   -   -   -   -   -   -   -   -   -   -   -   -   -  
F6   -   -  129  -   -   -   -   -   -   -   -   -   -  ***  -   -   -   -   -   -   -   -   -   -   -   -   -   -   -  
F7   -   -   -   -   -  137  -   -   -   -   -   -   -   -  ***  -   -   -   -   -   -   -   -   -   -   -   -   -   -  
F8   -   -   -   -   -  138  -   -   -   -   -   -   -   -   -  ***  -   -   -   -   -   -   -   -   -   -   -   -   -  
F9   -   -   -  126  -   -   -   -   -   -   -   -   -   -   -   -  ***  -   -   -   -   -   -   -   -   -   -   -   -  
F10  -   -   -  135  -   -   -   -   -   -   -   -   -   -   -   -   -  ***  -   -   -   -   -   -   -   -   -   -   -  
F11  -   -   -   -  133  -   -   -   -   -   -   -   -   -   -   -   -   -  ***  -   -   -   -   -   -   -   -   -   -  
F12  -   -   -   -  134  -   -   -   -   -   -   -   -   -   -   -   -   -   -  ***  -   -   -   -   -   -   -   -   -  
F13  -   -   -   -   -   -  133  -   -   -   -   -   -   -   -   -   -   -   -   -  ***  -   -   -   -   -   -   -   -  
F14  -   -   -   -   -   -  135  -   -   -   -   -   -   -   -   -   -   -   -   -   -  ***  -   -   -   -   -   -   -  
F15  -   -   -   -   -   -   -  134  -   -   -   -   -   -   -   -   -   -   -   -   -   -  ***  -   -   -   -   -   -  
F16  -   -   -   -   -   -   -  136  -   -   -   -   -   -   -   -   -   -   -   -   -   -   -  ***  -   -   -   -   -  
F17  -   -   -   -   -   -   -  137  -   -   -   -   -   -   -   -   -   -   -   -   -   -   -   -  ***  -   -   -   -  
O1   -   -   -   -   -   -   -   -   -   -   -   -   -   -   -   -   -   -   -   -   -   -   -   -   -  ***  -   -  147 
O2   -   -   -   -   -   -   -   -   -   -   -   -   -   -   -   -   -   -   -   -   -   -   -   -   -   -  ***  -  149 
O3   -   -   -   -   -   -   -   -   -   -   -   -   -   -   -   -   -   -   -   -   -   -   -   -   -   -   -  *** 145 
S1  179  -   -   -   -   -   -   -   -   -   -   -   -   -   -   -   -   -   -   -   -   -   -   -   -  147 149 145 *** 

    Atoms F1, F2 are equivalent.
    Atoms F3, F4 are equivalent.
    Atoms F5, F6 are equivalent.
    Atoms F7, F8 are equivalent.
    Atoms F9, F10 are equivalent.
    Atoms F11, F12 are equivalent.
    Atoms F13, F14 are equivalent.
    Atoms F15, F16, F17 are equivalent.
    Atoms O1, O2, O3 are equivalent.

*** Molecule 2: C5F9HO2; Representant 1; Distances in pm ***

    C1  C2  C3  C4  C5  F1  F2  F3  F4  F5  F6  F7  F8  F9  H1  O1  O2 
C1  *** 156  -  150  -  132 134  -   -   -   -   -   -   -   -   -   -  
C2  156 *** 153  -   -   -   -  135 139  -   -   -   -   -   -   -   -  
C3   -  153 ***  -  154  -   -   -   -   -   -   -  136 133  -   -   -  
C4  150  -   -  ***  -   -   -   -   -  131 138 133  -   -   -   -   -  
C5   -   -  154  -  ***  -   -   -   -   -   -   -   -   -   -  136 127 
F1  132  -   -   -   -  ***  -   -   -   -   -   -   -   -   -   -   -  
F2  134  -   -   -   -   -  ***  -   -   -   -   -   -   -   -   -   -  
F3   -  135  -   -   -   -   -  ***  -   -   -   -   -   -   -   -   -  
F4   -  139  -   -   -   -   -   -  ***  -   -   -   -   -   -   -   -  
F5   -   -   -  131  -   -   -   -   -  ***  -   -   -   -   -   -   -  
F6   -   -   -  138  -   -   -   -   -   -  ***  -   -   -   -   -   -  
F7   -   -   -  133  -   -   -   -   -   -   -  ***  -   -   -   -   -  
F8   -   -  136  -   -   -   -   -   -   -   -   -  ***  -   -   -   -  
F9   -   -  133  -   -   -   -   -   -   -   -   -   -  ***  -   -   -  
H1   -   -   -   -   -   -   -   -   -   -   -   -   -   -  ***  94  -  
O1   -   -   -   -  136  -   -   -   -   -   -   -   -   -   94 ***  -  
O2   -   -   -   -  127  -   -   -   -   -   -   -   -   -   -   -  *** 

    Atoms F1, F2 are equivalent.
    Atoms F3, F4 are equivalent.
    Atoms F5, F6, F7 are equivalent.
    Atoms F8, F9 are equivalent.

*** Molecule 3: C6H11N2; Representant 1; Distances in pm ***
    (ring bonds are shown in green)

    C1  C2  C3  C4  C5  C6  H1  H2  H3  H4  H5  H6  H7  H8  H9  H10 H11 N1  N2 
C1  ***  -   -   -   -   -  109  -   -   -   -   -   -   -   -   -   -  129 130 
C2   -  ***  -   -   -  154  -  110 109  -   -   -   -   -   -   -   -  147  -  
C3   -   -  *** 135  -   -   -   -   -  108  -   -   -   -   -   -   -  139  -  
C4   -   -  135 ***  -   -   -   -   -   -  108  -   -   -   -   -   -   -  142 
C5   -   -   -   -  ***  -   -   -   -   -   -  110 109 109  -   -   -   -  147 
C6   -  154  -   -   -  ***  -   -   -   -   -   -   -   -  109 109 109  -   -  
H1  109  -   -   -   -   -  ***  -   -   -   -   -   -   -   -   -   -   -   -  
H2   -  110  -   -   -   -   -  ***  -   -   -   -   -   -   -   -   -   -   -  
H3   -  109  -   -   -   -   -   -  ***  -   -   -   -   -   -   -   -   -   -  
H4   -   -  108  -   -   -   -   -   -  ***  -   -   -   -   -   -   -   -   -  
H5   -   -   -  108  -   -   -   -   -   -  ***  -   -   -   -   -   -   -   -  
H6   -   -   -   -  110  -   -   -   -   -   -  ***  -   -   -   -   -   -   -  
H7   -   -   -   -  109  -   -   -   -   -   -   -  ***  -   -   -   -   -   -  
H8   -   -   -   -  109  -   -   -   -   -   -   -   -  ***  -   -   -   -   -  
H9   -   -   -   -   -  109  -   -   -   -   -   -   -   -  ***  -   -   -   -  
H10  -   -   -   -   -  109  -   -   -   -   -   -   -   -   -  ***  -   -   -  
H11  -   -   -   -   -  109  -   -   -   -   -   -   -   -   -   -  ***  -   -  
N1  129 147 139  -   -   -   -   -   -   -   -   -   -   -   -   -   -  ***  -  
N2  130  -   -  142 147  -   -   -   -   -   -   -   -   -   -   -   -   -  *** 

    5-ring: C4 - C3 - N1 - C1 - N2

    Atoms H2, H3 are equivalent.
    Atoms H6, H7, H8 are equivalent.
    Atoms H9, H10, H11 are equivalent.

*** Molecule 4: C2F4H2; Representant 1; Distances in pm ***

    C1  C2  F1  F2  F3  F4  H1  H2 
C1  *** 157 137 133 134  -   -   -  
C2  157 ***  -   -   -  139 109 109 
F1  137  -  ***  -   -   -   -   -  
F2  133  -   -  ***  -   -   -   -  
F3  134  -   -   -  ***  -   -   -  
F4   -  139  -   -   -  ***  -   -  
H1   -  109  -   -   -   -  ***  -  
H2   -  109  -   -   -   -   -  *** 

    Atoms F1, F2, F3 are equivalent.
    Atoms H1, H2 are equivalent.


*** The following 4 kinds of molecules have been recognized:
    (ordered by molecular mass)

  - Molecule 1:  C8F17O3S (250 pieces, 499.12 g/mol)
      (18 noneq. atoms, 17 noneq. bonds, 32 noneq. angles)
      Concentration:   1.133806 mol/liter

  - Molecule 2:  C5F9HO2 (500 pieces, 264.05 g/mol)
      (12 noneq. atoms, 11 noneq. bonds, 18 noneq. angles)
      Concentration:   2.267611 mol/liter

  - Molecule 3:  C6H11N2 (250 pieces, 111.17 g/mol)
      (14 noneq. atoms, 14 noneq. bonds, 23 noneq. angles)
      Concentration:   1.133806 mol/liter
      Detected 1 ring:
         1.)  5-ring: C4 - C3 - N1 - C1 - N2

  - Molecule 4:  C2F4H2 (614 pieces, 102.03 g/mol)
      (5 noneq. atoms, 4 noneq. bonds, 6 noneq. angles)
      Concentration:   2.784627 mol/liter


    If you switch on "USE_OPENBABEL" in config.h, TRAVIS can print SMILES strings of your molecules.

    You can create images of the structural formulas with the atom labels for easier
    identification of the atoms (requires installed GraphViz package - see www.graphviz.org).

    Create images of the structural formulas (y/n)? [no] <RETURN>

    Accept these molecules (y) or change something (n)? [yes] <RETURN>

    Uniting molecules which have been broken by wrapping...
      - Molecule C8F17O3S[4] united, 14 bonds unwrapped.
      - Molecule C8F17O3S[9] united, 20 bonds unwrapped.
      - Molecule C8F17O3S[12] united, 7 bonds unwrapped.
      - Molecule C8F17O3S[14] united, 22 bonds unwrapped.
      - Molecule C8F17O3S[15] united, 5 bonds unwrapped.
      - Molecule C8F17O3S[18] united, 3 bonds unwrapped.
      - Molecule C8F17O3S[23] united, 24 bonds unwrapped.
      - Molecule C8F17O3S[24] united, 1 bonds unwrapped.
      - Molecule C8F17O3S[25] united, 20 bonds unwrapped.
      - Molecule C8F17O3S[27] united, 8 bonds unwrapped.
      - Molecule C8F17O3S[28] united, 18 bonds unwrapped.
      - Molecule C8F17O3S[30] united, 19 bonds unwrapped.
      - Molecule C8F17O3S[43] united, 7 bonds unwrapped.
      - Molecule C8F17O3S[46] united, 17 bonds unwrapped.
      - Molecule C8F17O3S[49] united, 16 bonds unwrapped.
      - Molecule C8F17O3S[54] united, 5 bonds unwrapped.
      - Molecule C8F17O3S[57] united, 7 bonds unwrapped.
      - Molecule C8F17O3S[58] united, 13 bonds unwrapped.
      - Molecule C8F17O3S[59] united, 1 bonds unwrapped.
      - Molecule C8F17O3S[60] united, 17 bonds unwrapped.
      - Molecule C8F17O3S[62] united, 3 bonds unwrapped.
      - Molecule C8F17O3S[65] united, 2 bonds unwrapped.
      - Molecule C8F17O3S[66] united, 25 bonds unwrapped.
      - Molecule C8F17O3S[67] united, 22 bonds unwrapped.
      - Molecule C8F17O3S[79] united, 17 bonds unwrapped.
      - Molecule C8F17O3S[90] united, 22 bonds unwrapped.
      - Molecule C8F17O3S[93] united, 1 bonds unwrapped.
      - Molecule C8F17O3S[94] united, 2 bonds unwrapped.
      - Molecule C8F17O3S[100] united, 16 bonds unwrapped.
      - Molecule C8F17O3S[103] united, 16 bonds unwrapped.
      - Molecule C8F17O3S[104] united, 24 bonds unwrapped.
      - Molecule C8F17O3S[109] united, 16 bonds unwrapped.
      - Molecule C8F17O3S[113] united, 10 bonds unwrapped.
      - Molecule C8F17O3S[123] united, 22 bonds unwrapped.
      - Molecule C8F17O3S[124] united, 23 bonds unwrapped.
      - Molecule C8F17O3S[125] united, 12 bonds unwrapped.
      - Molecule C8F17O3S[131] united, 18 bonds unwrapped.
      - Molecule C8F17O3S[134] united, 4 bonds unwrapped.
      - Molecule C8F17O3S[135] united, 20 bonds unwrapped.
      - Molecule C8F17O3S[136] united, 5 bonds unwrapped.
      - Molecule C8F17O3S[137] united, 14 bonds unwrapped.
      - Molecule C8F17O3S[138] united, 5 bonds unwrapped.
      - Molecule C8F17O3S[145] united, 3 bonds unwrapped.
      - Molecule C8F17O3S[147] united, 6 bonds unwrapped.
      - Molecule C8F17O3S[155] united, 13 bonds unwrapped.
      - Molecule C8F17O3S[158] united, 8 bonds unwrapped.
      - Molecule C8F17O3S[159] united, 1 bonds unwrapped.
      - Molecule C8F17O3S[160] united, 22 bonds unwrapped.
      - Molecule C8F17O3S[168] united, 15 bonds unwrapped.
      - Molecule C8F17O3S[171] united, 13 bonds unwrapped.
      - Molecule C8F17O3S[181] united, 19 bonds unwrapped.
      - Molecule C8F17O3S[183] united, 4 bonds unwrapped.
      - Molecule C8F17O3S[187] united, 5 bonds unwrapped.
      - Molecule C8F17O3S[188] united, 14 bonds unwrapped.
      - Molecule C8F17O3S[189] united, 2 bonds unwrapped.
      - Molecule C8F17O3S[191] united, 1 bonds unwrapped.
      - Molecule C8F17O3S[193] united, 6 bonds unwrapped.
      - Molecule C8F17O3S[196] united, 1 bonds unwrapped.
      - Molecule C8F17O3S[197] united, 9 bonds unwrapped.
      - Molecule C8F17O3S[198] united, 21 bonds unwrapped.
      - Molecule C8F17O3S[204] united, 19 bonds unwrapped.
      - Molecule C8F17O3S[205] united, 5 bonds unwrapped.
      - Molecule C8F17O3S[208] united, 10 bonds unwrapped.
      - Molecule C8F17O3S[209] united, 14 bonds unwrapped.
      - Molecule C8F17O3S[210] united, 16 bonds unwrapped.
      - Molecule C8F17O3S[214] united, 20 bonds unwrapped.
      - Molecule C8F17O3S[216] united, 16 bonds unwrapped.
      - Molecule C8F17O3S[220] united, 4 bonds unwrapped.
      - Molecule C8F17O3S[221] united, 1 bonds unwrapped.
      - Molecule C8F17O3S[222] united, 3 bonds unwrapped.
      - Molecule C8F17O3S[224] united, 17 bonds unwrapped.
      - Molecule C8F17O3S[226] united, 1 bonds unwrapped.
      - Molecule C8F17O3S[229] united, 6 bonds unwrapped.
      - Molecule C8F17O3S[233] united, 2 bonds unwrapped.
      - Molecule C8F17O3S[243] united, 1 bonds unwrapped.
      - Molecule C8F17O3S[248] united, 2 bonds unwrapped.
      - Molecule C5F9HO2[5] united, 9 bonds unwrapped.
      - Molecule C5F9HO2[6] united, 3 bonds unwrapped.
      - Molecule C5F9HO2[10] united, 6 bonds unwrapped.
      - Molecule C5F9HO2[12] united, 1 bonds unwrapped.
      - Molecule C5F9HO2[14] united, 3 bonds unwrapped.
      - Molecule C5F9HO2[17] united, 2 bonds unwrapped.
      - Molecule C5F9HO2[26] united, 4 bonds unwrapped.
      - Molecule C5F9HO2[30] united, 7 bonds unwrapped.
      - Molecule C5F9HO2[31] united, 1 bonds unwrapped.
      - Molecule C5F9HO2[32] united, 4 bonds unwrapped.
      - Molecule C5F9HO2[38] united, 1 bonds unwrapped.
      - Molecule C5F9HO2[41] united, 1 bonds unwrapped.
      - Molecule C5F9HO2[42] united, 5 bonds unwrapped.
      - Molecule C5F9HO2[46] united, 1 bonds unwrapped.
      - Molecule C5F9HO2[47] united, 5 bonds unwrapped.
      - Molecule C5F9HO2[55] united, 3 bonds unwrapped.
      - Molecule C5F9HO2[61] united, 1 bonds unwrapped.
      - Molecule C5F9HO2[64] united, 8 bonds unwrapped.
      - Molecule C5F9HO2[65] united, 4 bonds unwrapped.
      - Molecule C5F9HO2[67] united, 3 bonds unwrapped.
      - Molecule C5F9HO2[68] united, 5 bonds unwrapped.
      - Molecule C5F9HO2[71] united, 6 bonds unwrapped.
      - Molecule C5F9HO2[74] united, 3 bonds unwrapped.
      - Molecule C5F9HO2[78] united, 2 bonds unwrapped.
      - Molecule C5F9HO2[81] united, 6 bonds unwrapped.
      - Molecule C5F9HO2[101] united, 2 bonds unwrapped.
      - Molecule C5F9HO2[112] united, 4 bonds unwrapped.
      - Molecule C5F9HO2[128] united, 5 bonds unwrapped.
      - Molecule C5F9HO2[137] united, 5 bonds unwrapped.
      - Molecule C5F9HO2[154] united, 12 bonds unwrapped.
      - Molecule C5F9HO2[155] united, 2 bonds unwrapped.
      - Molecule C5F9HO2[170] united, 3 bonds unwrapped.
      - Molecule C5F9HO2[175] united, 3 bonds unwrapped.
      - Molecule C5F9HO2[178] united, 3 bonds unwrapped.
      - Molecule C5F9HO2[179] united, 2 bonds unwrapped.
      - Molecule C5F9HO2[202] united, 3 bonds unwrapped.
      - Molecule C5F9HO2[205] united, 10 bonds unwrapped.
      - Molecule C5F9HO2[208] united, 4 bonds unwrapped.
      - Molecule C5F9HO2[213] united, 2 bonds unwrapped.
      - Molecule C5F9HO2[219] united, 10 bonds unwrapped.
      - Molecule C5F9HO2[222] united, 2 bonds unwrapped.
      - Molecule C5F9HO2[226] united, 2 bonds unwrapped.
      - Molecule C5F9HO2[230] united, 1 bonds unwrapped.
      - Molecule C5F9HO2[234] united, 1 bonds unwrapped.
      - Molecule C5F9HO2[235] united, 3 bonds unwrapped.
      - Molecule C5F9HO2[239] united, 9 bonds unwrapped.
      - Molecule C5F9HO2[251] united, 8 bonds unwrapped.
      - Molecule C5F9HO2[255] united, 7 bonds unwrapped.
      - Molecule C5F9HO2[260] united, 11 bonds unwrapped.
      - Molecule C5F9HO2[261] united, 4 bonds unwrapped.
      - Molecule C5F9HO2[264] united, 4 bonds unwrapped.
      - Molecule C5F9HO2[272] united, 2 bonds unwrapped.
      - Molecule C5F9HO2[278] united, 7 bonds unwrapped.
      - Molecule C5F9HO2[284] united, 3 bonds unwrapped.
      - Molecule C5F9HO2[286] united, 2 bonds unwrapped.
      - Molecule C5F9HO2[295] united, 5 bonds unwrapped.
      - Molecule C5F9HO2[298] united, 10 bonds unwrapped.
      - Molecule C5F9HO2[300] united, 1 bonds unwrapped.
      - Molecule C5F9HO2[301] united, 1 bonds unwrapped.
      - Molecule C5F9HO2[306] united, 3 bonds unwrapped.
      - Molecule C5F9HO2[312] united, 3 bonds unwrapped.
      - Molecule C5F9HO2[314] united, 6 bonds unwrapped.
      - Molecule C5F9HO2[317] united, 4 bonds unwrapped.
      - Molecule C5F9HO2[320] united, 10 bonds unwrapped.
      - Molecule C5F9HO2[331] united, 1 bonds unwrapped.
      - Molecule C5F9HO2[345] united, 4 bonds unwrapped.
      - Molecule C5F9HO2[346] united, 9 bonds unwrapped.
      - Molecule C5F9HO2[365] united, 6 bonds unwrapped.
      - Molecule C5F9HO2[374] united, 4 bonds unwrapped.
      - Molecule C5F9HO2[380] united, 4 bonds unwrapped.
      - Molecule C5F9HO2[381] united, 4 bonds unwrapped.
      - Molecule C5F9HO2[395] united, 3 bonds unwrapped.
      - Molecule C5F9HO2[397] united, 2 bonds unwrapped.
      - Molecule C5F9HO2[398] united, 10 bonds unwrapped.
      - Molecule C5F9HO2[399] united, 1 bonds unwrapped.
      - Molecule C5F9HO2[400] united, 1 bonds unwrapped.
      - Molecule C5F9HO2[419] united, 5 bonds unwrapped.
      - Molecule C5F9HO2[422] united, 4 bonds unwrapped.
      - Molecule C5F9HO2[426] united, 9 bonds unwrapped.
      - Molecule C5F9HO2[435] united, 3 bonds unwrapped.
      - Molecule C5F9HO2[439] united, 7 bonds unwrapped.
      - Molecule C5F9HO2[448] united, 2 bonds unwrapped.
      - Molecule C5F9HO2[449] united, 4 bonds unwrapped.
      - Molecule C5F9HO2[452] united, 5 bonds unwrapped.
      - Molecule C5F9HO2[454] united, 3 bonds unwrapped.
      - Molecule C5F9HO2[463] united, 10 bonds unwrapped.
      - Molecule C5F9HO2[470] united, 4 bonds unwrapped.
      - Molecule C5F9HO2[473] united, 3 bonds unwrapped.
      - Molecule C5F9HO2[481] united, 8 bonds unwrapped.
      - Molecule C5F9HO2[487] united, 3 bonds unwrapped.
      - Molecule C5F9HO2[492] united, 6 bonds unwrapped.
      - Molecule C5F9HO2[496] united, 1 bonds unwrapped.
      - Molecule C5F9HO2[498] united, 8 bonds unwrapped.
      - Molecule C5F9HO2[499] united, 6 bonds unwrapped.
      - Molecule C6H11N2[20] united, 10 bonds unwrapped.
      - Molecule C6H11N2[28] united, 7 bonds unwrapped.
      - Molecule C6H11N2[38] united, 7 bonds unwrapped.
      - Molecule C6H11N2[41] united, 10 bonds unwrapped.
      - Molecule C6H11N2[50] united, 8 bonds unwrapped.
      - Molecule C6H11N2[52] united, 2 bonds unwrapped.
      - Molecule C6H11N2[64] united, 5 bonds unwrapped.
      - Molecule C6H11N2[65] united, 2 bonds unwrapped.
      - Molecule C6H11N2[66] united, 8 bonds unwrapped.
      - Molecule C6H11N2[68] united, 6 bonds unwrapped.
      - Molecule C6H11N2[69] united, 8 bonds unwrapped.
      - Molecule C6H11N2[95] united, 8 bonds unwrapped.
      - Molecule C6H11N2[96] united, 6 bonds unwrapped.
      - Molecule C6H11N2[110] united, 1 bonds unwrapped.
      - Molecule C6H11N2[111] united, 1 bonds unwrapped.
      - Molecule C6H11N2[114] united, 3 bonds unwrapped.
      - Molecule C6H11N2[115] united, 10 bonds unwrapped.
      - Molecule C6H11N2[119] united, 3 bonds unwrapped.
      - Molecule C6H11N2[124] united, 2 bonds unwrapped.
      - Molecule C6H11N2[137] united, 2 bonds unwrapped.
      - Molecule C6H11N2[142] united, 8 bonds unwrapped.
      - Molecule C6H11N2[149] united, 5 bonds unwrapped.
      - Molecule C6H11N2[150] united, 3 bonds unwrapped.
      - Molecule C6H11N2[151] united, 1 bonds unwrapped.
      - Molecule C6H11N2[159] united, 4 bonds unwrapped.
      - Molecule C6H11N2[175] united, 5 bonds unwrapped.
      - Molecule C6H11N2[184] united, 1 bonds unwrapped.
      - Molecule C6H11N2[185] united, 7 bonds unwrapped.
      - Molecule C6H11N2[186] united, 7 bonds unwrapped.
      - Molecule C6H11N2[189] united, 5 bonds unwrapped.
      - Molecule C6H11N2[190] united, 5 bonds unwrapped.
      - Molecule C6H11N2[197] united, 1 bonds unwrapped.
      - Molecule C6H11N2[203] united, 2 bonds unwrapped.
      - Molecule C6H11N2[214] united, 4 bonds unwrapped.
      - Molecule C6H11N2[221] united, 4 bonds unwrapped.
      - Molecule C6H11N2[222] united, 9 bonds unwrapped.
      - Molecule C6H11N2[223] united, 7 bonds unwrapped.
      - Molecule C6H11N2[224] united, 5 bonds unwrapped.
      - Molecule C6H11N2[225] united, 1 bonds unwrapped.
      - Molecule C6H11N2[228] united, 10 bonds unwrapped.
      - Molecule C6H11N2[241] united, 1 bonds unwrapped.
      - Molecule C6H11N2[242] united, 1 bonds unwrapped.
      - Molecule C6H11N2[244] united, 4 bonds unwrapped.
      - Molecule C6H11N2[249] united, 4 bonds unwrapped.
      - Molecule C2F4H2[4] united, 1 bonds unwrapped.
      - Molecule C2F4H2[10] united, 2 bonds unwrapped.
      - Molecule C2F4H2[17] united, 2 bonds unwrapped.
      - Molecule C2F4H2[24] united, 1 bonds unwrapped.
      - Molecule C2F4H2[51] united, 1 bonds unwrapped.
      - Molecule C2F4H2[65] united, 1 bonds unwrapped.
      - Molecule C2F4H2[85] united, 1 bonds unwrapped.
      - Molecule C2F4H2[90] united, 1 bonds unwrapped.
      - Molecule C2F4H2[93] united, 1 bonds unwrapped.
      - Molecule C2F4H2[94] united, 4 bonds unwrapped.
      - Molecule C2F4H2[96] united, 4 bonds unwrapped.
      - Molecule C2F4H2[102] united, 1 bonds unwrapped.
      - Molecule C2F4H2[103] united, 1 bonds unwrapped.
      - Molecule C2F4H2[119] united, 4 bonds unwrapped.
      - Molecule C2F4H2[127] united, 5 bonds unwrapped.
      - Molecule C2F4H2[129] united, 1 bonds unwrapped.
      - Molecule C2F4H2[145] united, 1 bonds unwrapped.
      - Molecule C2F4H2[159] united, 2 bonds unwrapped.
      - Molecule C2F4H2[167] united, 1 bonds unwrapped.
      - Molecule C2F4H2[171] united, 1 bonds unwrapped.
      - Molecule C2F4H2[177] united, 4 bonds unwrapped.
      - Molecule C2F4H2[195] united, 2 bonds unwrapped.
      - Molecule C2F4H2[196] united, 2 bonds unwrapped.
      - Molecule C2F4H2[202] united, 3 bonds unwrapped.
      - Molecule C2F4H2[204] united, 2 bonds unwrapped.
      - Molecule C2F4H2[213] united, 1 bonds unwrapped.
      - Molecule C2F4H2[216] united, 4 bonds unwrapped.
      - Molecule C2F4H2[270] united, 4 bonds unwrapped.
      - Molecule C2F4H2[274] united, 5 bonds unwrapped.
      - Molecule C2F4H2[289] united, 2 bonds unwrapped.
      - Molecule C2F4H2[297] united, 2 bonds unwrapped.
      - Molecule C2F4H2[298] united, 4 bonds unwrapped.
      - Molecule C2F4H2[305] united, 1 bonds unwrapped.
      - Molecule C2F4H2[307] united, 1 bonds unwrapped.
      - Molecule C2F4H2[320] united, 2 bonds unwrapped.
      - Molecule C2F4H2[333] united, 1 bonds unwrapped.
      - Molecule C2F4H2[362] united, 1 bonds unwrapped.
      - Molecule C2F4H2[373] united, 1 bonds unwrapped.
      - Molecule C2F4H2[381] united, 2 bonds unwrapped.
      - Molecule C2F4H2[411] united, 2 bonds unwrapped.
      - Molecule C2F4H2[429] united, 1 bonds unwrapped.
      - Molecule C2F4H2[441] united, 2 bonds unwrapped.
      - Molecule C2F4H2[443] united, 2 bonds unwrapped.
      - Molecule C2F4H2[459] united, 1 bonds unwrapped.
      - Molecule C2F4H2[469] united, 1 bonds unwrapped.
      - Molecule C2F4H2[474] united, 4 bonds unwrapped.
      - Molecule C2F4H2[485] united, 1 bonds unwrapped.
      - Molecule C2F4H2[499] united, 1 bonds unwrapped.
      - Molecule C2F4H2[504] united, 3 bonds unwrapped.
      - Molecule C2F4H2[515] united, 3 bonds unwrapped.
      - Molecule C2F4H2[519] united, 1 bonds unwrapped.
      - Molecule C2F4H2[523] united, 4 bonds unwrapped.
      - Molecule C2F4H2[524] united, 1 bonds unwrapped.
      - Molecule C2F4H2[555] united, 2 bonds unwrapped.
      - Molecule C2F4H2[558] united, 2 bonds unwrapped.
      - Molecule C2F4H2[562] united, 1 bonds unwrapped.
      - Molecule C2F4H2[564] united, 2 bonds unwrapped.
      - Molecule C2F4H2[577] united, 4 bonds unwrapped.
      - Molecule C2F4H2[584] united, 3 bonds unwrapped.
      - Molecule C2F4H2[601] united, 4 bonds unwrapped.
      - Molecule C2F4H2[613] united, 3 bonds unwrapped.

    Determining maximum molecular diameters...

    Found the following maximal molecular diameters:

      (*) Molecule 1 (C8F17O3S):   1269.61 pm

      (*) Molecule 2 (C5F9HO2):     768.65 pm

      (*) Molecule 3 (C6H11N2):     789.87 pm

      (*) Molecule 4 (C2F4H2):      385.50 pm


    The atoms are currently ordered by topological priority.

    Defining virtual atom #1 as molecular Center of Geometry:
      - C8F17O3S...
      - C5F9HO2...
      - C6H11N2...
      - C2F4H2...

    Defining virtual atom #2 as molecular Center of Mass:
      - C8F17O3S...
      - C5F9HO2...
      - C6H11N2...
      - C2F4H2...

    Defining ring centers in C6H11N2:
      - Defining #3 as Center of Ring 1: C4 - C3 - N1 - C1 - N2

    Defining molecular dipole vectors:

      The last virtual atom of each molecule is defined as the tip of the dipole vector
      starting in center of mass (#2). 1 Debye corresponds to 100 pm of vector length.
      Only useful if dipole/charge data is provided. Otherwise vector has always length of zero.

      - Dipole vector #2 --> #3 in C8F17O3S ...
      - Dipole vector #2 --> #3 in C5F9HO2 ...
      - Dipole vector #2 --> #4 in C6H11N2 ...
      - Dipole vector #2 --> #3 in C2F4H2 ...

>>> 13 virtual atoms have been defined: >>>

    #1 in C8F17O3S: Center of Geometry.
    #2 in C8F17O3S: Center of Mass.

    #3 in C8F17O3S - tip of molecular dipole vector starting in #2.

    #1 in C5F9HO2: Center of Geometry.
    #2 in C5F9HO2: Center of Mass.

    #3 in C5F9HO2 - tip of molecular dipole vector starting in #2.

    #1 in C6H11N2: Center of Geometry.
    #2 in C6H11N2: Center of Mass.

    #3 in C6H11N2 - defined through center:
      -  C4    Weight 20.00%
      -  C3    Weight 20.00%
      -  C1    Weight 20.00%
      -  N1    Weight 20.00%
      -  N2    Weight 20.00%

    #4 in C6H11N2 - tip of molecular dipole vector starting in #2.

    #1 in C2F4H2: Center of Geometry.
    #2 in C2F4H2: Center of Mass.

    #3 in C2F4H2 - tip of molecular dipole vector starting in #2.

<<< End of virtual atoms <<<


>>> List of functions <<<

 *** Static (time independent) Functions
 cdf      - Combined Distribution Function
 rdf      - Radial Distribution Function
 adf      - Angular Distribution Function
 ddf      - Dihedral Distribution Function
 pldf     - Point-Plane Distance Distribution
 lidf     - Point-Line Distance Distribution
 plproj   - Plane Projection Distribution
 dprof    - Fixed Plane Density Profile
 fpp      - Fixed Plane Projection
 dens     - Density Distribution Function
 sdf      - Spatial Distribution Function
 psdf     - Pseudo SDF (only 2 ref. atoms)
 dip      - Dipole Distribution Function
 cond     - Evaluate Structural Condition
 sfac     - Compute Structure Factor
 agtopo   - Aggregation Topology Analysis
 sankey   - Sankey diagram plot
 cmat     - Contact Matrix / Connection Matrix
 geodens  - Particle Density inside Geometric Object

 *** Dynamic (time dependent) Functions
 vdf      - Velocity Distribution Function
 fdf      - Force Distribution Function
 msd      - Mean Square Displacement / Diffusion Coefficients
 acf      - Velocity Autocorrelation Functions
 rdyn     - Vector Reorientation Dynamics
 vhcf     - Van Hove Correlation Function
 aggr     - Aggregation Functions (DACF, DLDF, DDisp)
 hbond    - Hydrogen Bond Dynamics
 ionpair  - Diffusion Corrected Ion Pair Dynamics
 tddf     - Time Dependent Distribution Functions

 *** Spectroscopic Functions
 spec     - New Spectroscopy Module (IR, Raman, VCD, ROA)
 power    - Calculate Power Spectrum
 nc       - Normal Coordinate Analysis
 ir       - (old) Calculate IR Spectrum
 raman    - (old) Calculate Raman Spectrum
 vcd      - (old) Calculate VCD Spectrum
 rera     - Calculate Resonance Raman Spectrum
 drst     - Save Dipole Restart File
 mrst     - Save Magnetic Moment Restart File
 pol      - Set up Polarizability Calculation

 *** Miscellaneous Functions
 env      - Save Trajectory of RM Environment / TDO Plot
 proc     - Save Processed Trajectory
 cut      - Cut Clusters
 reg      - Region-specific Analysis
 chi      - Chirality Analysis
 eck      - Transform to Eckart Frame
 swan     - Sort Wannier Centers
 voro     - Basic Voronoi Analysis
 vori     - Voronoi Integration Functions
 vorochg  - Voronoi Charge Optimization
 doma     - Domain Analysis
 order    - Order Parameters
 hole     - Hole Theory based Analysis
 cla      - Cluster Analysis

   (You may specify multiple analyses at once, but
    the safe way is to perform only one kind of analysis at a time.)

    Which functions to compute (comma separated)? cdf

 cdf     - Combined Distribution Function

    The advanced mode includes some options which are quite powerful,
    yet possibly weird or seldomly required.

    Use the advanced mode for the main part (y/n)? [no] <RETURN>

*** Combined Distribution Function

    How many channels should the Combined Distribution Function have? [2] <RETURN>
    Choose from these functions: rdf, adf, ddf, dip, vdf, pldf, lidf
    Channel 1: Enter function type (e.g. rdf): rdf
    Channel 2: Enter function type (e.g. rdf): adf

    Which of the molecules should be the reference molecule (C8F17O3S=1, C5F9HO2=2, C6H11N2=3, C2F4H2=4)? 4

    C2F4H2 is the reference molecule.


>>> Observation 1 >>>

    Perform this observation intramolecular (within the reference molecule) (0) or intermolecular (1)? [1] <RETURN>

    Please note: Although you specified this observation to be intermolecular, you may of course
                 choose atoms from RM only (or OM only), which will yield an intramolecular quantity.

    Switch on the "advanced mode" to perform a three-body analysis.

    Which molecule should be observed (C8F17O3S=1, C5F9HO2=2, C6H11N2=3, C2F4H2=4)? 1

>>> Combined Distribution Function >>>

### Channel 1 ###

>>> Radial Distribution Function >>>

    Take reference atom(s) from RM C2F4H2 (0) or from OM C8F17O3S (1)? [0] <RETURN>
    Take observed atom(s) from RM C2F4H2 (0) or from OM C8F17O3S (1)? [1] <RETURN>

    Which atom(s) to take from RM C2F4H2 (e.g. "C1,C3-5,H", "*"=all)? [#2] C2
    Which atom(s) to take from OM C8F17O3S (e.g. "C1,C3-5,H", "*"=all)? [#2] O1
    This yields in 1 combinations.

    The smallest periodic cell half diameter is 3577.01 pm. You can compute meaningful RDFs up to this distance.

    Using 0 pm as the minimal radius of the RDF.

    Enter the maximal radius of this RDF (in pm): [1000.0] <RETURN>

    The default resolution is 300 bins per nm, corresponding to a bin width of 3.33 pm.

    Enter the resolution (bin count) for this RDF: [300] <RETURN>
    Correct radial distribution for this RDF (y/n)? [yes] <RETURN>

<<< End of Radial Distribution Function <<<


### Channel 2 ###

>>> Angular Distribution Function >>>

    Should the 1. vector depict position (1), dipole (2), velocity (3) or force (4)? [1] <RETURN>

    Please note: The last virtual atom (e.g., #3) of each molecule is defined as the tip of the
    molecular dipole vector starting from molecular center of mass (i.e., #2). So you can involve the
    dipole vector in any analysis. 1 Debye corresponds to 100 pm length of the vector.

    Should the 2. vector depict position (1), dipole (2), velocity (3) or force (4)? [1] <RETURN>

    Should the 1. vector connect 2 points (0) or stand perpendicular to 3 points (1)? [0] <RETURN>

    Take atom(s) at the base point from RM C2F4H2 (0) or from OM C8F17O3S (1)? [0] <RETURN>
      Please enter the atom(s) at the base point (e.g. C7): C2
    Take atom(s) at the tip point from RM C2F4H2 (0) or from OM C8F17O3S (1)? [0] <RETURN>
      Please enter the atom(s) at the tip point (e.g. C7): H1

    Should the 2. vector connect 2 points (0) or stand perpendicular to 3 points (1)? [0] <RETURN>

    Take atom(s) at the base point from RM C2F4H2 (0) or from OM C8F17O3S (1)? [1] 0
      Please enter the atom(s) at the base point (e.g. C7): C2
    Take atom(s) at the tip point from RM C2F4H2 (0) or from OM C8F17O3S (1)? [1] <RETURN>
      Please enter the atom(s) at the tip point (e.g. C7): O1

    Enter minimal angle between the vectors: [0 deg] <RETURN>
    Enter maximal angle between the vectors: [180 deg] <RETURN>
    Please enter the resolution (bin count) for this ADF: [100] <RETURN>
    Apply cone correction (y/n)? [yes] <RETURN>

<<< End of Angular Distribution Function <<<


    Please enter the resolution (bin count) for CDF channel 1 (RDF): [100] <RETURN>
    Please enter the resolution (bin count) for CDF channel 2 (ADF): [100] <RETURN>

    Using 1 combination for each RM-OM pair.

    Write out +/- correlation plot for this CDF (y/n)? [no] <RETURN>

<<< End of Combined Distribution Function <<<

    Save temporal development for this observation (y/n)? [no] <RETURN>
    Add a condition to this observation (y/n)? [no] <RETURN>

<<< End of Observation 1 <<<

    Add another observation (y/n)? [no] <RETURN>

>>> Observation List >>>

  *** Observation 1
    - Combined Distribution Function:
      - Channel 1: RDF: C2F4H2_C8F17O3S_[C2r_O1o]
      - Channel 2: ADF: C2F4H2_C8F17O3S_[C2r_H1r]-[C2r_O1o]

<<< End of Observation List <<<


    Not wrapping molecules into the box.

    Not removing center of mass movement of the box.

    Skip repeated time steps (y/n)? [no] <RETURN>
    In which trajectory frame to start processing the trajectory? [1] <RETURN>
    How many trajectory frames to read (from this position on)? [all] <RETURN>
    Use every n-th read trajectory frame for the analysis: [1] <RETURN>

    Using 3601 time steps: Every 1st within range 1 - approx. 3601.

########## All information collected ##########

>>> Initialization >>>

Initializing observation 1...
  Creating RDF...
  Creating ADF...
  Creating CDF...

<<< End of Initialization <<<


##########   Starting Main Pass   ##########

Hint: Press CTRL+C once to softly interrupt analysis and still write the results.
      Creating an empty file named EXIT ("touch EXIT") has the same effect.

Step      0 ..................................................
Step     50 .................................................. ETA  3m24s
Step    350 .................................................. ETA  3m06s
Step    650 .................................................. ETA  2m47s
Step    950 .................................................. ETA  2m26s
Step   1250 .................................................. ETA  2m07s
Step   1550 .................................................. ETA  1m47s
Step   1850 .................................................. ETA  1m29s
Step   2150 .................................................. ETA  1m10s
Step   2450 .................................................. ETA 51s
Step   2750 .................................................. ETA 33s
Step   3050 .................................................. ETA 15s
Step   3350 ..........................................
End of trajectory file reached.


##########   Main pass done   ##########

3601 time steps processed.



    Finishing analyses:
----------------------------------------------------------------------------------------------------------


>>> Observation 1 >>>

* Angular Distribution Function
    552753500 bin entries, 0 out of bin range (0.00 percent).
    Max. bin entry: 8.681352E+06  -->  EPS: 1.862645E-09
    Mean value:    89.9848 degree    Standard deviation:    39.1776 degree
    Min. value: 0.00658429 degree    Max. value:            179.995 degree
    Applying cone correction...
    Saving ADF as adf_C2F4H2_C8F17O3S_[C2r_H1r]-[C2r_O1o].csv ...
    Saving ADF AGR file as "adf_C2F4H2_C8F17O3S_[C2r_H1r]-[C2r_O1o].agr"...

* Radial Distribution Function
    5720620 bin entries, 547032880 out of bin range (98.97 percent).
    Max. bin entry: 6.275261E+04  -->  EPS: 7.275958E-12
    Mean value:    3441.79 pm    Standard deviation:    991.958 pm
    Min. value:    286.306 pm    Max.value:             6204.79 pm
    Scaling RDF to uniform density ...
    Correcting radial distribution...
    Performing automatic peak detection...
    >>> Peak Data >>>
      1. maximum at  361.67 pm, height  1.7174
      1. minimum at  485.00 pm, height  0.6485,  0.2312 particles in 1. solvation shell.
      2. maximum at  571.67 pm, height  1.0123
      2. minimum at  655.00 pm, height  0.7854,  0.4098 particles in 2. solvation shell.
    <<< Peak Data <<<
    Saving RDF as "rdf_C2F4H2_C8F17O3S_[C2r_O1o].csv"...
      Note: The third column of the text file contains the number integral / coordination number.
    Saving RDF AGR file as "rdf_C2F4H2_C8F17O3S_[C2r_O1o].agr"...

* Combined Distribution Function (2D)
    5720620 bin entries, 547032880 out of bin range (98.97 percent).
    Max. bin entry: 3.083652E+03  -->  EPS: 4.547474E-13
    Correcting radial distribution for CDF channel 1...
    Correcting angular distribution for CDF channel 2...
    Normalizing integral value to 1000000.00.
    Saving CDF triples as "cdf_2_rdf[C2r_O1o]_adf[C2r_H1r]-[C2r_O1o]_triples.csv"...
    Saving CDF matrix as "cdf_2_rdf[C2r_O1o]_adf[C2r_H1r]-[C2r_O1o]_matrix.csv"...
    Saving CDF Mathematica Notebook as "cdf_2_rdf[C2r_O1o]_adf[C2r_H1r]-[C2r_O1o].nb"...
       CreateTicks(): Optimizing axis ticks for range 0 - 1000...
          Using 6 major ticks: 0, 200, 400, 600, 800, 1000.
          Using 1 minor ticks per major tick: 0, (100), 200.
       CreateTicks(): Optimizing axis ticks for range 0 - 180...
          Using 5 major ticks: 0, 45, 90, 135, 180.
          Using 2 minor ticks per major tick: 0, (15), (30), 45.
    Saving CDF Gnuplot Input as "cdf_2_rdf[C2r_O1o]_adf[C2r_H1r]-[C2r_O1o].gp"...
       CreateTicks(): Optimizing axis ticks for range 0 - 1000...
          Using 6 major ticks: 0, 200, 400, 600, 800, 1000.
          Using 1 minor ticks per major tick: 0, (100), 200.
       CreateTicks(): Optimizing axis ticks for range 0 - 180...
          Using 5 major ticks: 0, 45, 90, 135, 180.
          Using 2 minor ticks per major tick: 0, (15), (30), 45.
    Saving combined plot AGR file as "cdf_2_rdf[C2r_O1o]_adf[C2r_H1r]-[C2r_O1o]_combined.agr"...


----------------------------------------------------------------------------------------------------------
    Finished all analyses.


    Analysis was running for 0h 3m 39s.
      (16.443 steps per second)


    Note: To show a list of all persons who contributed to TRAVIS,
          please add "-credits" to your command line arguments, or set the
          variable "SHOWCREDITS" to "TRUE" in your travis.conf file.

    Source code from other projects used in TRAVIS:
      - lmfit     from Joachim Wuttke
      - kiss_fft  from Mark Borgerding
      - voro++    from Chris Rycroft

    http://www.travis-analyzer.de

    Please cite all of the following articles for the analyses you have used:

  * For TRAVIS in general:

    "TRAVIS - A Free Analyzer for Trajectories from Molecular Simulation",
    M. Brehm, M. Thomas, S. Gehrke, B. Kirchner; J. Chem. Phys. 2020, 152 (16), 164105.   (DOI 10.1063/5.0005078 )

    "TRAVIS - A Free Analyzer and Visualizer for Monte Carlo and Molecular Dynamics Trajectories",
    M. Brehm, B. Kirchner; J. Chem. Inf. Model. 2011, 51 (8), pp 2007-2023.   (DOI 10.1021/ci200217w )

*** The End ***

