                      :-) GROMACS - gmx mdrun, 2021.3 (-:

                            GROMACS is written by:
     Andrey Alekseenko              Emile Apol              Rossen Apostolov     
         Paul Bauer           Herman J.C. Berendsen           Par Bjelkmar       
       Christian Blau           Viacheslav Bolnykh             Kevin Boyd        
     Aldert van Buuren           Rudi van Drunen             Anton Feenstra      
    Gilles Gouaillardet             Alan Gray               Gerrit Groenhof      
       Anca Hamuraru            Vincent Hindriksen          M. Eric Irrgang      
      Aleksei Iupinov           Christoph Junghans             Joe Jordan        
    Dimitrios Karkoulis            Peter Kasson                Jiri Kraus        
      Carsten Kutzner              Per Larsson              Justin A. Lemkul     
       Viveca Lindahl            Magnus Lundborg             Erik Marklund       
        Pascal Merz             Pieter Meulenhoff            Teemu Murtola       
        Szilard Pall               Sander Pronk              Roland Schulz       
       Michael Shirts            Alexey Shvetsov             Alfons Sijbers      
       Peter Tieleman              Jon Vincent              Teemu Virolainen     
     Christian Wennberg            Maarten Wolf              Artem Zhmurov       
                           and the project leaders:
        Mark Abraham, Berk Hess, Erik Lindahl, and David van der Spoel

Copyright (c) 1991-2000, University of Groningen, The Netherlands.
Copyright (c) 2001-2019, The GROMACS development team at
Uppsala University, Stockholm University and
the Royal Institute of Technology, Sweden.
check out http://www.gromacs.org for more information.

GROMACS is free software; you can redistribute it and/or modify it
under the terms of the GNU Lesser General Public License
as published by the Free Software Foundation; either version 2.1
of the License, or (at your option) any later version.

GROMACS:      gmx mdrun, version 2021.3
Executable:   /opt/gromacs-2021.3/bin/gmx_mpi
Data prefix:  /opt/gromacs-2021.3
Working dir:  /home/bach/bastian/2_fdes_transport/2_nemd/MD_NEMD/1/run_5/1_min
Process ID:   1197381
Command line:
  gmx_mpi mdrun -deffnm min

GROMACS version:    2021.3
Verified release checksum is c5bf577cc74de0e05106b7b6426476abb7f6530be7b4a2c64f637d6a6eca8fcb
Precision:          mixed
Memory model:       64 bit
MPI library:        MPI
OpenMP support:     enabled (GMX_OPENMP_MAX_THREADS = 64)
GPU support:        CUDA
SIMD instructions:  AVX2_256
FFT library:        fftw-3.3.8-sse2-avx-avx2-avx2_128
RDTSCP usage:       enabled
TNG support:        enabled
Hwloc support:      disabled
Tracing support:    disabled
C compiler:         /usr/bin/cc GNU 8.5.0
C compiler flags:   -mavx2 -mfma -pthread -Wno-missing-field-initializers -fexcess-precision=fast -funroll-all-loops -pthread -O3 -DNDEBUG
C++ compiler:       /usr/bin/c++ GNU 8.5.0
C++ compiler flags: -mavx2 -mfma -pthread -Wno-missing-field-initializers -fexcess-precision=fast -funroll-all-loops -pthread -fopenmp -O3 -DNDEBUG
CUDA compiler:      /usr/local/cuda/bin/nvcc nvcc: NVIDIA (R) Cuda compiler driver;Copyright (c) 2005-2021 NVIDIA Corporation;Built on Sun_Aug_15_21:14:11_PDT_2021;Cuda compilation tools, release 11.4, V11.4.120;Build cuda_11.4.r11.4/compiler.30300941_0
CUDA compiler flags:-std=c++17;-gencode;arch=compute_35,code=sm_35;-gencode;arch=compute_37,code=sm_37;-gencode;arch=compute_50,code=sm_50;-gencode;arch=compute_52,code=sm_52;-gencode;arch=compute_60,code=sm_60;-gencode;arch=compute_61,code=sm_61;-gencode;arch=compute_70,code=sm_70;-gencode;arch=compute_75,code=sm_75;-gencode;arch=compute_80,code=sm_80;-Wno-deprecated-gpu-targets;-gencode;arch=compute_86,code=sm_86;-gencode;arch=compute_35,code=compute_35;-gencode;arch=compute_53,code=compute_53;-gencode;arch=compute_80,code=compute_80;-use_fast_math;-D_FORCE_INLINES;-mavx2 -mfma -pthread -Wno-missing-field-initializers -fexcess-precision=fast -funroll-all-loops -pthread -fopenmp -O3 -DNDEBUG
CUDA driver:        11.40
CUDA runtime:       11.40


Running on 1 node with total 8 cores, 8 logical cores, 1 compatible GPU
Hardware detected on host newton01 (the node of MPI rank 0):
  CPU info:
    Vendor: Intel
    Brand:  Intel(R) Core(TM) i7-9700 CPU @ 3.00GHz
    Family: 6   Model: 158   Stepping: 13
    Features: aes apic avx avx2 clfsh cmov cx8 cx16 f16c fma htt intel lahf mmx msr nonstop_tsc pcid pclmuldq pdcm pdpe1gb popcnt pse rdrnd rdtscp sse2 sse3 sse4.1 sse4.2 ssse3 tdt x2apic
  Hardware topology: Basic
    Sockets, cores, and logical processors:
      Socket  0: [   0] [   1] [   2] [   3] [   4] [   5] [   6] [   7]
  GPU info:
    Number of GPUs detected: 1
    #0: NVIDIA NVIDIA GeForce GTX 1660 Ti, compute cap.: 7.5, ECC:  no, stat: compatible


++++ PLEASE READ AND CITE THE FOLLOWING REFERENCE ++++
M. J. Abraham, T. Murtola, R. Schulz, S. Páll, J. C. Smith, B. Hess, E.
Lindahl
GROMACS: High performance molecular simulations through multi-level
parallelism from laptops to supercomputers
SoftwareX 1 (2015) pp. 19-25
-------- -------- --- Thank You --- -------- --------


++++ PLEASE READ AND CITE THE FOLLOWING REFERENCE ++++
S. Páll, M. J. Abraham, C. Kutzner, B. Hess, E. Lindahl
Tackling Exascale Software Challenges in Molecular Dynamics Simulations with
GROMACS
In S. Markidis & E. Laure (Eds.), Solving Software Challenges for Exascale 8759 (2015) pp. 3-27
-------- -------- --- Thank You --- -------- --------


++++ PLEASE READ AND CITE THE FOLLOWING REFERENCE ++++
S. Pronk, S. Páll, R. Schulz, P. Larsson, P. Bjelkmar, R. Apostolov, M. R.
Shirts, J. C. Smith, P. M. Kasson, D. van der Spoel, B. Hess, and E. Lindahl
GROMACS 4.5: a high-throughput and highly parallel open source molecular
simulation toolkit
Bioinformatics 29 (2013) pp. 845-54
-------- -------- --- Thank You --- -------- --------


++++ PLEASE READ AND CITE THE FOLLOWING REFERENCE ++++
B. Hess and C. Kutzner and D. van der Spoel and E. Lindahl
GROMACS 4: Algorithms for highly efficient, load-balanced, and scalable
molecular simulation
J. Chem. Theory Comput. 4 (2008) pp. 435-447
-------- -------- --- Thank You --- -------- --------


++++ PLEASE READ AND CITE THE FOLLOWING REFERENCE ++++
D. van der Spoel, E. Lindahl, B. Hess, G. Groenhof, A. E. Mark and H. J. C.
Berendsen
GROMACS: Fast, Flexible and Free
J. Comp. Chem. 26 (2005) pp. 1701-1719
-------- -------- --- Thank You --- -------- --------


++++ PLEASE READ AND CITE THE FOLLOWING REFERENCE ++++
E. Lindahl and B. Hess and D. van der Spoel
GROMACS 3.0: A package for molecular simulation and trajectory analysis
J. Mol. Mod. 7 (2001) pp. 306-317
-------- -------- --- Thank You --- -------- --------


++++ PLEASE READ AND CITE THE FOLLOWING REFERENCE ++++
H. J. C. Berendsen, D. van der Spoel and R. van Drunen
GROMACS: A message-passing parallel molecular dynamics implementation
Comp. Phys. Comm. 91 (1995) pp. 43-56
-------- -------- --- Thank You --- -------- --------


++++ PLEASE CITE THE DOI FOR THIS VERSION OF GROMACS ++++
https://doi.org/10.5281/zenodo.5053201
-------- -------- --- Thank You --- -------- --------

Input Parameters:
   integrator                     = steep
   tinit                          = 0
   dt                             = 0.001
   nsteps                         = 50000
   init-step                      = 0
   simulation-part                = 1
   mts                            = false
   comm-mode                      = Linear
   nstcomm                        = 100
   bd-fric                        = 0
   ld-seed                        = -805327106
   emtol                          = 10
   emstep                         = 0.01
   niter                          = 20
   fcstep                         = 0
   nstcgsteep                     = 1000
   nbfgscorr                      = 10
   rtpi                           = 0.05
   nstxout                        = 0
   nstvout                        = 0
   nstfout                        = 0
   nstlog                         = 1000
   nstcalcenergy                  = 100
   nstenergy                      = 1000
   nstxout-compressed             = 0
   compressed-x-precision         = 1000
   cutoff-scheme                  = Verlet
   nstlist                        = 10
   pbc                            = xyz
   periodic-molecules             = false
   verlet-buffer-tolerance        = 0.005
   rlist                          = 1.26
   coulombtype                    = PME
   coulomb-modifier               = Potential-shift
   rcoulomb-switch                = 0
   rcoulomb                       = 1.2
   epsilon-r                      = 1
   epsilon-rf                     = inf
   vdw-type                       = Cut-off
   vdw-modifier                   = Potential-shift
   rvdw-switch                    = 0
   rvdw                           = 1.2
   DispCorr                       = EnerPres
   table-extension                = 1
   fourierspacing                 = 0.12
   fourier-nx                     = 56
   fourier-ny                     = 56
   fourier-nz                     = 56
   pme-order                      = 4
   ewald-rtol                     = 1e-05
   ewald-rtol-lj                  = 0.001
   lj-pme-comb-rule               = Geometric
   ewald-geometry                 = 0
   epsilon-surface                = 0
   tcoupl                         = No
   nsttcouple                     = -1
   nh-chain-length                = 0
   print-nose-hoover-chain-variables = false
   pcoupl                         = No
   pcoupltype                     = Isotropic
   nstpcouple                     = -1
   tau-p                          = 1
   compressibility (3x3):
      compressibility[    0]={ 0.00000e+00,  0.00000e+00,  0.00000e+00}
      compressibility[    1]={ 0.00000e+00,  0.00000e+00,  0.00000e+00}
      compressibility[    2]={ 0.00000e+00,  0.00000e+00,  0.00000e+00}
   ref-p (3x3):
      ref-p[    0]={ 0.00000e+00,  0.00000e+00,  0.00000e+00}
      ref-p[    1]={ 0.00000e+00,  0.00000e+00,  0.00000e+00}
      ref-p[    2]={ 0.00000e+00,  0.00000e+00,  0.00000e+00}
   refcoord-scaling               = No
   posres-com (3):
      posres-com[0]= 0.00000e+00
      posres-com[1]= 0.00000e+00
      posres-com[2]= 0.00000e+00
   posres-comB (3):
      posres-comB[0]= 0.00000e+00
      posres-comB[1]= 0.00000e+00
      posres-comB[2]= 0.00000e+00
   QMMM                           = false
qm-opts:
   ngQM                           = 0
   constraint-algorithm           = Lincs
   continuation                   = false
   Shake-SOR                      = false
   shake-tol                      = 0.0001
   lincs-order                    = 4
   lincs-iter                     = 1
   lincs-warnangle                = 30
   nwall                          = 0
   wall-type                      = 9-3
   wall-r-linpot                  = -1
   wall-atomtype[0]               = -1
   wall-atomtype[1]               = -1
   wall-density[0]                = 0
   wall-density[1]                = 0
   wall-ewald-zfac                = 3
   pull                           = false
   awh                            = false
   rotation                       = false
   interactiveMD                  = false
   disre                          = No
   disre-weighting                = Conservative
   disre-mixed                    = false
   dr-fc                          = 1000
   dr-tau                         = 0
   nstdisreout                    = 100
   orire-fc                       = 0
   orire-tau                      = 0
   nstorireout                    = 100
   free-energy                    = no
   cos-acceleration               = 0
   deform (3x3):
      deform[    0]={ 0.00000e+00,  0.00000e+00,  0.00000e+00}
      deform[    1]={ 0.00000e+00,  0.00000e+00,  0.00000e+00}
      deform[    2]={ 0.00000e+00,  0.00000e+00,  0.00000e+00}
   simulated-tempering            = false
   swapcoords                     = no
   userint1                       = 0
   userint2                       = 0
   userint3                       = 0
   userint4                       = 0
   userreal1                      = 0
   userreal2                      = 0
   userreal3                      = 0
   userreal4                      = 0
   applied-forces:
     electric-field:
       x:
         E0                       = 0
         omega                    = 0
         t0                       = 0
         sigma                    = 0
       y:
         E0                       = 0
         omega                    = 0
         t0                       = 0
         sigma                    = 0
       z:
         E0                       = 0
         omega                    = 0
         t0                       = 0
         sigma                    = 0
     density-guided-simulation:
       active                     = false
       group                      = protein
       similarity-measure         = inner-product
       atom-spreading-weight      = unity
       force-constant             = 1e+09
       gaussian-transform-spreading-width = 0.2
       gaussian-transform-spreading-range-in-multiples-of-width = 4
       reference-density-filename = reference.mrc
       nst                        = 1
       normalize-densities        = true
       adaptive-force-scaling     = false
       adaptive-force-scaling-time-constant = 4
       shift-vector               = 
       transformation-matrix      = 
grpopts:
   nrdf:       41747
   ref-t:           0
   tau-t:           0
annealing:          No
annealing-npoints:           0
   acc:	           0           0           0
   nfreeze:           N           N           N
   energygrp-flags[  0]: 0

1 GPU selected for this run.
Mapping of GPU IDs to the 1 GPU task in the 1 rank on this node:
  PP:0
PP tasks will do (non-perturbed) short-ranged interactions on the GPU
PP task will update and constrain coordinates on the CPU
Using 1 MPI process
Using 8 OpenMP threads 

Pinning threads with an auto-selected logical core stride of 1
System total charge: -0.000
Will do PME sum in reciprocal space for electrostatic interactions.

++++ PLEASE READ AND CITE THE FOLLOWING REFERENCE ++++
U. Essmann, L. Perera, M. L. Berkowitz, T. Darden, H. Lee and L. G. Pedersen 
A smooth particle mesh Ewald method
J. Chem. Phys. 103 (1995) pp. 8577-8592
-------- -------- --- Thank You --- -------- --------

Using a Gaussian width (1/beta) of 0.384195 nm for Ewald
Potential shift: LJ r^-12: -1.122e-01 r^-6: -3.349e-01, Ewald -8.333e-06
Initialized non-bonded Ewald tables, spacing: 1.02e-03 size: 1176

Generated table with 1130 data points for 1-4 COUL.
Tabscale = 500 points/nm
Generated table with 1130 data points for 1-4 LJ6.
Tabscale = 500 points/nm
Generated table with 1130 data points for 1-4 LJ12.
Tabscale = 500 points/nm
Long Range LJ corr.: <C6> 1.2113e-03


Using GPU 8x8 nonbonded short-range kernels

Using a 8x8 pair-list setup:
  updated every 10 steps, buffer 0.060 nm, rlist 1.260 nm

Using geometric Lennard-Jones combination rule
Removing pbc first time

Initializing LINear Constraint Solver

++++ PLEASE READ AND CITE THE FOLLOWING REFERENCE ++++
B. Hess and H. Bekker and H. J. C. Berendsen and J. G. E. M. Fraaije
LINCS: A Linear Constraint Solver for molecular simulations
J. Comp. Chem. 18 (1997) pp. 1463-1472
-------- -------- --- Thank You --- -------- --------

The number of constraints is 19750

Note that activating steepest-descent energy minimization via the integrator .mdp option and the command gmx mdrun may be available in a different form in a future version of GROMACS, e.g. gmx minimize and an .mdp option.
Initiating Steepest Descents
Started Steepest Descents on rank 0 Wed Apr 23 14:56:50 2025


Steepest Descents:
   Tolerance (Fmax)   =  1.00000e+01
   Number of steps    =        50000
           Step           Time
              0        0.00000

   Energies (kJ/mol)
          Angle Ryckaert-Bell.   Fourier Dih.          LJ-14     Coulomb-14
    5.93586e+04   -2.90596e+04   -3.06043e+04    2.93902e+04   -3.48026e+03
        LJ (SR)  Disper. corr.   Coulomb (SR)   Coul. recip.      Potential
   -3.64226e+04   -4.27749e+03   -2.89694e+04    2.08054e+03   -4.62618e+04
 Pres. DC (bar) Pressure (bar)   Constr. rmsd
   -2.46692e+02   -5.53474e+02    6.70005e-04

           Step           Time
              1        1.00000

   Energies (kJ/mol)
          Angle Ryckaert-Bell.   Fourier Dih.          LJ-14     Coulomb-14
    3.40544e+04   -3.06691e+04   -3.09965e+04    2.89474e+04   -3.31596e+03
        LJ (SR)  Disper. corr.   Coulomb (SR)   Coul. recip.      Potential
   -3.74534e+04   -4.27749e+03   -2.87534e+04    2.03258e+03   -7.47090e+04
 Pres. DC (bar) Pressure (bar)   Constr. rmsd
   -2.46692e+02   -1.05415e+03    3.50856e-04

           Step           Time
              2        2.00000

   Energies (kJ/mol)
          Angle Ryckaert-Bell.   Fourier Dih.          LJ-14     Coulomb-14
    2.50073e+04   -3.12857e+04   -3.12415e+04    2.89859e+04   -3.20630e+03
        LJ (SR)  Disper. corr.   Coulomb (SR)   Coul. recip.      Potential
   -3.79651e+04   -4.27749e+03   -2.88129e+04    2.01188e+03   -8.50614e+04
 Pres. DC (bar) Pressure (bar)   Constr. rmsd
   -2.46692e+02   -3.62078e+02    3.13869e-04

           Step           Time
              3        3.00000

   Energies (kJ/mol)
          Angle Ryckaert-Bell.   Fourier Dih.          LJ-14     Coulomb-14
    2.34173e+04   -3.13111e+04   -3.13707e+04    2.91891e+04   -3.15596e+03
        LJ (SR)  Disper. corr.   Coulomb (SR)   Coul. recip.      Potential
   -3.81475e+04   -4.27749e+03   -2.87052e+04    1.99694e+03   -8.66421e+04
 Pres. DC (bar) Pressure (bar)   Constr. rmsd
   -2.46692e+02    1.26871e+03    4.69000e-04

           Step           Time
              4        4.00000

   Energies (kJ/mol)
          Angle Ryckaert-Bell.   Fourier Dih.          LJ-14     Coulomb-14
    2.15452e+04   -3.17223e+04   -3.14008e+04    2.91636e+04   -3.17119e+03
        LJ (SR)  Disper. corr.   Coulomb (SR)   Coul. recip.      Potential
   -3.82677e+04   -4.27749e+03   -2.89458e+04    2.00061e+03   -8.93533e+04
 Pres. DC (bar) Pressure (bar)   Constr. rmsd
   -2.46692e+02    6.39483e+02    3.96465e-04

           Step           Time
              5        5.00000

           Step           Time
              6        6.00000

   Energies (kJ/mol)
          Angle Ryckaert-Bell.   Fourier Dih.          LJ-14     Coulomb-14
    1.92707e+04   -3.19279e+04   -3.14057e+04    2.91988e+04   -3.16458e+03
        LJ (SR)  Disper. corr.   Coulomb (SR)   Coul. recip.      Potential
   -3.82867e+04   -4.27749e+03   -2.88866e+04    1.99417e+03   -9.17629e+04
 Pres. DC (bar) Pressure (bar)   Constr. rmsd
   -2.46692e+02    4.92730e+02    1.69360e-04

           Step           Time
              7        7.00000

           Step           Time
              8        8.00000

   Energies (kJ/mol)
          Angle Ryckaert-Bell.   Fourier Dih.          LJ-14     Coulomb-14
    1.86826e+04   -3.20367e+04   -3.14527e+04    2.92094e+04   -3.17776e+03
        LJ (SR)  Disper. corr.   Coulomb (SR)   Coul. recip.      Potential
   -3.83191e+04   -4.27749e+03   -2.89417e+04    1.99234e+03   -9.25986e+04
 Pres. DC (bar) Pressure (bar)   Constr. rmsd
   -2.46692e+02    6.80920e+02    2.07630e-04

           Step           Time
              9        9.00000

   Energies (kJ/mol)
          Angle Ryckaert-Bell.   Fourier Dih.          LJ-14     Coulomb-14
    1.82113e+04   -3.20949e+04   -3.14590e+04    2.92370e+04   -3.17970e+03
        LJ (SR)  Disper. corr.   Coulomb (SR)   Coul. recip.      Potential
   -3.83354e+04   -4.27749e+03   -2.89422e+04    1.98966e+03   -9.31281e+04
 Pres. DC (bar) Pressure (bar)   Constr. rmsd
   -2.46692e+02    7.32073e+02    1.42411e-04

           Step           Time
             10       10.00000

   Energies (kJ/mol)
          Angle Ryckaert-Bell.   Fourier Dih.          LJ-14     Coulomb-14
    1.80889e+04   -3.21645e+04   -3.14931e+04    2.92511e+04   -3.19517e+03
        LJ (SR)  Disper. corr.   Coulomb (SR)   Coul. recip.      Potential
   -3.83578e+04   -4.27749e+03   -2.89830e+04    1.98788e+03   -9.34207e+04
 Pres. DC (bar) Pressure (bar)   Constr. rmsd
   -2.46692e+02    9.01643e+02    2.05228e-04

           Step           Time
             11       11.00000

   Energies (kJ/mol)
          Angle Ryckaert-Bell.   Fourier Dih.          LJ-14     Coulomb-14
    1.76688e+04   -3.22099e+04   -3.14983e+04    2.92752e+04   -3.19703e+03
        LJ (SR)  Disper. corr.   Coulomb (SR)   Coul. recip.      Potential
   -3.83719e+04   -4.27749e+03   -2.89845e+04    1.98569e+03   -9.38870e+04
 Pres. DC (bar) Pressure (bar)   Constr. rmsd
   -2.46692e+02    9.27014e+02    1.60594e-04

           Step           Time
             12       12.00000

           Step           Time
             13       13.00000

   Energies (kJ/mol)
          Angle Ryckaert-Bell.   Fourier Dih.          LJ-14     Coulomb-14
    1.71889e+04   -3.22489e+04   -3.15076e+04    2.92951e+04   -3.20450e+03
        LJ (SR)  Disper. corr.   Coulomb (SR)   Coul. recip.      Potential
   -3.83914e+04   -4.27749e+03   -2.90002e+04    1.98489e+03   -9.44386e+04
 Pres. DC (bar) Pressure (bar)   Constr. rmsd
   -2.46692e+02    8.64522e+02    1.01524e-04

           Step           Time
             14       14.00000

   Energies (kJ/mol)
          Angle Ryckaert-Bell.   Fourier Dih.          LJ-14     Coulomb-14
    1.69793e+04   -3.23258e+04   -3.15548e+04    2.92788e+04   -3.22008e+03
        LJ (SR)  Disper. corr.   Coulomb (SR)   Coul. recip.      Potential
   -3.84032e+04   -4.27749e+03   -2.90311e+04    1.98055e+03   -9.48513e+04
 Pres. DC (bar) Pressure (bar)   Constr. rmsd
   -2.46692e+02    1.18777e+03    3.01048e-04

           Step           Time
             15       15.00000

   Energies (kJ/mol)
          Angle Ryckaert-Bell.   Fourier Dih.          LJ-14     Coulomb-14
    1.66815e+04   -3.23591e+04   -3.15470e+04    2.93150e+04   -3.22909e+03
        LJ (SR)  Disper. corr.   Coulomb (SR)   Coul. recip.      Potential
   -3.84422e+04   -4.27749e+03   -2.90533e+04    1.98010e+03   -9.52090e+04
 Pres. DC (bar) Pressure (bar)   Constr. rmsd
   -2.46692e+02    1.01735e+03    1.31373e-04

           Step           Time
             16       16.00000

           Step           Time
             17       17.00000

   Energies (kJ/mol)
          Angle Ryckaert-Bell.   Fourier Dih.          LJ-14     Coulomb-14
    1.64336e+04   -3.23859e+04   -3.15558e+04    2.93271e+04   -3.23304e+03
        LJ (SR)  Disper. corr.   Coulomb (SR)   Coul. recip.      Potential
   -3.84577e+04   -4.27749e+03   -2.90556e+04    1.97868e+03   -9.55035e+04
 Pres. DC (bar) Pressure (bar)   Constr. rmsd
   -2.46692e+02    1.03068e+03    1.09106e-04

           Step           Time
             18       18.00000

   Energies (kJ/mol)
          Angle Ryckaert-Bell.   Fourier Dih.          LJ-14     Coulomb-14
    1.63949e+04   -3.24248e+04   -3.15791e+04    2.93110e+04   -3.24488e+03
        LJ (SR)  Disper. corr.   Coulomb (SR)   Coul. recip.      Potential
   -3.84858e+04   -4.27749e+03   -2.90860e+04    1.97625e+03   -9.56935e+04
 Pres. DC (bar) Pressure (bar)   Constr. rmsd
   -2.46692e+02    1.14591e+03    2.00123e-04

           Step           Time
             19       19.00000

   Energies (kJ/mol)
          Angle Ryckaert-Bell.   Fourier Dih.          LJ-14     Coulomb-14
    1.62201e+04   -3.24489e+04   -3.15779e+04    2.93270e+04   -3.24936e+03
        LJ (SR)  Disper. corr.   Coulomb (SR)   Coul. recip.      Potential
   -3.85104e+04   -4.27749e+03   -2.90935e+04    1.97516e+03   -9.59127e+04
 Pres. DC (bar) Pressure (bar)   Constr. rmsd
   -2.46692e+02    1.09430e+03    1.24285e-04

           Step           Time
             20       20.00000

           Step           Time
             21       21.00000

   Energies (kJ/mol)
          Angle Ryckaert-Bell.   Fourier Dih.          LJ-14     Coulomb-14
    1.60301e+04   -3.24691e+04   -3.15831e+04    2.93365e+04   -3.25386e+03
        LJ (SR)  Disper. corr.   Coulomb (SR)   Coul. recip.      Potential
   -3.85303e+04   -4.27749e+03   -2.91037e+04    1.97414e+03   -9.61543e+04
 Pres. DC (bar) Pressure (bar)   Constr. rmsd
   -2.46692e+02    1.06784e+03    9.36525e-05

           Step           Time
             22       22.00000

   Energies (kJ/mol)
          Angle Ryckaert-Bell.   Fourier Dih.          LJ-14     Coulomb-14
    1.59321e+04   -3.25084e+04   -3.16092e+04    2.93008e+04   -3.26432e+03
        LJ (SR)  Disper. corr.   Coulomb (SR)   Coul. recip.      Potential
   -3.85596e+04   -4.27749e+03   -2.91323e+04    1.97105e+03   -9.64248e+04
 Pres. DC (bar) Pressure (bar)   Constr. rmsd
   -2.46692e+02    1.20976e+03    2.37457e-04

           Step           Time
             23       23.00000

   Energies (kJ/mol)
          Angle Ryckaert-Bell.   Fourier Dih.          LJ-14     Coulomb-14
    1.58482e+04   -3.25271e+04   -3.16027e+04    2.93225e+04   -3.26977e+03
        LJ (SR)  Disper. corr.   Coulomb (SR)   Coul. recip.      Potential
   -3.85934e+04   -4.27749e+03   -2.91484e+04    1.97032e+03   -9.65553e+04
 Pres. DC (bar) Pressure (bar)   Constr. rmsd
   -2.46692e+02    1.10443e+03    1.14008e-04

           Step           Time
             24       24.00000

           Step           Time
             25       25.00000

   Energies (kJ/mol)
          Angle Ryckaert-Bell.   Fourier Dih.          LJ-14     Coulomb-14
    1.57188e+04   -3.25436e+04   -3.16075e+04    2.93286e+04   -3.27280e+03
        LJ (SR)  Disper. corr.   Coulomb (SR)   Coul. recip.      Potential
   -3.86109e+04   -4.27749e+03   -2.91538e+04    1.96923e+03   -9.67269e+04
 Pres. DC (bar) Pressure (bar)   Constr. rmsd
   -2.46692e+02    1.09784e+03    9.61401e-05

           Step           Time
             26       26.00000

   Energies (kJ/mol)
          Angle Ryckaert-Bell.   Fourier Dih.          LJ-14     Coulomb-14
    1.56507e+04   -3.25729e+04   -3.16269e+04    2.92955e+04   -3.28091e+03
        LJ (SR)  Disper. corr.   Coulomb (SR)   Coul. recip.      Potential
   -3.86428e+04   -4.27749e+03   -2.91844e+04    1.96664e+03   -9.69500e+04
 Pres. DC (bar) Pressure (bar)   Constr. rmsd
   -2.46692e+02    1.18519e+03    2.08036e-04

           Step           Time
             27       27.00000

   Energies (kJ/mol)
          Angle Ryckaert-Bell.   Fourier Dih.          LJ-14     Coulomb-14
    1.55981e+04   -3.25879e+04   -3.16216e+04    2.93112e+04   -3.28468e+03
        LJ (SR)  Disper. corr.   Coulomb (SR)   Coul. recip.      Potential
   -3.86704e+04   -4.27749e+03   -2.91943e+04    1.96587e+03   -9.70388e+04
 Pres. DC (bar) Pressure (bar)   Constr. rmsd
   -2.46692e+02    1.11006e+03    1.09868e-04

           Step           Time
             28       28.00000

   Energies (kJ/mol)
          Angle Ryckaert-Bell.   Fourier Dih.          LJ-14     Coulomb-14
    1.56769e+04   -3.26079e+04   -3.16358e+04    2.92915e+04   -3.29045e+03
        LJ (SR)  Disper. corr.   Coulomb (SR)   Coul. recip.      Potential
   -3.86997e+04   -4.27749e+03   -2.92151e+04    1.96355e+03   -9.70720e+04
 Pres. DC (bar) Pressure (bar)   Constr. rmsd
   -2.46692e+02    1.19302e+03    1.84675e-04

           Step           Time
             29       29.00000

   Energies (kJ/mol)
          Angle Ryckaert-Bell.   Fourier Dih.          LJ-14     Coulomb-14
    1.55803e+04   -3.26233e+04   -3.16336e+04    2.92983e+04   -3.29387e+03
        LJ (SR)  Disper. corr.   Coulomb (SR)   Coul. recip.      Potential
   -3.87252e+04   -4.27749e+03   -2.92303e+04    1.96284e+03   -9.72199e+04
 Pres. DC (bar) Pressure (bar)   Constr. rmsd
   -2.46692e+02    1.12754e+03    1.24274e-04

           Step           Time
             30       30.00000

           Step           Time
             31       31.00000

   Energies (kJ/mol)
          Angle Ryckaert-Bell.   Fourier Dih.          LJ-14     Coulomb-14
    1.54111e+04   -3.26366e+04   -3.16352e+04    2.93052e+04   -3.29600e+03
        LJ (SR)  Disper. corr.   Coulomb (SR)   Coul. recip.      Potential
   -3.87433e+04   -4.27749e+03   -2.92373e+04    1.96186e+03   -9.74252e+04
 Pres. DC (bar) Pressure (bar)   Constr. rmsd
   -2.46692e+02    1.09025e+03    8.88734e-05

           Step           Time
             32       32.00000

   Energies (kJ/mol)
          Angle Ryckaert-Bell.   Fourier Dih.          LJ-14     Coulomb-14
    1.54332e+04   -3.26619e+04   -3.16571e+04    2.92561e+04   -3.30258e+03
        LJ (SR)  Disper. corr.   Coulomb (SR)   Coul. recip.      Potential
   -3.87750e+04   -4.27749e+03   -2.92700e+04    1.95892e+03   -9.75733e+04
 Pres. DC (bar) Pressure (bar)   Constr. rmsd
   -2.46692e+02    1.21529e+03    2.47895e-04

           Step           Time
             33       33.00000

   Energies (kJ/mol)
          Angle Ryckaert-Bell.   Fourier Dih.          LJ-14     Coulomb-14
    1.53630e+04   -3.26744e+04   -3.16467e+04    2.92786e+04   -3.30582e+03
        LJ (SR)  Disper. corr.   Coulomb (SR)   Coul. recip.      Potential
   -3.88067e+04   -4.27749e+03   -2.92839e+04    1.95833e+03   -9.76725e+04
 Pres. DC (bar) Pressure (bar)   Constr. rmsd
   -2.46692e+02    1.09264e+03    1.11989e-04

           Step           Time
             34       34.00000

           Step           Time
             35       35.00000

   Energies (kJ/mol)
          Angle Ryckaert-Bell.   Fourier Dih.          LJ-14     Coulomb-14
    1.52659e+04   -3.26859e+04   -3.16501e+04    2.92816e+04   -3.30760e+03
        LJ (SR)  Disper. corr.   Coulomb (SR)   Coul. recip.      Potential
   -3.88228e+04   -4.27749e+03   -2.92898e+04    1.95730e+03   -9.78063e+04
 Pres. DC (bar) Pressure (bar)   Constr. rmsd
   -2.46692e+02    1.08231e+03    9.75541e-05

           Step           Time
             36       36.00000

   Energies (kJ/mol)
          Angle Ryckaert-Bell.   Fourier Dih.          LJ-14     Coulomb-14
    1.52775e+04   -3.27032e+04   -3.16633e+04    2.92496e+04   -3.31177e+03
        LJ (SR)  Disper. corr.   Coulomb (SR)   Coul. recip.      Potential
   -3.88498e+04   -4.27749e+03   -2.93177e+04    1.95517e+03   -9.79184e+04
 Pres. DC (bar) Pressure (bar)   Constr. rmsd
   -2.46692e+02    1.14702e+03    1.91367e-04

           Step           Time
             37       37.00000

   Energies (kJ/mol)
          Angle Ryckaert-Bell.   Fourier Dih.          LJ-14     Coulomb-14
    1.52402e+04   -3.27139e+04   -3.16581e+04    2.92609e+04   -3.31431e+03
        LJ (SR)  Disper. corr.   Coulomb (SR)   Coul. recip.      Potential
   -3.88738e+04   -4.27749e+03   -2.93275e+04    1.95443e+03   -9.79871e+04
 Pres. DC (bar) Pressure (bar)   Constr. rmsd
   -2.46692e+02    1.07850e+03    1.11174e-04

           Step           Time
             38       38.00000

           Step           Time
             39       39.00000

   Energies (kJ/mol)
          Angle Ryckaert-Bell.   Fourier Dih.          LJ-14     Coulomb-14
    1.51620e+04   -3.27234e+04   -3.16599e+04    2.92656e+04   -3.31572e+03
        LJ (SR)  Disper. corr.   Coulomb (SR)   Coul. recip.      Potential
   -3.88898e+04   -4.27749e+03   -2.93358e+04    1.95356e+03   -9.80985e+04
 Pres. DC (bar) Pressure (bar)   Constr. rmsd
   -2.46692e+02    1.05807e+03    8.93967e-05

           Step           Time
             40       40.00000

   Energies (kJ/mol)
          Angle Ryckaert-Bell.   Fourier Dih.          LJ-14     Coulomb-14
    1.51230e+04   -3.27417e+04   -3.16753e+04    2.92244e+04   -3.31950e+03
        LJ (SR)  Disper. corr.   Coulomb (SR)   Coul. recip.      Potential
   -3.89148e+04   -4.27749e+03   -2.93636e+04    1.95114e+03   -9.82712e+04
 Pres. DC (bar) Pressure (bar)   Constr. rmsd
   -2.46692e+02    1.13708e+03    2.14615e-04

           Step           Time
             41       41.00000

   Energies (kJ/mol)
          Angle Ryckaert-Bell.   Fourier Dih.          LJ-14     Coulomb-14
    1.51331e+04   -3.27505e+04   -3.16675e+04    2.92408e+04   -3.32199e+03
        LJ (SR)  Disper. corr.   Coulomb (SR)   Coul. recip.      Potential
   -3.89416e+04   -4.27749e+03   -2.93768e+04    1.95055e+03   -9.82889e+04
 Pres. DC (bar) Pressure (bar)   Constr. rmsd
   -2.46692e+02    1.05027e+03    1.07831e-04

           Step           Time
             42       42.00000

   Energies (kJ/mol)
          Angle Ryckaert-Bell.   Fourier Dih.          LJ-14     Coulomb-14
    1.52030e+04   -3.27622e+04   -3.16772e+04    2.92217e+04   -3.32427e+03
        LJ (SR)  Disper. corr.   Coulomb (SR)   Coul. recip.      Potential
   -3.89616e+04   -4.27749e+03   -2.93910e+04    1.94859e+03   -9.82980e+04
 Pres. DC (bar) Pressure (bar)   Constr. rmsd
   -2.46692e+02    1.11680e+03    1.75526e-04

           Step           Time
             43       43.00000

   Energies (kJ/mol)
          Angle Ryckaert-Bell.   Fourier Dih.          LJ-14     Coulomb-14
    1.51825e+04   -3.27714e+04   -3.16744e+04    2.92264e+04   -3.32642e+03
        LJ (SR)  Disper. corr.   Coulomb (SR)   Coul. recip.      Potential
   -3.89853e+04   -4.27749e+03   -2.94104e+04    1.94795e+03   -9.83661e+04
 Pres. DC (bar) Pressure (bar)   Constr. rmsd
   -2.46692e+02    1.05780e+03    1.24518e-04

           Step           Time
             44       44.00000

           Step           Time
             45       45.00000

   Energies (kJ/mol)
          Angle Ryckaert-Bell.   Fourier Dih.          LJ-14     Coulomb-14
    1.50360e+04   -3.27802e+04   -3.16739e+04    2.92353e+04   -3.32721e+03
        LJ (SR)  Disper. corr.   Coulomb (SR)   Coul. recip.      Potential
   -3.89981e+04   -4.27749e+03   -2.94134e+04    1.94721e+03   -9.85292e+04
 Pres. DC (bar) Pressure (bar)   Constr. rmsd
   -2.46692e+02    1.01711e+03    8.22081e-05

           Step           Time
             46       46.00000

   Energies (kJ/mol)
          Angle Ryckaert-Bell.   Fourier Dih.          LJ-14     Coulomb-14
    1.50469e+04   -3.27999e+04   -3.16974e+04    2.91716e+04   -3.33073e+03
        LJ (SR)  Disper. corr.   Coulomb (SR)   Coul. recip.      Potential
   -3.90249e+04   -4.27749e+03   -2.94524e+04    1.94388e+03   -9.86980e+04
 Pres. DC (bar) Pressure (bar)   Constr. rmsd
   -2.46692e+02    1.16278e+03    2.96201e-04

           Step           Time
             47       47.00000

   Energies (kJ/mol)
          Angle Ryckaert-Bell.   Fourier Dih.          LJ-14     Coulomb-14
    1.50195e+04   -3.28079e+04   -3.16811e+04    2.92061e+04   -3.33312e+03
        LJ (SR)  Disper. corr.   Coulomb (SR)   Coul. recip.      Potential
   -3.90545e+04   -4.27749e+03   -2.94623e+04    1.94377e+03   -9.87244e+04
 Pres. DC (bar) Pressure (bar)   Constr. rmsd
   -2.46692e+02    1.00455e+03    1.06027e-04

           Step           Time
             48       48.00000

           Step           Time
             49       49.00000

   Energies (kJ/mol)
          Angle Ryckaert-Bell.   Fourier Dih.          LJ-14     Coulomb-14
    1.49648e+04   -3.28161e+04   -3.16851e+04    2.92063e+04   -3.33378e+03
        LJ (SR)  Disper. corr.   Coulomb (SR)   Coul. recip.      Potential
   -3.90676e+04   -4.27749e+03   -2.94684e+04    1.94259e+03   -9.88122e+04
 Pres. DC (bar) Pressure (bar)   Constr. rmsd
   -2.46692e+02    1.01231e+03    1.09823e-04

           Step           Time
             50       50.00000

   Energies (kJ/mol)
          Angle Ryckaert-Bell.   Fourier Dih.          LJ-14     Coulomb-14
    1.49824e+04   -3.28251e+04   -3.16912e+04    2.91886e+04   -3.33560e+03
        LJ (SR)  Disper. corr.   Coulomb (SR)   Coul. recip.      Potential
   -3.90852e+04   -4.27749e+03   -2.94892e+04    1.94136e+03   -9.88689e+04
 Pres. DC (bar) Pressure (bar)   Constr. rmsd
   -2.46692e+02    1.03372e+03    1.51493e-04

           Step           Time
             51       51.00000

   Energies (kJ/mol)
          Angle Ryckaert-Bell.   Fourier Dih.          LJ-14     Coulomb-14
    1.49885e+04   -3.28322e+04   -3.16893e+04    2.91903e+04   -3.33696e+03
        LJ (SR)  Disper. corr.   Coulomb (SR)   Coul. recip.      Potential
   -3.91029e+04   -4.27749e+03   -2.94989e+04    1.94032e+03   -9.88961e+04
 Pres. DC (bar) Pressure (bar)   Constr. rmsd
   -2.46692e+02    1.01010e+03    1.22272e-04

           Step           Time
             52       52.00000

           Step           Time
             53       53.00000

   Energies (kJ/mol)
          Angle Ryckaert-Bell.   Fourier Dih.          LJ-14     Coulomb-14
    1.49148e+04   -3.28384e+04   -3.16881e+04    2.92020e+04   -3.33760e+03
        LJ (SR)  Disper. corr.   Coulomb (SR)   Coul. recip.      Potential
   -3.91151e+04   -4.27749e+03   -2.95049e+04    1.93988e+03   -9.89825e+04
 Pres. DC (bar) Pressure (bar)   Constr. rmsd
   -2.46692e+02    9.68346e+02    7.42580e-05

           Step           Time
             54       54.00000

   Energies (kJ/mol)
          Angle Ryckaert-Bell.   Fourier Dih.          LJ-14     Coulomb-14
    1.47368e+04   -3.28616e+04   -3.17174e+04    2.91167e+04   -3.33995e+03
        LJ (SR)  Disper. corr.   Coulomb (SR)   Coul. recip.      Potential
   -3.91380e+04   -4.27749e+03   -2.95491e+04    1.93574e+03   -9.93717e+04
 Pres. DC (bar) Pressure (bar)   Constr. rmsd
   -2.46692e+02    1.13877e+03    3.68908e-04

           Step           Time
             55       55.00000

           Step           Time
             56       56.00000

           Step           Time
             57       57.00000

           Step           Time
             58       58.00000

           Step           Time
             59       59.00000

           Step           Time
             60       60.00000

           Step           Time
             61       61.00000

           Step           Time
             62       62.00000

           Step           Time
             63       63.00000

           Step           Time
             64       64.00000

           Step           Time
             65       65.00000

           Step           Time
             66       66.00000

           Step           Time
             67       67.00000


Energy minimization has stopped, but the forces have not converged to the
requested precision Fmax < 10 (which may not be possible for your system). It
stopped because the algorithm tried to make a new step whose size was too
small, or there was no change in the energy since last step. Either way, we
regard the minimization as converged to within the available machine
precision, given your starting configuration and EM parameters.

Double precision normally gives you higher accuracy, but this is often not
needed for preparing to run molecular dynamics.
You might need to increase your constraint accuracy, or turn
off constraints altogether (set constraints = none in mdp file)

Steepest Descents converged to machine precision in 68 steps,
but did not reach the requested Fmax < 10.
Potential Energy  = -9.9371695e+04
Maximum force     =  9.9384637e+02 on atom 3309
Norm of force     =  8.8824919e+01
Finished mdrun on rank 0 Wed Apr 23 14:56:50 2025

