                      :-) GROMACS - gmx mdrun, 2021.3 (-:

                            GROMACS is written by:
     Andrey Alekseenko              Emile Apol              Rossen Apostolov     
         Paul Bauer           Herman J.C. Berendsen           Par Bjelkmar       
       Christian Blau           Viacheslav Bolnykh             Kevin Boyd        
     Aldert van Buuren           Rudi van Drunen             Anton Feenstra      
    Gilles Gouaillardet             Alan Gray               Gerrit Groenhof      
       Anca Hamuraru            Vincent Hindriksen          M. Eric Irrgang      
      Aleksei Iupinov           Christoph Junghans             Joe Jordan        
    Dimitrios Karkoulis            Peter Kasson                Jiri Kraus        
      Carsten Kutzner              Per Larsson              Justin A. Lemkul     
       Viveca Lindahl            Magnus Lundborg             Erik Marklund       
        Pascal Merz             Pieter Meulenhoff            Teemu Murtola       
        Szilard Pall               Sander Pronk              Roland Schulz       
       Michael Shirts            Alexey Shvetsov             Alfons Sijbers      
       Peter Tieleman              Jon Vincent              Teemu Virolainen     
     Christian Wennberg            Maarten Wolf              Artem Zhmurov       
                           and the project leaders:
        Mark Abraham, Berk Hess, Erik Lindahl, and David van der Spoel

Copyright (c) 1991-2000, University of Groningen, The Netherlands.
Copyright (c) 2001-2019, The GROMACS development team at
Uppsala University, Stockholm University and
the Royal Institute of Technology, Sweden.
check out http://www.gromacs.org for more information.

GROMACS is free software; you can redistribute it and/or modify it
under the terms of the GNU Lesser General Public License
as published by the Free Software Foundation; either version 2.1
of the License, or (at your option) any later version.

GROMACS:      gmx mdrun, version 2021.3
Executable:   /opt/gromacs-2021.3/bin/gmx_mpi
Data prefix:  /opt/gromacs-2021.3
Working dir:  /home/bach/bastian/2_fdes_transport/3_diffusivity/MD/17/run_4/2_eqNVT
Command line:
  gmx_mpi mdrun -deffnm eq

Reading file eq.tpr, VERSION 2021.3 (single precision)
Changing nstlist from 20 to 100, rlist from 1.2 to 1.2

1 GPU selected for this run.
Mapping of GPU IDs to the 2 GPU tasks in the 1 rank on this node:
  PP:0,PME:0
PP tasks will do (non-perturbed) short-ranged interactions on the GPU
PP task will update and constrain coordinates on the CPU
PME tasks will do all aspects on the GPU
Using 1 MPI process
Using 8 OpenMP threads 

starting mdrun 'TBA NFS PFPA (1:2) + R134a (0.45)'
1000000 steps,   1000.0 ps.

Writing final coordinates.

               Core t (s)   Wall t (s)        (%)
       Time:     5934.313      741.789      800.0
                 (ns/day)    (hour/ns)
Performance:      116.475        0.206

GROMACS reminds you: "I can't help but think the model is ungrateful for all that nice data I gave it. Jerk." (Kate Stafford)

