                      :-) GROMACS - gmx mdrun, 2021.3 (-:

                            GROMACS is written by:
     Andrey Alekseenko              Emile Apol              Rossen Apostolov     
         Paul Bauer           Herman J.C. Berendsen           Par Bjelkmar       
       Christian Blau           Viacheslav Bolnykh             Kevin Boyd        
     Aldert van Buuren           Rudi van Drunen             Anton Feenstra      
    Gilles Gouaillardet             Alan Gray               Gerrit Groenhof      
       Anca Hamuraru            Vincent Hindriksen          M. Eric Irrgang      
      Aleksei Iupinov           Christoph Junghans             Joe Jordan        
    Dimitrios Karkoulis            Peter Kasson                Jiri Kraus        
      Carsten Kutzner              Per Larsson              Justin A. Lemkul     
       Viveca Lindahl            Magnus Lundborg             Erik Marklund       
        Pascal Merz             Pieter Meulenhoff            Teemu Murtola       
        Szilard Pall               Sander Pronk              Roland Schulz       
       Michael Shirts            Alexey Shvetsov             Alfons Sijbers      
       Peter Tieleman              Jon Vincent              Teemu Virolainen     
     Christian Wennberg            Maarten Wolf              Artem Zhmurov       
                           and the project leaders:
        Mark Abraham, Berk Hess, Erik Lindahl, and David van der Spoel

Copyright (c) 1991-2000, University of Groningen, The Netherlands.
Copyright (c) 2001-2019, The GROMACS development team at
Uppsala University, Stockholm University and
the Royal Institute of Technology, Sweden.
check out http://www.gromacs.org for more information.

GROMACS is free software; you can redistribute it and/or modify it
under the terms of the GNU Lesser General Public License
as published by the Free Software Foundation; either version 2.1
of the License, or (at your option) any later version.

GROMACS:      gmx mdrun, version 2021.3
Executable:   /opt/gromacs-2021.3/bin/gmx_mpi
Data prefix:  /opt/gromacs-2021.3
Working dir:  /home/bach/bastian/2_fdes_transport/2_nemd/MD_NEMD/21/run_4/1_min
Command line:
  gmx_mpi mdrun -deffnm min

Reading file min.tpr, VERSION 2021.3 (single precision)
1 GPU selected for this run.
Mapping of GPU IDs to the 1 GPU task in the 1 rank on this node:
  PP:0
PP tasks will do (non-perturbed) short-ranged interactions on the GPU
PP task will update and constrain coordinates on the CPU
Using 1 MPI process
Using 8 OpenMP threads 


Steepest Descents:
   Tolerance (Fmax)   =  1.00000e+01
   Number of steps    =        50000

Step 18, time 0.018 (ps)  LINCS WARNING
relative constraint deviation after LINCS:
rms 0.000268, max 0.022084 (between atoms 15877 and 15878)
bonds that rotated more than 30 degrees:
 atom 1 atom 2  angle  previous, current, constraint length

Step 19, time 0.019 (ps)  LINCS WARNING
relative constraint deviation after LINCS:
rms 0.000941, max 0.099580 (between atoms 15879 and 15880)
bonds that rotated more than 30 degrees:
 atom 1 atom 2  angle  previous, current, constraint length
  15877  15878   46.2    0.1256   0.1244      0.1229
  15879  15880   36.1    0.0927   0.1039      0.0945

Step 20, time 0.02 (ps)  LINCS WARNING
relative constraint deviation after LINCS:
rms 0.000589, max 0.046392 (between atoms 15877 and 15878)
bonds that rotated more than 30 degrees:
 atom 1 atom 2  angle  previous, current, constraint length
  15877  15878   33.4    0.1244   0.1286      0.1229
  15879  15880   47.7    0.1039   0.0906      0.0945

Step 21, time 0.021 (ps)  LINCS WARNING
relative constraint deviation after LINCS:
rms 0.001409, max 0.124859 (between atoms 15877 and 15878)
bonds that rotated more than 30 degrees:
 atom 1 atom 2  angle  previous, current, constraint length
  15867  15877   35.3    0.1557   0.1680      0.1529
  15877  15878   53.4    0.1286   0.1382      0.1229
  15877  15879   47.0    0.1317   0.1508      0.1364
  15879  15880   31.5    0.0906   0.0965      0.0945

Step 22, time 0.022 (ps)  LINCS WARNING
relative constraint deviation after LINCS:
rms 0.004516, max 0.358775 (between atoms 15877 and 15879)
bonds that rotated more than 30 degrees:
 atom 1 atom 2  angle  previous, current, constraint length
  15866  15867   42.9    0.1569   0.1686      0.1529
  15866  15873   34.9    0.1348   0.1307      0.1332
  15866  15874   31.6    0.1347   0.1322      0.1332
  15867  15877   42.3    0.1680   0.1873      0.1529
  15867  15875   40.6    0.1356   0.1480      0.1332
  15867  15876   67.6    0.1394   0.1540      0.1332
  15877  15878   77.5    0.1382   0.1663      0.1229
  15877  15879   55.4    0.1508   0.1853      0.1364
  15879  15880   62.9    0.0965   0.1206      0.0945

Step 23, time 0.023 (ps)  LINCS WARNING
relative constraint deviation after LINCS:
rms 0.000648, max 0.051242 (between atoms 15877 and 15878)
bonds that rotated more than 30 degrees:
 atom 1 atom 2  angle  previous, current, constraint length
  15877  15878   35.9    0.1382   0.1292      0.1229
  15879  15880   31.7    0.0965   0.0984      0.0945

Step 24, time 0.024 (ps)  LINCS WARNING
relative constraint deviation after LINCS:
rms 0.000621, max 0.063930 (between atoms 15879 and 15880)
bonds that rotated more than 30 degrees:
 atom 1 atom 2  angle  previous, current, constraint length
  15877  15878   35.4    0.1292   0.1274      0.1229
  15879  15880   35.8    0.0984   0.0885      0.0945

Step 28, time 0.028 (ps)  LINCS WARNING
relative constraint deviation after LINCS:
rms 0.000642, max 0.069958 (between atoms 15879 and 15880)
bonds that rotated more than 30 degrees:
 atom 1 atom 2  angle  previous, current, constraint length
  15877  15878   37.1    0.1243   0.1270      0.1229
  15879  15880   40.2    0.0927   0.1011      0.0945

Energy minimization has stopped, but the forces have not converged to the
requested precision Fmax < 10 (which may not be possible for your system). It
stopped because the algorithm tried to make a new step whose size was too
small, or there was no change in the energy since last step. Either way, we
regard the minimization as converged to within the available machine
precision, given your starting configuration and EM parameters.

Double precision normally gives you higher accuracy, but this is often not
needed for preparing to run molecular dynamics.
You might need to increase your constraint accuracy, or turn
off constraints altogether (set constraints = none in mdp file)

writing lowest energy coordinates.

Steepest Descents converged to machine precision in 56 steps,
but did not reach the requested Fmax < 10.
Potential Energy  = -1.2153669e+05
Maximum force     =  2.7063691e+03 on atom 15877
Norm of force     =  5.7862143e+01

GROMACS reminds you: "This is where we have been working hard to push down performance." (Szilard Pall, GTC 2015 talk)

