                      :-) GROMACS - gmx mdrun, 2021.3 (-:

                            GROMACS is written by:
     Andrey Alekseenko              Emile Apol              Rossen Apostolov     
         Paul Bauer           Herman J.C. Berendsen           Par Bjelkmar       
       Christian Blau           Viacheslav Bolnykh             Kevin Boyd        
     Aldert van Buuren           Rudi van Drunen             Anton Feenstra      
    Gilles Gouaillardet             Alan Gray               Gerrit Groenhof      
       Anca Hamuraru            Vincent Hindriksen          M. Eric Irrgang      
      Aleksei Iupinov           Christoph Junghans             Joe Jordan        
    Dimitrios Karkoulis            Peter Kasson                Jiri Kraus        
      Carsten Kutzner              Per Larsson              Justin A. Lemkul     
       Viveca Lindahl            Magnus Lundborg             Erik Marklund       
        Pascal Merz             Pieter Meulenhoff            Teemu Murtola       
        Szilard Pall               Sander Pronk              Roland Schulz       
       Michael Shirts            Alexey Shvetsov             Alfons Sijbers      
       Peter Tieleman              Jon Vincent              Teemu Virolainen     
     Christian Wennberg            Maarten Wolf              Artem Zhmurov       
                           and the project leaders:
        Mark Abraham, Berk Hess, Erik Lindahl, and David van der Spoel

Copyright (c) 1991-2000, University of Groningen, The Netherlands.
Copyright (c) 2001-2019, The GROMACS development team at
Uppsala University, Stockholm University and
the Royal Institute of Technology, Sweden.
check out http://www.gromacs.org for more information.

GROMACS is free software; you can redistribute it and/or modify it
under the terms of the GNU Lesser General Public License
as published by the Free Software Foundation; either version 2.1
of the License, or (at your option) any later version.

GROMACS:      gmx mdrun, version 2021.3
Executable:   /opt/gromacs-2021.3/bin/gmx_mpi
Data prefix:  /opt/gromacs-2021.3
Working dir:  /home/bach/bastian/2_fdes_transport/2_nemd_1/MD_NEMD/17/run_1/1_min
Command line:
  gmx_mpi mdrun -deffnm min

Reading file min.tpr, VERSION 2021.3 (single precision)
1 GPU selected for this run.
Mapping of GPU IDs to the 1 GPU task in the 1 rank on this node:
  PP:0
PP tasks will do (non-perturbed) short-ranged interactions on the GPU
PP task will update and constrain coordinates on the CPU
Using 1 MPI process
Using 8 OpenMP threads 


Steepest Descents:
   Tolerance (Fmax)   =  1.00000e+01
   Number of steps    =        50000

Step 8, time 0.008 (ps)  LINCS WARNING
relative constraint deviation after LINCS:
rms 0.000718, max 0.054572 (between atoms 20508 and 20509)
bonds that rotated more than 30 degrees:
 atom 1 atom 2  angle  previous, current, constraint length
  20506  20507   34.4    0.1238   0.1254      0.1229
  20508  20509   35.4    0.0932   0.0997      0.0945

Step 13, time 0.013 (ps)  LINCS WARNING
relative constraint deviation after LINCS:
rms 0.000861, max 0.064058 (between atoms 20508 and 20509)
bonds that rotated more than 30 degrees:
 atom 1 atom 2  angle  previous, current, constraint length
  20506  20507   35.7    0.1240   0.1258      0.1229
  20508  20509   39.2    0.0932   0.1006      0.0945

Step 14, time 0.014 (ps)  LINCS WARNING
relative constraint deviation after LINCS:
rms 0.000330, max 0.031747 (between atoms 20506 and 20507)
bonds that rotated more than 30 degrees:
 atom 1 atom 2  angle  previous, current, constraint length
  20506  20507   30.2    0.1258   0.1268      0.1229
  20508  20509   34.8    0.1006   0.0924      0.0945

Step 15, time 0.015 (ps)  LINCS WARNING
relative constraint deviation after LINCS:
rms 0.002700, max 0.042815 (between atoms 20496 and 20506)
bonds that rotated more than 30 degrees:
 atom 1 atom 2  angle  previous, current, constraint length
  20496  20504   35.1    0.1350   0.1385      0.1332
  20506  20507   35.7    0.1268   0.1258      0.1229
  20506  20508   32.6    0.1355   0.1374      0.1364

Step 16, time 0.016 (ps)  LINCS WARNING
relative constraint deviation after LINCS:
rms 0.002327, max 0.155602 (between atoms 20506 and 20507)
bonds that rotated more than 30 degrees:
 atom 1 atom 2  angle  previous, current, constraint length
  20493  20494   32.1    0.1563   0.1569      0.1529
  20494  20500   33.2    0.1363   0.1388      0.1332
  20494  20501   30.3    0.1357   0.1361      0.1332
  20495  20496   32.3    0.1590   0.1665      0.1529
  20495  20502   42.1    0.1375   0.1482      0.1332
  20495  20503   52.6    0.1383   0.1484      0.1332
  20496  20504   63.4    0.1385   0.1537      0.1332
  20496  20505   40.8    0.1366   0.1481      0.1332
  20506  20507   47.0    0.1258   0.1420      0.1229
  20506  20508   35.7    0.1374   0.1516      0.1364
  22257  22258   33.5    0.1230   0.1241      0.1229
  24705  24706   51.3    0.1230   0.1269      0.1229
  24707  24708   38.2    0.0936   0.1062      0.0945
  25844  25845   41.7    0.1231   0.1249      0.1229
  25846  25847   33.1    0.0939   0.1020      0.0945

Step 18, time 0.018 (ps)  LINCS WARNING
relative constraint deviation after LINCS:
rms 0.000807, max 0.049004 (between atoms 24707 and 24708)
bonds that rotated more than 30 degrees:
 atom 1 atom 2  angle  previous, current, constraint length
  24705  24706   34.2    0.1236   0.1243      0.1229

Energy minimization has stopped, but the forces have not converged to the
requested precision Fmax < 10 (which may not be possible for your system). It
stopped because the algorithm tried to make a new step whose size was too
small, or there was no change in the energy since last step. Either way, we
regard the minimization as converged to within the available machine
precision, given your starting configuration and EM parameters.

Double precision normally gives you higher accuracy, but this is often not
needed for preparing to run molecular dynamics.
You might need to increase your constraint accuracy, or turn
off constraints altogether (set constraints = none in mdp file)

writing lowest energy coordinates.

Steepest Descents converged to machine precision in 39 steps,
but did not reach the requested Fmax < 10.
Potential Energy  = -5.2819926e+04
Maximum force     =  4.4538254e+02 on atom 24707
Norm of force     =  6.5860692e+01

GROMACS reminds you: "Would You Like to Be the Monster Tonight ?" (Captain Beefheart)

